"../../../Engine/Content/Functions/Engine_MaterialFunctions01/Opacity/CameraDepthFade.uasset" 0
"../../../Engine/Content/EngineMaterials/T_Default_Material_Grid_M.uasset" 1
"../../../Engine/Content/EngineMaterials/T_Default_Material_Grid_N.uasset" 2
"../../../Engine/Content/EngineMaterials/WorldGridMaterial.uasset" 3
"../../../Engine/Content/ArtTools/RenderToTexture/Meshes/S_1_Unit_Plane.uasset" 4
"../../../Engine/Content/EngineMaterials/DefaultMaterial.uasset" 5
"../../../Engine/Content/BasicShapes/Cone.uasset" 6
"../../../Engine/Content/BasicShapes/Cube.uasset" 7
"../../../Engine/Content/BasicShapes/Cylinder.uasset" 8
"../../../Engine/Content/BasicShapes/Plane.uasset" 9
"../../../Engine/Content/BasicShapes/Sphere.uasset" 10
"../../../Engine/Content/EngineMaterials/DefaultPhysicalMaterial.uasset" 11
"../../../Engine/Content/BufferVisualization/AmbientOcclusion.uasset" 12
"../../../Engine/Content/BufferVisualization/BaseColor.uasset" 13
"../../../Engine/Content/BufferVisualization/CustomDepth.uasset" 14
"../../../Engine/Content/Functions/Engine_MaterialFunctions02/Utility/VectorLength.uasset" 15
"../../../Engine/Content/BufferVisualization/CustomDepthWorldUnits.uasset" 16
"../../../Engine/Content/Functions/Engine_MaterialFunctions02/Utility/BreakOutFloat2Components.uasset" 17
"../../../Engine/Content/Functions/Engine_MaterialFunctions01/Texturing/ScaleUVsByCenter.uasset" 18
"../../../Engine/Content/Functions/Engine_MaterialFunctions02/ScreenResolution.uasset" 19
"../../../Engine/Content/Functions/Engine_MaterialFunctions02/Texturing/ScreenAlignedUVs.uasset" 20
"../../../Engine/Content/Functions/Engine_MaterialFunctions02/Utility/MakeFloat2.uasset" 21
"../../../Engine/Content/Functions/Engine_MaterialFunctions02/Utility/MakeFloat3.uasset" 22
"../../../Engine/Content/EngineMaterials/MiniFont.uasset" 23
"../../../Engine/Content/BufferVisualization/CustomStencil.uasset" 24
"../../../Engine/Content/BufferVisualization/FinalImage.uasset" 25
"../../../Engine/Content/BufferVisualization/LightingModel.uasset" 26
"../../../Engine/Content/BufferVisualization/MaterialAO.uasset" 27
"../../../Engine/Content/BufferVisualization/Metallic.uasset" 28
"../../../Engine/Content/BufferVisualization/Opacity.uasset" 29
"../../../Engine/Content/BufferVisualization/PostTonemapHDRColor.uasset" 30
"../../../Engine/Content/BufferVisualization/PreTonemapHDRColor.uasset" 31
"../../../Engine/Content/BufferVisualization/Roughness.uasset" 32
"../../../Engine/Content/BufferVisualization/SceneColor.uasset" 33
"../../../Engine/Content/BufferVisualization/SceneDepth.uasset" 34
"../../../Engine/Content/BufferVisualization/SceneDepthWorldUnits.uasset" 35
"../../../Engine/Content/BufferVisualization/SeparateTranslucencyA.uasset" 36
"../../../Engine/Content/BufferVisualization/SeparateTranslucencyRGB.uasset" 37
"../../../Engine/Content/BufferVisualization/Specular.uasset" 38
"../../../Engine/Content/BufferVisualization/SubsurfaceColor.uasset" 39
"../../../Engine/Content/BufferVisualization/WorldNormal.uasset" 40
"../../../Engine/Content/EditorLandscapeResources/DefaultAlphaTexture.uasset" 41
"../../../Engine/Content/EditorLandscapeResources/AlphaBrushMaterial.uasset" 42
"../../../Engine/Content/EditorLandscapeResources/AlphaBrushMaterial_Smooth.uasset" 43
"../../../Engine/Content/EditorLandscapeResources/CircleBrushMaterial.uasset" 44
"../../../Engine/Content/EditorLandscapeResources/CircleBrushMaterial_Linear.uasset" 45
"../../../Engine/Content/EditorLandscapeResources/CircleBrushMaterial_Smooth.uasset" 46
"../../../Engine/Content/EditorLandscapeResources/CircleBrushMaterial_Spherical.uasset" 47
"../../../Engine/Content/EditorLandscapeResources/CircleBrushMaterial_Tip.uasset" 48
"../../../Engine/Content/EditorLandscapeResources/DataLayer.uasset" 49
"../../../Engine/Content/Functions/Engine_MaterialFunctions01/Gradient/RadialGradient.uasset" 50
"../../../Engine/Content/EditorLandscapeResources/FlattenHeightMat.uasset" 51
"../../../Engine/Content/EditorLandscapeResources/FlattenPlaneMesh.uasset" 52
"../../../Engine/Content/Functions/Engine_MaterialFunctions01/ImageAdjustment/BlurSampleOffsets.uasset" 53
"../../../Engine/Content/Functions/Engine_MaterialFunctions02/SampleSceneDepth.uasset" 54
"../../../Engine/Content/Functions/Engine_MaterialFunctions02/Texturing/WorldPositionWithScale.uasset" 55
"../../../Engine/Content/Functions/Engine_MaterialFunctions02/Utility/CameraDirectionVector.uasset" 56
"../../../Engine/Content/Functions/Engine_MaterialFunctions02/Utility/LinearSine.uasset" 57
"../../../Engine/Content/Functions/Engine_MaterialFunctions02/UVs/WorldPositionBehindTranslucency.uasset" 58
"../../../Engine/Content/Functions/Engine_MaterialFunctions02/WorldPositionOffset/ObjectScale.uasset" 59
"../../../Engine/Content/EditorLandscapeResources/FoliageBrushSphereMaterial.uasset" 60
"../../../Engine/Content/EditorLandscapeResources/LandscapeGizmoHeight_Mat.uasset" 61
"../../../Engine/Content/EditorLandscapeResources/LandscapeGizmo_Mat.uasset" 62
"../../../Engine/Content/EditorLandscapeResources/LandscapeGizmo_Mat_Copied.uasset" 63
"../../../Engine/Content/Functions/Engine_MaterialFunctions02/WorldPositionOffset/LocalPosition.uasset" 64
"../../../Engine/Content/EditorLandscapeResources/LandscapeLayerUsageMaterial.uasset" 65
"../../../Engine/Content/EditorLandscapeResources/LandscapeThumbnailHeightmap.uasset" 66
"../../../Engine/Content/EditorLandscapeResources/LandscapeThumbnailWeightmap.uasset" 67
"../../../Engine/Content/EditorLandscapeResources/WhiteSquareTexture.uasset" 68
"../../../Engine/Content/EditorLandscapeResources/LayerVisMaterial.uasset" 69
"../../../Engine/Content/EditorLandscapeResources/MaskBrushMaterial.uasset" 70
"../../../Engine/Content/EditorLandscapeResources/MaskBrushMaterial_Gizmo.uasset" 71
"../../../Engine/Content/EditorLandscapeResources/MaskBrushMaterial_MaskedRegion.uasset" 72
"../../../Engine/Content/EditorLandscapeResources/MirrorPlaneMaterial.uasset" 73
"../../../Engine/Content/EditorLandscapeResources/PatternBrushMaterial_Smooth.uasset" 74
"../../../Engine/Content/EditorLandscapeResources/SelectBrushMaterial.uasset" 75
"../../../Engine/Content/EditorLandscapeResources/SelectBrushMaterial_Selected.uasset" 76
"../../../Engine/Content/EditorLandscapeResources/SelectBrushMaterial_SelectedRegion.uasset" 77
"../../../Engine/Content/EditorLandscapeResources/SplineEditorMeshMat.uasset" 78
"../../../Engine/Content/EditorLandscapeResources/SplineEditorMesh.uasset" 79
"../../../Engine/Content/EditorMaterials/Cross.uasset" 80
"../../../Engine/Content/EditorMaterials/Cross_Mat.uasset" 81
"../../../Engine/Content/EditorMaterials/GizmoMaterial.uasset" 82
"../../../Engine/Content/Functions/Engine_MaterialFunctions02/Utility/Sign.uasset" 83
"../../../Engine/Content/Functions/Engine_MaterialFunctions02/Utility/Round.uasset" 84
"../../../Engine/Content/Functions/Engine_MaterialFunctions02/ExampleContent/Textures/flipbook.uasset" 85
"../../../Engine/Content/Functions/Engine_MaterialFunctions02/Texturing/FlipBook.uasset" 86
"../../../Engine/Content/EditorResources/T_EditorHelp.uasset" 87
"../../../Engine/Content/EditorMaterials/HelpActorMaterial.uasset" 88
"../../../Engine/Content/EditorMaterials/CompositeARGBLayer.uasset" 89
"../../../Engine/Content/EditorMaterials/TilingAALineIntegral.uasset" 90
"../../../Engine/Content/EditorMaterials/TilingAALineBoxFiltered.uasset" 91
"../../../Engine/Content/Functions/Engine_MaterialFunctions03/Procedurals/ComputeFilterWidth.uasset" 92
"../../../Engine/Content/EditorMaterials/TilingAADots.uasset" 93
"../../../Engine/Content/EditorMaterials/Cascade/CASC_Cross.uasset" 94
"../../../Engine/Content/EditorMaterials/Cascade/CASC_None.uasset" 95
"../../../Engine/Content/Functions/Engine_MaterialFunctions03/Blends/Blend_Screen.uasset" 96
"../../../Engine/Content/EditorMaterials/TilingAAGrid.uasset" 97
"../../../Engine/Content/EditorMaterials/LevelGridMaterial.uasset" 98
"../../../Engine/Content/EditorMaterials/MakeCompositeARGBLayer.uasset" 99
"../../../Engine/Content/EditorResources/LevelGrid1DStripes.uasset" 100
"../../../Engine/Content/EditorMaterials/TextureGridCascaded1D.uasset" 101
"../../../Engine/Content/EditorMaterials/TextureGridCascaded2D.uasset" 102
"../../../Engine/Content/EditorMaterials/LevelGridMaterial2.uasset" 103
"../../../Engine/Content/EditorMaterials/MAT_Groups_Toggle.uasset" 104
"../../../Engine/Content/EditorMaterials/MAT_Groups_Visibility.uasset" 105
"../../../Engine/Content/EditorMaterials/PhAT_BoneSelectedMaterial.uasset" 106
"../../../Engine/Content/EditorMaterials/PhAT_ElemSelectedMaterial.uasset" 107
"../../../Engine/Content/EditorMaterials/PhAT_NoCollisionMaterial.uasset" 108
"../../../Engine/Content/EditorMaterials/PhAT_UnselectedMaterial.uasset" 109
"../../../Engine/Content/EditorMaterials/PreviewShadowIndicator.uasset" 110
"../../../Engine/Content/EditorMaterials/PreviewShadowIndicatorMaterial.uasset" 111
"../../../Engine/Content/EditorMaterials/TargetIcon.uasset" 112
"../../../Engine/Content/EditorMaterials/Tick.uasset" 113
"../../../Engine/Content/EditorMaterials/Tick_Mat.uasset" 114
"../../../Engine/Content/EditorMaterials/WidgetGridVertexColorMaterial.uasset" 115
"../../../Engine/Content/EditorMaterials/WidgetGridVertexColorMaterial_Ma.uasset" 116
"../../../Engine/Content/EditorMaterials/WidgetMaterial.uasset" 117
"../../../Engine/Content/EditorMaterials/WidgetMaterial_Current.uasset" 118
"../../../Engine/Content/EditorMaterials/WidgetMaterial_X.uasset" 119
"../../../Engine/Content/EditorMaterials/WidgetMaterial_Y.uasset" 120
"../../../Engine/Content/EditorMaterials/WidgetMaterial_Z.uasset" 121
"../../../Engine/Content/EditorMaterials/WidgetVertexColorMaterial.uasset" 122
"../../../Engine/Content/EditorMaterials/AssetViewer/EpicQuadPanorama_CC+EV1.uasset" 123
"../../../Engine/Content/MapTemplates/Sky/SunsetAmbientCubemap.uasset" 124
"../../../Engine/Content/EditorMaterials/AssetViewer/M_SkyBox.uasset" 125
"../../../Engine/Content/EditorMaterials/Cascade/CASC_CurveEd.uasset" 126
"../../../Engine/Content/EditorMaterials/Cascade/CASC_DisabledModule.uasset" 127
"../../../Engine/Content/EditorMaterials/Cascade/CASC_Lights.uasset" 128
"../../../Engine/Content/EditorMaterials/Cascade/CASC_ModuleDisable.uasset" 129
"../../../Engine/Content/EditorMaterials/Cascade/CASC_ModuleEnable.uasset" 130
"../../../Engine/Content/EditorMaterials/Cascade/CASC_Normal.uasset" 131
"../../../Engine/Content/EditorMaterials/Cascade/CASC_Point.uasset" 132
"../../../Engine/Content/EditorMaterials/Cascade/CASC_Solo_Off.uasset" 133
"../../../Engine/Content/EditorMaterials/Cascade/CASC_Solo_On.uasset" 134
"../../../Engine/Content/EditorMaterials/MatineeGroups/MAT_ColorTrack.uasset" 135
"../../../Engine/Content/EditorMaterials/MatineeGroups/MAT_Groups_Anim.uasset" 136
"../../../Engine/Content/EditorMaterials/MatineeGroups/MAT_Groups_AudioMaster.uasset" 137
"../../../Engine/Content/EditorMaterials/MatineeGroups/MAT_Groups_Director.uasset" 138
"../../../Engine/Content/EditorMaterials/MatineeGroups/MAT_Groups_Event.uasset" 139
"../../../Engine/Content/EditorMaterials/MatineeGroups/MAT_Groups_Fade.uasset" 140
"../../../Engine/Content/EditorMaterials/MatineeGroups/MAT_Groups_Float.uasset" 141
"../../../Engine/Content/EditorMaterials/MatineeGroups/MAT_Groups_Move.uasset" 142
"../../../Engine/Content/EditorMaterials/MatineeGroups/MAT_Groups_Slomo.uasset" 143
"../../../Engine/Content/EditorMaterials/MatineeGroups/MAT_Groups_Sound.uasset" 144
"../../../Engine/Content/EditorMaterials/MatineeGroups/MAT_Groups_Vector.uasset" 145
"../../../Engine/Content/EditorMaterials/ParticleSystems/PSysThumbnail_NoImage.uasset" 146
"../../../Engine/Content/EditorMaterials/ParticleSystems/PSysThumbnail_OOD.uasset" 147
"../../../Engine/Content/EngineMaterials/Grid.uasset" 148
"../../../Engine/Content/EditorMaterials/Thumbnails/FloorPlaneMaterial.uasset" 149
"../../../Engine/Content/EditorMeshes/AnimTreeEd_PreviewFloor.uasset" 150
"../../../Engine/Content/EditorMeshes/EditorCube.uasset" 151
"../../../Engine/Content/EditorMeshes/EditorCylinder.uasset" 152
"../../../Engine/Content/EditorMeshes/EditorPlane.uasset" 153
"../../../Engine/Content/EditorMaterials/Thumbnails/SkySphereMaterial.uasset" 154
"../../../Engine/Content/EditorMeshes/EditorSkySphere.uasset" 155
"../../../Engine/Content/EditorMeshes/EditorSphere.uasset" 156
"../../../Engine/Content/EditorResources/MatineeCam_D.uasset" 157
"../../../Engine/Content/EditorMaterials/MatineeCam_mat.uasset" 158
"../../../Engine/Content/EditorMeshes/MatineeCam_SM.uasset" 159
"../../../Engine/Content/Functions/Engine_MaterialFunctions01/Shading/ConvertFromDiffSpec.uasset" 160
"../../../Engine/Content/EditorMaterials/GridMaterial.uasset" 161
"../../../Engine/Content/EditorMeshes/AssetViewer/Floor_Mesh.uasset" 162
"../../../Engine/Content/EditorMeshes/AssetViewer/Sphere_inversenormals.uasset" 163
"../../../Engine/Content/EditorMaterials/Camera/CineMat.uasset" 164
"../../../Engine/Content/EditorMaterials/Camera/MI_CineMat_CameraBody.uasset" 165
"../../../Engine/Content/EngineDebugMaterials/M_SimpleOpaque.uasset" 166
"../../../Engine/Content/EditorMaterials/Camera/MI_CineMat_CamViewFinder.uasset" 167
"../../../Engine/Content/EditorMeshes/Camera/SM_CineCam.uasset" 168
"../../../Engine/Content/EditorMaterials/Camera/MI_CineMat_Rig.uasset" 169
"../../../Engine/Content/EditorMeshes/Camera/SM_CraneRig_Arm.uasset" 170
"../../../Engine/Content/EditorMeshes/Camera/SM_CraneRig_Base.uasset" 171
"../../../Engine/Content/EditorMeshes/Camera/SM_CraneRig_Body.uasset" 172
"../../../Engine/Content/EditorMeshes/Camera/SM_CraneRig_Mount.uasset" 173
"../../../Engine/Content/EditorMeshes/Camera/SM_RailRig_Mount.uasset" 174
"../../../Engine/Content/EditorMeshes/Camera/SM_RailRig_Track.uasset" 175
"../../../Engine/Content/EditorMeshes/ColorCalibrator/M_ChromeBall.uasset" 176
"../../../Engine/Content/EditorMeshes/ColorCalibrator/M_ClearCoat.uasset" 177
"../../../Engine/Content/EditorMeshes/ColorCalibrator/M_ClearCoatBlack.uasset" 178
"../../../Engine/Content/EditorMeshes/ColorCalibrator/Color_checker.uasset" 179
"../../../Engine/Content/EditorMeshes/ColorCalibrator/M_ColorGrid.uasset" 180
"../../../Engine/Content/EditorMeshes/ColorCalibrator/M_GreyBall.uasset" 181
"../../../Engine/Content/EditorMeshes/ColorCalibrator/SM_ColorCalibrator.uasset" 182
"../../../Engine/Content/EditorResources/Bad.uasset" 183
"../../../Engine/Content/EditorResources/BSPVertex.uasset" 184
"../../../Engine/Content/EditorResources/EmptyActor.uasset" 185
"../../../Engine/Content/EditorResources/MatInstActSprite.uasset" 186
"../../../Engine/Content/EditorResources/SceneManager.uasset" 187
"../../../Engine/Content/EditorResources/SmallFont.uasset" 188
"../../../Engine/Content/EditorResources/S_Actor.uasset" 189
"../../../Engine/Content/EditorResources/S_DecalActorIcon.uasset" 190
"../../../Engine/Content/EditorResources/S_Emitter.uasset" 191
"../../../Engine/Content/EditorResources/S_ExpoHeightFog.uasset" 192
"../../../Engine/Content/EditorResources/S_FTest.uasset" 193
"../../../Engine/Content/EditorResources/S_KBSJoint.uasset" 194
"../../../Engine/Content/EditorResources/S_KHinge.uasset" 195
"../../../Engine/Content/EditorResources/S_KPrismatic.uasset" 196
"../../../Engine/Content/EditorResources/S_LevelSequence.uasset" 197
"../../../Engine/Content/EditorResources/S_NavP.uasset" 198
"../../../Engine/Content/EditorResources/S_Note.uasset" 199
"../../../Engine/Content/EditorResources/S_Player.uasset" 200
"../../../Engine/Content/EditorResources/S_PortalActorIcon2.uasset" 201
"../../../Engine/Content/EditorResources/S_RadForce.uasset" 202
"../../../Engine/Content/EditorResources/S_ReflActorIcon.uasset" 203
"../../../Engine/Content/EditorResources/S_Terrain.uasset" 204
"../../../Engine/Content/EditorResources/S_TextRenderActorIcon.uasset" 205
"../../../Engine/Content/EditorResources/S_Thruster.uasset" 206
"../../../Engine/Content/EditorResources/S_Trigger.uasset" 207
"../../../Engine/Content/EditorResources/S_VectorFieldVol.uasset" 208
"../../../Engine/Content/EditorResources/S_WindDirectional.uasset" 209
"../../../Engine/Content/EditorResources/AI/S_NavLink.uasset" 210
"../../../Engine/Content/EditorResources/AudioIcons/S_AudioComponent_AutoActivate.uasset" 211
"../../../Engine/Content/EditorResources/LightIcons/SkyLight.uasset" 212
"../../../Engine/Content/EditorResources/LightIcons/S_LightDirectional.uasset" 213
"../../../Engine/Content/EditorResources/LightIcons/S_LightDirectionalMove.uasset" 214
"../../../Engine/Content/EditorResources/LightIcons/S_LightError.uasset" 215
"../../../Engine/Content/EditorResources/LightIcons/S_LightPoint.uasset" 216
"../../../Engine/Content/EditorResources/LightIcons/S_LightPointMove.uasset" 217
"../../../Engine/Content/EditorResources/LightIcons/S_LightSpot.uasset" 218
"../../../Engine/Content/EditorResources/LightIcons/S_LightSpotMove.uasset" 219
"../../../Engine/Content/EditorResources/SequenceRecorder/Countdown.uasset" 220
"../../../Engine/Content/EditorResources/SequenceRecorder/RecordingIndicator.uasset" 221
"../../../Engine/Content/EditorResources/Spline/T_Loft_Spline.uasset" 222
"../../../Engine/Content/EditorSounds/Notifications/CompileFailed.uasset" 223
"../../../Engine/Content/EditorSounds/Notifications/CompileFailed_Cue.uasset" 224
"../../../Engine/Content/EditorSounds/Notifications/CompileSuccess.uasset" 225
"../../../Engine/Content/EditorSounds/Notifications/CompileStart_Cue.uasset" 226
"../../../Engine/Content/EditorSounds/Notifications/CompileSuccess_Cue.uasset" 227
"../../../Engine/Content/EngineDamageTypes/DmgTypeBP_Environmental.uasset" 228
"../../../Engine/Content/EngineDebugMaterials/HeatmapGradient.uasset" 229
"../../../Engine/Content/EngineDebugMaterials/BoneWeightMaterial.uasset" 230
"../../../Engine/Content/EngineDebugMaterials/ClothMaterial.uasset" 231
"../../../Engine/Content/EngineDebugMaterials/ClothMaterial_WF.uasset" 232
"../../../Engine/Content/EngineDebugMaterials/DebugEditorMaterial.uasset" 233
"../../../Engine/Content/EngineDebugMaterials/DebugMeshMaterial.uasset" 234
"../../../Engine/Content/EngineDebugMaterials/GeomMaterial.uasset" 235
"../../../Engine/Content/EngineDebugMaterials/LevelColorationLitMaterial.uasset" 236
"../../../Engine/Content/EngineDebugMaterials/LevelColorationUnlitMaterial.uasset" 237
"../../../Engine/Content/EngineMaterials/DefaultWhiteGrid.uasset" 238
"../../../Engine/Content/EngineDebugMaterials/MAT_LevelColorationLitLightmapUV.uasset" 239
"../../../Engine/Content/EngineDebugMaterials/M_SimpleTranslucent.uasset" 240
"../../../Engine/Content/EngineDebugMaterials/ShadedLevelColorationLitMaterial.uasset" 241
"../../../Engine/Content/EngineDebugMaterials/ShadedLevelColorationUnlitMateri.uasset" 242
"../../../Engine/Content/EngineDebugMaterials/VertexColorMaterial.uasset" 243
"../../../Engine/Content/EngineDebugMaterials/VertexColorViewMode_AlphaAsColor.uasset" 244
"../../../Engine/Content/EngineDebugMaterials/VertexColorViewMode_BlueOnly.uasset" 245
"../../../Engine/Content/EngineDebugMaterials/VertexColorViewMode_ColorOnly.uasset" 246
"../../../Engine/Content/EngineDebugMaterials/VertexColorViewMode_GreenOnly.uasset" 247
"../../../Engine/Content/EngineDebugMaterials/VertexColorViewMode_RedOnly.uasset" 248
"../../../Engine/Content/EngineDebugMaterials/WireframeMaterial.uasset" 249
"../../../Engine/Content/EngineFonts/Faces/RobotoBold.uasset" 250
"../../../Engine/Content/EngineFonts/Faces/RobotoBoldItalic.uasset" 251
"../../../Engine/Content/EngineFonts/Faces/RobotoItalic.uasset" 252
"../../../Engine/Content/EngineFonts/Faces/RobotoLight.uasset" 253
"../../../Engine/Content/EngineFonts/Faces/RobotoRegular.uasset" 254
"../../../Engine/Content/EngineFonts/Roboto.uasset" 255
"../../../Engine/Content/EngineFonts/Faces/RobotoTiny.uasset" 256
"../../../Engine/Content/EngineFonts/RobotoTiny.uasset" 257
"../../../Engine/Content/EngineFonts/SmallFont.uasset" 258
"../../../Engine/Content/EngineFonts/TinyFont.uasset" 259
"../../../Engine/Content/EngineResources/WhiteSquareTexture.uasset" 260
"../../../Engine/Content/EngineMaterials/BlinkingCaret.uasset" 261
"../../../Engine/Content/EngineMaterials/DefaultBloomKernel.uasset" 262
"../../../Engine/Content/EngineMaterials/DefaultBokeh.uasset" 263
"../../../Engine/Content/EngineMaterials/DefaultDiffuse.uasset" 264
"../../../Engine/Content/EngineMaterials/DefaultDeferredDecalMaterial.uasset" 265
"../../../Engine/Content/EngineMaterials/DefaultLightFunctionMaterial.uasset" 266
"../../../Engine/Content/EngineMaterials/DefaultNormal.uasset" 267
"../../../Engine/Content/EngineMaterials/DefaultPostProcessMaterial.uasset" 268
"../../../Engine/Content/EngineFonts/RobotoDistanceField.uasset" 269
"../../../Engine/Content/EngineMaterials/DefaultTextMaterialOpaque.uasset" 270
"../../../Engine/Content/EngineMaterials/EditorBrushMaterial.uasset" 271
"../../../Engine/Content/EngineMaterials/Good64x64TilingNoiseHighFreq.uasset" 272
"../../../Engine/Content/EngineMaterials/Grid_N.uasset" 273
"../../../Engine/Content/EngineMaterials/HighResolutionScreenshotMaskFunction.uasset" 274
"../../../Engine/Content/EngineMaterials/HighResScreenshot.uasset" 275
"../../../Engine/Content/EngineMaterials/HighResScreenshotCaptureRegion.uasset" 276
"../../../Engine/Content/EngineMaterials/HighResScreenshotMask.uasset" 277
"../../../Engine/Content/EngineMaterials/LandscapeHolePhysicalMaterial.uasset" 278
"../../../Engine/Content/EngineMaterials/InvalidLightmapSettings.uasset" 279
"../../../Engine/Content/EngineMaterials/M_InvalidLightmapSettings.uasset" 280
"../../../Engine/Content/EngineMaterials/PaperDiffuse.uasset" 281
"../../../Engine/Content/EngineMaterials/PaperNormal.uasset" 282
"../../../Engine/Content/Functions/Engine_MaterialFunctions02/WorldPositionOffset/CameraOffset.uasset" 283
"../../../Engine/Content/EngineMaterials/PhAT_JointLimitMaterial.uasset" 284
"../../../Engine/Content/EngineMaterials/PhysMat_Rubber.uasset" 285
"../../../Engine/Content/EngineMaterials/PreintegratedSkinBRDF.uasset" 286
"../../../Engine/Content/EngineMaterials/RemoveSurfaceMaterial.uasset" 287
"../../../Engine/Content/EngineMaterials/WeightMapPlaceholderTexture.uasset" 288
"../../../Engine/Content/EngineMaterials/Widget3DPassThrough.uasset" 289
"../../../Engine/Content/EngineMaterials/Widget3DPassThrough_Masked.uasset" 290
"../../../Engine/Content/EngineMaterials/Widget3DPassThrough_Opaque.uasset" 291
"../../../Engine/Content/EngineMaterials/Widget3DPassThrough_Masked_OneSided.uasset" 292
"../../../Engine/Content/EngineMaterials/Widget3DPassThrough_Opaque_OneSided.uasset" 293
"../../../Engine/Content/EngineMaterials/Widget3DPassThrough_Translucent.uasset" 294
"../../../Engine/Content/EngineMaterials/Widget3DPassThrough_Translucent_OneSided.uasset" 295
"../../../Engine/Content/EngineMeshes/Cube.uasset" 296
"../../../Engine/Content/EngineMeshes/Cylinder.uasset" 297
"../../../Engine/Content/EngineMeshes/Sphere.uasset" 298
"../../../Engine/Content/EngineResources/Black.uasset" 299
"../../../Engine/Content/EngineResources/DefaultTexture.uasset" 300
"../../../Engine/Content/EngineResources/DefaultTextureCube.uasset" 301
"../../../Engine/Content/EngineResources/GradientTexture0.uasset" 302
"../../../Engine/Content/EngineResources/StreamingPauseIcon.uasset" 303
"../../../Engine/Content/EngineResources/M_StreamingPause.uasset" 304
"../../../Engine/Content/EngineSounds/Master.uasset" 305
"../../../Engine/Content/Functions/Engine_MaterialFunctions01/Shading/PowerToRoughness.uasset" 306
"../../../Engine/Content/Maps/Templates/Thumbnails/Default.uasset" 307
"../../../Engine/Content/Maps/Templates/Thumbnails/VR-Basic.uasset" 308
"../../../Engine/Content/MapTemplates/Sky/DaylightAmbientCubemap.uasset" 309
"../../../Engine/Content/MobileResources/T_MobileControls_texture.uasset" 310
"../../../Engine/Content/MobileResources/T_MobileMenu2.uasset" 311
"../../../Engine/Content/MobileResources/HUD/AnalogHat.uasset" 312
"../../../Engine/Content/MobileResources/HUD/VirtualJoystick_Background.uasset" 313
"../../../Engine/Content/MobileResources/HUD/VirtualJoystick_Thumb.uasset" 314
"../../../Engine/Content/MobileResources/HUD/DefaultVirtualJoysticks.uasset" 315
"../../../Engine/Content/MobileResources/HUD/LeftVirtualJoystickOnly.uasset" 316
"../../../Engine/Content/MobileResources/HUD/MobileHUDButton1_off.uasset" 317
"../../../Engine/Content/MobileResources/HUD/MobileHUDButton1_on.uasset" 318
"../../../Engine/Content/MobileResources/HUD/MobileHUDButton2_off.uasset" 319
"../../../Engine/Content/MobileResources/HUD/MobileHUDButton2_on.uasset" 320
"../../../Engine/Content/MobileResources/HUD/MobileHUDButton3.uasset" 321
"../../../Engine/Content/MobileResources/HUD/MobileHUDButtonFire.uasset" 322
"../../../Engine/Content/MobileResources/HUD/MobileHUDDirectionPad.uasset" 323
"../../../Engine/Content/MobileResources/HUD/MobileHUDDirectionPad2.uasset" 324
"../../../Engine/Content/MobileResources/HUD/MobileHUDDirectionPad3.uasset" 325
"../../../Engine/Content/MobileResources/HUD/MobileHUDDirectionStick.uasset" 326
"../../../Engine/Content/MobileResources/HUD/T_Castle_ThumbstickInner.uasset" 327
"../../../Engine/Content/MobileResources/HUD/T_Castle_ThumbstickOutter.uasset" 328
"../../../Engine/Content/Tutorial/ContentIntroCurve.uasset" 329
"../../../Engine/Content/Tutorial/Basics/TutorialAssets/CameraActor_64x.uasset" 330
"../../../Engine/Content/Tutorial/Basics/TutorialAssets/icon_tab_Levels_40x.uasset" 331
"../../../Engine/Content/Tutorial/BlueprintTutorials/TutorialAssets/BlueprintInterface_64x.uasset" 332
"../../../Engine/Content/Tutorial/BlueprintTutorials/TutorialAssets/BlueprintMacroLibrary_64x.uasset" 333
"../../../Engine/Content/Tutorial/BlueprintTutorials/TutorialAssets/Blueprint_64x.uasset" 334
"../../../Engine/Content/EditorBlueprintResources/ActorMacros.uasset" 335
"../../../Engine/Content/EditorBlueprintResources/StandardMacros.uasset" 336
"../../../Engine/Content/Tutorial/BlueprintTutorials/TutorialAssets/Tutorial_BP_Class.uasset" 337
"../../../Engine/Content/Tutorial/BlueprintTutorials/TutorialAssets/Tutorial_BP_Interface.uasset" 338
"../../../Engine/Content/Tutorial/Foliage/TutorialAssets/Foliage.uasset" 339
"../../../Engine/Content/Tutorial/Landscape/TutorialAssets/Landscape.uasset" 340
"../../../Engine/Content/Tutorial/Mobile/TutorialAssets/android_Icon.uasset" 341
"../../../Engine/Content/Tutorial/Mobile/TutorialAssets/IOS.uasset" 342
"../../../Engine/Content/Tutorial/Paper2D/TutorialAssets/Paper2DFlipbook_TutorialIcon.uasset" 343
"../../../Engine/Content/Tutorial/Paper2D/TutorialAssets/Paper2DSprite_TutorialIcon.uasset" 344
"../../../Engine/Content/Tutorial/SubEditors/TutorialAssets/icon_Editor_Preferences_General_40x.uasset" 345
"../../../Engine/Content/Tutorial/SubEditors/TutorialAssets/icon_ShowSkeletalMeshes_40x.uasset" 346
"../../../Engine/Content/Tutorial/SubEditors/TutorialAssets/TutorialMaterial.uasset" 347
"../../../Engine/Content/Tutorial/SubEditors/TutorialAssets/T_SmokeSubUV_8X8.uasset" 348
"../../../Engine/Content/Tutorial/SubEditors/TutorialAssets/T_soft_smoke.uasset" 349
"../../../Engine/Content/Tutorial/SubEditors/TutorialAssets/M_smoke_subUV_blackbody.uasset" 350
"../../../Engine/Content/Tutorial/SubEditors/TutorialAssets/TutorialParticleSystem.uasset" 351
"../../../Engine/Content/VREditor/Devices/Generic/GenericHMDMaterial.uasset" 352
"../../../Engine/Content/VREditor/Devices/Generic/GenericHMD.uasset" 353
"../../../Engine/Content/Functions/Engine_MaterialFunctions02/Utility/BreakOutFloat3Components.uasset" 354
"../../../Engine/Content/VREditor/Devices/Vive/VivePreController_MasksB.uasset" 355
"../../../Engine/Content/VREditor/Devices/Oculus/OculusControllerMaterial.uasset" 356
"../../../Engine/Content/VREditor/Devices/Oculus/OculusControllerMaterial_Inst.uasset" 357
"../../../Engine/Content/VREditor/Devices/Oculus/OculusControllerMesh.uasset" 358
"../../../Engine/Content/VREditor/Devices/Vive/T_VivePreController_EM.uasset" 359
"../../../Engine/Content/VREditor/Devices/Vive/VivePreController_MasksA.uasset" 360
"../../../Engine/Content/VREditor/Devices/Vive/VivePreControllerDiffuse.uasset" 361
"../../../Engine/Content/VREditor/Devices/Vive/VivePreControllerSpec.uasset" 362
"../../../Engine/Content/VREditor/LaserPointer/VR_LaserPower_01.uasset" 363
"../../../Engine/Content/VREditor/Devices/Vive/VivePreControllerMaterial.uasset" 364
"../../../Engine/Content/VREditor/Devices/Vive/VivePreControllerMaterial_Inst.uasset" 365
"../../../Engine/Content/VREditor/Devices/Vive/VivePreControllerMesh.uasset" 366
"../../../Engine/Content/VREditor/FloatingText/LineMaterial.uasset" 367
"../../../Engine/Content/VREditor/FloatingText/JointSphere.uasset" 368
"../../../Engine/Content/VREditor/FloatingText/LineSegmentCylinder.uasset" 369
"../../../Engine/Content/VREditor/Fonts/VRText_RobotoLarge.uasset" 370
"../../../Engine/Content/VREditor/Fonts/VRTextMaterial.uasset" 371
"../../../Engine/Content/VREditor/Fonts/TranslucentVRTextMaterial.uasset" 372
"../../../Engine/Content/VREditor/LaserPointer/CursorPointer.uasset" 373
"../../../Engine/Content/VREditor/TransformGizmo/TransformGizmoMaterial.uasset" 374
"../../../Engine/Content/VREditor/LaserPointer/HoverMaterial.uasset" 375
"../../../Engine/Content/VREditor/TransformGizmo/TranslucentTransformGizmoMaterial.uasset" 376
"../../../Engine/Content/VREditor/LaserPointer/TranslucentHoverMaterial.uasset" 377
"../../../Engine/Content/VREditor/LaserPointer/HoverMesh.uasset" 378
"../../../Engine/Content/VREditor/LaserPointer/LaserPointerMaterial.uasset" 379
"../../../Engine/Content/VREditor/LaserPointer/LaserPointerMaterialInst.uasset" 380
"../../../Engine/Content/VREditor/LaserPointer/TranslucentLaserPointerMaterialInst.uasset" 381
"../../../Engine/Content/VREditor/LaserPointer/LaserPointerMesh.uasset" 382
"../../../Engine/Content/VREditor/LaserPointer/LaserPointerMesh_End.uasset" 383
"../../../Engine/Content/VREditor/LaserPointer/LaserPointerMesh_Start.uasset" 384
"../../../Engine/Content/VREditor/Sounds/VR_teleport.uasset" 385
"../../../Engine/Content/VREditor/Sounds/UI/Click_on_Button.uasset" 386
"../../../Engine/Content/VREditor/Sounds/UI/Click_on_Button_Cue.uasset" 387
"../../../Engine/Content/VREditor/Sounds/UI/Dockable_Window_Close.uasset" 388
"../../../Engine/Content/VREditor/Sounds/UI/Dockable_Window_Drop.uasset" 389
"../../../Engine/Content/VREditor/Sounds/UI/Dockable_Window_Open.uasset" 390
"../../../Engine/Content/VREditor/Sounds/UI/Dockable_Window_Pick_Up.uasset" 391
"../../../Engine/Content/VREditor/Sounds/UI/Drop_Item_From_ContentBrowser.uasset" 392
"../../../Engine/Content/VREditor/Sounds/UI/Floating_UI_Open-001.uasset" 393
"../../../Engine/Content/VREditor/Sounds/UI/Radial_Menu_FadeOut.uasset" 394
"../../../Engine/Content/VREditor/Sounds/UI/Teleport_Mode_Entered.uasset" 395
"../../../Engine/Content/VREditor/Teleport/TeleportDirectionMaterial.uasset" 396
"../../../Engine/Content/VREditor/Teleport/TeleportDirectionMaterial_Inst.uasset" 397
"../../../Engine/Content/VREditor/Teleport/TeleportDirectionMesh.uasset" 398
"../../../Engine/Content/VREditor/TransformGizmo/BoundingBoxCorner.uasset" 399
"../../../Engine/Content/VREditor/TransformGizmo/BoundingBoxEdge.uasset" 400
"../../../Engine/Content/VREditor/TransformGizmo/PlaneTranslationHandle.uasset" 401
"../../../Engine/Content/VREditor/TransformGizmo/Main.uasset" 402
"../../../Engine/Content/VREditor/TransformGizmo/Xray.uasset" 403
"../../../Engine/Content/VREditor/TransformGizmo/SM_Dialog_Close.uasset" 404
"../../../Engine/Content/VREditor/TransformGizmo/SM_Dialog_Move.uasset" 405
"../../../Engine/Content/VREditor/TransformGizmo/SM_Sequencer_Key.uasset" 406
"../../../Engine/Content/VREditor/TransformGizmo/SM_Sequencer_Node.uasset" 407
"../../../Engine/Content/VREditor/TransformGizmo/TransformGizmoMaterial_Inst.uasset" 408
"../../../Engine/Content/VREditor/TransformGizmo/TranslucentTransformGizmoMaterial_Inst.uasset" 409
"../../../Engine/Content/VREditor/Devices/Vive/UE4_Logo.uasset" 410
"../../../Engine/Content/VREditor/UI/M_ContentWindow.uasset" 411
"../../../Engine/Content/VREditor/UI/SM_ContentWindow_01.uasset" 412
"../../../Engine/Content/VREditor/UI/KeyDiskMaterial.uasset" 413
"../../../Engine/Content/VREditor/UI/DiscMaterial.uasset" 414
"../../../Engine/Content/VREditor/UI/SM_Radial_Disk.uasset" 415
"../../../Engine/Content/VREditor/UI/ArrowMaterial.uasset" 416
"../../../Engine/Content/VREditor/UI/SM_Radial_Pointer.uasset" 417
"../../../Engine/Content/VREditor/WorldMovementGrid/SimpleGrid.uasset" 418
"../../../Engine/Content/VREditor/WorldMovementGrid/GridMaterial.uasset" 419
"../../../Engine/Content/Functions/Engine_MaterialFunctions01/Density/ExponentialDensity.uasset" 420
"../../../Engine/Content/VREditor/WorldMovementGrid/GridPostProcess.uasset" 421
"../../../Engine/Content/VREditor/WorldMovementGrid/PlaneMesh.uasset" 422
"C:/Users/maxsa/Desktop/Unreal Projects/UnrealForBeginnersTut/Content/StarterContent/Audio/Fire01.uasset" 423
"C:/Users/maxsa/Desktop/Unreal Projects/UnrealForBeginnersTut/Content/StarterContent/Audio/Smoke01.uasset" 424
"../../Plugins/2D/Paper2D/Content/PlaceholderTextures/DummySpriteTexture.uasset" 425
"../../Plugins/2D/Paper2D/Content/DummySprite.uasset" 426
"../../Plugins/2D/Paper2D/Content/DefaultPaperTerrainMaterial.uasset" 427
"../../Plugins/2D/Paper2D/Content/DefaultSpriteMaterial.uasset" 428
"../../Plugins/2D/Paper2D/Content/MaskedUnlitSpriteMaterial.uasset" 429
"../../Plugins/2D/Paper2D/Content/OpaqueUnlitSpriteMaterial.uasset" 430
"../../Plugins/Media/MediaCompositing/Content/DefaultMediaPlaneTexture.uasset" 431
"../../Plugins/Media/MediaCompositing/Content/DefaultMediaPlaneMaterial.uasset" 432
"../../../Engine/Content/Functions/Engine_MaterialFunctions02/Utility/MakeFloat4.uasset" 433
"../../Plugins/Runtime/AppleARKit/Content/ARKitCameraMaterial.uasset" 434
"../../Plugins/Runtime/Oculus/OculusVR/Content/Textures/GearVRController_AO.uasset" 435
"../../Plugins/Runtime/Oculus/OculusVR/Content/Textures/GearVRController_Color.uasset" 436
"../../Plugins/Runtime/Oculus/OculusVR/Content/Textures/GearVRController_Normal.uasset" 437
"../../Plugins/Runtime/Oculus/OculusVR/Content/Materials/GearVRControllerMaterial.uasset" 438
"../../Plugins/Runtime/Oculus/OculusVR/Content/Meshes/GearVrController.uasset" 439
"../../../Engine/Content/Maps/Entry.umap" 440
"C:/Users/maxsa/Desktop/Unreal Projects/UnrealForBeginnersTut/Content/FirstPerson/Character/Mesh/SK_Mannequin_Arms_Skeleton.uasset" 441
"C:/Users/maxsa/Desktop/Unreal Projects/UnrealForBeginnersTut/Content/FirstPerson/Animations/FirstPerson_Idle.uasset" 442
"C:/Users/maxsa/Desktop/Unreal Projects/UnrealForBeginnersTut/Content/FirstPerson/Animations/FirstPerson_JumpEnd.uasset" 443
"C:/Users/maxsa/Desktop/Unreal Projects/UnrealForBeginnersTut/Content/FirstPerson/Animations/FirstPerson_JumpLoop.uasset" 444
"C:/Users/maxsa/Desktop/Unreal Projects/UnrealForBeginnersTut/Content/FirstPerson/Animations/FirstPerson_JumpStart.uasset" 445
"C:/Users/maxsa/Desktop/Unreal Projects/UnrealForBeginnersTut/Content/FirstPerson/Animations/FirstPerson_Run.uasset" 446
"C:/Users/maxsa/Desktop/Unreal Projects/UnrealForBeginnersTut/Content/FirstPerson/Animations/FirstPerson_AnimBP.uasset" 447
"C:/Users/maxsa/Desktop/Unreal Projects/UnrealForBeginnersTut/Content/FirstPerson/Animations/FirstPerson_Fire.uasset" 448
"C:/Users/maxsa/Desktop/Unreal Projects/UnrealForBeginnersTut/Content/FirstPerson/Animations/FirstPersonFire_Montage.uasset" 449
"C:/Users/maxsa/Desktop/Unreal Projects/UnrealForBeginnersTut/Content/FirstPerson/Meshes/BaseMaterial.uasset" 450
"C:/Users/maxsa/Desktop/Unreal Projects/UnrealForBeginnersTut/Content/FirstPerson/Meshes/FirstPersonProjectileMaterial.uasset" 451
"C:/Users/maxsa/Desktop/Unreal Projects/UnrealForBeginnersTut/Content/FirstPerson/Meshes/FirstPersonProjectileMesh.uasset" 452
"C:/Users/maxsa/Desktop/Unreal Projects/UnrealForBeginnersTut/Content/FirstPersonBP/Blueprints/FirstPersonProjectile.uasset" 453
"C:/Users/maxsa/Desktop/Unreal Projects/UnrealForBeginnersTut/Content/FirstPerson/Audio/FirstPersonTemplateWeaponFire02.uasset" 454
"../../../Engine/Content/Functions/Engine_MaterialFunctions02/Utility/BlendAngleCorrectedNormals.uasset" 455
"../../../Engine/Content/Functions/MaterialLayerFunctions/MatLayerBlend_NormalBlend.uasset" 456
"../../../Engine/Content/Functions/MaterialLayerFunctions/MatLayerBlend_Simple.uasset" 457
"C:/Users/maxsa/Desktop/Unreal Projects/UnrealForBeginnersTut/Content/FirstPerson/Character/Materials/MaterialLayers/T_ML_Rubber_Blue_01_D.uasset" 458
"C:/Users/maxsa/Desktop/Unreal Projects/UnrealForBeginnersTut/Content/FirstPerson/Character/Materials/MaterialLayers/T_ML_Rubber_Blue_01_N.uasset" 459
"C:/Users/maxsa/Desktop/Unreal Projects/UnrealForBeginnersTut/Content/FirstPerson/Character/Materials/MaterialLayers/ML_GlossyBlack_Latex_UE4.uasset" 460
"C:/Users/maxsa/Desktop/Unreal Projects/UnrealForBeginnersTut/Content/FirstPerson/Character/Materials/MaterialLayers/ML_Plastic_Shiny_Beige.uasset" 461
"C:/Users/maxsa/Desktop/Unreal Projects/UnrealForBeginnersTut/Content/FirstPerson/Character/Textures/UE4_LOGO_CARD.uasset" 462
"C:/Users/maxsa/Desktop/Unreal Projects/UnrealForBeginnersTut/Content/FirstPerson/Character/Materials/MaterialLayers/ML_Plastic_Shiny_Beige_LOGO.uasset" 463
"C:/Users/maxsa/Desktop/Unreal Projects/UnrealForBeginnersTut/Content/FirstPerson/Character/Materials/MaterialLayers/T_ML_Aluminum01.uasset" 464
"C:/Users/maxsa/Desktop/Unreal Projects/UnrealForBeginnersTut/Content/FirstPerson/Character/Materials/MaterialLayers/T_ML_Aluminum01_N.uasset" 465
"C:/Users/maxsa/Desktop/Unreal Projects/UnrealForBeginnersTut/Content/FirstPerson/Character/Materials/MaterialLayers/ML_SoftMetal_UE4.uasset" 466
"C:/Users/maxsa/Desktop/Unreal Projects/UnrealForBeginnersTut/Content/FirstPerson/Character/Textures/UE4_Mannequin__normals.uasset" 467
"C:/Users/maxsa/Desktop/Unreal Projects/UnrealForBeginnersTut/Content/FirstPerson/Character/Textures/UE4_Mannequin_MAT_MASKA.uasset" 468
"C:/Users/maxsa/Desktop/Unreal Projects/UnrealForBeginnersTut/Content/FirstPerson/Character/Materials/M_UE4Man_Body.uasset" 469
"C:/Users/maxsa/Desktop/Unreal Projects/UnrealForBeginnersTut/Content/FirstPerson/Character/Mesh/SK_Mannequin_Arms_PhysicsAsset.uasset" 470
"C:/Users/maxsa/Desktop/Unreal Projects/UnrealForBeginnersTut/Content/FirstPerson/Character/Mesh/SK_Mannequin_Arms.uasset" 471
"C:/Users/maxsa/Desktop/Unreal Projects/UnrealForBeginnersTut/Content/FirstPerson/FPWeapon/Materials/MaterialLayers/T_ML_Rubber_Blue_01_D.uasset" 472
"C:/Users/maxsa/Desktop/Unreal Projects/UnrealForBeginnersTut/Content/FirstPerson/FPWeapon/Materials/MaterialLayers/T_ML_Rubber_Blue_01_N.uasset" 473
"C:/Users/maxsa/Desktop/Unreal Projects/UnrealForBeginnersTut/Content/FirstPerson/FPWeapon/Materials/MaterialLayers/ML_GlossyBlack_Latex_UE4.uasset" 474
"C:/Users/maxsa/Desktop/Unreal Projects/UnrealForBeginnersTut/Content/FirstPerson/FPWeapon/Materials/MaterialLayers/ML_Plastic_Shiny_Beige.uasset" 475
"C:/Users/maxsa/Desktop/Unreal Projects/UnrealForBeginnersTut/Content/FirstPerson/FPWeapon/Materials/MaterialLayers/ML_Screen.uasset" 476
"C:/Users/maxsa/Desktop/Unreal Projects/UnrealForBeginnersTut/Content/FirstPerson/FPWeapon/Materials/MaterialLayers/T_ML_Aluminum01.uasset" 477
"C:/Users/maxsa/Desktop/Unreal Projects/UnrealForBeginnersTut/Content/FirstPerson/FPWeapon/Materials/MaterialLayers/T_ML_Aluminum01_N.uasset" 478
"C:/Users/maxsa/Desktop/Unreal Projects/UnrealForBeginnersTut/Content/FirstPerson/FPWeapon/Materials/MaterialLayers/ML_SoftMetal_UE4.uasset" 479
"C:/Users/maxsa/Desktop/Unreal Projects/UnrealForBeginnersTut/Content/FirstPerson/FPWeapon/Textures/T_FPGun_M.uasset" 480
"C:/Users/maxsa/Desktop/Unreal Projects/UnrealForBeginnersTut/Content/FirstPerson/FPWeapon/Textures/T_FPGun_N.uasset" 481
"C:/Users/maxsa/Desktop/Unreal Projects/UnrealForBeginnersTut/Content/FirstPerson/FPWeapon/Materials/M_FPGun.uasset" 482
"C:/Users/maxsa/Desktop/Unreal Projects/UnrealForBeginnersTut/Content/FirstPerson/FPWeapon/Mesh/SK_FPGun_Skeleton.uasset" 483
"C:/Users/maxsa/Desktop/Unreal Projects/UnrealForBeginnersTut/Content/FirstPerson/FPWeapon/Mesh/SK_FPGun.uasset" 484
"C:/Users/maxsa/Desktop/Unreal Projects/UnrealForBeginnersTut/Content/FirstPersonBP/Blueprints/FirstPersonCharacter.uasset" 485
"../../../Engine/Content/EngineSky/C_Sky_Cloud_Color.uasset" 486
"../../../Engine/Content/EngineSky/C_Sky_Horizon_Color.uasset" 487
"../../../Engine/Content/EngineSky/C_Sky_Zenith_Color.uasset" 488
"../../../Engine/Content/EngineSky/T_Sky_Blue.uasset" 489
"../../../Engine/Content/EngineSky/T_Sky_Clouds_M.uasset" 490
"../../../Engine/Content/EngineSky/T_Sky_Stars.uasset" 491
"../../../Engine/Content/EngineSky/M_Sky_Panning_Clouds2.uasset" 492
"../../../Engine/Content/EngineSky/SM_SkySphere.uasset" 493
"../../../Engine/Content/EngineSky/BP_Sky_Sphere.uasset" 494
"C:/Users/maxsa/Desktop/Unreal Projects/UnrealForBeginnersTut/Content/FirstPerson/Textures/FirstPersonCrosshair.uasset" 495
"C:/Users/maxsa/Desktop/Unreal Projects/UnrealForBeginnersTut/Content/FirstPersonBP/Blueprints/FirstPersonHUD.uasset" 496
"C:/Users/maxsa/Desktop/Unreal Projects/UnrealForBeginnersTut/Content/FirstPersonBP/Blueprints/FirstPersonGameMode.uasset" 497
"../../../Engine/Content/EngineMaterials/AntiAliasedTextMaterialTranslucent.uasset" 498
"C:/Users/maxsa/Desktop/Unreal Projects/UnrealForBeginnersTut/Content/FirstPerson/Meshes/CubeMaterialOverride.uasset" 499
"C:/Users/maxsa/Desktop/Unreal Projects/UnrealForBeginnersTut/Content/Geometry/Meshes/CubeMaterial.uasset" 500
"C:/Users/maxsa/Desktop/Unreal Projects/UnrealForBeginnersTut/Content/Geometry/Meshes/1M_Cube.uasset" 501
"C:/Users/maxsa/Desktop/Unreal Projects/UnrealForBeginnersTut/Content/FirstPersonBP/Maps/FirstPersonExampleMap.umap" 502
"C:/Users/maxsa/Desktop/Unreal Projects/UnrealForBeginnersTut/Content/StarterContent/Audio/Fire01_Cue.uasset" 503
"C:/Users/maxsa/Desktop/Unreal Projects/UnrealForBeginnersTut/Content/StarterContent/Textures/T_Fire_SubUV.uasset" 504
"C:/Users/maxsa/Desktop/Unreal Projects/UnrealForBeginnersTut/Content/StarterContent/Textures/T_Fire_Tiled_D.uasset" 505
"C:/Users/maxsa/Desktop/Unreal Projects/UnrealForBeginnersTut/Content/StarterContent/Particles/Materials/M_Fire_SubUV.uasset" 506
"C:/Users/maxsa/Desktop/Unreal Projects/UnrealForBeginnersTut/Content/StarterContent/Textures/T_Water_N.uasset" 507
"C:/Users/maxsa/Desktop/Unreal Projects/UnrealForBeginnersTut/Content/StarterContent/Particles/Materials/M_Heat_Distortion.uasset" 508
"C:/Users/maxsa/Desktop/Unreal Projects/UnrealForBeginnersTut/Content/StarterContent/Particles/Materials/M_Radial_Gradient.uasset" 509
"C:/Users/maxsa/Desktop/Unreal Projects/UnrealForBeginnersTut/Content/StarterContent/Textures/T_Smoke_SubUV.uasset" 510
"C:/Users/maxsa/Desktop/Unreal Projects/UnrealForBeginnersTut/Content/StarterContent/Textures/T_Smoke_Tiled_D.uasset" 511
"C:/Users/maxsa/Desktop/Unreal Projects/UnrealForBeginnersTut/Content/StarterContent/Particles/Materials/M_smoke_subUV.uasset" 512
"C:/Users/maxsa/Desktop/Unreal Projects/UnrealForBeginnersTut/Content/StarterContent/Particles/P_Fire.uasset" 513
"C:/Users/maxsa/Desktop/Unreal Projects/UnrealForBeginnersTut/Content/StarterContent/Blueprints/Blueprint_Effect_Fire.uasset" 514
"C:/Users/maxsa/Desktop/Unreal Projects/UnrealForBeginnersTut/Content/StarterContent/Audio/Smoke01_Cue.uasset" 515
"C:/Users/maxsa/Desktop/Unreal Projects/UnrealForBeginnersTut/Content/StarterContent/Particles/P_Smoke.uasset" 516
"C:/Users/maxsa/Desktop/Unreal Projects/UnrealForBeginnersTut/Content/StarterContent/Blueprints/Blueprint_Effect_Smoke.uasset" 517
"C:/Users/maxsa/Desktop/Unreal Projects/UnrealForBeginnersTut/Content/Maps/Level_Chapter3_sharedassets/Dirt_LayerInfo.uasset" 518
"C:/Users/maxsa/Desktop/Unreal Projects/UnrealForBeginnersTut/Content/Maps/Level_Chapter3_sharedassets/GrassDry_LayerInfo.uasset" 519
"C:/Users/maxsa/Desktop/Unreal Projects/UnrealForBeginnersTut/Content/Maps/Level_Chapter3_sharedassets/GrassLush_LayerInfo.uasset" 520
"C:/Users/maxsa/Desktop/Unreal Projects/UnrealForBeginnersTut/Content/Maps/Level_Chapter3_sharedassets/Rock_LayerInfo.uasset" 521
"C:/Users/maxsa/Desktop/Unreal Projects/UnrealForBeginnersTut/Content/Maps/Level_Chapter6_BuiltData.uasset" 522
"C:/Users/maxsa/Desktop/Unreal Projects/UnrealForBeginnersTut/Content/Textures/Dirt_D.uasset" 523
"C:/Users/maxsa/Desktop/Unreal Projects/UnrealForBeginnersTut/Content/Textures/Dirt_N.uasset" 524
"C:/Users/maxsa/Desktop/Unreal Projects/UnrealForBeginnersTut/Content/Textures/Dirt_R.uasset" 525
"C:/Users/maxsa/Desktop/Unreal Projects/UnrealForBeginnersTut/Content/Textures/Grass2_D.uasset" 526
"C:/Users/maxsa/Desktop/Unreal Projects/UnrealForBeginnersTut/Content/Textures/Grass2_N.uasset" 527
"C:/Users/maxsa/Desktop/Unreal Projects/UnrealForBeginnersTut/Content/Textures/Grass2_R.uasset" 528
"C:/Users/maxsa/Desktop/Unreal Projects/UnrealForBeginnersTut/Content/Textures/Grass_D.uasset" 529
"C:/Users/maxsa/Desktop/Unreal Projects/UnrealForBeginnersTut/Content/Textures/Grass_N.uasset" 530
"C:/Users/maxsa/Desktop/Unreal Projects/UnrealForBeginnersTut/Content/Textures/Grass_R.uasset" 531
"C:/Users/maxsa/Desktop/Unreal Projects/UnrealForBeginnersTut/Content/Textures/RockTerrain_D.uasset" 532
"C:/Users/maxsa/Desktop/Unreal Projects/UnrealForBeginnersTut/Content/Textures/RockTerrain_N.uasset" 533
"C:/Users/maxsa/Desktop/Unreal Projects/UnrealForBeginnersTut/Content/Textures/RockTerrain_R.uasset" 534
"C:/Users/maxsa/Desktop/Unreal Projects/UnrealForBeginnersTut/Content/Materials/M_Landscape.uasset" 535
"C:/Users/maxsa/Desktop/Unreal Projects/UnrealForBeginnersTut/Content/Textures/Beam_D.uasset" 536
"C:/Users/maxsa/Desktop/Unreal Projects/UnrealForBeginnersTut/Content/Textures/Beam_N.uasset" 537
"C:/Users/maxsa/Desktop/Unreal Projects/UnrealForBeginnersTut/Content/Textures/Beam_R.uasset" 538
"C:/Users/maxsa/Desktop/Unreal Projects/UnrealForBeginnersTut/Content/Materials/M_Beam.uasset" 539
"C:/Users/maxsa/Desktop/Unreal Projects/UnrealForBeginnersTut/Content/Textures/Chimney_D.uasset" 540
"C:/Users/maxsa/Desktop/Unreal Projects/UnrealForBeginnersTut/Content/Textures/Chimney_N.uasset" 541
"C:/Users/maxsa/Desktop/Unreal Projects/UnrealForBeginnersTut/Content/Materials/M_Chimney.uasset" 542
"C:/Users/maxsa/Desktop/Unreal Projects/UnrealForBeginnersTut/Content/Textures/Door_D.uasset" 543
"C:/Users/maxsa/Desktop/Unreal Projects/UnrealForBeginnersTut/Content/Textures/Door_N.uasset" 544
"C:/Users/maxsa/Desktop/Unreal Projects/UnrealForBeginnersTut/Content/Textures/Door_R.uasset" 545
"C:/Users/maxsa/Desktop/Unreal Projects/UnrealForBeginnersTut/Content/Materials/M_Door.uasset" 546
"C:/Users/maxsa/Desktop/Unreal Projects/UnrealForBeginnersTut/Content/Textures/WoodSlats_D.uasset" 547
"C:/Users/maxsa/Desktop/Unreal Projects/UnrealForBeginnersTut/Content/Textures/WoodSlats_N.uasset" 548
"C:/Users/maxsa/Desktop/Unreal Projects/UnrealForBeginnersTut/Content/Textures/WoodSlats_R.uasset" 549
"C:/Users/maxsa/Desktop/Unreal Projects/UnrealForBeginnersTut/Content/Materials/M_Slats.uasset" 550
"C:/Users/maxsa/Desktop/Unreal Projects/UnrealForBeginnersTut/Content/Textures/RoofTiles_D.uasset" 551
"C:/Users/maxsa/Desktop/Unreal Projects/UnrealForBeginnersTut/Content/Textures/RoofTiles_N.uasset" 552
"C:/Users/maxsa/Desktop/Unreal Projects/UnrealForBeginnersTut/Content/Textures/RoofTiles_R.uasset" 553
"C:/Users/maxsa/Desktop/Unreal Projects/UnrealForBeginnersTut/Content/Materials/M_Tiles.uasset" 554
"C:/Users/maxsa/Desktop/Unreal Projects/UnrealForBeginnersTut/Content/Textures/Windows_D.uasset" 555
"C:/Users/maxsa/Desktop/Unreal Projects/UnrealForBeginnersTut/Content/Textures/Windows_E.uasset" 556
"C:/Users/maxsa/Desktop/Unreal Projects/UnrealForBeginnersTut/Content/Textures/Windows_N.uasset" 557
"C:/Users/maxsa/Desktop/Unreal Projects/UnrealForBeginnersTut/Content/Textures/Windows_R.uasset" 558
"C:/Users/maxsa/Desktop/Unreal Projects/UnrealForBeginnersTut/Content/Materials/M_Window.uasset" 559
"C:/Users/maxsa/Desktop/Unreal Projects/UnrealForBeginnersTut/Content/Geometry/Cabin.uasset" 560
"C:/Users/maxsa/Desktop/Unreal Projects/UnrealForBeginnersTut/Content/Textures/BurntWood_D.uasset" 561
"C:/Users/maxsa/Desktop/Unreal Projects/UnrealForBeginnersTut/Content/Textures/BurntWood_E.uasset" 562
"C:/Users/maxsa/Desktop/Unreal Projects/UnrealForBeginnersTut/Content/Textures/BurntWood_N.uasset" 563
"C:/Users/maxsa/Desktop/Unreal Projects/UnrealForBeginnersTut/Content/Materials/M_BurntWood.uasset" 564
"C:/Users/maxsa/Desktop/Unreal Projects/UnrealForBeginnersTut/Content/Geometry/firelogs.uasset" 565
"../../../Engine/Content/Functions/Engine_MaterialFunctions01/WorldPositionOffset/SimpleGrassWind.uasset" 566
"C:/Users/maxsa/Desktop/Unreal Projects/UnrealForBeginnersTut/Content/Textures/GrassClump_D.uasset" 567
"C:/Users/maxsa/Desktop/Unreal Projects/UnrealForBeginnersTut/Content/Textures/GrassClump_N.uasset" 568
"C:/Users/maxsa/Desktop/Unreal Projects/UnrealForBeginnersTut/Content/Materials/M_GrassMaster.uasset" 569
"C:/Users/maxsa/Desktop/Unreal Projects/UnrealForBeginnersTut/Content/Materials/M_Grass_Inst.uasset" 570
"C:/Users/maxsa/Desktop/Unreal Projects/UnrealForBeginnersTut/Content/Geometry/GrassClump.uasset" 571
"C:/Users/maxsa/Desktop/Unreal Projects/UnrealForBeginnersTut/Content/Textures/Rock_D.uasset" 572
"C:/Users/maxsa/Desktop/Unreal Projects/UnrealForBeginnersTut/Content/Textures/Rock_N.uasset" 573
"C:/Users/maxsa/Desktop/Unreal Projects/UnrealForBeginnersTut/Content/Materials/M_Rock.uasset" 574
"C:/Users/maxsa/Desktop/Unreal Projects/UnrealForBeginnersTut/Content/Geometry/Rock.uasset" 575
"C:/Users/maxsa/Desktop/Unreal Projects/UnrealForBeginnersTut/Content/Textures/Bark_D.uasset" 576
"C:/Users/maxsa/Desktop/Unreal Projects/UnrealForBeginnersTut/Content/Textures/Bark_N.uasset" 577
"C:/Users/maxsa/Desktop/Unreal Projects/UnrealForBeginnersTut/Content/Materials/M_Bark.uasset" 578
"C:/Users/maxsa/Desktop/Unreal Projects/UnrealForBeginnersTut/Content/Textures/Branches_D.uasset" 579
"C:/Users/maxsa/Desktop/Unreal Projects/UnrealForBeginnersTut/Content/Textures/Branches_N.uasset" 580
"C:/Users/maxsa/Desktop/Unreal Projects/UnrealForBeginnersTut/Content/Materials/M_Branch.uasset" 581
"C:/Users/maxsa/Desktop/Unreal Projects/UnrealForBeginnersTut/Content/Textures/TreeFront_D.uasset" 582
"C:/Users/maxsa/Desktop/Unreal Projects/UnrealForBeginnersTut/Content/Materials/M_TreeFront.uasset" 583
"C:/Users/maxsa/Desktop/Unreal Projects/UnrealForBeginnersTut/Content/Geometry/Tree.uasset" 584
"C:/Users/maxsa/Desktop/Unreal Projects/UnrealForBeginnersTut/Content/Maps/Level_Chapter6.umap" 585
