Log file open, 06/22/18 19:51:41
LogWindows: Failed to load 'aqProf.dll' (GetLastError=126)
LogWindows: File 'aqProf.dll' does not exist
LogWindows: Failed to load 'VtuneApi.dll' (GetLastError=126)
LogWindows: File 'VtuneApi.dll' does not exist
LogWindows: Failed to load 'VtuneApi32e.dll' (GetLastError=126)
LogWindows: File 'VtuneApi32e.dll' does not exist
LogInit: Display: Running engine for game: UE4forbeginners
LogPlatformFile: Not using cached read wrapper
LogInit: Display: RandInit(-53813474) SRandInit(-53813474).
LogInit: Read version file with build ID '3944462'
LogInit: Overriding engine version to CL 4033788, compatible CL 3944462
LogInit: Registered custom module enumerator with build ID '3944462'
LogTaskGraph: Started task graph with 5 named threads and 14 total threads with 3 sets of task threads.
LogStats: Stats thread started at 2.481873
LogD3D11RHI: Aftermath initialized
LogICUInternationalization: Display: ICU TimeZone Detection - Raw Offset: -5:00, Platform Override: ''
LogModuleManager: Display: Found up-to-date module file ../../../Engine/Plugins/2D/Paper2D/Binaries/Win64/UE4Editor-Paper2D.dll (API version 3944462).
LogModuleManager: Display: Found up-to-date module file ../../../Engine/Plugins/2D/Paper2D/Binaries/Win64/UE4Editor-Paper2DEditor.dll (API version 3944462).
LogModuleManager: Display: Found up-to-date module file ../../../Engine/Plugins/2D/Paper2D/Binaries/Win64/UE4Editor-PaperSpriteSheetImporter.dll (API version 3944462).
LogModuleManager: Display: Found up-to-date module file ../../../Engine/Plugins/2D/Paper2D/Binaries/Win64/UE4Editor-PaperTiledImporter.dll (API version 3944462).
LogModuleManager: Display: Found up-to-date module file ../../../Engine/Plugins/2D/Paper2D/Binaries/Win64/UE4Editor-SmartSnapping.dll (API version 3944462).
LogModuleManager: Display: Found up-to-date module file ../../../Engine/Plugins/Blendables/LightPropagationVolume/Binaries/Win64/UE4Editor-LightPropagationVolumeRuntime.dll (API version 3944462).
LogModuleManager: Display: Found up-to-date module file ../../../Engine/Plugins/Blendables/LightPropagationVolume/Binaries/Win64/UE4Editor-LightPropagationVolumeEditor.dll (API version 3944462).
LogModuleManager: Display: Found up-to-date module file ../../../Engine/Plugins/Developer/CLionSourceCodeAccess/Binaries/Win64/UE4Editor-CLionSourceCodeAccess.dll (API version 3944462).
LogModuleManager: Display: Found up-to-date module file ../../../Engine/Plugins/Developer/GitSourceControl/Binaries/Win64/UE4Editor-GitSourceControl.dll (API version 3944462).
LogModuleManager: Display: Found up-to-date module file ../../../Engine/Plugins/Developer/PerforceSourceControl/Binaries/Win64/UE4Editor-PerforceSourceControl.dll (API version 3944462).
LogModuleManager: Display: Found up-to-date module file ../../../Engine/Plugins/Developer/SubversionSourceControl/Binaries/Win64/UE4Editor-SubversionSourceControl.dll (API version 3944462).
LogModuleManager: Display: Found up-to-date module file ../../../Engine/Plugins/Developer/UObjectPlugin/Binaries/Win64/UE4Editor-UObjectPlugin.dll (API version 3944462).
LogModuleManager: Display: Found up-to-date module file ../../../Engine/Plugins/Developer/VisualStudioCodeSourceCodeAccess/Binaries/Win64/UE4Editor-VisualStudioCodeSourceCodeAccess.dll (API version 3944462).
LogModuleManager: Display: Found up-to-date module file ../../../Engine/Plugins/Developer/VisualStudioSourceCodeAccess/Binaries/Win64/UE4Editor-VisualStudioSourceCodeAccess.dll (API version 3944462).
LogModuleManager: Display: Found up-to-date module file ../../../Engine/Plugins/Editor/AssetManagerEditor/Binaries/Win64/UE4Editor-AssetManagerEditor.dll (API version 3944462).
LogModuleManager: Display: Found up-to-date module file ../../../Engine/Plugins/Editor/CryptoKeys/Binaries/Win64/UE4Editor-CryptoKeys.dll (API version 3944462).
LogModuleManager: Display: Found up-to-date module file ../../../Engine/Plugins/Editor/CryptoKeys/Binaries/Win64/UE4Editor-CryptoKeysOpenSSL.dll (API version 3944462).
LogModuleManager: Display: Found up-to-date module file ../../../Engine/Plugins/Editor/DataValidation/Binaries/Win64/UE4Editor-DataValidation.dll (API version 3944462).
LogModuleManager: Display: Found up-to-date module file ../../../Engine/Plugins/Editor/FacialAnimation/Binaries/Win64/UE4Editor-FacialAnimation.dll (API version 3944462).
LogModuleManager: Display: Found up-to-date module file ../../../Engine/Plugins/Editor/FacialAnimation/Binaries/Win64/UE4Editor-FacialAnimationEditor.dll (API version 3944462).
LogModuleManager: Display: Found up-to-date module file ../../../Engine/Plugins/Editor/GameplayTagsEditor/Binaries/Win64/UE4Editor-GameplayTagsEditor.dll (API version 3944462).
LogModuleManager: Display: Found up-to-date module file ../../../Engine/Plugins/Editor/MobileLauncherProfileWizard/Binaries/Win64/UE4Editor-MobileLauncherProfileWizard.dll (API version 3944462).
LogModuleManager: Display: Found up-to-date module file ../../../Engine/Plugins/Editor/PluginBrowser/Binaries/Win64/UE4Editor-PluginBrowser.dll (API version 3944462).
LogModuleManager: Display: Found up-to-date module file ../../../Engine/Plugins/Editor/SpeedTreeImporter/Binaries/Win64/UE4Editor-SpeedTreeImporter.dll (API version 3944462).
LogModuleManager: Display: Found up-to-date module file ../../../Engine/Plugins/Enterprise/DatasmithContent/Binaries/Win64/UE4Editor-DatasmithContent.dll (API version 3944462).
LogModuleManager: Display: Found up-to-date module file ../../../Engine/Plugins/Experimental/AlembicImporter/Binaries/Win64/UE4Editor-AlembicImporter.dll (API version 3944462).
LogModuleManager: Display: Found up-to-date module file ../../../Engine/Plugins/Experimental/AlembicImporter/Binaries/Win64/UE4Editor-AlembicLibrary.dll (API version 3944462).
LogModuleManager: Display: Found up-to-date module file ../../../Engine/Plugins/Experimental/CharacterAI/Binaries/Win64/UE4Editor-CharacterAI.dll (API version 3944462).
LogModuleManager: Display: Found up-to-date module file ../../../Engine/Plugins/Experimental/HTML5Networking/Binaries/Win64/UE4Editor-HTML5Networking.dll (API version 3944462).
LogModuleManager: Display: Found up-to-date module file ../../../Engine/Plugins/Media/AndroidMedia/Binaries/Win64/UE4Editor-AndroidMediaEditor.dll (API version 3944462).
LogModuleManager: Display: Found up-to-date module file ../../../Engine/Plugins/Media/AndroidMedia/Binaries/Win64/UE4Editor-AndroidMediaFactory.dll (API version 3944462).
LogModuleManager: Display: Found up-to-date module file ../../../Engine/Plugins/Media/AvfMedia/Binaries/Win64/UE4Editor-AvfMediaEditor.dll (API version 3944462).
LogModuleManager: Display: Found up-to-date module file ../../../Engine/Plugins/Media/AvfMedia/Binaries/Win64/UE4Editor-AvfMediaFactory.dll (API version 3944462).
LogModuleManager: Display: Found up-to-date module file ../../../Engine/Plugins/Media/AvfMedia/Binaries/Win64/UE4Editor-AvfMediaFactory.dll (API version 3944462).
LogModuleManager: Display: Found up-to-date module file ../../../Engine/Plugins/Media/ImgMedia/Binaries/Win64/UE4Editor-ImgMedia.dll (API version 3944462).
LogModuleManager: Display: Found up-to-date module file ../../../Engine/Plugins/Media/ImgMedia/Binaries/Win64/UE4Editor-ImgMediaEditor.dll (API version 3944462).
LogModuleManager: Display: Found up-to-date module file ../../../Engine/Plugins/Media/ImgMedia/Binaries/Win64/UE4Editor-ImgMediaFactory.dll (API version 3944462).
LogModuleManager: Display: Found up-to-date module file ../../../Engine/Plugins/Media/ImgMedia/Binaries/Win64/UE4Editor-ImgMediaFactory.dll (API version 3944462).
LogModuleManager: Display: Found up-to-date module file ../../../Engine/Plugins/Media/ImgMedia/Binaries/Win64/UE4Editor-OpenExrWrapper.dll (API version 3944462).
LogModuleManager: Display: Found up-to-date module file ../../../Engine/Plugins/Media/LinearTimecode/Binaries/Win64/UE4Editor-LinearTimecode.dll (API version 3944462).
LogModuleManager: Display: Found up-to-date module file ../../../Engine/Plugins/Media/MediaCompositing/Binaries/Win64/UE4Editor-MediaCompositing.dll (API version 3944462).
LogModuleManager: Display: Found up-to-date module file ../../../Engine/Plugins/Media/MediaCompositing/Binaries/Win64/UE4Editor-MediaCompositingEditor.dll (API version 3944462).
LogModuleManager: Display: Found up-to-date module file ../../../Engine/Plugins/Media/MediaPlayerEditor/Binaries/Win64/UE4Editor-MediaPlayerEditor.dll (API version 3944462).
LogModuleManager: Display: Found up-to-date module file ../../../Engine/Plugins/Media/WmfMedia/Binaries/Win64/UE4Editor-WmfMedia.dll (API version 3944462).
LogModuleManager: Display: Found up-to-date module file ../../../Engine/Plugins/Media/WmfMedia/Binaries/Win64/UE4Editor-WmfMediaEditor.dll (API version 3944462).
LogModuleManager: Display: Found up-to-date module file ../../../Engine/Plugins/Media/WmfMedia/Binaries/Win64/UE4Editor-WmfMediaFactory.dll (API version 3944462).
LogModuleManager: Display: Found up-to-date module file ../../../Engine/Plugins/Media/WmfMedia/Binaries/Win64/UE4Editor-WmfMediaFactory.dll (API version 3944462).
LogModuleManager: Display: Found up-to-date module file ../../../Engine/Plugins/Messaging/TcpMessaging/Binaries/Win64/UE4Editor-TcpMessaging.dll (API version 3944462).
LogModuleManager: Display: Found up-to-date module file ../../../Engine/Plugins/Messaging/UdpMessaging/Binaries/Win64/UE4Editor-UdpMessaging.dll (API version 3944462).
LogModuleManager: Display: Found up-to-date module file ../../../Engine/Plugins/MovieScene/ActorSequence/Binaries/Win64/UE4Editor-ActorSequence.dll (API version 3944462).
LogModuleManager: Display: Found up-to-date module file ../../../Engine/Plugins/MovieScene/LevelSequenceEditor/Binaries/Win64/UE4Editor-LevelSequenceEditor.dll (API version 3944462).
LogModuleManager: Display: Found up-to-date module file ../../../Engine/Plugins/MovieScene/MatineeToLevelSequence/Binaries/Win64/UE4Editor-MatineeToLevelSequence.dll (API version 3944462).
LogModuleManager: Display: Found up-to-date module file ../../../Engine/Plugins/NetcodeUnitTest/NetcodeUnitTest/Binaries/Win64/UE4Editor-NetcodeUnitTest.dll (API version 3944462).
LogModuleManager: Display: Found up-to-date module file ../../../Engine/Plugins/NetcodeUnitTest/NUTUnrealEngine4/Binaries/Win64/UE4Editor-NUTUnrealEngine4.dll (API version 3944462).
LogModuleManager: Display: Found up-to-date module file ../../../Engine/Plugins/Online/OnlineSubsystem/Binaries/Win64/UE4Editor-OnlineSubsystem.dll (API version 3944462).
LogModuleManager: Display: Found up-to-date module file ../../../Engine/Plugins/Runtime/AndroidPermission/Binaries/Win64/UE4Editor-AndroidPermission.dll (API version 3944462).
LogModuleManager: Display: Found up-to-date module file ../../../Engine/Plugins/Online/OnlineSubsystemNull/Binaries/Win64/UE4Editor-OnlineSubsystemNull.dll (API version 3944462).
LogModuleManager: Display: Found up-to-date module file ../../../Engine/Plugins/Online/OnlineSubsystemUtils/Binaries/Win64/UE4Editor-OnlineSubsystemUtils.dll (API version 3944462).
LogModuleManager: Display: Found up-to-date module file ../../../Engine/Plugins/Online/OnlineSubsystemUtils/Binaries/Win64/UE4Editor-OnlineBlueprintSupport.dll (API version 3944462).
LogModuleManager: Display: Found up-to-date module file ../../../Engine/Plugins/Runtime/AndroidDeviceProfileSelector/Binaries/Win64/UE4Editor-AndroidDeviceProfileSelector.dll (API version 3944462).
LogModuleManager: Display: Found up-to-date module file ../../../Engine/Plugins/Runtime/AppleARKit/Binaries/Win64/UE4Editor-AppleARKit.dll (API version 3944462).
LogModuleManager: Display: Found up-to-date module file ../../../Engine/Plugins/Runtime/ProceduralMeshComponent/Binaries/Win64/UE4Editor-ProceduralMeshComponent.dll (API version 3944462).
LogModuleManager: Display: Found up-to-date module file ../../../Engine/Plugins/Runtime/ProceduralMeshComponent/Binaries/Win64/UE4Editor-ProceduralMeshComponentEditor.dll (API version 3944462).
LogModuleManager: Display: Found up-to-date module file ../../../Engine/Plugins/Animation/LiveLink/Binaries/Win64/UE4Editor-LiveLink.dll (API version 3944462).
LogModuleManager: Display: Found up-to-date module file ../../../Engine/Plugins/Animation/LiveLink/Binaries/Win64/UE4Editor-LiveLinkEditor.dll (API version 3944462).
LogModuleManager: Display: Found up-to-date module file ../../../Engine/Plugins/Runtime/ArchVisCharacter/Binaries/Win64/UE4Editor-ArchVisCharacter.dll (API version 3944462).
LogModuleManager: Display: Found up-to-date module file ../../../Engine/Plugins/Runtime/AudioCapture/Binaries/Win64/UE4Editor-AudioCapture.dll (API version 3944462).
LogModuleManager: Display: Found up-to-date module file ../../../Engine/Plugins/Runtime/AudioCapture/Binaries/Win64/UE4Editor-AudioCaptureEditor.dll (API version 3944462).
LogModuleManager: Display: Found up-to-date module file ../../../Engine/Plugins/Runtime/CableComponent/Binaries/Win64/UE4Editor-CableComponent.dll (API version 3944462).
LogModuleManager: Display: Found up-to-date module file ../../../Engine/Plugins/Runtime/CustomMeshComponent/Binaries/Win64/UE4Editor-CustomMeshComponent.dll (API version 3944462).
LogModuleManager: Display: Found up-to-date module file ../../../Engine/Plugins/Runtime/ExampleDeviceProfileSelector/Binaries/Win64/UE4Editor-ExampleDeviceProfileSelector.dll (API version 3944462).
LogModuleManager: Display: Found up-to-date module file ../../../Engine/Plugins/Runtime/ImmediatePhysics/Binaries/Win64/UE4Editor-ImmediatePhysics.dll (API version 3944462).
LogModuleManager: Display: Found up-to-date module file ../../../Engine/Plugins/Runtime/ImmediatePhysics/Binaries/Win64/UE4Editor-ImmediatePhysicsEditor.dll (API version 3944462).
LogModuleManager: Display: Found up-to-date module file ../../../Engine/Plugins/Runtime/LocationServicesBPLibrary/Binaries/Win64/UE4Editor-LocationServicesBPLibrary.dll (API version 3944462).
LogModuleManager: Display: Found up-to-date module file ../../../Engine/Plugins/Runtime/MobilePatchingUtils/Binaries/Win64/UE4Editor-MobilePatchingUtils.dll (API version 3944462).
LogModuleManager: Display: Found up-to-date module file ../../../Engine/Plugins/Runtime/Oculus/OculusVR/Binaries/Win64/UE4Editor-OculusHMD.dll (API version 3944462).
LogModuleManager: Display: Found up-to-date module file ../../../Engine/Plugins/Runtime/Oculus/OculusVR/Binaries/Win64/UE4Editor-OculusInput.dll (API version 3944462).
LogModuleManager: Display: Found up-to-date module file ../../../Engine/Plugins/Runtime/Oculus/OculusVR/Binaries/Win64/UE4Editor-OculusEditor.dll (API version 3944462).
LogModuleManager: Display: Found up-to-date module file ../../../Engine/Plugins/Runtime/PhysXVehicles/Binaries/Win64/UE4Editor-PhysXVehicles.dll (API version 3944462).
LogModuleManager: Display: Found up-to-date module file ../../../Engine/Plugins/Runtime/PhysXVehicles/Binaries/Win64/UE4Editor-PhysXVehiclesEditor.dll (API version 3944462).
LogModuleManager: Display: Found up-to-date module file ../../../Engine/Plugins/Runtime/RuntimePhysXCooking/Binaries/Win64/UE4Editor-RuntimePhysXCooking.dll (API version 3944462).
LogModuleManager: Display: Found up-to-date module file ../../../Engine/Plugins/Runtime/Steam/SteamVR/Binaries/Win64/UE4Editor-SteamVR.dll (API version 3944462).
LogModuleManager: Display: Found up-to-date module file ../../../Engine/Plugins/Runtime/Steam/SteamVR/Binaries/Win64/UE4Editor-SteamVRController.dll (API version 3944462).
LogModuleManager: Display: Found up-to-date module file ../../../Engine/Plugins/Runtime/WindowsMoviePlayer/Binaries/Win64/UE4Editor-WindowsMoviePlayer.dll (API version 3944462).
LogPluginManager: Mounting plugin Paper2D
LogPluginManager: Mounting plugin LiveLink
LogPluginManager: Mounting plugin LightPropagationVolume
LogPluginManager: Mounting plugin CLionSourceCodeAccess
LogPluginManager: Mounting plugin CodeLiteSourceCodeAccess
LogPluginManager: Mounting plugin GitSourceControl
LogPluginManager: Mounting plugin KDevelopSourceCodeAccess
LogPluginManager: Mounting plugin NullSourceCodeAccess
LogPluginManager: Mounting plugin PerforceSourceControl
LogPluginManager: Mounting plugin SubversionSourceControl
LogPluginManager: Mounting plugin UObjectPlugin
LogPluginManager: Mounting plugin VisualStudioCodeSourceCodeAccess
LogPluginManager: Mounting plugin VisualStudioSourceCodeAccess
LogPluginManager: Mounting plugin XCodeSourceCodeAccess
LogPluginManager: Mounting plugin AssetManagerEditor
LogPluginManager: Mounting plugin CryptoKeys
LogPluginManager: Mounting plugin DataValidation
LogPluginManager: Mounting plugin FacialAnimation
LogPluginManager: Mounting plugin GameplayTagsEditor
LogPluginManager: Mounting plugin MobileLauncherProfileWizard
LogPluginManager: Mounting plugin PluginBrowser
LogPluginManager: Mounting plugin SpeedTreeImporter
LogPluginManager: Mounting plugin DatasmithContent
LogPluginManager: Mounting plugin AlembicImporter
LogPluginManager: Mounting plugin CharacterAI
LogPluginManager: Mounting plugin HTML5Networking
LogPluginManager: Mounting plugin AndroidMedia
LogPluginManager: Mounting plugin AvfMedia
LogPluginManager: Mounting plugin ImgMedia
LogPluginManager: Mounting plugin LinearTimecode
LogPluginManager: Mounting plugin MediaCompositing
LogPluginManager: Mounting plugin MediaPlayerEditor
LogPluginManager: Mounting plugin WmfMedia
LogPluginManager: Mounting plugin TcpMessaging
LogPluginManager: Mounting plugin UdpMessaging
LogPluginManager: Mounting plugin ActorSequence
LogPluginManager: Mounting plugin LevelSequenceEditor
LogPluginManager: Mounting plugin MatineeToLevelSequence
LogPluginManager: Mounting plugin NetcodeUnitTest
LogPluginManager: Mounting plugin NUTUnrealEngine4
LogPluginManager: Mounting plugin OnlineSubsystemGooglePlay
LogPluginManager: Mounting plugin OnlineSubsystemIOS
LogPluginManager: Mounting plugin OnlineSubsystem
LogPluginManager: Mounting plugin OnlineSubsystemNull
LogPluginManager: Mounting plugin OnlineSubsystemUtils
LogPluginManager: Mounting plugin AndroidDeviceProfileSelector
LogPluginManager: Mounting plugin AndroidMoviePlayer
LogPluginManager: Mounting plugin AndroidPermission
LogPluginManager: Mounting plugin AppleARKit
LogPluginManager: Mounting plugin AppleMoviePlayer
LogPluginManager: Mounting plugin ArchVisCharacter
LogPluginManager: Mounting plugin AudioCapture
LogPluginManager: Mounting plugin CableComponent
LogPluginManager: Mounting plugin CustomMeshComponent
LogPluginManager: Mounting plugin ExampleDeviceProfileSelector
LogPluginManager: Mounting plugin GoogleCloudMessaging
LogPluginManager: Mounting plugin ImmediatePhysics
LogPluginManager: Mounting plugin IOSDeviceProfileSelector
LogPluginManager: Mounting plugin LinuxDeviceProfileSelector
LogPluginManager: Mounting plugin LocationServicesBPLibrary
LogPluginManager: Mounting plugin MobilePatchingUtils
LogPluginManager: Mounting plugin OculusVR
LogPluginManager: Plugin shader directory ../../../Engine/Plugins/Runtime/Oculus/OculusVR/Shaders found
LogPluginManager: Mapping shader source directory ../../../Engine/Plugins/Runtime/Oculus/OculusVR/Shaders to virtual directory /Plugin/OculusVR
LogPluginManager: Mounting plugin PhysXVehicles
LogPluginManager: Mounting plugin ProceduralMeshComponent
LogPluginManager: Mounting plugin RuntimePhysXCooking
LogPluginManager: Mounting plugin SteamVR
LogPluginManager: Mounting plugin WindowsMoviePlayer
LogStreaming: Display: Took  3.457s to configure plugins.
LogInit: Using libcurl 7.47.1
LogInit:  - built for x86_64-pc-win32
LogInit:  - supports SSL with OpenSSL/1.0.2g
LogInit:  - supports HTTP deflate (compression) using libz 1.2.8
LogInit:  - other features:
LogInit:      CURL_VERSION_SSL
LogInit:      CURL_VERSION_LIBZ
LogInit:      CURL_VERSION_IPV6
LogInit:      CURL_VERSION_ASYNCHDNS
LogInit:      CURL_VERSION_LARGEFILE
LogInit:      CURL_VERSION_IDN
LogInit:  CurlRequestOptions (configurable via config and command line):
LogInit:  - bVerifyPeer = false  - Libcurl will NOT verify peer certificate
LogInit:  - bUseHttpProxy = false  - Libcurl will NOT use HTTP proxy
LogInit:  - bDontReuseConnections = false  - Libcurl will reuse connections
LogInit:  - CertBundlePath = nullptr  - Libcurl will use whatever was configured at build time.
LogInit:  - MaxHostConnections = 16  - Libcurl will limit the number of connections to a host
LogInit:  - LocalHostAddr = Default
LogInit: WinSock: version 1.1 (2.2), MaxSocks=32767, MaxUdp=65467
LogInit: WinSock: I am Max-PC (192.168.0.100:0)
LogInit: Build: ++UE4+Release-4.19-CL-4033788
LogInit: Engine Version: 4.19.2-4033788+++UE4+Release-4.19
LogInit: Compatible Engine Version: 4.19.0-3944462+++UE4+Release-4.19
LogInit: Net CL: 3944462
LogDevObjectVersion: Number of dev versions registered: 18
LogDevObjectVersion:   Dev-Blueprints (B0D832E4-1F89-4F0D-ACCF-7EB736FD4AA2): 10
LogDevObjectVersion:   Dev-Build (E1C64328-A22C-4D53-A36C-8E866417BD8C): 0
LogDevObjectVersion:   Dev-Core (375EC13C-06E4-48FB-B500-84F0262A717E): 2
LogDevObjectVersion:   Dev-Editor (E4B068ED-F494-42E9-A231-DA0B2E46BB41): 23
LogDevObjectVersion:   Dev-Framework (CFFC743F-43B0-4480-9391-14DF171D2073): 33
LogDevObjectVersion:   Dev-Mobile (B02B49B5-BB20-44E9-A304-32B752E40360): 2
LogDevObjectVersion:   Dev-Networking (A4E4105C-59A1-49B5-A7C5-40C4547EDFEE): 0
LogDevObjectVersion:   Dev-Online (39C831C9-5AE6-47DC-9A44-9C173E1C8E7C): 0
LogDevObjectVersion:   Dev-Physics (78F01B33-EBEA-4F98-B9B4-84EACCB95AA2): 0
LogDevObjectVersion:   Dev-Platform (6631380F-2D4D-43E0-8009-CF276956A95A): 0
LogDevObjectVersion:   Dev-Rendering (12F88B9F-8875-4AFC-A67C-D90C383ABD29): 25
LogDevObjectVersion:   Dev-Sequencer (7B5AE74C-D270-4C10-A958-57980B212A5A): 6
LogDevObjectVersion:   Dev-VR (D7296918-1DD6-4BDD-9DE2-64A83CC13884): 1
LogDevObjectVersion:   Dev-LoadTimes (C2A15278-BFE7-4AFE-6C17-90FF531DF755): 1
LogDevObjectVersion:   Private-Geometry (6EACA3D4-40EC-4CC1-B786-8BED09428FC5): 2
LogDevObjectVersion:   Dev-AnimPhys (29E575DD-E0A3-4627-9D10-D276232CDCEA): 16
LogDevObjectVersion:   Dev-ReflectionCapture (6B266CEC-1EC7-4B8F-A30B-E4D90942FC07): 1
LogDevObjectVersion:   Dev-Automation (0DF73D61-A23F-47EA-B727-89E90C41499A): 1
LogInit: Compiled (64-bit): Apr 27 2018 02:06:57
LogInit: Compiled with Visual C++: 19.00.24215.01
LogInit: Build Configuration: Development
LogInit: Branch Name: ++UE4+Release-4.19
LogInit: Command Line:  
LogInit: Base Directory: E:/UE_4.19/Engine/Binaries/Win64/
LogInit: Installed Engine Build: 1
LogStreaming: Display: Took  0.002s to delete old logs.
LogInit: Presizing for max 8388607 objects, including 0 objects not considered by GC, pre-allocating 0 bytes for permanent pool.
LogInit: Object subsystem initialized
[2018.06.22-23.51.46:414][  0]LogInit: Selected Device Profile: [Windows]
[2018.06.22-23.51.46:414][  0]LogInit: Applying CVar settings loaded from the selected device profile: [Windows]
[2018.06.22-23.51.46:521][  0]LogInit: Computer: MAX-PC
[2018.06.22-23.51.46:521][  0]LogInit: User: maxsa
[2018.06.22-23.51.46:521][  0]LogInit: CPU Page size=4096, Cores=4
[2018.06.22-23.51.46:521][  0]LogInit: High frequency timer resolution =3.551563 MHz
[2018.06.22-23.51.46:521][  0]LogMemory: Memory total: Physical=16.0GB (16GB approx)
[2018.06.22-23.51.46:521][  0]LogMemory: Platform Memory Stats for Windows
[2018.06.22-23.51.46:521][  0]LogMemory: Process Physical Memory: 273.90 MB used, 273.90 MB peak
[2018.06.22-23.51.46:521][  0]LogMemory: Process Virtual Memory: 269.79 MB used, 269.79 MB peak
[2018.06.22-23.51.46:521][  0]LogMemory: Physical Memory: 7217.21 MB used,  9117.64 MB free, 16334.86 MB total
[2018.06.22-23.51.46:521][  0]LogMemory: Virtual Memory: 4783.99 MB used,  9117.64 MB free, 134217728.00 MB total
[2018.06.22-23.51.47:424][  0]LogInit: Using OS detected language (en-US).
[2018.06.22-23.51.47:424][  0]LogInit: Using OS detected locale (en-CA).
[2018.06.22-23.51.47:773][  0]LogTextLocalizationManager: No specific localization for 'en-US' exists, so the 'en' localization will be used.
[2018.06.22-23.51.48:633][  0]LogStreaming: Display: Took  1.206s to EndInitTextLocalization.
[2018.06.22-23.51.48:667][  0]LogInit: Setting process to per monitor DPI aware
[2018.06.22-23.51.49:302][  0]LogSlate: New Slate User Created.  User Index 0, Is Virtual User: 0
[2018.06.22-23.51.49:302][  0]LogSlate: Slate User Registered.  User Index 0, Is Virtual User: 0
[2018.06.22-23.51.52:257][  0]LogD3D11RHI: D3D11 adapters:
[2018.06.22-23.51.52:361][  0]LogD3D11RHI:    0. 'NVIDIA GeForce GTX 1070' (Feature Level 11_0)
[2018.06.22-23.51.52:361][  0]LogD3D11RHI:       8088/0/8167 MB DedicatedVideo/DedicatedSystem/SharedSystem, Outputs:2, VendorId:0x10de
[2018.06.22-23.51.52:371][  0]LogD3D11RHI:    1. 'Microsoft Basic Render Driver' (Feature Level 11_0)
[2018.06.22-23.51.52:371][  0]LogD3D11RHI:       0/0/8167 MB DedicatedVideo/DedicatedSystem/SharedSystem, Outputs:0, VendorId:0x1414
[2018.06.22-23.51.52:371][  0]LogD3D11RHI: Chosen D3D11 Adapter: 0
[2018.06.22-23.51.52:382][  0]LogD3D11RHI: Creating new Direct3DDevice
[2018.06.22-23.51.52:386][  0]LogD3D11RHI:     GPU DeviceId: 0x1b81 (for the marketing name, search the web for "GPU Device Id")
[2018.06.22-23.51.52:386][  0]LogWindows: EnumDisplayDevices:
[2018.06.22-23.51.52:386][  0]LogWindows:    0. 'NVIDIA GeForce GTX 1070' (P:1 D:1)
[2018.06.22-23.51.52:386][  0]LogWindows:    1. 'NVIDIA GeForce GTX 1070' (P:0 D:1)
[2018.06.22-23.51.52:387][  0]LogWindows:    2. 'NVIDIA GeForce GTX 1070' (P:0 D:0)
[2018.06.22-23.51.52:387][  0]LogWindows:    3. 'NVIDIA GeForce GTX 1070' (P:0 D:0)
[2018.06.22-23.51.52:387][  0]LogWindows: DebugString: GetVideoDriverDetailsInvalid PrimaryIsNotTheChoosenAdapter GetVideoDriverDetailsInvalid PrimaryIsNotTheChoosenAdapter GetVideoDriverDetailsInvalid PrimaryIsNotTheChoosenAdapter GetVideoDriverDetailsInvalid PrimaryIsNotTheChoosenAdapter FoundDriverCount:0 
[2018.06.22-23.51.52:387][  0]LogD3D11RHI:     Adapter Name: NVIDIA GeForce GTX 1070
[2018.06.22-23.51.52:387][  0]LogD3D11RHI:   Driver Version: Unknown (internal:Unknown, unified:Unknown)
[2018.06.22-23.51.52:387][  0]LogD3D11RHI:      Driver Date: Unknown
[2018.06.22-23.51.52:387][  0]LogRHI: Texture pool is 5661 MB (70% of 8088 MB)
[2018.06.22-23.51.52:444][  0]LogD3D11RHI: [Aftermath] Aftermath enabled and primed
[2018.06.22-23.51.52:444][  0]LogD3D11RHI: [Aftermath] Aftermath enabled and primed
[2018.06.22-23.51.52:444][  0]LogD3D11RHI: Async texture creation enabled
[2018.06.22-23.51.52:744][  0]LogD3D11RHI: GPU Timing Frequency: 1000.000000 (Debug: 2 2)
[2018.06.22-23.51.52:909][  0]LogShaderCompilers: Guid format shader working directory is -15 characters bigger than the processId version (C:/Users/maxsa/Desktop/Unreal Projects/UnrealForBeginnersTut/Intermediate/Shaders/WorkingDirectory/15196/).
[2018.06.22-23.51.52:919][  0]LogShaderCompilers: Cleaned the shader compiler working directory 'C:/Users/maxsa/AppData/Local/Temp/UnrealShaderWorkingDir/86A513D644FBF3A23B15CE9CEBCB8666/'.
[2018.06.22-23.51.54:091][  0]LogTemp: Display: Loaded TP AllDesktopTargetPlatform
[2018.06.22-23.51.54:104][  0]LogTemp: Display: Loaded TP MacClientTargetPlatform
[2018.06.22-23.51.54:117][  0]LogTemp: Display: Loaded TP MacNoEditorTargetPlatform
[2018.06.22-23.51.54:131][  0]LogTemp: Display: Loaded TP MacServerTargetPlatform
[2018.06.22-23.51.54:167][  0]LogTemp: Display: Loaded TP MacTargetPlatform
[2018.06.22-23.51.54:181][  0]LogTemp: Display: Loaded TP WindowsClientTargetPlatform
[2018.06.22-23.51.54:194][  0]LogTemp: Display: Loaded TP WindowsNoEditorTargetPlatform
[2018.06.22-23.51.54:207][  0]LogTemp: Display: Loaded TP WindowsServerTargetPlatform
[2018.06.22-23.51.54:213][  0]LogTemp: Display: Loaded TP WindowsTargetPlatform
[2018.06.22-23.51.54:226][  0]LogTemp: Display: Loaded TP Android_ASTCTargetPlatform
[2018.06.22-23.51.54:238][  0]LogTemp: Display: Loaded TP Android_ATCTargetPlatform
[2018.06.22-23.51.54:250][  0]LogTemp: Display: Loaded TP Android_DXTTargetPlatform
[2018.06.22-23.51.54:262][  0]LogTemp: Display: Loaded TP Android_ETC1aTargetPlatform
[2018.06.22-23.51.54:274][  0]LogTemp: Display: Loaded TP Android_ETC1TargetPlatform
[2018.06.22-23.51.54:287][  0]LogTemp: Display: Loaded TP Android_ETC2TargetPlatform
[2018.06.22-23.51.54:311][  0]LogTemp: Display: Loaded TP Android_MultiTargetPlatform
[2018.06.22-23.51.54:311][  0]LogTemp: Display: Loaded TP Android_PVRTCTargetPlatform
[2018.06.22-23.51.54:335][  0]LogTemp: Display: Loaded TP AndroidTargetPlatform
[2018.06.22-23.51.54:337][  0]LogTemp: Display: Loaded TP HTML5TargetPlatform
[2018.06.22-23.51.54:459][  0]LogTemp: Display: Loaded TP IOSTargetPlatform
[2018.06.22-23.51.54:483][  0]LogTemp: Display: Loaded TP TVOSTargetPlatform
[2018.06.22-23.51.54:496][  0]LogTemp: Display: Loaded TP LinuxClientTargetPlatform
[2018.06.22-23.51.54:510][  0]LogTemp: Display: Loaded TP LinuxNoEditorTargetPlatform
[2018.06.22-23.51.54:523][  0]LogTemp: Display: Loaded TP LinuxServerTargetPlatform
[2018.06.22-23.51.54:550][  0]LogTemp: Display: Loaded TP LinuxTargetPlatform
[2018.06.22-23.51.54:550][  0]LogTargetPlatformManager: Display: Building Assets For Windows
[2018.06.22-23.51.55:593][  0]LogXGEController: Cleaning working directory: C:/Users/maxsa/AppData/Local/Temp/UnrealXGEWorkingDir/
[2018.06.22-23.51.55:593][  0]LogXGEController: Cannot use XGE Controller as Incredibuild is not installed on this machine.
[2018.06.22-23.51.55:605][  0]LogShaderCompilers: Cannot use XGE Shader Compiler as Incredibuild is not installed on this machine.
[2018.06.22-23.51.55:605][  0]LogShaderCompilers: Display: Using Local Shader Compiler.
[2018.06.22-23.51.59:144][  0]LogDerivedDataCache: Display: Max Cache Size: 512 MB
[2018.06.22-23.51.59:447][  0]LogDerivedDataCache: Loaded boot cache 0.30s 74MB C:/Users/maxsa/AppData/Local/UnrealEngine/4.19/DerivedDataCache/Boot.ddc.
[2018.06.22-23.51.59:447][  0]LogDerivedDataCache: Display: Loaded Boot cache: C:/Users/maxsa/AppData/Local/UnrealEngine/4.19/DerivedDataCache/Boot.ddc
[2018.06.22-23.51.59:447][  0]LogDerivedDataCache: FDerivedDataBackendGraph:  Pak pak cache file C:/Users/maxsa/Desktop/Unreal Projects/UnrealForBeginnersTut/DerivedDataCache/DDC.ddp not found, will not use a pak cache.
[2018.06.22-23.51.59:447][  0]LogDerivedDataCache: Unable to find inner node Pak for hierarchical cache Hierarchy.
[2018.06.22-23.51.59:447][  0]LogDerivedDataCache: FDerivedDataBackendGraph:  CompressedPak pak cache file C:/Users/maxsa/Desktop/Unreal Projects/UnrealForBeginnersTut/DerivedDataCache/Compressed.ddp not found, will not use a pak cache.
[2018.06.22-23.51.59:447][  0]LogDerivedDataCache: Unable to find inner node CompressedPak for hierarchical cache Hierarchy.
[2018.06.22-23.51.59:577][  0]LogDerivedDataCache: Display: Pak cache opened for reading ../../../Engine/DerivedDataCache/Compressed.ddp.
[2018.06.22-23.51.59:590][  0]LogDerivedDataCache: Using Local data cache path C:/Users/maxsa/AppData/Local/UnrealEngine/Common/DerivedDataCache: Writable
[2018.06.22-23.51.59:590][  0]LogDerivedDataCache: Shared data cache path not found in *engine.ini, will not use an Shared cache.
[2018.06.22-23.51.59:590][  0]LogDerivedDataCache: Unable to find inner node Shared for hierarchical cache Hierarchy.
[2018.06.22-23.51.59:661][  0]LogMaterial: Verifying Global Shaders for PCD3D_SM5
[2018.06.22-23.51.59:719][  0]LogSlate: Using Freetype 2.6.0
[2018.06.22-23.51.59:804][  0]LogSlate: SlateFontCache - WITH_FREETYPE: 1, WITH_HARFBUZZ: 1
[2018.06.22-23.51.59:804][  0]LogSlate: SlateFontCache - WITH_FREETYPE: 1, WITH_HARFBUZZ: 1
[2018.06.22-23.52.05:255][  0]LogAssetRegistry: FAssetRegistry took 0.0434 seconds to start up
[2018.06.22-23.52.09:779][  0]LogInit: Selected Device Profile: [Windows]
[2018.06.22-23.52.13:364][  0]LogSimplygon: Simplygon DLL not present - disabling.
[2018.06.22-23.52.13:400][  0]LogMeshReduction: Using SimplygonSwarm for distributed automatic mesh merging
[2018.06.22-23.52.13:411][  0]LogMeshReduction: Using QuadricMeshReduction for automatic static mesh reduction
[2018.06.22-23.52.13:412][  0]LogMeshReduction: No automatic skeletal mesh reduction module available
[2018.06.22-23.52.13:412][  0]LogMeshReduction: No automatic mesh merging module available
[2018.06.22-23.52.13:412][  0]LogMeshMerging: No automatic mesh merging module available
[2018.06.22-23.52.13:875][  0]LogNetVersion: UE4forbeginners , NetCL: 3944462, EngineNetVer: 2, GameNetVer: 0 (Checksum: 240379116)
[2018.06.22-23.52.18:867][  0]LogPackageLocalizationCache: Processed 9 localized package path(s) for 2 prioritized culture(s) in 0.149637 seconds
[2018.06.22-23.52.18:882][  0]LogUObjectArray: 36728 objects as part of root set at end of initial load.
[2018.06.22-23.52.18:882][  0]LogUObjectAllocator: 7314304 out of 0 bytes used by permanent object pool.
[2018.06.22-23.52.18:882][  0]LogUObjectArray: CloseDisregardForGC: 0/0 objects in disregard for GC pool
[2018.06.22-23.52.32:111][  0]LogTcpMessaging: Initializing TcpMessaging bridge
[2018.06.22-23.52.32:156][  0]LogUdpMessaging: Initializing bridge on interface 0.0.0.0:0 to multicast group 230.0.0.1:6666.
[2018.06.22-23.52.32:760][  0]SourceControl: Source control is disabled
[2018.06.22-23.52.32:761][  0]SourceControl: Source control is disabled
[2018.06.22-23.52.32:776][  0]SourceControl: Source control is disabled
[2018.06.22-23.52.32:791][  0]SourceControl: Source control is disabled
[2018.06.22-23.52.33:440][  0]LogAndroidPermission: UAndroidPermissionCallbackProxy::GetInstance
[2018.06.22-23.52.33:598][  0]LogOcInput: OculusInput pre-init called
[2018.06.22-23.52.34:139][  0]LogEngine: Initializing Engine...
[2018.06.22-23.52.34:322][  0]LogHMD: Failed to initialize OpenVR with code 105
[2018.06.22-23.52.34:337][  0]LogStats: UGameplayTagsManager::ConstructGameplayTagTree: Construct from data asset -  0.000 s
[2018.06.22-23.52.34:338][  0]LogStats: UGameplayTagsManager::ConstructGameplayTagTree: GameplayTagTreeChangedEvent.Broadcast -  0.000 s
[2018.06.22-23.52.35:344][  0]LogAIModule: Creating AISystem for world Untitled
[2018.06.22-23.52.35:527][  0]LogInit: XAudio2 using 'Headphones (Realtek High Definition Audio)' : 2 channels at 48 kHz using 32 bits per sample (channel mask 0x3)
[2018.06.22-23.52.35:553][  0]LogInit: FAudioDevice initialized.
[2018.06.22-23.52.35:600][  0]LogDerivedDataCache: Saved boot cache 0.05s 74MB C:/Users/maxsa/AppData/Local/UnrealEngine/4.19/DerivedDataCache/Boot.ddc.
[2018.06.22-23.52.35:620][  0]LogInit: Texture streaming: Enabled
[2018.06.22-23.52.35:698][  0]LogEngineSessionManager: EngineSessionManager initialized
[2018.06.22-23.52.35:879][  0]LogInit: Transaction tracking system initialized
[2018.06.22-23.52.36:205][  0]BlueprintLog: New page: Editor Load
[2018.06.22-23.52.37:114][  0]LocalizationService: Localization service is disabled
[2018.06.22-23.52.37:707][  0]LogConsoleResponse: Display: 
[2018.06.22-23.52.41:242][  0]LogFileCache: Scanning file cache for directory 'C:/Users/maxsa/Desktop/Unreal Projects/UnrealForBeginnersTut/Content/' took 0.02s
[2018.06.22-23.52.41:242][  0]LogCook: Display: Max memory allowance for cook 16384mb min free memory 0mb
[2018.06.22-23.52.41:242][  0]LogCook: Display: Mobile HDR setting 1
[2018.06.22-23.52.41:242][  0]LogGameplayTags: Display: UGameplayTagsManager::DoneAddingNativeTags. DelegateIsBound: 0
[2018.06.22-23.52.41:242][  0]LogStats: UGameplayTagsManager::ConstructGameplayTagTree: Construct from data asset -  0.000 s
[2018.06.22-23.52.41:242][  0]LogStats: UGameplayTagsManager::ConstructGameplayTagTree: GameplayTagTreeChangedEvent.Broadcast -  0.000 s
[2018.06.22-23.52.44:456][  0]SourceControl: Source control is disabled
[2018.06.22-23.52.44:495][  0]Cmd: MAP LOAD FILE="C:/Users/maxsa/Desktop/Unreal Projects/UnrealForBeginnersTut/Content/FirstPersonBP/Maps/FirstPersonExampleMap.umap" TEMPLATE=0 SHOWPROGRESS=1 FEATURELEVEL=3
[2018.06.22-23.52.44:545][  0]LightingResults: New page: Lighting Build
[2018.06.22-23.52.44:738][  0]MapCheck: New page: Map Check
[2018.06.22-23.52.44:738][  0]LightingResults: New page: Lighting Build
[2018.06.22-23.52.45:493][  0]LogUObjectGlobals: Created PersistentFrame Addr=0x0000015877c65f30, Size=72, Default__FirstPerson_AnimBP_C Function /Game/FirstPerson/Animations/FirstPerson_AnimBP.FirstPerson_AnimBP_C:ExecuteUbergraph_FirstPerson_AnimBP
[2018.06.22-23.52.45:621][  0]LogUObjectGlobals: Destroyed PersistentFrame Addr=0x0000015877c65f30, Size=72
[2018.06.22-23.52.45:621][  0]LogUObjectGlobals: Created PersistentFrame Addr=0x0000015801323970, Size=72, Default__FirstPerson_AnimBP_C Function /Engine/Transient.REINST_FirstPerson_AnimBP_C_0:ExecuteUbergraph_FirstPerson_AnimBP
[2018.06.22-23.52.45:730][  0]LogUObjectGlobals: Created PersistentFrame Addr=0x0000015802009b20, Size=72, Default__FirstPerson_AnimBP_C Function /Game/FirstPerson/Animations/FirstPerson_AnimBP.FirstPerson_AnimBP_C:ExecuteUbergraph_FirstPerson_AnimBP
[2018.06.22-23.52.45:799][  0]LogUObjectGlobals: Created PersistentFrame Addr=0x0000015801fea700, Size=256, Default__FirstPersonProjectile_C Function /Game/FirstPersonBP/Blueprints/FirstPersonProjectile.FirstPersonProjectile_C:ExecuteUbergraph_FirstPersonProjectile
[2018.06.22-23.52.45:833][  0]LogUObjectGlobals: Destroyed PersistentFrame Addr=0x0000015801fea700, Size=256
[2018.06.22-23.52.45:833][  0]LogUObjectGlobals: Created PersistentFrame Addr=0x0000015801fea700, Size=256, Default__FirstPersonProjectile_C Function /Engine/Transient.REINST_FirstPersonProjectile_C_4:ExecuteUbergraph_FirstPersonProjectile
[2018.06.22-23.52.45:837][  0]LogUObjectGlobals: Created PersistentFrame Addr=0x0000015801fe8b00, Size=256, Default__FirstPersonProjectile_C Function /Game/FirstPersonBP/Blueprints/FirstPersonProjectile.FirstPersonProjectile_C:ExecuteUbergraph_FirstPersonProjectile
[2018.06.22-23.52.46:195][  0]LogUObjectGlobals: Created PersistentFrame Addr=0x0000015801f1ca00, Size=688, Default__FirstPersonCharacter_C Function /Game/FirstPersonBP/Blueprints/FirstPersonCharacter.FirstPersonCharacter_C:ExecuteUbergraph_FirstPersonCharacter
[2018.06.22-23.52.46:240][  0]LogUObjectGlobals: Destroyed PersistentFrame Addr=0x0000015801f1ca00, Size=688
[2018.06.22-23.52.46:240][  0]LogUObjectGlobals: Created PersistentFrame Addr=0x0000015801bf5c00, Size=688, Default__FirstPersonCharacter_C Function /Engine/Transient.REINST_FirstPersonCharacter_C_6:ExecuteUbergraph_FirstPersonCharacter
[2018.06.22-23.52.46:265][  0]LogUObjectGlobals: Created PersistentFrame Addr=0x0000015801b37d00, Size=688, Default__FirstPersonCharacter_C Function /Game/FirstPersonBP/Blueprints/FirstPersonCharacter.FirstPersonCharacter_C:ExecuteUbergraph_FirstPersonCharacter
[2018.06.22-23.52.46:645][  0]LogUObjectGlobals: Created PersistentFrame Addr=0x0000015806307f90, Size=52, Default__FirstPersonHUD_C Function /Game/FirstPersonBP/Blueprints/FirstPersonHUD.FirstPersonHUD_C:ExecuteUbergraph_FirstPersonHUD
[2018.06.22-23.52.46:649][  0]LogUObjectGlobals: Destroyed PersistentFrame Addr=0x0000015806307f90, Size=52
[2018.06.22-23.52.46:649][  0]LogUObjectGlobals: Created PersistentFrame Addr=0x0000015806307f90, Size=52, Default__FirstPersonHUD_C Function /Engine/Transient.REINST_FirstPersonHUD_C_10:ExecuteUbergraph_FirstPersonHUD
[2018.06.22-23.52.46:651][  0]LogUObjectGlobals: Created PersistentFrame Addr=0x00000158063078c8, Size=52, Default__FirstPersonHUD_C Function /Game/FirstPersonBP/Blueprints/FirstPersonHUD.FirstPersonHUD_C:ExecuteUbergraph_FirstPersonHUD
[2018.06.22-23.52.47:453][  0]LogSkeletalMesh: Skeletal Mesh found in DDC [16.568480ms] /Game/FirstPerson/FPWeapon/Mesh/SK_FPGun.SK_FPGun
[2018.06.22-23.52.47:539][  0]LogSkeletalMesh: Skeletal Mesh found in DDC [16.311409ms] /Game/FirstPerson/Character/Mesh/SK_Mannequin_Arms.SK_Mannequin_Arms
[2018.06.22-23.52.47:824][  0]LogAIModule: Creating AISystem for world FirstPersonExampleMap
[2018.06.22-23.52.48:638][  0]LogEditorServer: Finished looking for orphan Actors (0.000 secs)
[2018.06.22-23.52.48:756][  0]LogUObjectGlobals: Destroyed PersistentFrame Addr=0x0000015801323970, Size=72
[2018.06.22-23.52.48:771][  0]LogUObjectGlobals: Destroyed PersistentFrame Addr=0x0000015801fea700, Size=256
[2018.06.22-23.52.48:771][  0]LogUObjectGlobals: Destroyed PersistentFrame Addr=0x0000015801bf5c00, Size=688
[2018.06.22-23.52.48:771][  0]LogUObjectGlobals: Destroyed PersistentFrame Addr=0x0000015806307f90, Size=52
[2018.06.22-23.52.48:792][  0]Cmd: MAP CHECKDEP NOCLEARLOG
[2018.06.22-23.52.48:847][  0]MapCheck: Map check complete: 0 Error(s), 0 Warning(s), took 55.474ms to complete.
[2018.06.22-23.52.48:848][  0]LogFileHelpers: Loading map 'FirstPersonExampleMap' took 4.361
[2018.06.22-23.52.50:269][  0]LogCollectionManager: Loaded 0 collections in 0.003454 seconds
[2018.06.22-23.52.50:481][  0]LogFileCache: Scanning file cache for directory 'C:/Users/maxsa/Desktop/Unreal Projects/UnrealForBeginnersTut/Saved/Collections/' took 0.01s
[2018.06.22-23.52.50:482][  0]LogFileCache: Scanning file cache for directory 'C:/Users/maxsa/Desktop/Unreal Projects/UnrealForBeginnersTut/Content/Developers/maxsa/Collections/' took 0.01s
[2018.06.22-23.52.50:482][  0]LogFileCache: Scanning file cache for directory 'C:/Users/maxsa/Desktop/Unreal Projects/UnrealForBeginnersTut/Content/Collections/' took 0.01s
[2018.06.22-23.52.50:482][  0]LogCollectionManager: Rebuilt the GUID cache for 0 collections in 0.000000 seconds
[2018.06.22-23.52.50:518][  0]LogContentBrowser: Native class hierarchy populated in 0.0216 seconds. Added 2452 classes and 558 folders.
[2018.06.22-23.52.50:584][  0]LogContentBrowser: Native class hierarchy updated for 'WidgetCarousel' in 0.0003 seconds. Added 0 classes and 0 folders.
[2018.06.22-23.52.52:458][  0]LogContentBrowser: Native class hierarchy updated for 'AddContentDialog' in 0.0004 seconds. Added 0 classes and 0 folders.
[2018.06.22-23.52.52:504][  0]LogContentBrowser: Native class hierarchy updated for 'SceneOutliner' in 0.0005 seconds. Added 1 classes and 2 folders.
[2018.06.22-23.52.52:998][  0]LogSlate: Took 0.021152 seconds to synchronously load lazily loaded font '../../../Engine/Content/Slate/Fonts/Roboto-Regular.ttf' (155K)
[2018.06.22-23.52.53:025][  0]LogSlate: Took 0.023589 seconds to synchronously load lazily loaded font '../../../Engine/Content/Slate/Fonts/Roboto-Bold.ttf' (160K)
[2018.06.22-23.52.53:082][  0]LogSlate: Took 0.018815 seconds to synchronously load lazily loaded font '../../../Engine/Content/Editor/Slate/Fonts/FontAwesome.ttf' (139K)
[2018.06.22-23.52.53:673][  0]LogRenderer: Reallocating scene render targets to support 1208x576 Format 10 NumSamples 1 (Frame:1).
[2018.06.22-23.52.54:298][  0]LogContentBrowser: Native class hierarchy updated for 'HierarchicalLODOutliner' in 0.0002 seconds. Added 0 classes and 0 folders.
[2018.06.22-23.52.54:298][  0]LogLoad: (Engine Initialization) Total time: 85.72 seconds
[2018.06.22-23.52.54:298][  0]LogLoad: (Engine Initialization) Total Blueprint compile time: 0.00 seconds
[2018.06.22-23.52.54:734][  0]LogContentStreaming: Texture pool size now 1000 MB
[2018.06.22-23.52.55:337][  2]LogAssetRegistry: Asset discovery search completed in 50.1055 seconds
[2018.06.22-23.52.55:350][  2]LogCollectionManager: Rebuilt the object cache for 0 collections in 0.000001 seconds (found 0 objects)
[2018.06.22-23.52.55:350][  2]LogCollectionManager: Fixed up redirectors for 0 collections in 0.000123 seconds (updated 0 objects)
[2018.06.22-23.52.59:040][ 13]LogSlate: Took 0.025833 seconds to synchronously load lazily loaded font '../../../Engine/Content/Slate/Fonts/Roboto-Light.ttf' (167K)
[2018.06.22-23.53.38:379][131]LogSlate: FSceneViewport::OnFocusLost() reason 2
[2018.06.22-23.53.39:506][260]LogSlate: FSceneViewport::OnFocusLost() reason 2
[2018.06.22-23.53.40:903][414]Cmd: MAP LOAD FILE="C:/Users/maxsa/Desktop/Unreal Projects/UnrealForBeginnersTut/Content/Maps/Level_Chapter1.umap" TEMPLATE=0 SHOWPROGRESS=1 FEATURELEVEL=3
[2018.06.22-23.53.40:918][414]LogSlate: Took 0.000203 seconds to synchronously load lazily loaded font '../../../Engine/Content/Slate/Fonts/Roboto-Light.ttf' (167K)
[2018.06.22-23.53.40:926][414]LightingResults: New page: Lighting Build
[2018.06.22-23.53.40:927][414]LoadErrors: New page: Loading map: Level_Chapter1.umap
[2018.06.22-23.53.40:929][414]MapCheck: New page: Map Check
[2018.06.22-23.53.40:929][414]LightingResults: New page: Lighting Build
[2018.06.22-23.53.41:273][414]LogAIModule: Creating AISystem for world Level_Chapter1
[2018.06.22-23.53.42:054][414]LogEditorServer: Finished looking for orphan Actors (0.000 secs)
[2018.06.22-23.53.42:093][414]Cmd: MAP CHECKDEP NOCLEARLOG
[2018.06.22-23.53.42:145][414]MapCheck: Map check complete: 0 Error(s), 0 Warning(s), took 52.023ms to complete.
[2018.06.22-23.53.42:145][414]LogFileHelpers: Loading map 'Level_Chapter1' took 1.245
[2018.06.22-23.53.42:147][414]LogSlate: Window 'Open Level' being destroyed
[2018.06.22-23.54.22:252][671]LogEditorViewport: Clicking on Actor (LMB): Landscape (Landscape1)
[2018.06.22-23.54.40:422][723]Cmd: DELETE
[2018.06.22-23.54.40:422][723]Cmd: ACTOR DELETE
[2018.06.22-23.54.40:520][723]LogEditorActor: Deleted Actor: Landscape
[2018.06.22-23.54.40:621][723]LogEditorActor: Deleted 1 Actors (0.159 secs)
[2018.06.22-23.54.42:948][  1]LogSlate: FSceneViewport::OnFocusLost() reason 0
[2018.06.22-23.54.44:027][ 10]LogTexture: Display: Building textures: Texture2D_2 (G8, 128X128)
[2018.06.22-23.56.16:314][468]LogTexture: Display: Building textures: Texture2D_0 (BGRA8, 256X256)
[2018.06.23-00.09.08:662][800]LogSlate: FSceneViewport::OnFocusLost() reason 0
[2018.06.23-00.09.20:761][647]LogSlate: Took 0.020546 seconds to synchronously load lazily loaded font '../../../Engine/Content/Slate/Fonts/Roboto-Italic.ttf' (157K)
[2018.06.23-00.10.12:838][ 76]LogSlate: FSceneViewport::OnFocusLost() reason 0
[2018.06.23-00.24.38:122][649]LogSlate: FSceneViewport::OnFocusLost() reason 0
[2018.06.23-00.25.09:304][424]LogSavePackage: Save=231.38ms
[2018.06.23-00.25.09:304][424]LogSavePackage: Moving 'C:/Users/maxsa/Desktop/Unreal Projects/UnrealForBeginnersTut/Saved/Level_Chapter1_Auto1A892224D470C50F370E0E583CB385DFD.tmp' to 'C:/Users/maxsa/Desktop/Unreal Projects/UnrealForBeginnersTut/Saved/Autosaves/Game/Maps/Level_Chapter1_Auto1.umap'
[2018.06.23-00.25.09:305][424]LogSavePackage: Display: Finished SavePackage C:/Users/maxsa/Desktop/Unreal Projects/UnrealForBeginnersTut/Saved/Autosaves/Game/Maps/Level_Chapter1_Auto1.umap
[2018.06.23-00.25.09:321][424]LogFileHelpers: Editor autosave (incl. sublevels) for '/Game/Maps/Level_Chapter1' took 0.295
[2018.06.23-00.25.09:321][424]LogFileHelpers: Editor autosave (incl. sublevels) for all levels took 0.295
[2018.06.23-00.42.34:984][651]LogSlate: FSceneViewport::OnFocusLost() reason 0
[2018.06.23-00.43.31:153][330]LogSlate: FSceneViewport::OnFocusLost() reason 0
[2018.06.23-00.43.31:236][340]LogTemp: Repeating last play command: Selected Viewport
[2018.06.23-00.43.31:251][340]LogPlayLevel: PlayLevel: No blueprints needed recompiling
[2018.06.23-00.43.31:252][340]PIE: New page: PIE session: Level_Chapter1 (Jun 22, 2018, 4:43:31 PM)
[2018.06.23-00.43.31:252][340]LogPlayLevel: Creating play world package: /Game/Maps/UEDPIE_0_Level_Chapter1
[2018.06.23-00.43.31:285][340]LogPlayLevel: PIE: StaticDuplicateObject took: (0.033094s)
[2018.06.23-00.43.31:286][340]LogAIModule: Creating AISystem for world Level_Chapter1
[2018.06.23-00.43.31:286][340]LogPlayLevel: PIE: World Init took: (0.000833s)
[2018.06.23-00.43.31:286][340]LogPlayLevel: PIE: Created PIE world by copying editor world from /Game/Maps/Level_Chapter1.Level_Chapter1 to /Game/Maps/UEDPIE_0_Level_Chapter1.Level_Chapter1 (0.034084s)
[2018.06.23-00.43.31:375][340]LogInit: XAudio2 using 'Headphones (Realtek High Definition Audio)' : 2 channels at 48 kHz using 32 bits per sample (channel mask 0x3)
[2018.06.23-00.43.31:402][340]LogInit: FAudioDevice initialized.
[2018.06.23-00.43.31:457][340]LogLoad: Game class is 'FirstPersonGameMode_C'
[2018.06.23-00.43.31:474][340]LogWorld: Bringing World /Game/Maps/UEDPIE_0_Level_Chapter1.Level_Chapter1 up for play (max tick rate 0) at 2018.06.22-20.43.31
[2018.06.23-00.43.31:475][340]LogWorld: Bringing up level for play took: 0.006631
[2018.06.23-00.43.31:523][340]LogContentBrowser: Native class hierarchy updated for 'MovieSceneCapture' in 0.0006 seconds. Added 11 classes and 0 folders.
[2018.06.23-00.43.31:565][340]PIE: Play in editor start time for /Game/Maps/UEDPIE_0_Level_Chapter1 -0.412
[2018.06.23-00.43.58:793][324]LogSlate: FSceneViewport::OnFocusLost() reason 0
[2018.06.23-00.44.05:946][138]Cmd: SELECT NONE
[2018.06.23-00.46.22:984][616]LogSlate: FSceneViewport::OnFocusLost() reason 0
[2018.06.23-00.53.37:535][227]LogSlate: FSceneViewport::OnFocusLost() reason 2
[2018.06.23-00.54.20:904][389]LogTexture: Display: Building textures: Texture2D_0 (BGRA8, 256X256)
[2018.06.23-00.54.21:120][389]LogSavePackage: Save=228.24ms
[2018.06.23-00.54.21:120][389]LogSavePackage: Moving 'C:/Users/maxsa/Desktop/Unreal Projects/UnrealForBeginnersTut/Saved/Level_Chapter1_Auto29FE04918475D6785237E08B217FAEFAD.tmp' to 'C:/Users/maxsa/Desktop/Unreal Projects/UnrealForBeginnersTut/Saved/Autosaves/Game/Maps/Level_Chapter1_Auto2.umap'
[2018.06.23-00.54.21:126][389]LogSavePackage: Display: Finished SavePackage C:/Users/maxsa/Desktop/Unreal Projects/UnrealForBeginnersTut/Saved/Autosaves/Game/Maps/Level_Chapter1_Auto2.umap
[2018.06.23-00.54.21:134][389]LogFileHelpers: Editor autosave (incl. sublevels) for '/Game/Maps/Level_Chapter1' took 0.275
[2018.06.23-00.54.21:134][389]LogFileHelpers: Editor autosave (incl. sublevels) for all levels took 0.275
[2018.06.23-01.02.42:114][ 45]LogSlate: FSceneViewport::OnFocusLost() reason 0
[2018.06.23-01.08.10:895][121]LogSlate: FSceneViewport::OnFocusLost() reason 0
[2018.06.23-01.09.14:987][994]LogSlate: FSceneViewport::OnFocusLost() reason 0
[2018.06.23-01.09.15:047][  1]LogTemp: Repeating last play command: Selected Viewport
[2018.06.23-01.09.15:062][  1]LogPlayLevel: PlayLevel: No blueprints needed recompiling
[2018.06.23-01.09.15:062][  1]PIE: New page: PIE session: Level_Chapter1 (Jun 22, 2018, 5:09:15 PM)
[2018.06.23-01.09.15:062][  1]LogPlayLevel: Creating play world package: /Game/Maps/UEDPIE_0_Level_Chapter1
[2018.06.23-01.09.15:072][  1]LogPlayLevel: PIE: StaticDuplicateObject took: (0.009449s)
[2018.06.23-01.09.15:073][  1]LogAIModule: Creating AISystem for world Level_Chapter1
[2018.06.23-01.09.15:073][  1]LogPlayLevel: PIE: World Init took: (0.000820s)
[2018.06.23-01.09.15:073][  1]LogPlayLevel: PIE: Created PIE world by copying editor world from /Game/Maps/Level_Chapter1.Level_Chapter1 to /Game/Maps/UEDPIE_0_Level_Chapter1.Level_Chapter1 (0.010418s)
[2018.06.23-01.09.15:094][  1]LogInit: XAudio2 using 'Headphones (Realtek High Definition Audio)' : 2 channels at 48 kHz using 32 bits per sample (channel mask 0x3)
[2018.06.23-01.09.15:106][  1]LogInit: FAudioDevice initialized.
[2018.06.23-01.09.15:137][  1]LogLoad: Game class is 'FirstPersonGameMode_C'
[2018.06.23-01.09.15:141][  1]LogWorld: Bringing World /Game/Maps/UEDPIE_0_Level_Chapter1.Level_Chapter1 up for play (max tick rate 0) at 2018.06.22-21.09.15
[2018.06.23-01.09.15:141][  1]LogWorld: Bringing up level for play took: 0.003192
[2018.06.23-01.09.15:144][  1]PIE: Play in editor start time for /Game/Maps/UEDPIE_0_Level_Chapter1 -0.834
[2018.06.23-01.11.18:753][ 71]LogSlate: FSceneViewport::OnFocusLost() reason 0
[2018.06.23-01.12.01:565][932]Cmd: TRANSACTION UNDO
[2018.06.23-01.12.01:565][932]LogEditorTransaction: Undo Landscape Editing: Hydraulic Erosion
[2018.06.23-01.12.01:593][932]LogTexture: Display: Building textures: Texture2D_0 (BGRA8, 256X256)
[2018.06.23-01.14.19:427][243]LogSlate: FSceneViewport::OnFocusLost() reason 0
[2018.06.23-01.15.48:264][429]LogSlate: FSceneViewport::OnFocusLost() reason 0
[2018.06.23-01.15.49:353][557]LogTemp: Repeating last play command: Selected Viewport
[2018.06.23-01.15.49:368][557]LogPlayLevel: PlayLevel: No blueprints needed recompiling
[2018.06.23-01.15.49:368][557]PIE: New page: PIE session: Level_Chapter1 (Jun 22, 2018, 5:15:49 PM)
[2018.06.23-01.15.49:368][557]LogPlayLevel: Creating play world package: /Game/Maps/UEDPIE_0_Level_Chapter1
[2018.06.23-01.15.49:378][557]LogPlayLevel: PIE: StaticDuplicateObject took: (0.009309s)
[2018.06.23-01.15.49:379][557]LogAIModule: Creating AISystem for world Level_Chapter1
[2018.06.23-01.15.49:379][557]LogPlayLevel: PIE: World Init took: (0.001005s)
[2018.06.23-01.15.49:379][557]LogPlayLevel: PIE: Created PIE world by copying editor world from /Game/Maps/Level_Chapter1.Level_Chapter1 to /Game/Maps/UEDPIE_0_Level_Chapter1.Level_Chapter1 (0.010484s)
[2018.06.23-01.15.49:400][557]LogInit: XAudio2 using 'Headphones (Realtek High Definition Audio)' : 2 channels at 48 kHz using 32 bits per sample (channel mask 0x3)
[2018.06.23-01.15.49:412][557]LogInit: FAudioDevice initialized.
[2018.06.23-01.15.49:443][557]LogLoad: Game class is 'FirstPersonGameMode_C'
[2018.06.23-01.15.49:446][557]LogWorld: Bringing World /Game/Maps/UEDPIE_0_Level_Chapter1.Level_Chapter1 up for play (max tick rate 0) at 2018.06.22-21.15.49
[2018.06.23-01.15.49:446][557]LogWorld: Bringing up level for play took: 0.002775
[2018.06.23-01.15.49:449][557]PIE: Play in editor start time for /Game/Maps/UEDPIE_0_Level_Chapter1 -0.528
[2018.06.23-01.16.27:802][434]LogSlate: FSceneViewport::OnFocusLost() reason 2
[2018.06.23-01.16.33:439][104]LogSlate: FSceneViewport::OnFocusLost() reason 0
[2018.06.23-01.17.13:599][508]LogSlate: FSceneViewport::OnFocusLost() reason 0
[2018.06.23-01.17.35:881][841]LogSlate: FSceneViewport::OnFocusLost() reason 0
[2018.06.23-01.17.35:950][848]LogTemp: Repeating last play command: Selected Viewport
[2018.06.23-01.17.35:964][848]LogPlayLevel: PlayLevel: No blueprints needed recompiling
[2018.06.23-01.17.35:965][848]PIE: New page: PIE session: Level_Chapter1 (Jun 22, 2018, 5:17:35 PM)
[2018.06.23-01.17.35:965][848]LogPlayLevel: Creating play world package: /Game/Maps/UEDPIE_0_Level_Chapter1
[2018.06.23-01.17.35:974][848]LogPlayLevel: PIE: StaticDuplicateObject took: (0.009121s)
[2018.06.23-01.17.35:975][848]LogAIModule: Creating AISystem for world Level_Chapter1
[2018.06.23-01.17.35:975][848]LogPlayLevel: PIE: World Init took: (0.001043s)
[2018.06.23-01.17.35:975][848]LogPlayLevel: PIE: Created PIE world by copying editor world from /Game/Maps/Level_Chapter1.Level_Chapter1 to /Game/Maps/UEDPIE_0_Level_Chapter1.Level_Chapter1 (0.010320s)
[2018.06.23-01.17.35:997][848]LogInit: XAudio2 using 'Headphones (Realtek High Definition Audio)' : 2 channels at 48 kHz using 32 bits per sample (channel mask 0x3)
[2018.06.23-01.17.36:009][848]LogInit: FAudioDevice initialized.
[2018.06.23-01.17.36:044][848]LogLoad: Game class is 'FirstPersonGameMode_C'
[2018.06.23-01.17.36:047][848]LogWorld: Bringing World /Game/Maps/UEDPIE_0_Level_Chapter1.Level_Chapter1 up for play (max tick rate 0) at 2018.06.22-21.17.36
[2018.06.23-01.17.36:047][848]LogWorld: Bringing up level for play took: 0.002678
[2018.06.23-01.17.36:050][848]PIE: Play in editor start time for /Game/Maps/UEDPIE_0_Level_Chapter1 0.072
[2018.06.23-01.17.58:195][694]LogSlate: FSceneViewport::OnFocusLost() reason 0
[2018.06.23-01.18.16:633][738]LogSlate: FSceneViewport::OnFocusLost() reason 2
[2018.06.23-01.19.53:361][733]LogSlate: FSceneViewport::OnFocusLost() reason 2
[2018.06.23-01.20.49:049][958]LogSlate: Window 'Save Level As' being destroyed
[2018.06.23-01.20.50:017][958]LogTexture: Display: Building textures: Texture2D_0 (BGRA8, 256X256)
[2018.06.23-01.20.50:018][958]LogAIModule: Creating AISystem for world Level_Chapter2
[2018.06.23-01.20.50:041][958]Cmd: OBJ SAVEPACKAGE PACKAGE="/Game/Maps/Level_Chapter2" FILE="C:/Users/maxsa/Desktop/Unreal Projects/UnrealForBeginnersTut/Content/Maps/Level_Chapter2.umap" SILENT=true AUTOSAVING=false KEEPDIRTY=false
[2018.06.23-01.20.50:208][958]LogSavePackage: Save=148.93ms
[2018.06.23-01.20.50:208][958]LogSavePackage: Moving 'C:/Users/maxsa/Desktop/Unreal Projects/UnrealForBeginnersTut/Saved/Level_Chapter2BE4715784AECE165F523E7BEBAE4C4A5.tmp' to 'C:/Users/maxsa/Desktop/Unreal Projects/UnrealForBeginnersTut/Content/Maps/Level_Chapter2.umap'
[2018.06.23-01.20.50:210][958]LogSavePackage: Display: Finished SavePackage C:/Users/maxsa/Desktop/Unreal Projects/UnrealForBeginnersTut/Content/Maps/Level_Chapter2.umap
[2018.06.23-01.20.50:230][958]Cmd: OBJ SAVEPACKAGE PACKAGE="/Game/Maps/Level_Chapter2_BuiltData" FILE="C:/Users/maxsa/Desktop/Unreal Projects/UnrealForBeginnersTut/Content/Maps/Level_Chapter2_BuiltData.uasset" SILENT=true
[2018.06.23-01.20.50:433][958]LogSavePackage: Save=196.11ms
[2018.06.23-01.20.50:433][958]LogSavePackage: Moving 'C:/Users/maxsa/Desktop/Unreal Projects/UnrealForBeginnersTut/Saved/Level_Chapter2_BuiltData3A3DD88941E0E8B4DE9AEDA25F6557F6.tmp' to 'C:/Users/maxsa/Desktop/Unreal Projects/UnrealForBeginnersTut/Content/Maps/Level_Chapter2_BuiltData.uasset'
[2018.06.23-01.20.50:434][958]LogSavePackage: Display: Finished SavePackage C:/Users/maxsa/Desktop/Unreal Projects/UnrealForBeginnersTut/Content/Maps/Level_Chapter2_BuiltData.uasset
[2018.06.23-01.20.50:437][958]LogFileHelpers: Saving map 'Level_Chapter2' took 1.385
[2018.06.23-01.20.50:438][958]Cmd: MAP LOAD FILE="C:/Users/maxsa/Desktop/Unreal Projects/UnrealForBeginnersTut/Content/Maps/Level_Chapter2.umap" TEMPLATE=0 SHOWPROGRESS=1 FEATURELEVEL=3
[2018.06.23-01.20.50:451][958]LightingResults: New page: Lighting Build
[2018.06.23-01.20.50:458][958]LoadErrors: New page: Loading map: Level_Chapter2.umap
[2018.06.23-01.20.50:459][958]MapCheck: New page: Map Check
[2018.06.23-01.20.50:460][958]LightingResults: New page: Lighting Build
[2018.06.23-01.20.50:488][958]LogEditorServer: Finished looking for orphan Actors (0.000 secs)
[2018.06.23-01.20.50:522][958]Cmd: MAP CHECKDEP NOCLEARLOG
[2018.06.23-01.20.50:576][958]MapCheck: Map check complete: 0 Error(s), 0 Warning(s), took 54.116ms to complete.
[2018.06.23-01.20.50:576][958]LogFileHelpers: Loading map 'Level_Chapter2' took 0.139
[2018.06.23-01.21.34:557][415]LogSlate: FSceneViewport::OnFocusLost() reason 0
[2018.06.23-01.21.34:561][415]LogTexture: Display: Building textures: Texture2D_3 (G8, 128X128)
[2018.06.23-01.22.46:439][570]LogSlate: Window 'UE4forbeginners - Unreal Editor' being destroyed
[2018.06.23-01.22.46:623][571]Cmd: QUIT_EDITOR
[2018.06.23-01.22.47:571][571]LogWindowsTextInputMethodSystem: Display: IME system now deactivated.
[2018.06.23-01.22.47:583][571]LogSlate: Slate User Destroyed.  User Index 0, Is Virtual User: 0
[2018.06.23-01.22.47:589][571]LogExit: Preparing to exit.
[2018.06.23-01.22.48:656][571]LogExit: Editor shut down
[2018.06.23-01.22.48:667][571]LogExit: Transaction tracking system shut down
[2018.06.23-01.22.48:668][571]LogUObjectGlobals: Destroyed PersistentFrame Addr=0x0000015802009b20, Size=72
[2018.06.23-01.22.48:668][571]LogUObjectGlobals: Destroyed PersistentFrame Addr=0x0000015801fe8b00, Size=256
[2018.06.23-01.22.48:669][571]LogUObjectGlobals: Destroyed PersistentFrame Addr=0x0000015801b37d00, Size=688
[2018.06.23-01.22.48:673][571]LogUObjectGlobals: Destroyed PersistentFrame Addr=0x00000158063078c8, Size=52
[2018.06.23-01.22.48:879][571]LogDirectoryWatcher: A directory notification for '../../../Engine/Content/' was aborted.
[2018.06.23-01.22.48:880][571]LogDirectoryWatcher: A directory notification for 'C:/Users/maxsa/Desktop/Unreal Projects/UnrealForBeginnersTut/Content/' was aborted.
[2018.06.23-01.22.48:880][571]LogDirectoryWatcher: A directory notification for '../../Plugins/2D/Paper2D/Content/' was aborted.
[2018.06.23-01.22.48:880][571]LogDirectoryWatcher: A directory notification for '../../Plugins/Enterprise/DatasmithContent/Content/' was aborted.
[2018.06.23-01.22.48:880][571]LogDirectoryWatcher: A directory notification for '../../Plugins/Media/MediaCompositing/Content/' was aborted.
[2018.06.23-01.22.48:880][571]LogDirectoryWatcher: A directory notification for '../../Plugins/Runtime/AppleARKit/Content/' was aborted.
[2018.06.23-01.22.48:880][571]LogDirectoryWatcher: A directory notification for '../../Plugins/Runtime/Oculus/OculusVR/Content/' was aborted.
[2018.06.23-01.22.48:880][571]LogDirectoryWatcher: A directory notification for '../../Plugins/Runtime/Steam/SteamVR/Content/' was aborted.
[2018.06.23-01.22.49:305][571]LogExit: Object subsystem successfully closed.
[2018.06.23-01.22.49:352][571]LogShaderCompilers: Display: Shaders left to compile 0
[2018.06.23-01.22.49:356][571]LogD3D11RHI: Shutdown
[2018.06.23-01.22.49:356][571]LogD3D11RHI: CleanupD3DDevice
[2018.06.23-01.22.49:361][571]LogD3D11RHI: ~FD3D11DynamicRHI
[2018.06.23-01.22.49:571][571]LogModuleManager: Shutting down and abandoning module HierarchicalLODUtilities (578)
[2018.06.23-01.22.49:571][571]LogModuleManager: Shutting down and abandoning module MovieSceneCapture (576)
[2018.06.23-01.22.49:571][571]LogModuleManager: Shutting down and abandoning module HierarchicalLODOutliner (574)
[2018.06.23-01.22.49:571][571]LogModuleManager: Shutting down and abandoning module SceneOutliner (572)
[2018.06.23-01.22.49:571][571]LogModuleManager: Shutting down and abandoning module AddContentDialog (570)
[2018.06.23-01.22.49:571][571]LogDirectoryWatcher: A directory notification for 'E:/UE_4.19/FeaturePacks/' was aborted.
[2018.06.23-01.22.49:576][571]LogModuleManager: Shutting down and abandoning module WidgetCarousel (569)
[2018.06.23-01.22.49:577][571]LogModuleManager: Shutting down and abandoning module EditorWidgets (566)
[2018.06.23-01.22.49:577][571]LogModuleManager: Shutting down and abandoning module CollectionManager (564)
[2018.06.23-01.22.49:577][571]LogDirectoryWatcher: A directory notification for 'C:/Users/maxsa/Desktop/Unreal Projects/UnrealForBeginnersTut/Content/Collections/' was aborted.
[2018.06.23-01.22.49:577][571]LogDirectoryWatcher: A directory notification for 'C:/Users/maxsa/Desktop/Unreal Projects/UnrealForBeginnersTut/Content/Developers/maxsa/Collections/' was aborted.
[2018.06.23-01.22.49:577][571]LogDirectoryWatcher: A directory notification for 'C:/Users/maxsa/Desktop/Unreal Projects/UnrealForBeginnersTut/Saved/Collections/' was aborted.
[2018.06.23-01.22.49:578][571]LogModuleManager: Shutting down and abandoning module StatsViewer (562)
[2018.06.23-01.22.49:578][571]LogModuleManager: Shutting down and abandoning module FoliageEdit (560)
[2018.06.23-01.22.49:578][571]LogModuleManager: Shutting down and abandoning module LandscapeEditor (558)
[2018.06.23-01.22.49:578][571]LogModuleManager: Shutting down and abandoning module MeshPaintMode (556)
[2018.06.23-01.22.49:578][571]LogModuleManager: Shutting down and abandoning module SceneDepthPickerMode (554)
[2018.06.23-01.22.49:578][571]LogModuleManager: Shutting down and abandoning module ActorPickerMode (552)
[2018.06.23-01.22.49:578][571]LogModuleManager: Shutting down and abandoning module GeometryMode (550)
[2018.06.23-01.22.49:578][571]LogModuleManager: Shutting down and abandoning module TextureAlignMode (548)
[2018.06.23-01.22.49:578][571]LogModuleManager: Shutting down and abandoning module BspMode (546)
[2018.06.23-01.22.49:578][571]LogModuleManager: Shutting down and abandoning module PIEPreviewDeviceProfileSelector (544)
[2018.06.23-01.22.49:581][571]LogModuleManager: Shutting down and abandoning module HardwareSurvey (542)
[2018.06.23-01.22.49:581][571]LogModuleManager: Shutting down and abandoning module SequenceRecorderSections (540)
[2018.06.23-01.22.49:581][571]LogModuleManager: Shutting down and abandoning module AutomationWorker (538)
[2018.06.23-01.22.49:581][571]LogModuleManager: Shutting down and abandoning module AudioCaptureEditor (536)
[2018.06.23-01.22.49:581][571]LogModuleManager: Shutting down and abandoning module SequenceRecorder (535)
[2018.06.23-01.22.49:581][571]LogModuleManager: Shutting down and abandoning module MatineeToLevelSequence (532)
[2018.06.23-01.22.49:581][571]LogModuleManager: Shutting down and abandoning module LevelSequenceEditor (530)
[2018.06.23-01.22.49:603][571]LogModuleManager: Shutting down and abandoning module PlacementMode (529)
[2018.06.23-01.22.49:603][571]LogModuleManager: Shutting down and abandoning module MaterialEditor (528)
[2018.06.23-01.22.49:634][571]LogModuleManager: Shutting down and abandoning module WmfMediaFactory (524)
[2018.06.23-01.22.49:634][571]LogModuleManager: Shutting down and abandoning module WmfMediaEditor (522)
[2018.06.23-01.22.49:634][571]LogModuleManager: Shutting down and abandoning module MediaPlayerEditor (520)
[2018.06.23-01.22.49:634][571]LogModuleManager: Shutting down and abandoning module OpenExrWrapper (518)
[2018.06.23-01.22.49:634][571]LogModuleManager: Shutting down and abandoning module ImgMediaFactory (516)
[2018.06.23-01.22.49:634][571]LogModuleManager: Shutting down and abandoning module ImgMediaEditor (514)
[2018.06.23-01.22.49:634][571]LogModuleManager: Shutting down and abandoning module AvfMediaFactory (512)
[2018.06.23-01.22.49:634][571]LogModuleManager: Shutting down and abandoning module AvfMediaEditor (510)
[2018.06.23-01.22.49:634][571]LogModuleManager: Shutting down and abandoning module AndroidMediaFactory (508)
[2018.06.23-01.22.49:634][571]LogModuleManager: Shutting down and abandoning module AndroidMediaEditor (506)
[2018.06.23-01.22.49:634][571]LogModuleManager: Shutting down and abandoning module CharacterAI (504)
[2018.06.23-01.22.49:634][571]LogModuleManager: Shutting down and abandoning module SmartSnapping (502)
[2018.06.23-01.22.49:635][571]LogModuleManager: Shutting down and abandoning module SessionServices (500)
[2018.06.23-01.22.49:635][571]LogModuleManager: Shutting down and abandoning module ViewportSnapping (498)
[2018.06.23-01.22.49:635][571]LogModuleManager: Shutting down and abandoning module ViewportInteraction (496)
[2018.06.23-01.22.49:635][571]LogModuleManager: Shutting down and abandoning module ClothPainter (494)
[2018.06.23-01.22.49:635][571]LogModuleManager: Shutting down and abandoning module SkeletalMeshEditor (493)
[2018.06.23-01.22.49:663][571]LogModuleManager: Shutting down and abandoning module LogVisualizer (490)
[2018.06.23-01.22.49:663][571]LogModuleManager: Shutting down and abandoning module IntroTutorials (488)
[2018.06.23-01.22.49:663][571]LogModuleManager: Shutting down and abandoning module GameProjectGeneration (487)
[2018.06.23-01.22.49:679][571]LogModuleManager: Shutting down and abandoning module IOSPlatformEditor (484)
[2018.06.23-01.22.49:679][571]LogModuleManager: Shutting down and abandoning module HTML5PlatformEditor (482)
[2018.06.23-01.22.49:679][571]LogModuleManager: Shutting down and abandoning module AndroidPlatformEditor (480)
[2018.06.23-01.22.49:679][571]LogModuleManager: Shutting down and abandoning module AndroidDeviceDetection (479)
[2018.06.23-01.22.50:352][571]LogModuleManager: Shutting down and abandoning module WindowsPlatformEditor (476)
[2018.06.23-01.22.50:352][571]LogModuleManager: Shutting down and abandoning module IOSRuntimeSettings (474)
[2018.06.23-01.22.50:352][571]LogModuleManager: Shutting down and abandoning module AndroidRuntimeSettings (472)
[2018.06.23-01.22.50:352][571]LogModuleManager: Shutting down and abandoning module InputBindingEditor (470)
[2018.06.23-01.22.50:352][571]LogModuleManager: Shutting down and abandoning module MergeActors (468)
[2018.06.23-01.22.50:356][571]LogModuleManager: Shutting down and abandoning module LocalizationDashboard (466)
[2018.06.23-01.22.50:361][571]LogModuleManager: Shutting down and abandoning module LocalizationService (465)
[2018.06.23-01.22.50:361][571]LogModuleManager: Shutting down and abandoning module HardwareTargeting (462)
[2018.06.23-01.22.50:361][571]LogModuleManager: Shutting down and abandoning module DeviceProfileEditor (460)
[2018.06.23-01.22.50:361][571]LogModuleManager: Shutting down and abandoning module UndoHistory (458)
[2018.06.23-01.22.50:361][571]LogModuleManager: Shutting down and abandoning module XmlParser (456)
[2018.06.23-01.22.50:361][571]LogModuleManager: Shutting down and abandoning module Blutility (454)
[2018.06.23-01.22.50:361][571]LogModuleManager: Shutting down and abandoning module ProjectSettingsViewer (452)
[2018.06.23-01.22.50:361][571]LogModuleManager: Shutting down and abandoning module ProjectTargetPlatformEditor (451)
[2018.06.23-01.22.50:362][571]LogModuleManager: Shutting down and abandoning module EditorSettingsViewer (448)
[2018.06.23-01.22.50:362][571]LogModuleManager: Shutting down and abandoning module SettingsEditor (446)
[2018.06.23-01.22.50:372][571]LogModuleManager: Shutting down and abandoning module ProjectLauncher (444)
[2018.06.23-01.22.50:381][571]LogModuleManager: Shutting down and abandoning module SessionFrontend (442)
[2018.06.23-01.22.50:382][571]LogModuleManager: Shutting down and abandoning module ProfilerClient (440)
[2018.06.23-01.22.50:390][571]LogModuleManager: Shutting down and abandoning module DeviceManager (438)
[2018.06.23-01.22.50:390][571]LogModuleManager: Shutting down and abandoning module TargetDeviceServices (437)
[2018.06.23-01.22.50:444][571]LogModuleManager: Shutting down and abandoning module AutomationController (434)
[2018.06.23-01.22.50:444][571]LogModuleManager: Shutting down and abandoning module AutomationWindow (432)
[2018.06.23-01.22.50:458][571]LogModuleManager: Shutting down and abandoning module Layers (430)
[2018.06.23-01.22.50:477][571]LogModuleManager: Shutting down and abandoning module ComponentVisualizers (428)
[2018.06.23-01.22.50:477][571]LogModuleManager: Shutting down and abandoning module DetailCustomizations (426)
[2018.06.23-01.22.50:477][571]LogModuleManager: Shutting down and abandoning module PackagesDialog (424)
[2018.06.23-01.22.50:477][571]LogModuleManager: Shutting down and abandoning module Persona (422)
[2018.06.23-01.22.50:487][571]LogModuleManager: Shutting down and abandoning module AdvancedPreviewScene (421)
[2018.06.23-01.22.50:487][571]LogModuleManager: Shutting down and abandoning module AnimGraph (419)
[2018.06.23-01.22.50:487][571]LogModuleManager: Shutting down and abandoning module Kismet (416)
[2018.06.23-01.22.50:488][571]LogModuleManager: Shutting down and abandoning module GraphEditor (414)
[2018.06.23-01.22.50:525][571]LogModuleManager: Shutting down and abandoning module ClassViewer (412)
[2018.06.23-01.22.50:525][571]LogModuleManager: Shutting down and abandoning module Toolbox (410)
[2018.06.23-01.22.50:525][571]LogModuleManager: Shutting down and abandoning module ModuleUI (408)
[2018.06.23-01.22.50:535][571]LogModuleManager: Shutting down and abandoning module MovieSceneTools (406)
[2018.06.23-01.22.50:536][571]LogModuleManager: Shutting down and abandoning module OutputLog (404)
[2018.06.23-01.22.50:547][571]LogModuleManager: Shutting down and abandoning module GammaUI (402)
[2018.06.23-01.22.50:547][571]LogModuleManager: Shutting down and abandoning module Documentation (400)
[2018.06.23-01.22.50:547][571]LogModuleManager: Shutting down and abandoning module MovieSceneTracks (398)
[2018.06.23-01.22.50:552][571]LogModuleManager: Shutting down and abandoning module MovieScene (396)
[2018.06.23-01.22.50:552][571]LogModuleManager: Shutting down and abandoning module StreamingPauseRendering (394)
[2018.06.23-01.22.50:553][571]LogModuleManager: Shutting down and abandoning module LauncherPlatform (392)
[2018.06.23-01.22.50:553][571]LogModuleManager: Shutting down and abandoning module AnalyticsET (390)
[2018.06.23-01.22.50:553][571]LogModuleManager: Shutting down and abandoning module PortalServices (388)
[2018.06.23-01.22.50:553][571]LogModuleManager: Shutting down and abandoning module PortalRpc (386)
[2018.06.23-01.22.50:553][571]LogModuleManager: Shutting down and abandoning module MessagingRpc (384)
[2018.06.23-01.22.50:553][571]LogModuleManager: Shutting down and abandoning module AIModule (382)
[2018.06.23-01.22.50:553][571]LogModuleManager: Shutting down and abandoning module GameplayDebugger (381)
[2018.06.23-01.22.50:553][571]LogModuleManager: Shutting down and abandoning module AITestSuite (379)
[2018.06.23-01.22.50:553][571]LogModuleManager: Shutting down and abandoning module DesktopPlatform (376)
[2018.06.23-01.22.50:553][571]LogModuleManager: Shutting down and abandoning module ProfilerService (374)
[2018.06.23-01.22.50:698][571]LogModuleManager: Shutting down and abandoning module TaskGraph (372)
[2018.06.23-01.22.50:698][571]LogModuleManager: Shutting down and abandoning module SteamVRController (370)
[2018.06.23-01.22.50:698][571]LogModuleManager: Shutting down and abandoning module ProceduralMeshComponentEditor (368)
[2018.06.23-01.22.50:698][571]LogModuleManager: Shutting down and abandoning module ProceduralMeshComponent (366)
[2018.06.23-01.22.50:698][571]LogModuleManager: Shutting down and abandoning module OculusInput (364)
[2018.06.23-01.22.50:698][571]LogModuleManager: Shutting down and abandoning module MobilePatchingUtils (362)
[2018.06.23-01.22.50:699][571]LogModuleManager: Shutting down and abandoning module CustomMeshComponent (360)
[2018.06.23-01.22.50:699][571]LogModuleManager: Shutting down and abandoning module CableComponent (358)
[2018.06.23-01.22.50:699][571]LogModuleManager: Shutting down and abandoning module AudioCapture (356)
[2018.06.23-01.22.50:699][571]LogModuleManager: Shutting down and abandoning module ArchVisCharacter (354)
[2018.06.23-01.22.50:699][571]LogModuleManager: Shutting down and abandoning module AndroidPermission (352)
[2018.06.23-01.22.50:699][571]LogModuleManager: Shutting down and abandoning module NUTUnrealEngine4 (348)
[2018.06.23-01.22.50:699][571]LogModuleManager: Shutting down and abandoning module NetcodeUnitTest (346)
[2018.06.23-01.22.50:699][571]LogModuleManager: Shutting down and abandoning module MediaCompositingEditor (344)
[2018.06.23-01.22.50:699][571]LogModuleManager: Shutting down and abandoning module MediaCompositing (342)
[2018.06.23-01.22.50:699][571]LogModuleManager: Shutting down and abandoning module LinearTimecode (340)
[2018.06.23-01.22.50:699][571]LogModuleManager: Shutting down and abandoning module ImgMedia (338)
[2018.06.23-01.22.50:704][571]LogModuleManager: Shutting down and abandoning module HTML5Networking (336)
[2018.06.23-01.22.50:704][571]LogModuleManager: Shutting down and abandoning module AlembicImporter (334)
[2018.06.23-01.22.50:705][571]LogModuleManager: Shutting down and abandoning module AlembicLibrary (333)
[2018.06.23-01.22.50:705][571]LogModuleManager: Shutting down and abandoning module GeometryCache (332)
[2018.06.23-01.22.50:705][571]LogModuleManager: Shutting down and abandoning module GeometryCacheEd (331)
[2018.06.23-01.22.50:705][571]LogModuleManager: Shutting down and abandoning module DatasmithContent (326)
[2018.06.23-01.22.50:705][571]LogModuleManager: Shutting down and abandoning module SpeedTreeImporter (324)
[2018.06.23-01.22.50:705][571]LogModuleManager: Shutting down and abandoning module PluginBrowser (322)
[2018.06.23-01.22.50:705][571]LogModuleManager: Shutting down and abandoning module MobileLauncherProfileWizard (320)
[2018.06.23-01.22.50:705][571]LogModuleManager: Shutting down and abandoning module CryptoKeysOpenSSL (318)
[2018.06.23-01.22.50:705][571]LogModuleManager: Shutting down and abandoning module CryptoKeys (316)
[2018.06.23-01.22.50:705][571]LogModuleManager: Shutting down and abandoning module VisualStudioSourceCodeAccess (314)
[2018.06.23-01.22.50:705][571]LogModuleManager: Shutting down and abandoning module VisualStudioCodeSourceCodeAccess (312)
[2018.06.23-01.22.50:705][571]LogModuleManager: Shutting down and abandoning module UObjectPlugin (310)
[2018.06.23-01.22.50:705][571]LogModuleManager: Shutting down and abandoning module SubversionSourceControl (308)
[2018.06.23-01.22.50:705][571]LogModuleManager: Shutting down and abandoning module PerforceSourceControl (306)
[2018.06.23-01.22.50:706][571]LogModuleManager: Shutting down and abandoning module GitSourceControl (304)
[2018.06.23-01.22.50:706][571]LogModuleManager: Shutting down and abandoning module SourceControl (303)
[2018.06.23-01.22.50:706][571]LogModuleManager: Shutting down and abandoning module CLionSourceCodeAccess (300)
[2018.06.23-01.22.50:706][571]LogModuleManager: Shutting down and abandoning module LightPropagationVolumeEditor (298)
[2018.06.23-01.22.50:706][571]LogModuleManager: Shutting down and abandoning module PaperTiledImporter (296)
[2018.06.23-01.22.50:706][571]LogModuleManager: Shutting down and abandoning module PaperSpriteSheetImporter (294)
[2018.06.23-01.22.50:706][571]LogModuleManager: Shutting down and abandoning module Paper2DEditor (292)
[2018.06.23-01.22.50:706][571]LogModuleManager: Shutting down and abandoning module MeshPaint (291)
[2018.06.23-01.22.50:706][571]LogModuleManager: Shutting down and abandoning module RuntimePhysXCooking (288)
[2018.06.23-01.22.50:706][571]LogModuleManager: Shutting down and abandoning module PhysXVehiclesEditor (286)
[2018.06.23-01.22.50:706][571]LogModuleManager: Shutting down and abandoning module PhysXVehicles (284)
[2018.06.23-01.22.50:706][571]LogModuleManager: Shutting down and abandoning module OculusEditor (282)
[2018.06.23-01.22.50:706][571]LogModuleManager: Shutting down and abandoning module LocationServicesBPLibrary (280)
[2018.06.23-01.22.50:706][571]LogModuleManager: Shutting down and abandoning module ImmediatePhysicsEditor (278)
[2018.06.23-01.22.50:707][571]LogModuleManager: Shutting down and abandoning module ImmediatePhysics (276)
[2018.06.23-01.22.50:707][571]LogModuleManager: Shutting down and abandoning module ActorSequence (274)
[2018.06.23-01.22.50:707][571]LogModuleManager: Shutting down and abandoning module UdpMessaging (272)
[2018.06.23-01.22.50:807][571]LogModuleManager: Shutting down and abandoning module TcpMessaging (270)
[2018.06.23-01.22.50:908][571]LogModuleManager: Shutting down and abandoning module GameplayTagsEditor (268)
[2018.06.23-01.22.50:908][571]LogModuleManager: Shutting down and abandoning module FacialAnimationEditor (266)
[2018.06.23-01.22.50:908][571]LogModuleManager: Shutting down and abandoning module FacialAnimation (264)
[2018.06.23-01.22.50:908][571]LogModuleManager: Shutting down and abandoning module DataValidation (262)
[2018.06.23-01.22.50:908][571]LogModuleManager: Shutting down and abandoning module AssetManagerEditor (260)
[2018.06.23-01.22.50:908][571]LogModuleManager: Shutting down and abandoning module LevelEditor (259)
[2018.06.23-01.22.50:910][571]LogModuleManager: Shutting down and abandoning module PixelInspectorModule (258)
[2018.06.23-01.22.50:911][571]LogModuleManager: Shutting down and abandoning module CommonMenuExtensions (256)
[2018.06.23-01.22.50:911][571]LogModuleManager: Shutting down and abandoning module MainFrame (254)
[2018.06.23-01.22.50:911][571]LogModuleManager: Shutting down and abandoning module HotReload (253)
[2018.06.23-01.22.50:912][571]LogModuleManager: Shutting down and abandoning module ContentBrowser (249)
[2018.06.23-01.22.50:915][571]LogModuleManager: Shutting down and abandoning module TreeMap (247)
[2018.06.23-01.22.50:915][571]LogModuleManager: Shutting down and abandoning module LightPropagationVolumeRuntime (244)
[2018.06.23-01.22.50:915][571]LogModuleManager: Shutting down and abandoning module LiveLinkEditor (242)
[2018.06.23-01.22.50:915][571]LogModuleManager: Shutting down and abandoning module LiveLink (240)
[2018.06.23-01.22.51:468][571]LogModuleManager: Shutting down and abandoning module Paper2D (238)
[2018.06.23-01.22.51:468][571]LogModuleManager: Shutting down and abandoning module WindowsMoviePlayer (236)
[2018.06.23-01.22.51:468][571]LogModuleManager: Shutting down and abandoning module WmfMedia (234)
[2018.06.23-01.22.51:469][571]LogModuleManager: Shutting down and abandoning module Media (233)
[2018.06.23-01.22.51:475][571]LogModuleManager: Shutting down and abandoning module PacketHandler (230)
[2018.06.23-01.22.51:475][571]LogModuleManager: Shutting down and abandoning module ClothingSystemEditor (228)
[2018.06.23-01.22.51:475][571]LogModuleManager: Shutting down and abandoning module ClothingSystemRuntime (226)
[2018.06.23-01.22.51:504][571]LogModuleManager: Shutting down and abandoning module MediaAssets (224)
[2018.06.23-01.22.51:504][571]LogModuleManager: Shutting down and abandoning module Overlay (222)
[2018.06.23-01.22.51:504][571]LogModuleManager: Shutting down and abandoning module OverlayEditor (221)
[2018.06.23-01.22.51:504][571]LogModuleManager: Shutting down and abandoning module VREditor (218)
[2018.06.23-01.22.51:520][571]LogModuleManager: Shutting down and abandoning module StringTableEditor (216)
[2018.06.23-01.22.51:520][571]LogModuleManager: Shutting down and abandoning module GameplayTasksEditor (214)
[2018.06.23-01.22.51:520][571]LogModuleManager: Shutting down and abandoning module BehaviorTreeEditor (212)
[2018.06.23-01.22.51:530][571]LogModuleManager: Shutting down and abandoning module FunctionalTesting (210)
[2018.06.23-01.22.51:530][571]LogModuleManager: Shutting down and abandoning module CollisionAnalyzer (208)
[2018.06.23-01.22.51:530][571]LogModuleManager: Shutting down and abandoning module WorkspaceMenuStructure (207)
[2018.06.23-01.22.51:530][571]LogModuleManager: Shutting down and abandoning module UMG (204)
[2018.06.23-01.22.51:536][571]LogModuleManager: Shutting down and abandoning module UMGEditor (203)
[2018.06.23-01.22.51:566][571]LogModuleManager: Shutting down and abandoning module Sequencer (202)
[2018.06.23-01.22.51:577][571]LogModuleManager: Shutting down and abandoning module MessageLog (199)
[2018.06.23-01.22.51:577][571]LogModuleManager: Shutting down and abandoning module SlateReflector (194)
[2018.06.23-01.22.51:606][571]LogModuleManager: Shutting down and abandoning module Slate (192)
[2018.06.23-01.22.51:606][571]LogModuleManager: Shutting down and abandoning module EditorStyle (190)
[2018.06.23-01.22.51:608][571]LogModuleManager: Shutting down and abandoning module MRMesh (188)
[2018.06.23-01.22.51:608][571]LogModuleManager: Shutting down and abandoning module SourceCodeAccess (186)
[2018.06.23-01.22.51:608][571]LogModuleManager: Shutting down and abandoning module HeadMountedDisplay (184)
[2018.06.23-01.22.51:608][571]LogModuleManager: Shutting down and abandoning module XAudio2 (182)
[2018.06.23-01.22.51:608][571]LogModuleManager: Shutting down and abandoning module Networking (180)
[2018.06.23-01.22.51:608][571]LogModuleManager: Shutting down and abandoning module Core (178)
[2018.06.23-01.22.51:608][571]LogModuleManager: Shutting down and abandoning module LevelSequence (176)
[2018.06.23-01.22.51:608][571]LogModuleManager: Shutting down and abandoning module KismetCompiler (174)
[2018.06.23-01.22.51:608][571]LogModuleManager: Shutting down and abandoning module MeshUtilities (172)
[2018.06.23-01.22.51:618][571]LogModuleManager: Shutting down and abandoning module MeshMergeUtilities (171)
[2018.06.23-01.22.51:627][571]LogModuleManager: Shutting down and abandoning module MeshReductionInterface (170)
[2018.06.23-01.22.51:627][571]LogModuleManager: Shutting down and abandoning module SimplygonSwarm (169)
[2018.06.23-01.22.51:627][571]LogModuleManager: Shutting down and abandoning module SimplygonMeshReduction (167)
[2018.06.23-01.22.51:627][571]LogModuleManager: Shutting down and abandoning module QuadricMeshReduction (165)
[2018.06.23-01.22.51:628][571]LogModuleManager: Shutting down and abandoning module MaterialBaking (161)
[2018.06.23-01.22.51:628][571]LogModuleManager: Shutting down and abandoning module DirectoryWatcher (157)
[2018.06.23-01.22.51:631][571]LogModuleManager: Shutting down and abandoning module DerivedDataCache (154)
[2018.06.23-01.22.51:646][571]LogDerivedDataCache: Shutdown
[2018.06.23-01.22.51:647][571]LogModuleManager: Shutting down and abandoning module XGEController (152)
[2018.06.23-01.22.51:647][571]LogXGEController: Cleaning working directory: C:/Users/maxsa/AppData/Local/Temp/UnrealXGEWorkingDir/
[2018.06.23-01.22.51:647][571]LogModuleManager: Shutting down and abandoning module TargetPlatform (150)
[2018.06.23-01.22.51:647][571]LogModuleManager: Shutting down and abandoning module VulkanShaderFormat (149)
[2018.06.23-01.22.51:647][571]LogModuleManager: Shutting down and abandoning module ShaderFormatVectorVM (147)
[2018.06.23-01.22.51:654][571]LogModuleManager: Shutting down and abandoning module ShaderFormatOpenGL (145)
[2018.06.23-01.22.51:657][571]LogModuleManager: Shutting down and abandoning module ShaderFormatD3D (143)
[2018.06.23-01.22.51:657][571]LogModuleManager: Shutting down and abandoning module MetalShaderFormat (141)
[2018.06.23-01.22.51:657][571]LogModuleManager: Shutting down and abandoning module TextureFormatUncompressed (139)
[2018.06.23-01.22.51:658][571]LogModuleManager: Shutting down and abandoning module TextureFormatPVR (137)
[2018.06.23-01.22.51:658][571]LogModuleManager: Shutting down and abandoning module TextureFormatDXT (135)
[2018.06.23-01.22.51:658][571]LogModuleManager: Shutting down and abandoning module TextureFormatIntelISPCTexComp (133)
[2018.06.23-01.22.51:658][571]LogModuleManager: Shutting down and abandoning module TextureFormatASTC (131)
[2018.06.23-01.22.51:658][571]LogModuleManager: Shutting down and abandoning module ImageWrapper (130)
[2018.06.23-01.22.51:658][571]LogModuleManager: Shutting down and abandoning module TextureFormatAndroid (127)
[2018.06.23-01.22.51:658][571]LogModuleManager: Shutting down and abandoning module AudioFormatOpus (125)
[2018.06.23-01.22.51:658][571]LogModuleManager: Shutting down and abandoning module AudioFormatOgg (123)
[2018.06.23-01.22.51:658][571]LogModuleManager: Shutting down and abandoning module AudioFormatADPCM (121)
[2018.06.23-01.22.51:658][571]LogModuleManager: Shutting down and abandoning module LinuxTargetPlatform (119)
[2018.06.23-01.22.51:658][571]LogModuleManager: Shutting down and abandoning module LinuxServerTargetPlatform (117)
[2018.06.23-01.22.51:658][571]LogModuleManager: Shutting down and abandoning module LinuxNoEditorTargetPlatform (115)
[2018.06.23-01.22.51:658][571]LogModuleManager: Shutting down and abandoning module LinuxClientTargetPlatform (113)
[2018.06.23-01.22.51:658][571]LogModuleManager: Shutting down and abandoning module TVOSTargetPlatform (111)
[2018.06.23-01.22.51:658][571]LogModuleManager: Shutting down and abandoning module Messaging (109)
[2018.06.23-01.22.51:658][571]LogModuleManager: Shutting down and abandoning module IOSTargetPlatform (107)
[2018.06.23-01.22.51:658][571]LogModuleManager: Shutting down and abandoning module HTML5TargetPlatform (105)
[2018.06.23-01.22.51:658][571]LogModuleManager: Shutting down and abandoning module AndroidTargetPlatform (103)
[2018.06.23-01.22.51:659][571]LogModuleManager: Shutting down and abandoning module Android_PVRTCTargetPlatform (101)
[2018.06.23-01.22.51:659][571]LogModuleManager: Shutting down and abandoning module Android_MultiTargetPlatform (99)
[2018.06.23-01.22.51:659][571]LogModuleManager: Shutting down and abandoning module Android_ETC2TargetPlatform (97)
[2018.06.23-01.22.51:659][571]LogModuleManager: Shutting down and abandoning module Android_ETC1TargetPlatform (95)
[2018.06.23-01.22.51:659][571]LogModuleManager: Shutting down and abandoning module Android_ETC1aTargetPlatform (93)
[2018.06.23-01.22.51:659][571]LogModuleManager: Shutting down and abandoning module Android_DXTTargetPlatform (91)
[2018.06.23-01.22.51:659][571]LogModuleManager: Shutting down and abandoning module Android_ATCTargetPlatform (89)
[2018.06.23-01.22.51:659][571]LogModuleManager: Shutting down and abandoning module Android_ASTCTargetPlatform (87)
[2018.06.23-01.22.51:659][571]LogModuleManager: Shutting down and abandoning module WindowsTargetPlatform (85)
[2018.06.23-01.22.51:659][571]LogModuleManager: Shutting down and abandoning module WindowsServerTargetPlatform (83)
[2018.06.23-01.22.51:659][571]LogModuleManager: Shutting down and abandoning module WindowsNoEditorTargetPlatform (81)
[2018.06.23-01.22.51:659][571]LogModuleManager: Shutting down and abandoning module WindowsClientTargetPlatform (79)
[2018.06.23-01.22.51:659][571]LogModuleManager: Shutting down and abandoning module MacTargetPlatform (77)
[2018.06.23-01.22.51:659][571]LogModuleManager: Shutting down and abandoning module MacServerTargetPlatform (75)
[2018.06.23-01.22.51:659][571]LogModuleManager: Shutting down and abandoning module MacNoEditorTargetPlatform (73)
[2018.06.23-01.22.51:659][571]LogModuleManager: Shutting down and abandoning module MacClientTargetPlatform (71)
[2018.06.23-01.22.51:659][571]LogModuleManager: Shutting down and abandoning module AllDesktopTargetPlatform (69)
[2018.06.23-01.22.51:659][571]LogModuleManager: Shutting down and abandoning module InputCore (66)
[2018.06.23-01.22.51:660][571]LogModuleManager: Shutting down and abandoning module Settings (64)
[2018.06.23-01.22.51:660][571]LogModuleManager: Shutting down and abandoning module PhysXCooking (62)
[2018.06.23-01.22.51:660][571]LogModuleManager: Shutting down and abandoning module SteamVR (60)
[2018.06.23-01.22.51:660][571]LogModuleManager: Shutting down and abandoning module OculusHMD (58)
[2018.06.23-01.22.51:660][571]LogModuleManager: Shutting down and abandoning module ExampleDeviceProfileSelector (56)
[2018.06.23-01.22.51:660][571]LogModuleManager: Shutting down and abandoning module AppleARKit (54)
[2018.06.23-01.22.51:660][571]LogModuleManager: Shutting down and abandoning module AugmentedReality (51)
[2018.06.23-01.22.51:660][571]LogModuleManager: Shutting down and abandoning module OnlineBlueprintSupport (48)
[2018.06.23-01.22.51:660][571]LogModuleManager: Shutting down and abandoning module OnlineSubsystem (44)
[2018.06.23-01.22.51:660][571]LogModuleManager: Shutting down and abandoning module XMPP (43)
[2018.06.23-01.22.51:665][571]LogModuleManager: Shutting down and abandoning module HTTP (41)
[2018.06.23-01.22.51:665][571]LogHttp: Display: Http module shutting down, but needs to wait on 1 outstanding Http requests:
[2018.06.23-01.22.51:665][571]LogHttp: Display: 	verb=[POST] url=[https://datarouter.ol.epicgames.com/datarouter/api/v1/public/data?SessionID=%7BF5E25C80-4C8B-F68C-FCAF-6FADEA94BA8A%7D&AppID=UEEditor.Rocket.Release&AppVersion=4.19.2-4033788%2B%2B%2BUE4%2BRelease-4.19&UserID=9b2d74f540de947067f12f85f0e10fc3%7C121cf0c067fc45bf8a47a34e1f08bd7e%7C6529c761-14eb-4014-bd30-d410aae9a07c&AppEnvironment=datacollector-binary&UploadType=eteventstream] status=Processing
[2018.06.23-01.22.51:684][571]LogModuleManager: Shutting down and abandoning module SSL (40)
[2018.06.23-01.22.51:686][571]LogModuleManager: Shutting down and abandoning module AnimationModifiers (36)
[2018.06.23-01.22.51:704][571]LogModuleManager: Shutting down and abandoning module PropertyEditor (35)
[2018.06.23-01.22.51:704][571]LogModuleManager: Shutting down and abandoning module AudioEditor (32)
[2018.06.23-01.22.51:708][571]LogModuleManager: Shutting down and abandoning module TextureCompressor (30)
[2018.06.23-01.22.51:708][571]LogModuleManager: Shutting down and abandoning module ShaderCore (28)
[2018.06.23-01.22.51:708][571]LogModuleManager: Shutting down and abandoning module Landscape (26)
[2018.06.23-01.22.51:708][571]LogModuleManager: Shutting down and abandoning module SlateRHIRenderer (24)
[2018.06.23-01.22.51:717][571]LogModuleManager: Shutting down and abandoning module OpenGLDrv (22)
[2018.06.23-01.22.51:727][571]LogModuleManager: Shutting down and abandoning module D3D11RHI (20)
[2018.06.23-01.22.51:727][571]LogModuleManager: Shutting down and abandoning module AnimGraphRuntime (18)
[2018.06.23-01.22.51:727][571]LogModuleManager: Shutting down and abandoning module Renderer (16)
[2018.06.23-01.22.51:727][571]LogModuleManager: Shutting down and abandoning module Engine (14)
[2018.06.23-01.22.51:727][571]LogModuleManager: Shutting down and abandoning module CoreUObject (12)
[2018.06.23-01.22.51:727][571]LogModuleManager: Shutting down and abandoning module NetworkFile (10)
[2018.06.23-01.22.51:727][571]LogModuleManager: Shutting down and abandoning module CookedIterativeFile (8)
[2018.06.23-01.22.51:727][571]LogModuleManager: Shutting down and abandoning module StreamingFile (6)
[2018.06.23-01.22.51:727][571]LogModuleManager: Shutting down and abandoning module SandboxFile (4)
[2018.06.23-01.22.51:727][571]LogModuleManager: Shutting down and abandoning module PakFile (2)
[2018.06.23-01.22.51:733][571]LogExit: Exiting.
[2018.06.23-01.22.51:762][571]Log file closed, 06/22/18 21:22:51
