Log file open, 06/20/18 15:40:39
LogWindows: Failed to load 'aqProf.dll' (GetLastError=126)
LogWindows: File 'aqProf.dll' does not exist
LogWindows: Failed to load 'VtuneApi.dll' (GetLastError=126)
LogWindows: File 'VtuneApi.dll' does not exist
LogWindows: Failed to load 'VtuneApi32e.dll' (GetLastError=126)
LogWindows: File 'VtuneApi32e.dll' does not exist
LogInit: Display: Running engine for game: UE4forbeginners
LogPlatformFile: Not using cached read wrapper
LogInit: Display: RandInit(-1550714702) SRandInit(-1550714702).
LogInit: Read version file with build ID '3944462'
LogInit: Overriding engine version to CL 4033788, compatible CL 3944462
LogInit: Registered custom module enumerator with build ID '3944462'
LogTaskGraph: Started task graph with 5 named threads and 14 total threads with 3 sets of task threads.
LogStats: Stats thread started at 3.939205
LogD3D11RHI: Aftermath initialized
LogICUInternationalization: Display: ICU TimeZone Detection - Raw Offset: -5:00, Platform Override: ''
LogModuleManager: Display: Found up-to-date module file ../../../Engine/Plugins/2D/Paper2D/Binaries/Win64/UE4Editor-Paper2D.dll (API version 3944462).
LogModuleManager: Display: Found up-to-date module file ../../../Engine/Plugins/2D/Paper2D/Binaries/Win64/UE4Editor-Paper2DEditor.dll (API version 3944462).
LogModuleManager: Display: Found up-to-date module file ../../../Engine/Plugins/2D/Paper2D/Binaries/Win64/UE4Editor-PaperSpriteSheetImporter.dll (API version 3944462).
LogModuleManager: Display: Found up-to-date module file ../../../Engine/Plugins/2D/Paper2D/Binaries/Win64/UE4Editor-PaperTiledImporter.dll (API version 3944462).
LogModuleManager: Display: Found up-to-date module file ../../../Engine/Plugins/2D/Paper2D/Binaries/Win64/UE4Editor-SmartSnapping.dll (API version 3944462).
LogModuleManager: Display: Found up-to-date module file ../../../Engine/Plugins/Blendables/LightPropagationVolume/Binaries/Win64/UE4Editor-LightPropagationVolumeRuntime.dll (API version 3944462).
LogModuleManager: Display: Found up-to-date module file ../../../Engine/Plugins/Blendables/LightPropagationVolume/Binaries/Win64/UE4Editor-LightPropagationVolumeEditor.dll (API version 3944462).
LogModuleManager: Display: Found up-to-date module file ../../../Engine/Plugins/Developer/CLionSourceCodeAccess/Binaries/Win64/UE4Editor-CLionSourceCodeAccess.dll (API version 3944462).
LogModuleManager: Display: Found up-to-date module file ../../../Engine/Plugins/Developer/GitSourceControl/Binaries/Win64/UE4Editor-GitSourceControl.dll (API version 3944462).
LogModuleManager: Display: Found up-to-date module file ../../../Engine/Plugins/Developer/PerforceSourceControl/Binaries/Win64/UE4Editor-PerforceSourceControl.dll (API version 3944462).
LogModuleManager: Display: Found up-to-date module file ../../../Engine/Plugins/Developer/SubversionSourceControl/Binaries/Win64/UE4Editor-SubversionSourceControl.dll (API version 3944462).
LogModuleManager: Display: Found up-to-date module file ../../../Engine/Plugins/Developer/UObjectPlugin/Binaries/Win64/UE4Editor-UObjectPlugin.dll (API version 3944462).
LogModuleManager: Display: Found up-to-date module file ../../../Engine/Plugins/Developer/VisualStudioCodeSourceCodeAccess/Binaries/Win64/UE4Editor-VisualStudioCodeSourceCodeAccess.dll (API version 3944462).
LogModuleManager: Display: Found up-to-date module file ../../../Engine/Plugins/Developer/VisualStudioSourceCodeAccess/Binaries/Win64/UE4Editor-VisualStudioSourceCodeAccess.dll (API version 3944462).
LogModuleManager: Display: Found up-to-date module file ../../../Engine/Plugins/Editor/AssetManagerEditor/Binaries/Win64/UE4Editor-AssetManagerEditor.dll (API version 3944462).
LogModuleManager: Display: Found up-to-date module file ../../../Engine/Plugins/Editor/CryptoKeys/Binaries/Win64/UE4Editor-CryptoKeys.dll (API version 3944462).
LogModuleManager: Display: Found up-to-date module file ../../../Engine/Plugins/Editor/CryptoKeys/Binaries/Win64/UE4Editor-CryptoKeysOpenSSL.dll (API version 3944462).
LogModuleManager: Display: Found up-to-date module file ../../../Engine/Plugins/Editor/DataValidation/Binaries/Win64/UE4Editor-DataValidation.dll (API version 3944462).
LogModuleManager: Display: Found up-to-date module file ../../../Engine/Plugins/Editor/FacialAnimation/Binaries/Win64/UE4Editor-FacialAnimation.dll (API version 3944462).
LogModuleManager: Display: Found up-to-date module file ../../../Engine/Plugins/Editor/FacialAnimation/Binaries/Win64/UE4Editor-FacialAnimationEditor.dll (API version 3944462).
LogModuleManager: Display: Found up-to-date module file ../../../Engine/Plugins/Editor/GameplayTagsEditor/Binaries/Win64/UE4Editor-GameplayTagsEditor.dll (API version 3944462).
LogModuleManager: Display: Found up-to-date module file ../../../Engine/Plugins/Editor/MobileLauncherProfileWizard/Binaries/Win64/UE4Editor-MobileLauncherProfileWizard.dll (API version 3944462).
LogModuleManager: Display: Found up-to-date module file ../../../Engine/Plugins/Editor/PluginBrowser/Binaries/Win64/UE4Editor-PluginBrowser.dll (API version 3944462).
LogModuleManager: Display: Found up-to-date module file ../../../Engine/Plugins/Editor/SpeedTreeImporter/Binaries/Win64/UE4Editor-SpeedTreeImporter.dll (API version 3944462).
LogModuleManager: Display: Found up-to-date module file ../../../Engine/Plugins/Enterprise/DatasmithContent/Binaries/Win64/UE4Editor-DatasmithContent.dll (API version 3944462).
LogModuleManager: Display: Found up-to-date module file ../../../Engine/Plugins/Experimental/AlembicImporter/Binaries/Win64/UE4Editor-AlembicImporter.dll (API version 3944462).
LogModuleManager: Display: Found up-to-date module file ../../../Engine/Plugins/Experimental/AlembicImporter/Binaries/Win64/UE4Editor-AlembicLibrary.dll (API version 3944462).
LogModuleManager: Display: Found up-to-date module file ../../../Engine/Plugins/Experimental/CharacterAI/Binaries/Win64/UE4Editor-CharacterAI.dll (API version 3944462).
LogModuleManager: Display: Found up-to-date module file ../../../Engine/Plugins/Experimental/HTML5Networking/Binaries/Win64/UE4Editor-HTML5Networking.dll (API version 3944462).
LogModuleManager: Display: Found up-to-date module file ../../../Engine/Plugins/Media/AndroidMedia/Binaries/Win64/UE4Editor-AndroidMediaEditor.dll (API version 3944462).
LogModuleManager: Display: Found up-to-date module file ../../../Engine/Plugins/Media/AndroidMedia/Binaries/Win64/UE4Editor-AndroidMediaFactory.dll (API version 3944462).
LogModuleManager: Display: Found up-to-date module file ../../../Engine/Plugins/Media/AvfMedia/Binaries/Win64/UE4Editor-AvfMediaEditor.dll (API version 3944462).
LogModuleManager: Display: Found up-to-date module file ../../../Engine/Plugins/Media/AvfMedia/Binaries/Win64/UE4Editor-AvfMediaFactory.dll (API version 3944462).
LogModuleManager: Display: Found up-to-date module file ../../../Engine/Plugins/Media/AvfMedia/Binaries/Win64/UE4Editor-AvfMediaFactory.dll (API version 3944462).
LogModuleManager: Display: Found up-to-date module file ../../../Engine/Plugins/Media/ImgMedia/Binaries/Win64/UE4Editor-ImgMedia.dll (API version 3944462).
LogModuleManager: Display: Found up-to-date module file ../../../Engine/Plugins/Media/ImgMedia/Binaries/Win64/UE4Editor-ImgMediaEditor.dll (API version 3944462).
LogModuleManager: Display: Found up-to-date module file ../../../Engine/Plugins/Media/ImgMedia/Binaries/Win64/UE4Editor-ImgMediaFactory.dll (API version 3944462).
LogModuleManager: Display: Found up-to-date module file ../../../Engine/Plugins/Media/ImgMedia/Binaries/Win64/UE4Editor-ImgMediaFactory.dll (API version 3944462).
LogModuleManager: Display: Found up-to-date module file ../../../Engine/Plugins/Media/ImgMedia/Binaries/Win64/UE4Editor-OpenExrWrapper.dll (API version 3944462).
LogModuleManager: Display: Found up-to-date module file ../../../Engine/Plugins/Media/LinearTimecode/Binaries/Win64/UE4Editor-LinearTimecode.dll (API version 3944462).
LogModuleManager: Display: Found up-to-date module file ../../../Engine/Plugins/Media/MediaCompositing/Binaries/Win64/UE4Editor-MediaCompositing.dll (API version 3944462).
LogModuleManager: Display: Found up-to-date module file ../../../Engine/Plugins/Media/MediaCompositing/Binaries/Win64/UE4Editor-MediaCompositingEditor.dll (API version 3944462).
LogModuleManager: Display: Found up-to-date module file ../../../Engine/Plugins/Media/MediaPlayerEditor/Binaries/Win64/UE4Editor-MediaPlayerEditor.dll (API version 3944462).
LogModuleManager: Display: Found up-to-date module file ../../../Engine/Plugins/Media/WmfMedia/Binaries/Win64/UE4Editor-WmfMedia.dll (API version 3944462).
LogModuleManager: Display: Found up-to-date module file ../../../Engine/Plugins/Media/WmfMedia/Binaries/Win64/UE4Editor-WmfMediaEditor.dll (API version 3944462).
LogModuleManager: Display: Found up-to-date module file ../../../Engine/Plugins/Media/WmfMedia/Binaries/Win64/UE4Editor-WmfMediaFactory.dll (API version 3944462).
LogModuleManager: Display: Found up-to-date module file ../../../Engine/Plugins/Media/WmfMedia/Binaries/Win64/UE4Editor-WmfMediaFactory.dll (API version 3944462).
LogModuleManager: Display: Found up-to-date module file ../../../Engine/Plugins/Messaging/TcpMessaging/Binaries/Win64/UE4Editor-TcpMessaging.dll (API version 3944462).
LogModuleManager: Display: Found up-to-date module file ../../../Engine/Plugins/Messaging/UdpMessaging/Binaries/Win64/UE4Editor-UdpMessaging.dll (API version 3944462).
LogModuleManager: Display: Found up-to-date module file ../../../Engine/Plugins/MovieScene/ActorSequence/Binaries/Win64/UE4Editor-ActorSequence.dll (API version 3944462).
LogModuleManager: Display: Found up-to-date module file ../../../Engine/Plugins/MovieScene/LevelSequenceEditor/Binaries/Win64/UE4Editor-LevelSequenceEditor.dll (API version 3944462).
LogModuleManager: Display: Found up-to-date module file ../../../Engine/Plugins/MovieScene/MatineeToLevelSequence/Binaries/Win64/UE4Editor-MatineeToLevelSequence.dll (API version 3944462).
LogModuleManager: Display: Found up-to-date module file ../../../Engine/Plugins/NetcodeUnitTest/NetcodeUnitTest/Binaries/Win64/UE4Editor-NetcodeUnitTest.dll (API version 3944462).
LogModuleManager: Display: Found up-to-date module file ../../../Engine/Plugins/NetcodeUnitTest/NUTUnrealEngine4/Binaries/Win64/UE4Editor-NUTUnrealEngine4.dll (API version 3944462).
LogModuleManager: Display: Found up-to-date module file ../../../Engine/Plugins/Online/OnlineSubsystem/Binaries/Win64/UE4Editor-OnlineSubsystem.dll (API version 3944462).
LogModuleManager: Display: Found up-to-date module file ../../../Engine/Plugins/Runtime/AndroidPermission/Binaries/Win64/UE4Editor-AndroidPermission.dll (API version 3944462).
LogModuleManager: Display: Found up-to-date module file ../../../Engine/Plugins/Online/OnlineSubsystemNull/Binaries/Win64/UE4Editor-OnlineSubsystemNull.dll (API version 3944462).
LogModuleManager: Display: Found up-to-date module file ../../../Engine/Plugins/Online/OnlineSubsystemUtils/Binaries/Win64/UE4Editor-OnlineSubsystemUtils.dll (API version 3944462).
LogModuleManager: Display: Found up-to-date module file ../../../Engine/Plugins/Online/OnlineSubsystemUtils/Binaries/Win64/UE4Editor-OnlineBlueprintSupport.dll (API version 3944462).
LogModuleManager: Display: Found up-to-date module file ../../../Engine/Plugins/Runtime/AndroidDeviceProfileSelector/Binaries/Win64/UE4Editor-AndroidDeviceProfileSelector.dll (API version 3944462).
LogModuleManager: Display: Found up-to-date module file ../../../Engine/Plugins/Runtime/AppleARKit/Binaries/Win64/UE4Editor-AppleARKit.dll (API version 3944462).
LogModuleManager: Display: Found up-to-date module file ../../../Engine/Plugins/Runtime/ProceduralMeshComponent/Binaries/Win64/UE4Editor-ProceduralMeshComponent.dll (API version 3944462).
LogModuleManager: Display: Found up-to-date module file ../../../Engine/Plugins/Runtime/ProceduralMeshComponent/Binaries/Win64/UE4Editor-ProceduralMeshComponentEditor.dll (API version 3944462).
LogModuleManager: Display: Found up-to-date module file ../../../Engine/Plugins/Animation/LiveLink/Binaries/Win64/UE4Editor-LiveLink.dll (API version 3944462).
LogModuleManager: Display: Found up-to-date module file ../../../Engine/Plugins/Animation/LiveLink/Binaries/Win64/UE4Editor-LiveLinkEditor.dll (API version 3944462).
LogModuleManager: Display: Found up-to-date module file ../../../Engine/Plugins/Runtime/ArchVisCharacter/Binaries/Win64/UE4Editor-ArchVisCharacter.dll (API version 3944462).
LogModuleManager: Display: Found up-to-date module file ../../../Engine/Plugins/Runtime/AudioCapture/Binaries/Win64/UE4Editor-AudioCapture.dll (API version 3944462).
LogModuleManager: Display: Found up-to-date module file ../../../Engine/Plugins/Runtime/AudioCapture/Binaries/Win64/UE4Editor-AudioCaptureEditor.dll (API version 3944462).
LogModuleManager: Display: Found up-to-date module file ../../../Engine/Plugins/Runtime/CableComponent/Binaries/Win64/UE4Editor-CableComponent.dll (API version 3944462).
LogModuleManager: Display: Found up-to-date module file ../../../Engine/Plugins/Runtime/CustomMeshComponent/Binaries/Win64/UE4Editor-CustomMeshComponent.dll (API version 3944462).
LogModuleManager: Display: Found up-to-date module file ../../../Engine/Plugins/Runtime/ExampleDeviceProfileSelector/Binaries/Win64/UE4Editor-ExampleDeviceProfileSelector.dll (API version 3944462).
LogModuleManager: Display: Found up-to-date module file ../../../Engine/Plugins/Runtime/ImmediatePhysics/Binaries/Win64/UE4Editor-ImmediatePhysics.dll (API version 3944462).
LogModuleManager: Display: Found up-to-date module file ../../../Engine/Plugins/Runtime/ImmediatePhysics/Binaries/Win64/UE4Editor-ImmediatePhysicsEditor.dll (API version 3944462).
LogModuleManager: Display: Found up-to-date module file ../../../Engine/Plugins/Runtime/LocationServicesBPLibrary/Binaries/Win64/UE4Editor-LocationServicesBPLibrary.dll (API version 3944462).
LogModuleManager: Display: Found up-to-date module file ../../../Engine/Plugins/Runtime/MobilePatchingUtils/Binaries/Win64/UE4Editor-MobilePatchingUtils.dll (API version 3944462).
LogModuleManager: Display: Found up-to-date module file ../../../Engine/Plugins/Runtime/Oculus/OculusVR/Binaries/Win64/UE4Editor-OculusHMD.dll (API version 3944462).
LogModuleManager: Display: Found up-to-date module file ../../../Engine/Plugins/Runtime/Oculus/OculusVR/Binaries/Win64/UE4Editor-OculusInput.dll (API version 3944462).
LogModuleManager: Display: Found up-to-date module file ../../../Engine/Plugins/Runtime/Oculus/OculusVR/Binaries/Win64/UE4Editor-OculusEditor.dll (API version 3944462).
LogModuleManager: Display: Found up-to-date module file ../../../Engine/Plugins/Runtime/PhysXVehicles/Binaries/Win64/UE4Editor-PhysXVehicles.dll (API version 3944462).
LogModuleManager: Display: Found up-to-date module file ../../../Engine/Plugins/Runtime/PhysXVehicles/Binaries/Win64/UE4Editor-PhysXVehiclesEditor.dll (API version 3944462).
LogModuleManager: Display: Found up-to-date module file ../../../Engine/Plugins/Runtime/RuntimePhysXCooking/Binaries/Win64/UE4Editor-RuntimePhysXCooking.dll (API version 3944462).
LogModuleManager: Display: Found up-to-date module file ../../../Engine/Plugins/Runtime/Steam/SteamVR/Binaries/Win64/UE4Editor-SteamVR.dll (API version 3944462).
LogModuleManager: Display: Found up-to-date module file ../../../Engine/Plugins/Runtime/Steam/SteamVR/Binaries/Win64/UE4Editor-SteamVRController.dll (API version 3944462).
LogModuleManager: Display: Found up-to-date module file ../../../Engine/Plugins/Runtime/WindowsMoviePlayer/Binaries/Win64/UE4Editor-WindowsMoviePlayer.dll (API version 3944462).
LogPluginManager: Mounting plugin Paper2D
LogPluginManager: Mounting plugin LiveLink
LogPluginManager: Mounting plugin LightPropagationVolume
LogPluginManager: Mounting plugin CLionSourceCodeAccess
LogPluginManager: Mounting plugin CodeLiteSourceCodeAccess
LogPluginManager: Mounting plugin GitSourceControl
LogPluginManager: Mounting plugin KDevelopSourceCodeAccess
LogPluginManager: Mounting plugin NullSourceCodeAccess
LogPluginManager: Mounting plugin PerforceSourceControl
LogPluginManager: Mounting plugin SubversionSourceControl
LogPluginManager: Mounting plugin UObjectPlugin
LogPluginManager: Mounting plugin VisualStudioCodeSourceCodeAccess
LogPluginManager: Mounting plugin VisualStudioSourceCodeAccess
LogPluginManager: Mounting plugin XCodeSourceCodeAccess
LogPluginManager: Mounting plugin AssetManagerEditor
LogPluginManager: Mounting plugin CryptoKeys
LogPluginManager: Mounting plugin DataValidation
LogPluginManager: Mounting plugin FacialAnimation
LogPluginManager: Mounting plugin GameplayTagsEditor
LogPluginManager: Mounting plugin MobileLauncherProfileWizard
LogPluginManager: Mounting plugin PluginBrowser
LogPluginManager: Mounting plugin SpeedTreeImporter
LogPluginManager: Mounting plugin DatasmithContent
LogPluginManager: Mounting plugin AlembicImporter
LogPluginManager: Mounting plugin CharacterAI
LogPluginManager: Mounting plugin HTML5Networking
LogPluginManager: Mounting plugin AndroidMedia
LogPluginManager: Mounting plugin AvfMedia
LogPluginManager: Mounting plugin ImgMedia
LogPluginManager: Mounting plugin LinearTimecode
LogPluginManager: Mounting plugin MediaCompositing
LogPluginManager: Mounting plugin MediaPlayerEditor
LogPluginManager: Mounting plugin WmfMedia
LogPluginManager: Mounting plugin TcpMessaging
LogPluginManager: Mounting plugin UdpMessaging
LogPluginManager: Mounting plugin ActorSequence
LogPluginManager: Mounting plugin LevelSequenceEditor
LogPluginManager: Mounting plugin MatineeToLevelSequence
LogPluginManager: Mounting plugin NetcodeUnitTest
LogPluginManager: Mounting plugin NUTUnrealEngine4
LogPluginManager: Mounting plugin OnlineSubsystemGooglePlay
LogPluginManager: Mounting plugin OnlineSubsystemIOS
LogPluginManager: Mounting plugin OnlineSubsystem
LogPluginManager: Mounting plugin OnlineSubsystemNull
LogPluginManager: Mounting plugin OnlineSubsystemUtils
LogPluginManager: Mounting plugin AndroidDeviceProfileSelector
LogPluginManager: Mounting plugin AndroidMoviePlayer
LogPluginManager: Mounting plugin AndroidPermission
LogPluginManager: Mounting plugin AppleARKit
LogPluginManager: Mounting plugin AppleMoviePlayer
LogPluginManager: Mounting plugin ArchVisCharacter
LogPluginManager: Mounting plugin AudioCapture
LogPluginManager: Mounting plugin CableComponent
LogPluginManager: Mounting plugin CustomMeshComponent
LogPluginManager: Mounting plugin ExampleDeviceProfileSelector
LogPluginManager: Mounting plugin GoogleCloudMessaging
LogPluginManager: Mounting plugin ImmediatePhysics
LogPluginManager: Mounting plugin IOSDeviceProfileSelector
LogPluginManager: Mounting plugin LinuxDeviceProfileSelector
LogPluginManager: Mounting plugin LocationServicesBPLibrary
LogPluginManager: Mounting plugin MobilePatchingUtils
LogPluginManager: Mounting plugin OculusVR
LogPluginManager: Plugin shader directory ../../../Engine/Plugins/Runtime/Oculus/OculusVR/Shaders found
LogPluginManager: Mapping shader source directory ../../../Engine/Plugins/Runtime/Oculus/OculusVR/Shaders to virtual directory /Plugin/OculusVR
LogPluginManager: Mounting plugin PhysXVehicles
LogPluginManager: Mounting plugin ProceduralMeshComponent
LogPluginManager: Mounting plugin RuntimePhysXCooking
LogPluginManager: Mounting plugin SteamVR
LogPluginManager: Mounting plugin WindowsMoviePlayer
LogStreaming: Display: Took  3.482s to configure plugins.
LogInit: Using libcurl 7.47.1
LogInit:  - built for x86_64-pc-win32
LogInit:  - supports SSL with OpenSSL/1.0.2g
LogInit:  - supports HTTP deflate (compression) using libz 1.2.8
LogInit:  - other features:
LogInit:      CURL_VERSION_SSL
LogInit:      CURL_VERSION_LIBZ
LogInit:      CURL_VERSION_IPV6
LogInit:      CURL_VERSION_ASYNCHDNS
LogInit:      CURL_VERSION_LARGEFILE
LogInit:      CURL_VERSION_IDN
LogInit:  CurlRequestOptions (configurable via config and command line):
LogInit:  - bVerifyPeer = false  - Libcurl will NOT verify peer certificate
LogInit:  - bUseHttpProxy = false  - Libcurl will NOT use HTTP proxy
LogInit:  - bDontReuseConnections = false  - Libcurl will reuse connections
LogInit:  - CertBundlePath = nullptr  - Libcurl will use whatever was configured at build time.
LogInit:  - MaxHostConnections = 16  - Libcurl will limit the number of connections to a host
LogInit:  - LocalHostAddr = Default
LogInit: WinSock: version 1.1 (2.2), MaxSocks=32767, MaxUdp=65467
LogInit: WinSock: I am Max-PC (192.168.0.100:0)
LogInit: Build: ++UE4+Release-4.19-CL-4033788
LogInit: Engine Version: 4.19.2-4033788+++UE4+Release-4.19
LogInit: Compatible Engine Version: 4.19.0-3944462+++UE4+Release-4.19
LogInit: Net CL: 3944462
LogDevObjectVersion: Number of dev versions registered: 18
LogDevObjectVersion:   Dev-Blueprints (B0D832E4-1F89-4F0D-ACCF-7EB736FD4AA2): 10
LogDevObjectVersion:   Dev-Build (E1C64328-A22C-4D53-A36C-8E866417BD8C): 0
LogDevObjectVersion:   Dev-Core (375EC13C-06E4-48FB-B500-84F0262A717E): 2
LogDevObjectVersion:   Dev-Editor (E4B068ED-F494-42E9-A231-DA0B2E46BB41): 23
LogDevObjectVersion:   Dev-Framework (CFFC743F-43B0-4480-9391-14DF171D2073): 33
LogDevObjectVersion:   Dev-Mobile (B02B49B5-BB20-44E9-A304-32B752E40360): 2
LogDevObjectVersion:   Dev-Networking (A4E4105C-59A1-49B5-A7C5-40C4547EDFEE): 0
LogDevObjectVersion:   Dev-Online (39C831C9-5AE6-47DC-9A44-9C173E1C8E7C): 0
LogDevObjectVersion:   Dev-Physics (78F01B33-EBEA-4F98-B9B4-84EACCB95AA2): 0
LogDevObjectVersion:   Dev-Platform (6631380F-2D4D-43E0-8009-CF276956A95A): 0
LogDevObjectVersion:   Dev-Rendering (12F88B9F-8875-4AFC-A67C-D90C383ABD29): 25
LogDevObjectVersion:   Dev-Sequencer (7B5AE74C-D270-4C10-A958-57980B212A5A): 6
LogDevObjectVersion:   Dev-VR (D7296918-1DD6-4BDD-9DE2-64A83CC13884): 1
LogDevObjectVersion:   Dev-LoadTimes (C2A15278-BFE7-4AFE-6C17-90FF531DF755): 1
LogDevObjectVersion:   Private-Geometry (6EACA3D4-40EC-4CC1-B786-8BED09428FC5): 2
LogDevObjectVersion:   Dev-AnimPhys (29E575DD-E0A3-4627-9D10-D276232CDCEA): 16
LogDevObjectVersion:   Dev-ReflectionCapture (6B266CEC-1EC7-4B8F-A30B-E4D90942FC07): 1
LogDevObjectVersion:   Dev-Automation (0DF73D61-A23F-47EA-B727-89E90C41499A): 1
LogInit: Compiled (64-bit): Apr 27 2018 02:06:57
LogInit: Compiled with Visual C++: 19.00.24215.01
LogInit: Build Configuration: Development
LogInit: Branch Name: ++UE4+Release-4.19
LogInit: Command Line:  
LogInit: Base Directory: E:/UE_4.19/Engine/Binaries/Win64/
LogInit: Installed Engine Build: 1
LogStreaming: Display: Took  0.001s to delete old logs.
LogInit: Presizing for max 8388607 objects, including 0 objects not considered by GC, pre-allocating 0 bytes for permanent pool.
LogInit: Object subsystem initialized
[2018.06.20-19.40.44:110][  0]LogInit: Selected Device Profile: [Windows]
[2018.06.20-19.40.44:110][  0]LogInit: Applying CVar settings loaded from the selected device profile: [Windows]
[2018.06.20-19.40.44:217][  0]LogInit: Computer: MAX-PC
[2018.06.20-19.40.44:217][  0]LogInit: User: maxsa
[2018.06.20-19.40.44:217][  0]LogInit: CPU Page size=4096, Cores=4
[2018.06.20-19.40.44:217][  0]LogInit: High frequency timer resolution =3.551563 MHz
[2018.06.20-19.40.44:217][  0]LogMemory: Memory total: Physical=16.0GB (16GB approx)
[2018.06.20-19.40.44:218][  0]LogMemory: Platform Memory Stats for Windows
[2018.06.20-19.40.44:218][  0]LogMemory: Process Physical Memory: 272.69 MB used, 272.69 MB peak
[2018.06.20-19.40.44:218][  0]LogMemory: Process Virtual Memory: 261.80 MB used, 261.80 MB peak
[2018.06.20-19.40.44:218][  0]LogMemory: Physical Memory: 7039.84 MB used,  9295.02 MB free, 16334.86 MB total
[2018.06.20-19.40.44:218][  0]LogMemory: Virtual Memory: 4775.99 MB used,  9295.02 MB free, 134217728.00 MB total
[2018.06.20-19.40.45:188][  0]LogInit: Using OS detected language (en-US).
[2018.06.20-19.40.45:188][  0]LogInit: Using OS detected locale (en-CA).
[2018.06.20-19.40.45:525][  0]LogTextLocalizationManager: No specific localization for 'en-US' exists, so the 'en' localization will be used.
[2018.06.20-19.40.46:463][  0]LogStreaming: Display: Took  1.258s to EndInitTextLocalization.
[2018.06.20-19.40.46:505][  0]LogInit: Setting process to per monitor DPI aware
[2018.06.20-19.40.47:097][  0]LogSlate: New Slate User Created.  User Index 0, Is Virtual User: 0
[2018.06.20-19.40.47:097][  0]LogSlate: Slate User Registered.  User Index 0, Is Virtual User: 0
[2018.06.20-19.40.49:777][  0]LogD3D11RHI: D3D11 adapters:
[2018.06.20-19.40.49:868][  0]LogD3D11RHI:    0. 'NVIDIA GeForce GTX 1070' (Feature Level 11_0)
[2018.06.20-19.40.49:868][  0]LogD3D11RHI:       8088/0/8167 MB DedicatedVideo/DedicatedSystem/SharedSystem, Outputs:2, VendorId:0x10de
[2018.06.20-19.40.49:869][  0]LogD3D11RHI:    1. 'Microsoft Basic Render Driver' (Feature Level 11_0)
[2018.06.20-19.40.49:870][  0]LogD3D11RHI:       0/0/8167 MB DedicatedVideo/DedicatedSystem/SharedSystem, Outputs:0, VendorId:0x1414
[2018.06.20-19.40.49:870][  0]LogD3D11RHI: Chosen D3D11 Adapter: 0
[2018.06.20-19.40.49:878][  0]LogD3D11RHI: Creating new Direct3DDevice
[2018.06.20-19.40.49:882][  0]LogD3D11RHI:     GPU DeviceId: 0x1b81 (for the marketing name, search the web for "GPU Device Id")
[2018.06.20-19.40.49:882][  0]LogWindows: EnumDisplayDevices:
[2018.06.20-19.40.49:882][  0]LogWindows:    0. 'NVIDIA GeForce GTX 1070' (P:1 D:1)
[2018.06.20-19.40.49:882][  0]LogWindows:    1. 'NVIDIA GeForce GTX 1070' (P:0 D:1)
[2018.06.20-19.40.49:882][  0]LogWindows:    2. 'NVIDIA GeForce GTX 1070' (P:0 D:0)
[2018.06.20-19.40.49:883][  0]LogWindows:    3. 'NVIDIA GeForce GTX 1070' (P:0 D:0)
[2018.06.20-19.40.49:883][  0]LogWindows: DebugString: GetVideoDriverDetailsInvalid PrimaryIsNotTheChoosenAdapter GetVideoDriverDetailsInvalid PrimaryIsNotTheChoosenAdapter GetVideoDriverDetailsInvalid PrimaryIsNotTheChoosenAdapter GetVideoDriverDetailsInvalid PrimaryIsNotTheChoosenAdapter FoundDriverCount:0 
[2018.06.20-19.40.49:883][  0]LogD3D11RHI:     Adapter Name: NVIDIA GeForce GTX 1070
[2018.06.20-19.40.49:883][  0]LogD3D11RHI:   Driver Version: Unknown (internal:Unknown, unified:Unknown)
[2018.06.20-19.40.49:883][  0]LogD3D11RHI:      Driver Date: Unknown
[2018.06.20-19.40.49:883][  0]LogRHI: Texture pool is 5661 MB (70% of 8088 MB)
[2018.06.20-19.40.49:941][  0]LogD3D11RHI: [Aftermath] Aftermath enabled and primed
[2018.06.20-19.40.49:941][  0]LogD3D11RHI: [Aftermath] Aftermath enabled and primed
[2018.06.20-19.40.49:941][  0]LogD3D11RHI: Async texture creation enabled
[2018.06.20-19.40.50:245][  0]LogD3D11RHI: GPU Timing Frequency: 1000.000000 (Debug: 2 2)
[2018.06.20-19.40.50:397][  0]LogShaderCompilers: Guid format shader working directory is -15 characters bigger than the processId version (C:/Users/maxsa/Desktop/Unreal Projects/UnrealForBeginnersTut/Intermediate/Shaders/WorkingDirectory/12652/).
[2018.06.20-19.40.50:407][  0]LogShaderCompilers: Cleaned the shader compiler working directory 'C:/Users/maxsa/AppData/Local/Temp/UnrealShaderWorkingDir/F7FEEB1645DC555A8D77C3AF9AD888B8/'.
[2018.06.20-19.40.51:563][  0]LogTemp: Display: Loaded TP AllDesktopTargetPlatform
[2018.06.20-19.40.51:592][  0]LogTemp: Display: Loaded TP MacClientTargetPlatform
[2018.06.20-19.40.51:613][  0]LogTemp: Display: Loaded TP MacNoEditorTargetPlatform
[2018.06.20-19.40.51:628][  0]LogTemp: Display: Loaded TP MacServerTargetPlatform
[2018.06.20-19.40.51:664][  0]LogTemp: Display: Loaded TP MacTargetPlatform
[2018.06.20-19.40.51:679][  0]LogTemp: Display: Loaded TP WindowsClientTargetPlatform
[2018.06.20-19.40.51:693][  0]LogTemp: Display: Loaded TP WindowsNoEditorTargetPlatform
[2018.06.20-19.40.51:706][  0]LogTemp: Display: Loaded TP WindowsServerTargetPlatform
[2018.06.20-19.40.51:713][  0]LogTemp: Display: Loaded TP WindowsTargetPlatform
[2018.06.20-19.40.51:725][  0]LogTemp: Display: Loaded TP Android_ASTCTargetPlatform
[2018.06.20-19.40.51:737][  0]LogTemp: Display: Loaded TP Android_ATCTargetPlatform
[2018.06.20-19.40.51:749][  0]LogTemp: Display: Loaded TP Android_DXTTargetPlatform
[2018.06.20-19.40.51:761][  0]LogTemp: Display: Loaded TP Android_ETC1aTargetPlatform
[2018.06.20-19.40.51:772][  0]LogTemp: Display: Loaded TP Android_ETC1TargetPlatform
[2018.06.20-19.40.51:784][  0]LogTemp: Display: Loaded TP Android_ETC2TargetPlatform
[2018.06.20-19.40.51:808][  0]LogTemp: Display: Loaded TP Android_MultiTargetPlatform
[2018.06.20-19.40.51:808][  0]LogTemp: Display: Loaded TP Android_PVRTCTargetPlatform
[2018.06.20-19.40.51:831][  0]LogTemp: Display: Loaded TP AndroidTargetPlatform
[2018.06.20-19.40.51:832][  0]LogTemp: Display: Loaded TP HTML5TargetPlatform
[2018.06.20-19.40.51:954][  0]LogTemp: Display: Loaded TP IOSTargetPlatform
[2018.06.20-19.40.51:993][  0]LogTemp: Display: Loaded TP TVOSTargetPlatform
[2018.06.20-19.40.52:006][  0]LogTemp: Display: Loaded TP LinuxClientTargetPlatform
[2018.06.20-19.40.52:017][  0]LogTemp: Display: Loaded TP LinuxNoEditorTargetPlatform
[2018.06.20-19.40.52:029][  0]LogTemp: Display: Loaded TP LinuxServerTargetPlatform
[2018.06.20-19.40.52:062][  0]LogTemp: Display: Loaded TP LinuxTargetPlatform
[2018.06.20-19.40.52:062][  0]LogTargetPlatformManager: Display: Building Assets For Windows
[2018.06.20-19.40.53:195][  0]LogXGEController: Cleaning working directory: C:/Users/maxsa/AppData/Local/Temp/UnrealXGEWorkingDir/
[2018.06.20-19.40.53:195][  0]LogXGEController: Cannot use XGE Controller as Incredibuild is not installed on this machine.
[2018.06.20-19.40.53:201][  0]LogShaderCompilers: Cannot use XGE Shader Compiler as Incredibuild is not installed on this machine.
[2018.06.20-19.40.53:201][  0]LogShaderCompilers: Display: Using Local Shader Compiler.
[2018.06.20-19.40.56:206][  0]LogDerivedDataCache: Display: Max Cache Size: 512 MB
[2018.06.20-19.40.56:474][  0]LogDerivedDataCache: Loaded boot cache 0.27s 74MB C:/Users/maxsa/AppData/Local/UnrealEngine/4.19/DerivedDataCache/Boot.ddc.
[2018.06.20-19.40.56:474][  0]LogDerivedDataCache: Display: Loaded Boot cache: C:/Users/maxsa/AppData/Local/UnrealEngine/4.19/DerivedDataCache/Boot.ddc
[2018.06.20-19.40.56:474][  0]LogDerivedDataCache: FDerivedDataBackendGraph:  Pak pak cache file C:/Users/maxsa/Desktop/Unreal Projects/UnrealForBeginnersTut/DerivedDataCache/DDC.ddp not found, will not use a pak cache.
[2018.06.20-19.40.56:474][  0]LogDerivedDataCache: Unable to find inner node Pak for hierarchical cache Hierarchy.
[2018.06.20-19.40.56:474][  0]LogDerivedDataCache: FDerivedDataBackendGraph:  CompressedPak pak cache file C:/Users/maxsa/Desktop/Unreal Projects/UnrealForBeginnersTut/DerivedDataCache/Compressed.ddp not found, will not use a pak cache.
[2018.06.20-19.40.56:474][  0]LogDerivedDataCache: Unable to find inner node CompressedPak for hierarchical cache Hierarchy.
[2018.06.20-19.40.56:601][  0]LogDerivedDataCache: Display: Pak cache opened for reading ../../../Engine/DerivedDataCache/Compressed.ddp.
[2018.06.20-19.40.56:615][  0]LogDerivedDataCache: Using Local data cache path C:/Users/maxsa/AppData/Local/UnrealEngine/Common/DerivedDataCache: Writable
[2018.06.20-19.40.56:615][  0]LogDerivedDataCache: Shared data cache path not found in *engine.ini, will not use an Shared cache.
[2018.06.20-19.40.56:615][  0]LogDerivedDataCache: Unable to find inner node Shared for hierarchical cache Hierarchy.
[2018.06.20-19.40.56:691][  0]LogMaterial: Verifying Global Shaders for PCD3D_SM5
[2018.06.20-19.40.56:757][  0]LogSlate: Using Freetype 2.6.0
[2018.06.20-19.40.56:857][  0]LogSlate: SlateFontCache - WITH_FREETYPE: 1, WITH_HARFBUZZ: 1
[2018.06.20-19.40.56:857][  0]LogSlate: SlateFontCache - WITH_FREETYPE: 1, WITH_HARFBUZZ: 1
[2018.06.20-19.41.02:292][  0]LogAssetRegistry: FAssetRegistry took 0.0304 seconds to start up
[2018.06.20-19.41.06:592][  0]LogInit: Selected Device Profile: [Windows]
[2018.06.20-19.41.09:707][  0]LogSimplygon: Simplygon DLL not present - disabling.
[2018.06.20-19.41.09:746][  0]LogMeshReduction: Using SimplygonSwarm for distributed automatic mesh merging
[2018.06.20-19.41.09:757][  0]LogMeshReduction: Using QuadricMeshReduction for automatic static mesh reduction
[2018.06.20-19.41.09:758][  0]LogMeshReduction: No automatic skeletal mesh reduction module available
[2018.06.20-19.41.09:758][  0]LogMeshReduction: No automatic mesh merging module available
[2018.06.20-19.41.09:758][  0]LogMeshMerging: No automatic mesh merging module available
[2018.06.20-19.41.10:310][  0]LogNetVersion: UE4forbeginners , NetCL: 3944462, EngineNetVer: 2, GameNetVer: 0 (Checksum: 240379116)
[2018.06.20-19.41.15:143][  0]LogPackageLocalizationCache: Processed 9 localized package path(s) for 2 prioritized culture(s) in 0.171664 seconds
[2018.06.20-19.41.15:155][  0]LogUObjectArray: 36728 objects as part of root set at end of initial load.
[2018.06.20-19.41.15:155][  0]LogUObjectAllocator: 7314304 out of 0 bytes used by permanent object pool.
[2018.06.20-19.41.15:155][  0]LogUObjectArray: CloseDisregardForGC: 0/0 objects in disregard for GC pool
[2018.06.20-19.41.26:725][  0]LogTcpMessaging: Initializing TcpMessaging bridge
[2018.06.20-19.41.26:751][  0]LogUdpMessaging: Initializing bridge on interface 0.0.0.0:0 to multicast group 230.0.0.1:6666.
[2018.06.20-19.41.27:363][  0]SourceControl: Source control is disabled
[2018.06.20-19.41.27:363][  0]SourceControl: Source control is disabled
[2018.06.20-19.41.27:379][  0]SourceControl: Source control is disabled
[2018.06.20-19.41.27:394][  0]SourceControl: Source control is disabled
[2018.06.20-19.41.28:045][  0]LogAndroidPermission: UAndroidPermissionCallbackProxy::GetInstance
[2018.06.20-19.41.28:197][  0]LogOcInput: OculusInput pre-init called
[2018.06.20-19.41.28:645][  0]LogEngine: Initializing Engine...
[2018.06.20-19.41.28:771][  0]LogHMD: Failed to initialize OpenVR with code 105
[2018.06.20-19.41.28:801][  0]LogStats: UGameplayTagsManager::ConstructGameplayTagTree: Construct from data asset -  0.000 s
[2018.06.20-19.41.28:802][  0]LogStats: UGameplayTagsManager::ConstructGameplayTagTree: GameplayTagTreeChangedEvent.Broadcast -  0.000 s
[2018.06.20-19.41.30:015][  0]LogAIModule: Creating AISystem for world Untitled
[2018.06.20-19.41.30:181][  0]LogInit: XAudio2 using 'Headphones (Realtek High Definition Audio)' : 2 channels at 48 kHz using 32 bits per sample (channel mask 0x3)
[2018.06.20-19.41.30:201][  0]LogInit: FAudioDevice initialized.
[2018.06.20-19.41.30:244][  0]LogDerivedDataCache: Saved boot cache 0.04s 74MB C:/Users/maxsa/AppData/Local/UnrealEngine/4.19/DerivedDataCache/Boot.ddc.
[2018.06.20-19.41.30:267][  0]LogInit: Texture streaming: Enabled
[2018.06.20-19.41.30:340][  0]LogEngineSessionManager: EngineSessionManager initialized
[2018.06.20-19.41.30:509][  0]LogInit: Transaction tracking system initialized
[2018.06.20-19.41.30:818][  0]BlueprintLog: New page: Editor Load
[2018.06.20-19.41.31:723][  0]LocalizationService: Localization service is disabled
[2018.06.20-19.41.32:287][  0]LogConsoleResponse: Display: 
[2018.06.20-19.41.35:756][  0]LogFileCache: Scanning file cache for directory 'C:/Users/maxsa/Desktop/Unreal Projects/UnrealForBeginnersTut/Content/' took 0.02s
[2018.06.20-19.41.35:756][  0]LogCook: Display: Max memory allowance for cook 16384mb min free memory 0mb
[2018.06.20-19.41.35:756][  0]LogCook: Display: Mobile HDR setting 1
[2018.06.20-19.41.35:756][  0]LogGameplayTags: Display: UGameplayTagsManager::DoneAddingNativeTags. DelegateIsBound: 0
[2018.06.20-19.41.35:757][  0]LogStats: UGameplayTagsManager::ConstructGameplayTagTree: Construct from data asset -  0.000 s
[2018.06.20-19.41.35:757][  0]LogStats: UGameplayTagsManager::ConstructGameplayTagTree: GameplayTagTreeChangedEvent.Broadcast -  0.000 s
[2018.06.20-19.41.38:722][  0]SourceControl: Source control is disabled
[2018.06.20-19.41.38:784][  0]Cmd: MAP LOAD FILE="C:/Users/maxsa/Desktop/Unreal Projects/UnrealForBeginnersTut/Content/FirstPersonBP/Maps/FirstPersonExampleMap.umap" TEMPLATE=0 SHOWPROGRESS=1 FEATURELEVEL=3
[2018.06.20-19.41.38:850][  0]LightingResults: New page: Lighting Build
[2018.06.20-19.41.39:044][  0]MapCheck: New page: Map Check
[2018.06.20-19.41.39:044][  0]LightingResults: New page: Lighting Build
[2018.06.20-19.41.39:834][  0]LogUObjectGlobals: Created PersistentFrame Addr=0x00000233debf9f30, Size=72, Default__FirstPerson_AnimBP_C Function /Game/FirstPerson/Animations/FirstPerson_AnimBP.FirstPerson_AnimBP_C:ExecuteUbergraph_FirstPerson_AnimBP
[2018.06.20-19.41.39:925][  0]LogUObjectGlobals: Destroyed PersistentFrame Addr=0x00000233debf9f30, Size=72
[2018.06.20-19.41.39:926][  0]LogUObjectGlobals: Created PersistentFrame Addr=0x00000233dec53970, Size=72, Default__FirstPerson_AnimBP_C Function /Engine/Transient.REINST_FirstPerson_AnimBP_C_0:ExecuteUbergraph_FirstPerson_AnimBP
[2018.06.20-19.41.40:024][  0]LogUObjectGlobals: Created PersistentFrame Addr=0x00000233bf001b20, Size=72, Default__FirstPerson_AnimBP_C Function /Game/FirstPerson/Animations/FirstPerson_AnimBP.FirstPerson_AnimBP_C:ExecuteUbergraph_FirstPerson_AnimBP
[2018.06.20-19.41.40:088][  0]LogUObjectGlobals: Created PersistentFrame Addr=0x00000233de306700, Size=256, Default__FirstPersonProjectile_C Function /Game/FirstPersonBP/Blueprints/FirstPersonProjectile.FirstPersonProjectile_C:ExecuteUbergraph_FirstPersonProjectile
[2018.06.20-19.41.40:118][  0]LogUObjectGlobals: Destroyed PersistentFrame Addr=0x00000233de306700, Size=256
[2018.06.20-19.41.40:118][  0]LogUObjectGlobals: Created PersistentFrame Addr=0x00000233de306700, Size=256, Default__FirstPersonProjectile_C Function /Engine/Transient.REINST_FirstPersonProjectile_C_4:ExecuteUbergraph_FirstPersonProjectile
[2018.06.20-19.41.40:122][  0]LogUObjectGlobals: Created PersistentFrame Addr=0x00000233de304b00, Size=256, Default__FirstPersonProjectile_C Function /Game/FirstPersonBP/Blueprints/FirstPersonProjectile.FirstPersonProjectile_C:ExecuteUbergraph_FirstPersonProjectile
[2018.06.20-19.41.40:466][  0]LogUObjectGlobals: Created PersistentFrame Addr=0x00000233c9edca00, Size=688, Default__FirstPersonCharacter_C Function /Game/FirstPersonBP/Blueprints/FirstPersonCharacter.FirstPersonCharacter_C:ExecuteUbergraph_FirstPersonCharacter
[2018.06.20-19.41.40:506][  0]LogUObjectGlobals: Destroyed PersistentFrame Addr=0x00000233c9edca00, Size=688
[2018.06.20-19.41.40:506][  0]LogUObjectGlobals: Created PersistentFrame Addr=0x00000233c4a71c00, Size=688, Default__FirstPersonCharacter_C Function /Engine/Transient.REINST_FirstPersonCharacter_C_6:ExecuteUbergraph_FirstPersonCharacter
[2018.06.20-19.41.40:544][  0]LogUObjectGlobals: Created PersistentFrame Addr=0x00000233c49a7d00, Size=688, Default__FirstPersonCharacter_C Function /Game/FirstPersonBP/Blueprints/FirstPersonCharacter.FirstPersonCharacter_C:ExecuteUbergraph_FirstPersonCharacter
[2018.06.20-19.41.40:970][  0]LogUObjectGlobals: Created PersistentFrame Addr=0x00000233c11abf90, Size=52, Default__FirstPersonHUD_C Function /Game/FirstPersonBP/Blueprints/FirstPersonHUD.FirstPersonHUD_C:ExecuteUbergraph_FirstPersonHUD
[2018.06.20-19.41.40:973][  0]LogUObjectGlobals: Destroyed PersistentFrame Addr=0x00000233c11abf90, Size=52
[2018.06.20-19.41.40:973][  0]LogUObjectGlobals: Created PersistentFrame Addr=0x00000233c11abf90, Size=52, Default__FirstPersonHUD_C Function /Engine/Transient.REINST_FirstPersonHUD_C_10:ExecuteUbergraph_FirstPersonHUD
[2018.06.20-19.41.40:975][  0]LogUObjectGlobals: Created PersistentFrame Addr=0x00000233c11ab8c8, Size=52, Default__FirstPersonHUD_C Function /Game/FirstPersonBP/Blueprints/FirstPersonHUD.FirstPersonHUD_C:ExecuteUbergraph_FirstPersonHUD
[2018.06.20-19.41.41:461][  0]LogSkeletalMesh: Skeletal Mesh found in DDC [27.342047ms] /Game/FirstPerson/Character/Mesh/SK_Mannequin_Arms.SK_Mannequin_Arms
[2018.06.20-19.41.41:728][  0]LogSkeletalMesh: Skeletal Mesh found in DDC [15.656205ms] /Game/FirstPerson/FPWeapon/Mesh/SK_FPGun.SK_FPGun
[2018.06.20-19.41.41:989][  0]LogAIModule: Creating AISystem for world FirstPersonExampleMap
[2018.06.20-19.41.42:677][  0]LogEditorServer: Finished looking for orphan Actors (0.000 secs)
[2018.06.20-19.41.42:769][  0]LogUObjectGlobals: Destroyed PersistentFrame Addr=0x00000233dec53970, Size=72
[2018.06.20-19.41.42:777][  0]LogUObjectGlobals: Destroyed PersistentFrame Addr=0x00000233de306700, Size=256
[2018.06.20-19.41.42:777][  0]LogUObjectGlobals: Destroyed PersistentFrame Addr=0x00000233c4a71c00, Size=688
[2018.06.20-19.41.42:777][  0]LogUObjectGlobals: Destroyed PersistentFrame Addr=0x00000233c11abf90, Size=52
[2018.06.20-19.41.42:806][  0]Cmd: MAP CHECKDEP NOCLEARLOG
[2018.06.20-19.41.42:897][  0]MapCheck: Map check complete: 0 Error(s), 0 Warning(s), took 90.996ms to complete.
[2018.06.20-19.41.42:897][  0]LogFileHelpers: Loading map 'FirstPersonExampleMap' took 4.147
[2018.06.20-19.41.44:222][  0]LogCollectionManager: Loaded 0 collections in 0.001515 seconds
[2018.06.20-19.41.44:399][  0]LogFileCache: Scanning file cache for directory 'C:/Users/maxsa/Desktop/Unreal Projects/UnrealForBeginnersTut/Saved/Collections/' took 0.01s
[2018.06.20-19.41.44:399][  0]LogFileCache: Scanning file cache for directory 'C:/Users/maxsa/Desktop/Unreal Projects/UnrealForBeginnersTut/Content/Developers/maxsa/Collections/' took 0.01s
[2018.06.20-19.41.44:399][  0]LogFileCache: Scanning file cache for directory 'C:/Users/maxsa/Desktop/Unreal Projects/UnrealForBeginnersTut/Content/Collections/' took 0.01s
[2018.06.20-19.41.44:399][  0]LogCollectionManager: Rebuilt the GUID cache for 0 collections in 0.000000 seconds
[2018.06.20-19.41.44:414][  0]LogContentBrowser: Native class hierarchy populated in 0.0141 seconds. Added 2452 classes and 558 folders.
[2018.06.20-19.41.44:483][  0]LogContentBrowser: Native class hierarchy updated for 'WidgetCarousel' in 0.0003 seconds. Added 0 classes and 0 folders.
[2018.06.20-19.41.46:238][  0]LogContentBrowser: Native class hierarchy updated for 'AddContentDialog' in 0.0003 seconds. Added 0 classes and 0 folders.
[2018.06.20-19.41.46:276][  0]LogContentBrowser: Native class hierarchy updated for 'SceneOutliner' in 0.0003 seconds. Added 1 classes and 2 folders.
[2018.06.20-19.41.46:787][  0]LogSlate: Took 0.025853 seconds to synchronously load lazily loaded font '../../../Engine/Content/Slate/Fonts/Roboto-Regular.ttf' (155K)
[2018.06.20-19.41.46:825][  0]LogSlate: Took 0.033626 seconds to synchronously load lazily loaded font '../../../Engine/Content/Slate/Fonts/Roboto-Bold.ttf' (160K)
[2018.06.20-19.41.46:882][  0]LogSlate: Took 0.020244 seconds to synchronously load lazily loaded font '../../../Engine/Content/Editor/Slate/Fonts/FontAwesome.ttf' (139K)
[2018.06.20-19.41.47:496][  0]LogRenderer: Reallocating scene render targets to support 1208x576 Format 10 NumSamples 1 (Frame:1).
[2018.06.20-19.41.48:035][  0]LogContentBrowser: Native class hierarchy updated for 'HierarchicalLODOutliner' in 0.0002 seconds. Added 0 classes and 0 folders.
[2018.06.20-19.41.48:035][  0]LogLoad: (Engine Initialization) Total time: 83.46 seconds
[2018.06.20-19.41.48:035][  0]LogLoad: (Engine Initialization) Total Blueprint compile time: 0.00 seconds
[2018.06.20-19.41.48:482][  0]LogContentStreaming: Texture pool size now 1000 MB
[2018.06.20-19.41.49:414][  3]LogAssetRegistry: Asset discovery search completed in 47.1439 seconds
[2018.06.20-19.41.49:423][  3]LogCollectionManager: Rebuilt the object cache for 0 collections in 0.000001 seconds (found 0 objects)
[2018.06.20-19.41.49:423][  3]LogCollectionManager: Fixed up redirectors for 0 collections in 0.000112 seconds (updated 0 objects)
[2018.06.20-19.41.51:726][ 10]LogSlate: FSceneViewport::OnFocusLost() reason 0
[2018.06.20-19.41.52:636][110]LogSlate: Took 0.024751 seconds to synchronously load lazily loaded font '../../../Engine/Content/Slate/Fonts/Roboto-Light.ttf' (167K)
[2018.06.20-19.42.09:302][ 61]LogEditorViewport: Clicking on Actor (LMB): FirstPersonCharacter_C (FirstPersonCharacter)
[2018.06.20-19.42.32:970][647]LogEditorViewport: Clicking on Actor (context menu): StaticMeshActor (EditorCube9)
[2018.06.20-19.42.33:229][647]LogSlate: FSceneViewport::OnFocusLost() reason 2
[2018.06.20-19.42.34:488][777]LogEditorViewport: Clicking on Actor (LMB): StaticMeshActor (Wall1)
[2018.06.20-19.42.35:333][870]LogEditorViewport: Clicking on Actor (LMB): StaticMeshActor (EditorCube8)
[2018.06.20-19.42.37:185][ 83]LogEditorViewport: Clicking on Actor (context menu): StaticMeshActor (Wall1)
[2018.06.20-19.42.37:237][ 83]LogSlate: FSceneViewport::OnFocusLost() reason 2
[2018.06.20-19.42.38:243][192]LogEditorViewport: Clicking on Actor (LMB): StaticMeshActor (Wall1)
[2018.06.20-19.42.38:853][257]LogEditorViewport: Clicking on Actor (LMB): StaticMeshActor (EditorCube8)
[2018.06.20-19.42.40:918][495]LogEditorViewport: Clicking on Actor (LMB): StaticMeshActor (Floor)
[2018.06.20-19.42.45:711][ 52]LogSlate: Took 0.013144 seconds to synchronously load lazily loaded font '../../../Engine/Content/Slate/Fonts/Roboto-Italic.ttf' (157K)
[2018.06.20-19.42.48:155][107]LogSlate: FSceneViewport::OnFocusLost() reason 0
[2018.06.20-19.42.48:724][136]LogSlate: Took 0.000196 seconds to synchronously load lazily loaded font '../../../Engine/Content/Slate/Fonts/Roboto-Light.ttf' (167K)
[2018.06.20-19.42.51:012][368]LogSlate: Window 'Level_Chapter1_BuiltData - Generic Asset Editor' being destroyed
[2018.06.20-19.42.51:015][368]LogSlate: Window 'Level_Chapter1_BuiltData - Generic Asset Editor' being destroyed
[2018.06.20-19.42.52:482][538]LogSlate: FSceneViewport::OnFocusLost() reason 0
[2018.06.20-19.43.02:485][690]Cmd: MAP LOAD FILE="C:/Users/maxsa/Desktop/Unreal Projects/UnrealForBeginnersTut/Content/Maps/Level_Chapter1.umap" TEMPLATE=0 SHOWPROGRESS=1 FEATURELEVEL=3
[2018.06.20-19.43.02:499][690]LightingResults: New page: Lighting Build
[2018.06.20-19.43.02:501][690]LoadErrors: New page: Loading map: Level_Chapter1.umap
[2018.06.20-19.43.02:502][690]MapCheck: New page: Map Check
[2018.06.20-19.43.02:502][690]LightingResults: New page: Lighting Build
[2018.06.20-19.43.02:622][690]LogAIModule: Creating AISystem for world Level_Chapter1
[2018.06.20-19.43.02:660][690]LogEditorServer: Finished looking for orphan Actors (0.000 secs)
[2018.06.20-19.43.02:722][690]Cmd: MAP CHECKDEP NOCLEARLOG
[2018.06.20-19.43.02:782][690]MapCheck: Map check complete: 0 Error(s), 0 Warning(s), took 59.545ms to complete.
[2018.06.20-19.43.02:782][690]LogFileHelpers: Loading map 'Level_Chapter1' took 0.303
[2018.06.20-19.43.02:784][690]LogSlate: Window 'Open Level' being destroyed
[2018.06.20-19.43.05:118][965]LogEditorViewport: Clicking on Actor (LMB): StaticMeshActor (Floor)
[2018.06.20-19.43.06:085][ 72]Cmd: CAMERA ALIGN ACTIVEVIEWPORTONLY
[2018.06.20-19.43.34:901][921]Cmd: CAMERA ALIGN ACTIVEVIEWPORTONLY
[2018.06.20-19.43.37:963][285]Cmd: CAMERA ALIGN ACTIVEVIEWPORTONLY
[2018.06.20-19.44.15:662][719]LogSlate: FSceneViewport::OnFocusLost() reason 0
[2018.06.20-19.45.15:815][933]LogEditorViewport: Clicking on Actor (LMB): StaticMeshActor (Floor)
[2018.06.20-19.45.18:522][245]Cmd: CAMERA ALIGN ACTIVEVIEWPORTONLY
[2018.06.20-19.45.28:288][415]Cmd: DELETE
[2018.06.20-19.45.28:288][415]Cmd: ACTOR DELETE
[2018.06.20-19.45.28:365][415]LogEditorActor: Deleted Actor: StaticMeshActor
[2018.06.20-19.45.28:392][415]LogEditorActor: Deleted 1 Actors (0.055 secs)
[2018.06.20-19.46.06:773][496]LogSlate: FSceneViewport::OnFocusLost() reason 0
[2018.06.20-19.47.33:149][833]LogMaterial: Missing cached shader map for material LayerVisMaterial, compiling. 
[2018.06.20-19.47.33:298][833]LogShaderCompilers: Display: Shaders left to compile 8
[2018.06.20-19.47.33:298][833]LogMaterial: Missing cached shader map for material SelectBrushMaterial, compiling. 
[2018.06.20-19.47.33:474][833]LogShaderCompilers: Display: Shaders left to compile 20
[2018.06.20-19.47.33:474][833]LogShaderCompilers: Display: Shaders left to compile 10
[2018.06.20-19.47.33:474][833]LogMaterial: Missing cached shader map for material SelectBrushMaterial, compiling. 
[2018.06.20-19.47.33:775][833]LogMaterial: Missing cached shader map for material MaskBrushMaterial, compiling. 
[2018.06.20-19.47.33:899][833]LogMaterial: Missing cached shader map for material LandscapeLayerUsageMaterial, compiling. 
[2018.06.20-19.47.34:326][833]LogMaterial: Missing cached shader map for material CircleBrushMaterial, compiling. 
[2018.06.20-19.47.34:363][833]LogMaterial: Missing cached shader map for material CircleBrushMaterial, compiling. 
[2018.06.20-19.47.34:403][833]LogMaterial: Missing cached shader map for material CircleBrushMaterial, compiling. 
[2018.06.20-19.47.34:472][833]LogMaterial: Missing cached shader map for material CircleBrushMaterial, compiling. 
[2018.06.20-19.47.34:569][833]LogMaterial: Missing cached shader map for material AlphaBrushMaterial, compiling. 
[2018.06.20-19.47.34:623][833]LogMaterial: Missing cached shader map for material CircleBrushMaterial, compiling. 
[2018.06.20-19.47.34:661][833]LogMaterial: Missing cached shader map for material MaskBrushMaterial, compiling. 
[2018.06.20-19.47.34:774][833]LogTexture: Display: Building textures: Texture2D_2 (G8, 128X128)
[2018.06.20-19.47.37:338][925]LogShaderCompilers: Display: Shaders left to compile 188
[2018.06.20-19.47.38:486][ 46]LogShaderCompilers: Display: Shaders left to compile 178
[2018.06.20-19.47.38:486][ 46]LogShaderCompilers: Display: Shaders left to compile 168
[2018.06.20-19.47.40:515][ 47]LogShaderCompilers: Display: Shaders left to compile 158
[2018.06.20-19.47.40:515][ 47]LogShaderCompilers: Display: Shaders left to compile 148
[2018.06.20-19.47.40:568][ 49]LogShaderCompilers: Display: Shaders left to compile 138
[2018.06.20-19.47.42:018][ 52]LogShaderCompilers: Display: Shaders left to compile 128
[2018.06.20-19.47.42:018][ 52]LogShaderCompilers: Display: Shaders left to compile 118
[2018.06.20-19.47.42:448][ 53]LogShaderCompilers: Display: Shaders left to compile 108
[2018.06.20-19.47.43:524][ 54]LogShaderCompilers: Display: Shaders left to compile 98
[2018.06.20-19.47.43:887][ 55]LogShaderCompilers: Display: Shaders left to compile 88
[2018.06.20-19.47.44:261][ 57]LogShaderCompilers: Display: Shaders left to compile 78
[2018.06.20-19.47.45:329][ 58]LogShaderCompilers: Display: Shaders left to compile 68
[2018.06.20-19.47.45:684][ 60]LogShaderCompilers: Display: Shaders left to compile 58
[2018.06.20-19.47.46:101][ 65]LogShaderCompilers: Display: Shaders left to compile 48
[2018.06.20-19.47.47:150][ 67]LogShaderCompilers: Display: Shaders left to compile 38
[2018.06.20-19.47.47:484][ 68]LogShaderCompilers: Display: Shaders left to compile 28
[2018.06.20-19.47.47:840][ 70]LogShaderCompilers: Display: Shaders left to compile 18
[2018.06.20-19.47.49:009][ 72]LogShaderCompilers: Display: Shaders left to compile 8
[2018.06.20-19.53.03:817][127]LogSavePackage: Save=54.33ms
[2018.06.20-19.53.03:817][127]LogSavePackage: Moving 'C:/Users/maxsa/Desktop/Unreal Projects/UnrealForBeginnersTut/Saved/Level_Chapter1_Auto11514B2CF42078A3C38CE938A921476A5.tmp' to 'C:/Users/maxsa/Desktop/Unreal Projects/UnrealForBeginnersTut/Saved/Autosaves/Game/Maps/Level_Chapter1_Auto1.umap'
[2018.06.20-19.53.03:818][127]LogSavePackage: Display: Finished SavePackage C:/Users/maxsa/Desktop/Unreal Projects/UnrealForBeginnersTut/Saved/Autosaves/Game/Maps/Level_Chapter1_Auto1.umap
[2018.06.20-19.53.03:832][127]LogFileHelpers: Editor autosave (incl. sublevels) for '/Game/Maps/Level_Chapter1' took 0.115
[2018.06.20-19.53.03:832][127]LogFileHelpers: Editor autosave (incl. sublevels) for all levels took 0.115
[2018.06.20-19.53.58:384][594]Cmd: CAMERA ALIGN ACTIVEVIEWPORTONLY
[2018.06.20-19.54.02:879][127]LogSlate: FSceneViewport::OnFocusLost() reason 2
[2018.06.20-19.54.20:511][961]LogSlate: FSceneViewport::OnFocusLost() reason 0
[2018.06.20-19.54.22:140][144]LogTexture: Display: Building textures: Texture2D_0 (BGRA8, 256X256)
[2018.06.20-19.54.22:147][144]LogMaterial: Missing cached shader map for material WorldGridMaterial, compiling. Is special engine material.
[2018.06.20-19.54.29:857][144]LogShaderCompilers: Display: Shaders left to compile 112
[2018.06.20-19.54.29:857][144]LogShaderCompilers: Display: Shaders left to compile 111
[2018.06.20-19.54.29:857][144]LogShaderCompilers: Display: Shaders left to compile 110
[2018.06.20-19.54.29:857][144]LogShaderCompilers: Display: Shaders left to compile 109
[2018.06.20-19.54.29:857][144]LogShaderCompilers: Display: Shaders left to compile 108
[2018.06.20-19.54.29:857][144]LogShaderCompilers: Display: Shaders left to compile 107
[2018.06.20-19.54.29:857][144]LogShaderCompilers: Display: Shaders left to compile 106
[2018.06.20-19.54.29:857][144]LogShaderCompilers: Display: Shaders left to compile 105
[2018.06.20-19.54.29:857][144]LogShaderCompilers: Display: Shaders left to compile 104
[2018.06.20-19.54.29:857][144]LogShaderCompilers: Display: Shaders left to compile 103
[2018.06.20-19.54.29:857][144]LogShaderCompilers: Display: Shaders left to compile 102
[2018.06.20-19.54.29:857][144]LogShaderCompilers: Display: Shaders left to compile 101
[2018.06.20-19.54.29:857][144]LogShaderCompilers: Display: Shaders left to compile 100
[2018.06.20-19.54.29:858][144]LogShaderCompilers: Display: Shaders left to compile 99
[2018.06.20-19.54.29:858][144]LogShaderCompilers: Display: Shaders left to compile 98
[2018.06.20-19.54.29:858][144]LogShaderCompilers: Display: Shaders left to compile 97
[2018.06.20-19.54.29:858][144]LogShaderCompilers: Display: Shaders left to compile 96
[2018.06.20-19.54.29:858][144]LogShaderCompilers: Display: Shaders left to compile 95
[2018.06.20-19.54.29:858][144]LogShaderCompilers: Display: Shaders left to compile 94
[2018.06.20-19.54.29:858][144]LogShaderCompilers: Display: Shaders left to compile 93
[2018.06.20-19.54.29:858][144]LogShaderCompilers: Display: Shaders left to compile 92
[2018.06.20-19.54.29:858][144]LogShaderCompilers: Display: Shaders left to compile 91
[2018.06.20-19.54.29:858][144]LogShaderCompilers: Display: Shaders left to compile 90
[2018.06.20-19.54.29:858][144]LogShaderCompilers: Display: Shaders left to compile 89
[2018.06.20-19.54.29:858][144]LogShaderCompilers: Display: Shaders left to compile 88
[2018.06.20-19.54.29:858][144]LogShaderCompilers: Display: Shaders left to compile 87
[2018.06.20-19.54.29:858][144]LogShaderCompilers: Display: Shaders left to compile 86
[2018.06.20-19.54.29:858][144]LogShaderCompilers: Display: Shaders left to compile 85
[2018.06.20-19.54.29:858][144]LogShaderCompilers: Display: Shaders left to compile 84
[2018.06.20-19.54.29:858][144]LogShaderCompilers: Display: Shaders left to compile 83
[2018.06.20-19.54.29:858][144]LogShaderCompilers: Display: Shaders left to compile 82
[2018.06.20-19.54.29:858][144]LogShaderCompilers: Display: Shaders left to compile 81
[2018.06.20-19.54.29:858][144]LogShaderCompilers: Display: Shaders left to compile 80
[2018.06.20-19.54.29:858][144]LogShaderCompilers: Display: Shaders left to compile 79
[2018.06.20-19.54.29:858][144]LogShaderCompilers: Display: Shaders left to compile 78
[2018.06.20-19.54.29:858][144]LogShaderCompilers: Display: Shaders left to compile 77
[2018.06.20-19.54.29:858][144]LogShaderCompilers: Display: Shaders left to compile 76
[2018.06.20-19.54.29:858][144]LogShaderCompilers: Display: Shaders left to compile 75
[2018.06.20-19.54.29:858][144]LogShaderCompilers: Display: Shaders left to compile 74
[2018.06.20-19.54.29:858][144]LogShaderCompilers: Display: Shaders left to compile 73
[2018.06.20-19.54.29:858][144]LogShaderCompilers: Display: Shaders left to compile 72
[2018.06.20-19.54.29:858][144]LogShaderCompilers: Display: Shaders left to compile 71
[2018.06.20-19.54.29:858][144]LogShaderCompilers: Display: Shaders left to compile 70
[2018.06.20-19.54.29:858][144]LogShaderCompilers: Display: Shaders left to compile 69
[2018.06.20-19.54.29:858][144]LogShaderCompilers: Display: Shaders left to compile 68
[2018.06.20-19.54.29:858][144]LogShaderCompilers: Display: Shaders left to compile 67
[2018.06.20-19.54.29:858][144]LogShaderCompilers: Display: Shaders left to compile 66
[2018.06.20-19.54.29:858][144]LogShaderCompilers: Display: Shaders left to compile 65
[2018.06.20-19.54.29:858][144]LogShaderCompilers: Display: Shaders left to compile 64
[2018.06.20-19.54.29:858][144]LogShaderCompilers: Display: Shaders left to compile 63
[2018.06.20-19.54.29:858][144]LogShaderCompilers: Display: Shaders left to compile 62
[2018.06.20-19.54.29:858][144]LogShaderCompilers: Display: Shaders left to compile 61
[2018.06.20-19.54.29:858][144]LogShaderCompilers: Display: Shaders left to compile 60
[2018.06.20-19.54.29:858][144]LogShaderCompilers: Display: Shaders left to compile 59
[2018.06.20-19.54.29:858][144]LogShaderCompilers: Display: Shaders left to compile 58
[2018.06.20-19.54.29:858][144]LogShaderCompilers: Display: Shaders left to compile 57
[2018.06.20-19.54.29:858][144]LogShaderCompilers: Display: Shaders left to compile 56
[2018.06.20-19.54.29:858][144]LogShaderCompilers: Display: Shaders left to compile 55
[2018.06.20-19.54.29:858][144]LogShaderCompilers: Display: Shaders left to compile 54
[2018.06.20-19.54.29:858][144]LogShaderCompilers: Display: Shaders left to compile 53
[2018.06.20-19.54.29:858][144]LogShaderCompilers: Display: Shaders left to compile 52
[2018.06.20-19.54.29:858][144]LogShaderCompilers: Display: Shaders left to compile 51
[2018.06.20-19.54.29:858][144]LogShaderCompilers: Display: Shaders left to compile 50
[2018.06.20-19.54.29:858][144]LogShaderCompilers: Display: Shaders left to compile 49
[2018.06.20-19.54.29:858][144]LogShaderCompilers: Display: Shaders left to compile 48
[2018.06.20-19.54.29:858][144]LogShaderCompilers: Display: Shaders left to compile 47
[2018.06.20-19.54.29:858][144]LogShaderCompilers: Display: Shaders left to compile 46
[2018.06.20-19.54.29:858][144]LogShaderCompilers: Display: Shaders left to compile 45
[2018.06.20-19.54.29:858][144]LogShaderCompilers: Display: Shaders left to compile 44
[2018.06.20-19.54.29:858][144]LogShaderCompilers: Display: Shaders left to compile 43
[2018.06.20-19.54.29:858][144]LogShaderCompilers: Display: Shaders left to compile 42
[2018.06.20-19.54.29:858][144]LogShaderCompilers: Display: Shaders left to compile 41
[2018.06.20-19.54.29:858][144]LogShaderCompilers: Display: Shaders left to compile 40
[2018.06.20-19.54.29:858][144]LogShaderCompilers: Display: Shaders left to compile 39
[2018.06.20-19.54.29:858][144]LogShaderCompilers: Display: Shaders left to compile 38
[2018.06.20-19.54.29:858][144]LogShaderCompilers: Display: Shaders left to compile 37
[2018.06.20-19.54.29:858][144]LogShaderCompilers: Display: Shaders left to compile 36
[2018.06.20-19.54.29:858][144]LogShaderCompilers: Display: Shaders left to compile 35
[2018.06.20-19.54.29:858][144]LogShaderCompilers: Display: Shaders left to compile 34
[2018.06.20-19.54.29:858][144]LogShaderCompilers: Display: Shaders left to compile 33
[2018.06.20-19.54.29:858][144]LogShaderCompilers: Display: Shaders left to compile 32
[2018.06.20-19.54.29:858][144]LogShaderCompilers: Display: Shaders left to compile 31
[2018.06.20-19.54.29:858][144]LogShaderCompilers: Display: Shaders left to compile 30
[2018.06.20-19.54.29:858][144]LogShaderCompilers: Display: Shaders left to compile 29
[2018.06.20-19.54.29:859][144]LogShaderCompilers: Display: Shaders left to compile 28
[2018.06.20-19.54.29:859][144]LogShaderCompilers: Display: Shaders left to compile 27
[2018.06.20-19.54.29:859][144]LogShaderCompilers: Display: Shaders left to compile 26
[2018.06.20-19.54.29:859][144]LogShaderCompilers: Display: Shaders left to compile 25
[2018.06.20-19.54.29:859][144]LogShaderCompilers: Display: Shaders left to compile 24
[2018.06.20-19.54.29:859][144]LogShaderCompilers: Display: Shaders left to compile 23
[2018.06.20-19.54.29:859][144]LogShaderCompilers: Display: Shaders left to compile 22
[2018.06.20-19.54.29:859][144]LogShaderCompilers: Display: Shaders left to compile 21
[2018.06.20-19.54.29:859][144]LogShaderCompilers: Display: Shaders left to compile 20
[2018.06.20-19.54.29:859][144]LogShaderCompilers: Display: Shaders left to compile 19
[2018.06.20-19.54.29:859][144]LogShaderCompilers: Display: Shaders left to compile 18
[2018.06.20-19.54.29:859][144]LogShaderCompilers: Display: Shaders left to compile 17
[2018.06.20-19.54.29:859][144]LogShaderCompilers: Display: Shaders left to compile 16
[2018.06.20-19.54.29:859][144]LogShaderCompilers: Display: Shaders left to compile 15
[2018.06.20-19.54.29:859][144]LogShaderCompilers: Display: Shaders left to compile 14
[2018.06.20-19.54.29:859][144]LogShaderCompilers: Display: Shaders left to compile 13
[2018.06.20-19.54.29:859][144]LogShaderCompilers: Display: Shaders left to compile 12
[2018.06.20-19.54.29:859][144]LogShaderCompilers: Display: Shaders left to compile 11
[2018.06.20-19.54.29:859][144]LogShaderCompilers: Display: Shaders left to compile 10
[2018.06.20-19.54.29:859][144]LogShaderCompilers: Display: Shaders left to compile 9
[2018.06.20-19.54.29:859][144]LogShaderCompilers: Display: Shaders left to compile 8
[2018.06.20-19.54.29:859][144]LogShaderCompilers: Display: Shaders left to compile 7
[2018.06.20-19.54.29:859][144]LogShaderCompilers: Display: Shaders left to compile 6
[2018.06.20-19.54.29:859][144]LogShaderCompilers: Display: Shaders left to compile 5
[2018.06.20-19.54.29:859][144]LogShaderCompilers: Display: Shaders left to compile 4
[2018.06.20-19.54.29:859][144]LogShaderCompilers: Display: Shaders left to compile 3
[2018.06.20-19.54.29:859][144]LogShaderCompilers: Display: Shaders left to compile 2
[2018.06.20-19.54.29:859][144]LogShaderCompilers: Display: Shaders left to compile 1
[2018.06.20-19.55.36:736][  6]LogSlate: FSceneViewport::OnFocusLost() reason 0
[2018.06.20-19.55.37:369][ 78]Cmd: OBJ SAVEPACKAGE PACKAGE="/Game/Maps/Level_Chapter1" FILE="C:/Users/maxsa/Desktop/Unreal Projects/UnrealForBeginnersTut/Content/Maps/Level_Chapter1.umap" SILENT=true AUTOSAVING=false KEEPDIRTY=false
[2018.06.20-19.55.37:523][ 78]LogSavePackage: Save=141.19ms
[2018.06.20-19.55.37:523][ 78]LogSavePackage: Moving 'C:/Users/maxsa/Desktop/Unreal Projects/UnrealForBeginnersTut/Saved/Level_Chapter1DBAE198746507FD966E38FA072DF8C72.tmp' to 'C:/Users/maxsa/Desktop/Unreal Projects/UnrealForBeginnersTut/Content/Maps/Level_Chapter1.umap'
[2018.06.20-19.55.37:528][ 78]LogSavePackage: Display: Finished SavePackage C:/Users/maxsa/Desktop/Unreal Projects/UnrealForBeginnersTut/Content/Maps/Level_Chapter1.umap
[2018.06.20-19.55.37:550][ 78]Cmd: OBJ SAVEPACKAGE PACKAGE="/Game/Maps/Level_Chapter1_BuiltData" FILE="C:/Users/maxsa/Desktop/Unreal Projects/UnrealForBeginnersTut/Content/Maps/Level_Chapter1_BuiltData.uasset" SILENT=true
[2018.06.20-19.55.37:571][ 78]LogSavePackage: Save=13.36ms
[2018.06.20-19.55.37:571][ 78]LogSavePackage: Moving 'C:/Users/maxsa/Desktop/Unreal Projects/UnrealForBeginnersTut/Saved/Level_Chapter1_BuiltDataEEE6FC9544FDCF9840A09D96A052871F.tmp' to 'C:/Users/maxsa/Desktop/Unreal Projects/UnrealForBeginnersTut/Content/Maps/Level_Chapter1_BuiltData.uasset'
[2018.06.20-19.55.37:572][ 78]LogSavePackage: Display: Finished SavePackage C:/Users/maxsa/Desktop/Unreal Projects/UnrealForBeginnersTut/Content/Maps/Level_Chapter1_BuiltData.uasset
[2018.06.20-19.55.49:656][517]LogSlate: FSceneViewport::OnFocusLost() reason 0
[2018.06.20-19.55.49:813][526]LogSlate: Window 'UE4forbeginners - Unreal Editor' being destroyed
[2018.06.20-19.55.50:016][527]Cmd: QUIT_EDITOR
[2018.06.20-19.55.50:111][527]LogWindowsTextInputMethodSystem: Display: IME system now deactivated.
[2018.06.20-19.55.50:122][527]LogSlate: Slate User Destroyed.  User Index 0, Is Virtual User: 0
[2018.06.20-19.55.50:132][527]LogExit: Preparing to exit.
[2018.06.20-19.55.51:131][527]LogExit: Editor shut down
[2018.06.20-19.55.51:134][527]LogExit: Transaction tracking system shut down
[2018.06.20-19.55.51:135][527]LogUObjectGlobals: Destroyed PersistentFrame Addr=0x00000233bf001b20, Size=72
[2018.06.20-19.55.51:135][527]LogUObjectGlobals: Destroyed PersistentFrame Addr=0x00000233de304b00, Size=256
[2018.06.20-19.55.51:135][527]LogUObjectGlobals: Destroyed PersistentFrame Addr=0x00000233c49a7d00, Size=688
[2018.06.20-19.55.51:136][527]LogUObjectGlobals: Destroyed PersistentFrame Addr=0x00000233c11ab8c8, Size=52
[2018.06.20-19.55.51:225][527]LogDirectoryWatcher: A directory notification for '../../../Engine/Content/' was aborted.
[2018.06.20-19.55.51:225][527]LogDirectoryWatcher: A directory notification for 'C:/Users/maxsa/Desktop/Unreal Projects/UnrealForBeginnersTut/Content/' was aborted.
[2018.06.20-19.55.51:225][527]LogDirectoryWatcher: A directory notification for '../../Plugins/2D/Paper2D/Content/' was aborted.
[2018.06.20-19.55.51:225][527]LogDirectoryWatcher: A directory notification for '../../Plugins/Enterprise/DatasmithContent/Content/' was aborted.
[2018.06.20-19.55.51:225][527]LogDirectoryWatcher: A directory notification for '../../Plugins/Media/MediaCompositing/Content/' was aborted.
[2018.06.20-19.55.51:225][527]LogDirectoryWatcher: A directory notification for '../../Plugins/Runtime/AppleARKit/Content/' was aborted.
[2018.06.20-19.55.51:226][527]LogDirectoryWatcher: A directory notification for '../../Plugins/Runtime/Oculus/OculusVR/Content/' was aborted.
[2018.06.20-19.55.51:226][527]LogDirectoryWatcher: A directory notification for '../../Plugins/Runtime/Steam/SteamVR/Content/' was aborted.
[2018.06.20-19.55.51:599][527]LogExit: Object subsystem successfully closed.
[2018.06.20-19.55.51:655][527]LogShaderCompilers: Display: Shaders left to compile 0
[2018.06.20-19.55.51:659][527]LogD3D11RHI: Shutdown
[2018.06.20-19.55.51:659][527]LogD3D11RHI: CleanupD3DDevice
[2018.06.20-19.55.51:664][527]LogD3D11RHI: ~FD3D11DynamicRHI
[2018.06.20-19.55.51:880][527]LogModuleManager: Shutting down and abandoning module HierarchicalLODOutliner (574)
[2018.06.20-19.55.51:880][527]LogModuleManager: Shutting down and abandoning module SceneOutliner (572)
[2018.06.20-19.55.51:880][527]LogModuleManager: Shutting down and abandoning module AddContentDialog (570)
[2018.06.20-19.55.51:890][527]LogDirectoryWatcher: A directory notification for 'E:/UE_4.19/FeaturePacks/' was aborted.
[2018.06.20-19.55.51:891][527]LogModuleManager: Shutting down and abandoning module WidgetCarousel (569)
[2018.06.20-19.55.51:891][527]LogModuleManager: Shutting down and abandoning module EditorWidgets (566)
[2018.06.20-19.55.51:891][527]LogModuleManager: Shutting down and abandoning module CollectionManager (564)
[2018.06.20-19.55.51:891][527]LogDirectoryWatcher: A directory notification for 'C:/Users/maxsa/Desktop/Unreal Projects/UnrealForBeginnersTut/Content/Collections/' was aborted.
[2018.06.20-19.55.51:891][527]LogDirectoryWatcher: A directory notification for 'C:/Users/maxsa/Desktop/Unreal Projects/UnrealForBeginnersTut/Content/Developers/maxsa/Collections/' was aborted.
[2018.06.20-19.55.51:891][527]LogDirectoryWatcher: A directory notification for 'C:/Users/maxsa/Desktop/Unreal Projects/UnrealForBeginnersTut/Saved/Collections/' was aborted.
[2018.06.20-19.55.51:891][527]LogModuleManager: Shutting down and abandoning module StatsViewer (562)
[2018.06.20-19.55.51:891][527]LogModuleManager: Shutting down and abandoning module FoliageEdit (560)
[2018.06.20-19.55.51:891][527]LogModuleManager: Shutting down and abandoning module LandscapeEditor (558)
[2018.06.20-19.55.51:892][527]LogModuleManager: Shutting down and abandoning module MeshPaintMode (556)
[2018.06.20-19.55.51:892][527]LogModuleManager: Shutting down and abandoning module SceneDepthPickerMode (554)
[2018.06.20-19.55.51:892][527]LogModuleManager: Shutting down and abandoning module ActorPickerMode (552)
[2018.06.20-19.55.51:892][527]LogModuleManager: Shutting down and abandoning module GeometryMode (550)
[2018.06.20-19.55.51:892][527]LogModuleManager: Shutting down and abandoning module TextureAlignMode (548)
[2018.06.20-19.55.51:892][527]LogModuleManager: Shutting down and abandoning module BspMode (546)
[2018.06.20-19.55.51:892][527]LogModuleManager: Shutting down and abandoning module PIEPreviewDeviceProfileSelector (544)
[2018.06.20-19.55.51:892][527]LogModuleManager: Shutting down and abandoning module HardwareSurvey (542)
[2018.06.20-19.55.51:892][527]LogModuleManager: Shutting down and abandoning module SequenceRecorderSections (540)
[2018.06.20-19.55.51:892][527]LogModuleManager: Shutting down and abandoning module AutomationWorker (538)
[2018.06.20-19.55.51:892][527]LogModuleManager: Shutting down and abandoning module AudioCaptureEditor (536)
[2018.06.20-19.55.51:892][527]LogModuleManager: Shutting down and abandoning module SequenceRecorder (535)
[2018.06.20-19.55.51:892][527]LogModuleManager: Shutting down and abandoning module MatineeToLevelSequence (532)
[2018.06.20-19.55.51:892][527]LogModuleManager: Shutting down and abandoning module LevelSequenceEditor (530)
[2018.06.20-19.55.51:906][527]LogModuleManager: Shutting down and abandoning module PlacementMode (529)
[2018.06.20-19.55.51:906][527]LogModuleManager: Shutting down and abandoning module MaterialEditor (528)
[2018.06.20-19.55.51:933][527]LogModuleManager: Shutting down and abandoning module WmfMediaFactory (524)
[2018.06.20-19.55.51:933][527]LogModuleManager: Shutting down and abandoning module WmfMediaEditor (522)
[2018.06.20-19.55.51:933][527]LogModuleManager: Shutting down and abandoning module MediaPlayerEditor (520)
[2018.06.20-19.55.51:933][527]LogModuleManager: Shutting down and abandoning module OpenExrWrapper (518)
[2018.06.20-19.55.51:933][527]LogModuleManager: Shutting down and abandoning module ImgMediaFactory (516)
[2018.06.20-19.55.51:933][527]LogModuleManager: Shutting down and abandoning module ImgMediaEditor (514)
[2018.06.20-19.55.51:933][527]LogModuleManager: Shutting down and abandoning module AvfMediaFactory (512)
[2018.06.20-19.55.51:933][527]LogModuleManager: Shutting down and abandoning module AvfMediaEditor (510)
[2018.06.20-19.55.51:933][527]LogModuleManager: Shutting down and abandoning module AndroidMediaFactory (508)
[2018.06.20-19.55.51:933][527]LogModuleManager: Shutting down and abandoning module AndroidMediaEditor (506)
[2018.06.20-19.55.51:933][527]LogModuleManager: Shutting down and abandoning module CharacterAI (504)
[2018.06.20-19.55.51:933][527]LogModuleManager: Shutting down and abandoning module SmartSnapping (502)
[2018.06.20-19.55.51:933][527]LogModuleManager: Shutting down and abandoning module SessionServices (500)
[2018.06.20-19.55.51:933][527]LogModuleManager: Shutting down and abandoning module ViewportSnapping (498)
[2018.06.20-19.55.51:934][527]LogModuleManager: Shutting down and abandoning module ViewportInteraction (496)
[2018.06.20-19.55.51:934][527]LogModuleManager: Shutting down and abandoning module ClothPainter (494)
[2018.06.20-19.55.51:934][527]LogModuleManager: Shutting down and abandoning module SkeletalMeshEditor (493)
[2018.06.20-19.55.51:948][527]LogModuleManager: Shutting down and abandoning module LogVisualizer (490)
[2018.06.20-19.55.51:948][527]LogModuleManager: Shutting down and abandoning module IntroTutorials (488)
[2018.06.20-19.55.51:948][527]LogModuleManager: Shutting down and abandoning module GameProjectGeneration (487)
[2018.06.20-19.55.51:964][527]LogModuleManager: Shutting down and abandoning module IOSPlatformEditor (484)
[2018.06.20-19.55.51:964][527]LogModuleManager: Shutting down and abandoning module HTML5PlatformEditor (482)
[2018.06.20-19.55.51:964][527]LogModuleManager: Shutting down and abandoning module AndroidPlatformEditor (480)
[2018.06.20-19.55.51:964][527]LogModuleManager: Shutting down and abandoning module AndroidDeviceDetection (479)
[2018.06.20-19.55.52:344][527]LogModuleManager: Shutting down and abandoning module WindowsPlatformEditor (476)
[2018.06.20-19.55.52:344][527]LogModuleManager: Shutting down and abandoning module IOSRuntimeSettings (474)
[2018.06.20-19.55.52:344][527]LogModuleManager: Shutting down and abandoning module AndroidRuntimeSettings (472)
[2018.06.20-19.55.52:344][527]LogModuleManager: Shutting down and abandoning module InputBindingEditor (470)
[2018.06.20-19.55.52:344][527]LogModuleManager: Shutting down and abandoning module MergeActors (468)
[2018.06.20-19.55.52:349][527]LogModuleManager: Shutting down and abandoning module LocalizationDashboard (466)
[2018.06.20-19.55.52:354][527]LogModuleManager: Shutting down and abandoning module LocalizationService (465)
[2018.06.20-19.55.52:354][527]LogModuleManager: Shutting down and abandoning module HardwareTargeting (462)
[2018.06.20-19.55.52:354][527]LogModuleManager: Shutting down and abandoning module DeviceProfileEditor (460)
[2018.06.20-19.55.52:354][527]LogModuleManager: Shutting down and abandoning module UndoHistory (458)
[2018.06.20-19.55.52:354][527]LogModuleManager: Shutting down and abandoning module XmlParser (456)
[2018.06.20-19.55.52:354][527]LogModuleManager: Shutting down and abandoning module Blutility (454)
[2018.06.20-19.55.52:354][527]LogModuleManager: Shutting down and abandoning module ProjectSettingsViewer (452)
[2018.06.20-19.55.52:354][527]LogModuleManager: Shutting down and abandoning module ProjectTargetPlatformEditor (451)
[2018.06.20-19.55.52:354][527]LogModuleManager: Shutting down and abandoning module EditorSettingsViewer (448)
[2018.06.20-19.55.52:354][527]LogModuleManager: Shutting down and abandoning module SettingsEditor (446)
[2018.06.20-19.55.52:365][527]LogModuleManager: Shutting down and abandoning module ProjectLauncher (444)
[2018.06.20-19.55.52:374][527]LogModuleManager: Shutting down and abandoning module SessionFrontend (442)
[2018.06.20-19.55.52:375][527]LogModuleManager: Shutting down and abandoning module ProfilerClient (440)
[2018.06.20-19.55.52:383][527]LogModuleManager: Shutting down and abandoning module DeviceManager (438)
[2018.06.20-19.55.52:383][527]LogModuleManager: Shutting down and abandoning module TargetDeviceServices (437)
[2018.06.20-19.55.52:437][527]LogModuleManager: Shutting down and abandoning module AutomationController (434)
[2018.06.20-19.55.52:437][527]LogModuleManager: Shutting down and abandoning module AutomationWindow (432)
[2018.06.20-19.55.52:451][527]LogModuleManager: Shutting down and abandoning module Layers (430)
[2018.06.20-19.55.52:463][527]LogModuleManager: Shutting down and abandoning module ComponentVisualizers (428)
[2018.06.20-19.55.52:463][527]LogModuleManager: Shutting down and abandoning module DetailCustomizations (426)
[2018.06.20-19.55.52:463][527]LogModuleManager: Shutting down and abandoning module PackagesDialog (424)
[2018.06.20-19.55.52:463][527]LogModuleManager: Shutting down and abandoning module Persona (422)
[2018.06.20-19.55.52:472][527]LogModuleManager: Shutting down and abandoning module AdvancedPreviewScene (421)
[2018.06.20-19.55.52:472][527]LogModuleManager: Shutting down and abandoning module AnimGraph (419)
[2018.06.20-19.55.52:472][527]LogModuleManager: Shutting down and abandoning module Kismet (416)
[2018.06.20-19.55.52:472][527]LogModuleManager: Shutting down and abandoning module GraphEditor (414)
[2018.06.20-19.55.52:504][527]LogModuleManager: Shutting down and abandoning module ClassViewer (412)
[2018.06.20-19.55.52:504][527]LogModuleManager: Shutting down and abandoning module Toolbox (410)
[2018.06.20-19.55.52:504][527]LogModuleManager: Shutting down and abandoning module ModuleUI (408)
[2018.06.20-19.55.52:520][527]LogModuleManager: Shutting down and abandoning module MovieSceneTools (406)
[2018.06.20-19.55.52:520][527]LogModuleManager: Shutting down and abandoning module OutputLog (404)
[2018.06.20-19.55.52:532][527]LogModuleManager: Shutting down and abandoning module GammaUI (402)
[2018.06.20-19.55.52:532][527]LogModuleManager: Shutting down and abandoning module Documentation (400)
[2018.06.20-19.55.52:532][527]LogModuleManager: Shutting down and abandoning module MovieSceneTracks (398)
[2018.06.20-19.55.52:537][527]LogModuleManager: Shutting down and abandoning module MovieScene (396)
[2018.06.20-19.55.52:547][527]LogModuleManager: Shutting down and abandoning module StreamingPauseRendering (394)
[2018.06.20-19.55.52:547][527]LogModuleManager: Shutting down and abandoning module LauncherPlatform (392)
[2018.06.20-19.55.52:547][527]LogModuleManager: Shutting down and abandoning module AnalyticsET (390)
[2018.06.20-19.55.52:547][527]LogModuleManager: Shutting down and abandoning module PortalServices (388)
[2018.06.20-19.55.52:547][527]LogModuleManager: Shutting down and abandoning module PortalRpc (386)
[2018.06.20-19.55.52:547][527]LogModuleManager: Shutting down and abandoning module MessagingRpc (384)
[2018.06.20-19.55.52:547][527]LogModuleManager: Shutting down and abandoning module AIModule (382)
[2018.06.20-19.55.52:547][527]LogModuleManager: Shutting down and abandoning module GameplayDebugger (381)
[2018.06.20-19.55.52:547][527]LogModuleManager: Shutting down and abandoning module AITestSuite (379)
[2018.06.20-19.55.52:547][527]LogModuleManager: Shutting down and abandoning module DesktopPlatform (376)
[2018.06.20-19.55.52:547][527]LogModuleManager: Shutting down and abandoning module ProfilerService (374)
[2018.06.20-19.55.52:794][527]LogModuleManager: Shutting down and abandoning module TaskGraph (372)
[2018.06.20-19.55.52:794][527]LogModuleManager: Shutting down and abandoning module SteamVRController (370)
[2018.06.20-19.55.52:794][527]LogModuleManager: Shutting down and abandoning module ProceduralMeshComponentEditor (368)
[2018.06.20-19.55.52:794][527]LogModuleManager: Shutting down and abandoning module ProceduralMeshComponent (366)
[2018.06.20-19.55.52:794][527]LogModuleManager: Shutting down and abandoning module OculusInput (364)
[2018.06.20-19.55.52:794][527]LogModuleManager: Shutting down and abandoning module MobilePatchingUtils (362)
[2018.06.20-19.55.52:794][527]LogModuleManager: Shutting down and abandoning module CustomMeshComponent (360)
[2018.06.20-19.55.52:794][527]LogModuleManager: Shutting down and abandoning module CableComponent (358)
[2018.06.20-19.55.52:794][527]LogModuleManager: Shutting down and abandoning module AudioCapture (356)
[2018.06.20-19.55.52:795][527]LogModuleManager: Shutting down and abandoning module ArchVisCharacter (354)
[2018.06.20-19.55.52:795][527]LogModuleManager: Shutting down and abandoning module AndroidPermission (352)
[2018.06.20-19.55.52:795][527]LogModuleManager: Shutting down and abandoning module NUTUnrealEngine4 (348)
[2018.06.20-19.55.52:795][527]LogModuleManager: Shutting down and abandoning module NetcodeUnitTest (346)
[2018.06.20-19.55.52:795][527]LogModuleManager: Shutting down and abandoning module MediaCompositingEditor (344)
[2018.06.20-19.55.52:795][527]LogModuleManager: Shutting down and abandoning module MediaCompositing (342)
[2018.06.20-19.55.52:795][527]LogModuleManager: Shutting down and abandoning module LinearTimecode (340)
[2018.06.20-19.55.52:795][527]LogModuleManager: Shutting down and abandoning module ImgMedia (338)
[2018.06.20-19.55.52:800][527]LogModuleManager: Shutting down and abandoning module HTML5Networking (336)
[2018.06.20-19.55.52:800][527]LogModuleManager: Shutting down and abandoning module AlembicImporter (334)
[2018.06.20-19.55.52:800][527]LogModuleManager: Shutting down and abandoning module AlembicLibrary (333)
[2018.06.20-19.55.52:800][527]LogModuleManager: Shutting down and abandoning module GeometryCache (332)
[2018.06.20-19.55.52:800][527]LogModuleManager: Shutting down and abandoning module GeometryCacheEd (331)
[2018.06.20-19.55.52:800][527]LogModuleManager: Shutting down and abandoning module DatasmithContent (326)
[2018.06.20-19.55.52:800][527]LogModuleManager: Shutting down and abandoning module SpeedTreeImporter (324)
[2018.06.20-19.55.52:800][527]LogModuleManager: Shutting down and abandoning module PluginBrowser (322)
[2018.06.20-19.55.52:800][527]LogModuleManager: Shutting down and abandoning module MobileLauncherProfileWizard (320)
[2018.06.20-19.55.52:800][527]LogModuleManager: Shutting down and abandoning module CryptoKeysOpenSSL (318)
[2018.06.20-19.55.52:800][527]LogModuleManager: Shutting down and abandoning module CryptoKeys (316)
[2018.06.20-19.55.52:801][527]LogModuleManager: Shutting down and abandoning module VisualStudioSourceCodeAccess (314)
[2018.06.20-19.55.52:801][527]LogModuleManager: Shutting down and abandoning module VisualStudioCodeSourceCodeAccess (312)
[2018.06.20-19.55.52:801][527]LogModuleManager: Shutting down and abandoning module UObjectPlugin (310)
[2018.06.20-19.55.52:801][527]LogModuleManager: Shutting down and abandoning module SubversionSourceControl (308)
[2018.06.20-19.55.52:801][527]LogModuleManager: Shutting down and abandoning module PerforceSourceControl (306)
[2018.06.20-19.55.52:801][527]LogModuleManager: Shutting down and abandoning module GitSourceControl (304)
[2018.06.20-19.55.52:801][527]LogModuleManager: Shutting down and abandoning module SourceControl (303)
[2018.06.20-19.55.52:801][527]LogModuleManager: Shutting down and abandoning module CLionSourceCodeAccess (300)
[2018.06.20-19.55.52:801][527]LogModuleManager: Shutting down and abandoning module LightPropagationVolumeEditor (298)
[2018.06.20-19.55.52:801][527]LogModuleManager: Shutting down and abandoning module PaperTiledImporter (296)
[2018.06.20-19.55.52:801][527]LogModuleManager: Shutting down and abandoning module PaperSpriteSheetImporter (294)
[2018.06.20-19.55.52:801][527]LogModuleManager: Shutting down and abandoning module Paper2DEditor (292)
[2018.06.20-19.55.52:801][527]LogModuleManager: Shutting down and abandoning module MeshPaint (291)
[2018.06.20-19.55.52:801][527]LogModuleManager: Shutting down and abandoning module RuntimePhysXCooking (288)
[2018.06.20-19.55.52:802][527]LogModuleManager: Shutting down and abandoning module PhysXVehiclesEditor (286)
[2018.06.20-19.55.52:802][527]LogModuleManager: Shutting down and abandoning module PhysXVehicles (284)
[2018.06.20-19.55.52:802][527]LogModuleManager: Shutting down and abandoning module OculusEditor (282)
[2018.06.20-19.55.52:802][527]LogModuleManager: Shutting down and abandoning module LocationServicesBPLibrary (280)
[2018.06.20-19.55.52:802][527]LogModuleManager: Shutting down and abandoning module ImmediatePhysicsEditor (278)
[2018.06.20-19.55.52:802][527]LogModuleManager: Shutting down and abandoning module ImmediatePhysics (276)
[2018.06.20-19.55.52:802][527]LogModuleManager: Shutting down and abandoning module ActorSequence (274)
[2018.06.20-19.55.52:802][527]LogModuleManager: Shutting down and abandoning module UdpMessaging (272)
[2018.06.20-19.55.52:902][527]LogModuleManager: Shutting down and abandoning module TcpMessaging (270)
[2018.06.20-19.55.53:003][527]LogModuleManager: Shutting down and abandoning module GameplayTagsEditor (268)
[2018.06.20-19.55.53:003][527]LogModuleManager: Shutting down and abandoning module FacialAnimationEditor (266)
[2018.06.20-19.55.53:003][527]LogModuleManager: Shutting down and abandoning module FacialAnimation (264)
[2018.06.20-19.55.53:003][527]LogModuleManager: Shutting down and abandoning module DataValidation (262)
[2018.06.20-19.55.53:003][527]LogModuleManager: Shutting down and abandoning module AssetManagerEditor (260)
[2018.06.20-19.55.53:004][527]LogModuleManager: Shutting down and abandoning module LevelEditor (259)
[2018.06.20-19.55.53:005][527]LogModuleManager: Shutting down and abandoning module PixelInspectorModule (258)
[2018.06.20-19.55.53:005][527]LogModuleManager: Shutting down and abandoning module CommonMenuExtensions (256)
[2018.06.20-19.55.53:005][527]LogModuleManager: Shutting down and abandoning module MainFrame (254)
[2018.06.20-19.55.53:005][527]LogModuleManager: Shutting down and abandoning module HotReload (253)
[2018.06.20-19.55.53:006][527]LogModuleManager: Shutting down and abandoning module ContentBrowser (249)
[2018.06.20-19.55.53:008][527]LogModuleManager: Shutting down and abandoning module TreeMap (247)
[2018.06.20-19.55.53:008][527]LogModuleManager: Shutting down and abandoning module LightPropagationVolumeRuntime (244)
[2018.06.20-19.55.53:008][527]LogModuleManager: Shutting down and abandoning module LiveLinkEditor (242)
[2018.06.20-19.55.53:008][527]LogModuleManager: Shutting down and abandoning module LiveLink (240)
[2018.06.20-19.55.53:767][527]LogModuleManager: Shutting down and abandoning module Paper2D (238)
[2018.06.20-19.55.53:767][527]LogModuleManager: Shutting down and abandoning module WindowsMoviePlayer (236)
[2018.06.20-19.55.53:767][527]LogModuleManager: Shutting down and abandoning module WmfMedia (234)
[2018.06.20-19.55.53:770][527]LogModuleManager: Shutting down and abandoning module Media (233)
[2018.06.20-19.55.53:777][527]LogModuleManager: Shutting down and abandoning module PacketHandler (230)
[2018.06.20-19.55.53:778][527]LogModuleManager: Shutting down and abandoning module ClothingSystemEditor (228)
[2018.06.20-19.55.53:778][527]LogModuleManager: Shutting down and abandoning module ClothingSystemRuntime (226)
[2018.06.20-19.55.53:789][527]LogModuleManager: Shutting down and abandoning module MediaAssets (224)
[2018.06.20-19.55.53:789][527]LogModuleManager: Shutting down and abandoning module Overlay (222)
[2018.06.20-19.55.53:789][527]LogModuleManager: Shutting down and abandoning module OverlayEditor (221)
[2018.06.20-19.55.53:789][527]LogModuleManager: Shutting down and abandoning module VREditor (218)
[2018.06.20-19.55.53:804][527]LogModuleManager: Shutting down and abandoning module StringTableEditor (216)
[2018.06.20-19.55.53:804][527]LogModuleManager: Shutting down and abandoning module GameplayTasksEditor (214)
[2018.06.20-19.55.53:804][527]LogModuleManager: Shutting down and abandoning module BehaviorTreeEditor (212)
[2018.06.20-19.55.53:814][527]LogModuleManager: Shutting down and abandoning module FunctionalTesting (210)
[2018.06.20-19.55.53:814][527]LogModuleManager: Shutting down and abandoning module CollisionAnalyzer (208)
[2018.06.20-19.55.53:814][527]LogModuleManager: Shutting down and abandoning module WorkspaceMenuStructure (207)
[2018.06.20-19.55.53:814][527]LogModuleManager: Shutting down and abandoning module UMG (204)
[2018.06.20-19.55.53:820][527]LogModuleManager: Shutting down and abandoning module UMGEditor (203)
[2018.06.20-19.55.53:851][527]LogModuleManager: Shutting down and abandoning module Sequencer (202)
[2018.06.20-19.55.53:861][527]LogModuleManager: Shutting down and abandoning module MessageLog (199)
[2018.06.20-19.55.53:862][527]LogModuleManager: Shutting down and abandoning module SlateReflector (194)
[2018.06.20-19.55.53:891][527]LogModuleManager: Shutting down and abandoning module Slate (192)
[2018.06.20-19.55.53:891][527]LogModuleManager: Shutting down and abandoning module EditorStyle (190)
[2018.06.20-19.55.53:893][527]LogModuleManager: Shutting down and abandoning module MRMesh (188)
[2018.06.20-19.55.53:893][527]LogModuleManager: Shutting down and abandoning module SourceCodeAccess (186)
[2018.06.20-19.55.53:893][527]LogModuleManager: Shutting down and abandoning module HeadMountedDisplay (184)
[2018.06.20-19.55.53:893][527]LogModuleManager: Shutting down and abandoning module XAudio2 (182)
[2018.06.20-19.55.53:893][527]LogModuleManager: Shutting down and abandoning module Networking (180)
[2018.06.20-19.55.53:893][527]LogModuleManager: Shutting down and abandoning module Core (178)
[2018.06.20-19.55.53:893][527]LogModuleManager: Shutting down and abandoning module LevelSequence (176)
[2018.06.20-19.55.53:893][527]LogModuleManager: Shutting down and abandoning module KismetCompiler (174)
[2018.06.20-19.55.53:893][527]LogModuleManager: Shutting down and abandoning module MeshUtilities (172)
[2018.06.20-19.55.53:902][527]LogModuleManager: Shutting down and abandoning module MeshMergeUtilities (171)
[2018.06.20-19.55.53:912][527]LogModuleManager: Shutting down and abandoning module MeshReductionInterface (170)
[2018.06.20-19.55.53:912][527]LogModuleManager: Shutting down and abandoning module SimplygonSwarm (169)
[2018.06.20-19.55.53:912][527]LogModuleManager: Shutting down and abandoning module SimplygonMeshReduction (167)
[2018.06.20-19.55.53:912][527]LogModuleManager: Shutting down and abandoning module QuadricMeshReduction (165)
[2018.06.20-19.55.53:912][527]LogModuleManager: Shutting down and abandoning module MaterialBaking (161)
[2018.06.20-19.55.53:912][527]LogModuleManager: Shutting down and abandoning module DirectoryWatcher (157)
[2018.06.20-19.55.53:912][527]LogModuleManager: Shutting down and abandoning module DerivedDataCache (154)
[2018.06.20-19.55.53:959][527]LogDerivedDataCache: Shutdown
[2018.06.20-19.55.53:959][527]LogModuleManager: Shutting down and abandoning module XGEController (152)
[2018.06.20-19.55.53:959][527]LogXGEController: Cleaning working directory: C:/Users/maxsa/AppData/Local/Temp/UnrealXGEWorkingDir/
[2018.06.20-19.55.53:959][527]LogModuleManager: Shutting down and abandoning module TargetPlatform (150)
[2018.06.20-19.55.53:959][527]LogModuleManager: Shutting down and abandoning module VulkanShaderFormat (149)
[2018.06.20-19.55.53:959][527]LogModuleManager: Shutting down and abandoning module ShaderFormatVectorVM (147)
[2018.06.20-19.55.53:964][527]LogModuleManager: Shutting down and abandoning module ShaderFormatOpenGL (145)
[2018.06.20-19.55.53:967][527]LogModuleManager: Shutting down and abandoning module ShaderFormatD3D (143)
[2018.06.20-19.55.53:967][527]LogModuleManager: Shutting down and abandoning module MetalShaderFormat (141)
[2018.06.20-19.55.53:967][527]LogModuleManager: Shutting down and abandoning module TextureFormatUncompressed (139)
[2018.06.20-19.55.53:967][527]LogModuleManager: Shutting down and abandoning module TextureFormatPVR (137)
[2018.06.20-19.55.53:967][527]LogModuleManager: Shutting down and abandoning module TextureFormatDXT (135)
[2018.06.20-19.55.53:967][527]LogModuleManager: Shutting down and abandoning module TextureFormatIntelISPCTexComp (133)
[2018.06.20-19.55.53:967][527]LogModuleManager: Shutting down and abandoning module TextureFormatASTC (131)
[2018.06.20-19.55.53:967][527]LogModuleManager: Shutting down and abandoning module ImageWrapper (130)
[2018.06.20-19.55.53:967][527]LogModuleManager: Shutting down and abandoning module TextureFormatAndroid (127)
[2018.06.20-19.55.53:967][527]LogModuleManager: Shutting down and abandoning module AudioFormatOpus (125)
[2018.06.20-19.55.53:967][527]LogModuleManager: Shutting down and abandoning module AudioFormatOgg (123)
[2018.06.20-19.55.53:967][527]LogModuleManager: Shutting down and abandoning module AudioFormatADPCM (121)
[2018.06.20-19.55.53:967][527]LogModuleManager: Shutting down and abandoning module LinuxTargetPlatform (119)
[2018.06.20-19.55.53:967][527]LogModuleManager: Shutting down and abandoning module LinuxServerTargetPlatform (117)
[2018.06.20-19.55.53:967][527]LogModuleManager: Shutting down and abandoning module LinuxNoEditorTargetPlatform (115)
[2018.06.20-19.55.53:967][527]LogModuleManager: Shutting down and abandoning module LinuxClientTargetPlatform (113)
[2018.06.20-19.55.53:967][527]LogModuleManager: Shutting down and abandoning module TVOSTargetPlatform (111)
[2018.06.20-19.55.53:967][527]LogModuleManager: Shutting down and abandoning module Messaging (109)
[2018.06.20-19.55.53:968][527]LogModuleManager: Shutting down and abandoning module IOSTargetPlatform (107)
[2018.06.20-19.55.53:968][527]LogModuleManager: Shutting down and abandoning module HTML5TargetPlatform (105)
[2018.06.20-19.55.53:968][527]LogModuleManager: Shutting down and abandoning module AndroidTargetPlatform (103)
[2018.06.20-19.55.53:968][527]LogModuleManager: Shutting down and abandoning module Android_PVRTCTargetPlatform (101)
[2018.06.20-19.55.53:968][527]LogModuleManager: Shutting down and abandoning module Android_MultiTargetPlatform (99)
[2018.06.20-19.55.53:968][527]LogModuleManager: Shutting down and abandoning module Android_ETC2TargetPlatform (97)
[2018.06.20-19.55.53:968][527]LogModuleManager: Shutting down and abandoning module Android_ETC1TargetPlatform (95)
[2018.06.20-19.55.53:968][527]LogModuleManager: Shutting down and abandoning module Android_ETC1aTargetPlatform (93)
[2018.06.20-19.55.53:968][527]LogModuleManager: Shutting down and abandoning module Android_DXTTargetPlatform (91)
[2018.06.20-19.55.53:968][527]LogModuleManager: Shutting down and abandoning module Android_ATCTargetPlatform (89)
[2018.06.20-19.55.53:968][527]LogModuleManager: Shutting down and abandoning module Android_ASTCTargetPlatform (87)
[2018.06.20-19.55.53:968][527]LogModuleManager: Shutting down and abandoning module WindowsTargetPlatform (85)
[2018.06.20-19.55.53:968][527]LogModuleManager: Shutting down and abandoning module WindowsServerTargetPlatform (83)
[2018.06.20-19.55.53:968][527]LogModuleManager: Shutting down and abandoning module WindowsNoEditorTargetPlatform (81)
[2018.06.20-19.55.53:968][527]LogModuleManager: Shutting down and abandoning module WindowsClientTargetPlatform (79)
[2018.06.20-19.55.53:968][527]LogModuleManager: Shutting down and abandoning module MacTargetPlatform (77)
[2018.06.20-19.55.53:968][527]LogModuleManager: Shutting down and abandoning module MacServerTargetPlatform (75)
[2018.06.20-19.55.53:968][527]LogModuleManager: Shutting down and abandoning module MacNoEditorTargetPlatform (73)
[2018.06.20-19.55.53:968][527]LogModuleManager: Shutting down and abandoning module MacClientTargetPlatform (71)
[2018.06.20-19.55.53:968][527]LogModuleManager: Shutting down and abandoning module AllDesktopTargetPlatform (69)
[2018.06.20-19.55.53:968][527]LogModuleManager: Shutting down and abandoning module InputCore (66)
[2018.06.20-19.55.53:968][527]LogModuleManager: Shutting down and abandoning module Settings (64)
[2018.06.20-19.55.53:968][527]LogModuleManager: Shutting down and abandoning module PhysXCooking (62)
[2018.06.20-19.55.53:968][527]LogModuleManager: Shutting down and abandoning module SteamVR (60)
[2018.06.20-19.55.53:968][527]LogModuleManager: Shutting down and abandoning module OculusHMD (58)
[2018.06.20-19.55.53:968][527]LogModuleManager: Shutting down and abandoning module ExampleDeviceProfileSelector (56)
[2018.06.20-19.55.53:968][527]LogModuleManager: Shutting down and abandoning module AppleARKit (54)
[2018.06.20-19.55.53:968][527]LogModuleManager: Shutting down and abandoning module AugmentedReality (51)
[2018.06.20-19.55.53:968][527]LogModuleManager: Shutting down and abandoning module OnlineBlueprintSupport (48)
[2018.06.20-19.55.53:968][527]LogModuleManager: Shutting down and abandoning module OnlineSubsystem (44)
[2018.06.20-19.55.53:968][527]LogModuleManager: Shutting down and abandoning module XMPP (43)
[2018.06.20-19.55.53:974][527]LogModuleManager: Shutting down and abandoning module HTTP (41)
[2018.06.20-19.55.53:974][527]LogHttp: Display: Http module shutting down, but needs to wait on 1 outstanding Http requests:
[2018.06.20-19.55.53:975][527]LogHttp: Display: 	verb=[POST] url=[https://datarouter.ol.epicgames.com/datarouter/api/v1/public/data?SessionID=%7BA06B6991-46EB-CBD4-D7B1-86ADD8A7444B%7D&AppID=UEEditor.Rocket.Release&AppVersion=4.19.2-4033788%2B%2B%2BUE4%2BRelease-4.19&UserID=9b2d74f540de947067f12f85f0e10fc3%7C121cf0c067fc45bf8a47a34e1f08bd7e%7C6529c761-14eb-4014-bd30-d410aae9a07c&AppEnvironment=datacollector-binary&UploadType=eteventstream] status=Processing
[2018.06.20-19.55.54:001][527]LogModuleManager: Shutting down and abandoning module SSL (40)
[2018.06.20-19.55.54:002][527]LogModuleManager: Shutting down and abandoning module AnimationModifiers (36)
[2018.06.20-19.55.54:013][527]LogModuleManager: Shutting down and abandoning module PropertyEditor (35)
[2018.06.20-19.55.54:018][527]LogModuleManager: Shutting down and abandoning module AudioEditor (32)
[2018.06.20-19.55.54:026][527]LogModuleManager: Shutting down and abandoning module TextureCompressor (30)
[2018.06.20-19.55.54:026][527]LogModuleManager: Shutting down and abandoning module ShaderCore (28)
[2018.06.20-19.55.54:026][527]LogModuleManager: Shutting down and abandoning module Landscape (26)
[2018.06.20-19.55.54:026][527]LogModuleManager: Shutting down and abandoning module SlateRHIRenderer (24)
[2018.06.20-19.55.54:042][527]LogModuleManager: Shutting down and abandoning module OpenGLDrv (22)
[2018.06.20-19.55.54:053][527]LogModuleManager: Shutting down and abandoning module D3D11RHI (20)
[2018.06.20-19.55.54:053][527]LogModuleManager: Shutting down and abandoning module AnimGraphRuntime (18)
[2018.06.20-19.55.54:053][527]LogModuleManager: Shutting down and abandoning module Renderer (16)
[2018.06.20-19.55.54:053][527]LogModuleManager: Shutting down and abandoning module Engine (14)
[2018.06.20-19.55.54:053][527]LogModuleManager: Shutting down and abandoning module CoreUObject (12)
[2018.06.20-19.55.54:053][527]LogModuleManager: Shutting down and abandoning module NetworkFile (10)
[2018.06.20-19.55.54:053][527]LogModuleManager: Shutting down and abandoning module CookedIterativeFile (8)
[2018.06.20-19.55.54:053][527]LogModuleManager: Shutting down and abandoning module StreamingFile (6)
[2018.06.20-19.55.54:053][527]LogModuleManager: Shutting down and abandoning module SandboxFile (4)
[2018.06.20-19.55.54:053][527]LogModuleManager: Shutting down and abandoning module PakFile (2)
[2018.06.20-19.55.54:057][527]LogExit: Exiting.
[2018.06.20-19.55.54:067][527]Log file closed, 06/20/18 15:55:54
