Log file open, 06/19/18 17:40:46
LogWindows: Failed to load 'aqProf.dll' (GetLastError=126)
LogWindows: File 'aqProf.dll' does not exist
LogWindows: Failed to load 'VtuneApi.dll' (GetLastError=126)
LogWindows: File 'VtuneApi.dll' does not exist
LogWindows: Failed to load 'VtuneApi32e.dll' (GetLastError=126)
LogWindows: File 'VtuneApi32e.dll' does not exist
LogInit: Display: Running engine for game: UE4forbeginners
LogPlatformFile: Not using cached read wrapper
LogInit: Display: RandInit(-708347447) SRandInit(-708347447).
LogInit: Read version file with build ID '3944462'
LogInit: Overriding engine version to CL 4033788, compatible CL 3944462
LogInit: Registered custom module enumerator with build ID '3944462'
LogTaskGraph: Started task graph with 5 named threads and 14 total threads with 3 sets of task threads.
LogStats: Stats thread started at 3.860818
LogD3D11RHI: Aftermath initialized
LogICUInternationalization: Display: ICU TimeZone Detection - Raw Offset: -5:00, Platform Override: ''
LogModuleManager: Display: Found up-to-date module file ../../../Engine/Plugins/2D/Paper2D/Binaries/Win64/UE4Editor-Paper2D.dll (API version 3944462).
LogModuleManager: Display: Found up-to-date module file ../../../Engine/Plugins/2D/Paper2D/Binaries/Win64/UE4Editor-Paper2DEditor.dll (API version 3944462).
LogModuleManager: Display: Found up-to-date module file ../../../Engine/Plugins/2D/Paper2D/Binaries/Win64/UE4Editor-PaperSpriteSheetImporter.dll (API version 3944462).
LogModuleManager: Display: Found up-to-date module file ../../../Engine/Plugins/2D/Paper2D/Binaries/Win64/UE4Editor-PaperTiledImporter.dll (API version 3944462).
LogModuleManager: Display: Found up-to-date module file ../../../Engine/Plugins/2D/Paper2D/Binaries/Win64/UE4Editor-SmartSnapping.dll (API version 3944462).
LogModuleManager: Display: Found up-to-date module file ../../../Engine/Plugins/Blendables/LightPropagationVolume/Binaries/Win64/UE4Editor-LightPropagationVolumeRuntime.dll (API version 3944462).
LogModuleManager: Display: Found up-to-date module file ../../../Engine/Plugins/Blendables/LightPropagationVolume/Binaries/Win64/UE4Editor-LightPropagationVolumeEditor.dll (API version 3944462).
LogModuleManager: Display: Found up-to-date module file ../../../Engine/Plugins/Developer/CLionSourceCodeAccess/Binaries/Win64/UE4Editor-CLionSourceCodeAccess.dll (API version 3944462).
LogModuleManager: Display: Found up-to-date module file ../../../Engine/Plugins/Developer/GitSourceControl/Binaries/Win64/UE4Editor-GitSourceControl.dll (API version 3944462).
LogModuleManager: Display: Found up-to-date module file ../../../Engine/Plugins/Developer/PerforceSourceControl/Binaries/Win64/UE4Editor-PerforceSourceControl.dll (API version 3944462).
LogModuleManager: Display: Found up-to-date module file ../../../Engine/Plugins/Developer/SubversionSourceControl/Binaries/Win64/UE4Editor-SubversionSourceControl.dll (API version 3944462).
LogModuleManager: Display: Found up-to-date module file ../../../Engine/Plugins/Developer/UObjectPlugin/Binaries/Win64/UE4Editor-UObjectPlugin.dll (API version 3944462).
LogModuleManager: Display: Found up-to-date module file ../../../Engine/Plugins/Developer/VisualStudioCodeSourceCodeAccess/Binaries/Win64/UE4Editor-VisualStudioCodeSourceCodeAccess.dll (API version 3944462).
LogModuleManager: Display: Found up-to-date module file ../../../Engine/Plugins/Developer/VisualStudioSourceCodeAccess/Binaries/Win64/UE4Editor-VisualStudioSourceCodeAccess.dll (API version 3944462).
LogModuleManager: Display: Found up-to-date module file ../../../Engine/Plugins/Editor/AssetManagerEditor/Binaries/Win64/UE4Editor-AssetManagerEditor.dll (API version 3944462).
LogModuleManager: Display: Found up-to-date module file ../../../Engine/Plugins/Editor/CryptoKeys/Binaries/Win64/UE4Editor-CryptoKeys.dll (API version 3944462).
LogModuleManager: Display: Found up-to-date module file ../../../Engine/Plugins/Editor/CryptoKeys/Binaries/Win64/UE4Editor-CryptoKeysOpenSSL.dll (API version 3944462).
LogModuleManager: Display: Found up-to-date module file ../../../Engine/Plugins/Editor/DataValidation/Binaries/Win64/UE4Editor-DataValidation.dll (API version 3944462).
LogModuleManager: Display: Found up-to-date module file ../../../Engine/Plugins/Editor/FacialAnimation/Binaries/Win64/UE4Editor-FacialAnimation.dll (API version 3944462).
LogModuleManager: Display: Found up-to-date module file ../../../Engine/Plugins/Editor/FacialAnimation/Binaries/Win64/UE4Editor-FacialAnimationEditor.dll (API version 3944462).
LogModuleManager: Display: Found up-to-date module file ../../../Engine/Plugins/Editor/GameplayTagsEditor/Binaries/Win64/UE4Editor-GameplayTagsEditor.dll (API version 3944462).
LogModuleManager: Display: Found up-to-date module file ../../../Engine/Plugins/Editor/MobileLauncherProfileWizard/Binaries/Win64/UE4Editor-MobileLauncherProfileWizard.dll (API version 3944462).
LogModuleManager: Display: Found up-to-date module file ../../../Engine/Plugins/Editor/PluginBrowser/Binaries/Win64/UE4Editor-PluginBrowser.dll (API version 3944462).
LogModuleManager: Display: Found up-to-date module file ../../../Engine/Plugins/Editor/SpeedTreeImporter/Binaries/Win64/UE4Editor-SpeedTreeImporter.dll (API version 3944462).
LogModuleManager: Display: Found up-to-date module file ../../../Engine/Plugins/Enterprise/DatasmithContent/Binaries/Win64/UE4Editor-DatasmithContent.dll (API version 3944462).
LogModuleManager: Display: Found up-to-date module file ../../../Engine/Plugins/Experimental/AlembicImporter/Binaries/Win64/UE4Editor-AlembicImporter.dll (API version 3944462).
LogModuleManager: Display: Found up-to-date module file ../../../Engine/Plugins/Experimental/AlembicImporter/Binaries/Win64/UE4Editor-AlembicLibrary.dll (API version 3944462).
LogModuleManager: Display: Found up-to-date module file ../../../Engine/Plugins/Experimental/CharacterAI/Binaries/Win64/UE4Editor-CharacterAI.dll (API version 3944462).
LogModuleManager: Display: Found up-to-date module file ../../../Engine/Plugins/Experimental/HTML5Networking/Binaries/Win64/UE4Editor-HTML5Networking.dll (API version 3944462).
LogModuleManager: Display: Found up-to-date module file ../../../Engine/Plugins/Media/AndroidMedia/Binaries/Win64/UE4Editor-AndroidMediaEditor.dll (API version 3944462).
LogModuleManager: Display: Found up-to-date module file ../../../Engine/Plugins/Media/AndroidMedia/Binaries/Win64/UE4Editor-AndroidMediaFactory.dll (API version 3944462).
LogModuleManager: Display: Found up-to-date module file ../../../Engine/Plugins/Media/AvfMedia/Binaries/Win64/UE4Editor-AvfMediaEditor.dll (API version 3944462).
LogModuleManager: Display: Found up-to-date module file ../../../Engine/Plugins/Media/AvfMedia/Binaries/Win64/UE4Editor-AvfMediaFactory.dll (API version 3944462).
LogModuleManager: Display: Found up-to-date module file ../../../Engine/Plugins/Media/AvfMedia/Binaries/Win64/UE4Editor-AvfMediaFactory.dll (API version 3944462).
LogModuleManager: Display: Found up-to-date module file ../../../Engine/Plugins/Media/ImgMedia/Binaries/Win64/UE4Editor-ImgMedia.dll (API version 3944462).
LogModuleManager: Display: Found up-to-date module file ../../../Engine/Plugins/Media/ImgMedia/Binaries/Win64/UE4Editor-ImgMediaEditor.dll (API version 3944462).
LogModuleManager: Display: Found up-to-date module file ../../../Engine/Plugins/Media/ImgMedia/Binaries/Win64/UE4Editor-ImgMediaFactory.dll (API version 3944462).
LogModuleManager: Display: Found up-to-date module file ../../../Engine/Plugins/Media/ImgMedia/Binaries/Win64/UE4Editor-ImgMediaFactory.dll (API version 3944462).
LogModuleManager: Display: Found up-to-date module file ../../../Engine/Plugins/Media/ImgMedia/Binaries/Win64/UE4Editor-OpenExrWrapper.dll (API version 3944462).
LogModuleManager: Display: Found up-to-date module file ../../../Engine/Plugins/Media/LinearTimecode/Binaries/Win64/UE4Editor-LinearTimecode.dll (API version 3944462).
LogModuleManager: Display: Found up-to-date module file ../../../Engine/Plugins/Media/MediaCompositing/Binaries/Win64/UE4Editor-MediaCompositing.dll (API version 3944462).
LogModuleManager: Display: Found up-to-date module file ../../../Engine/Plugins/Media/MediaCompositing/Binaries/Win64/UE4Editor-MediaCompositingEditor.dll (API version 3944462).
LogModuleManager: Display: Found up-to-date module file ../../../Engine/Plugins/Media/MediaPlayerEditor/Binaries/Win64/UE4Editor-MediaPlayerEditor.dll (API version 3944462).
LogModuleManager: Display: Found up-to-date module file ../../../Engine/Plugins/Media/WmfMedia/Binaries/Win64/UE4Editor-WmfMedia.dll (API version 3944462).
LogModuleManager: Display: Found up-to-date module file ../../../Engine/Plugins/Media/WmfMedia/Binaries/Win64/UE4Editor-WmfMediaEditor.dll (API version 3944462).
LogModuleManager: Display: Found up-to-date module file ../../../Engine/Plugins/Media/WmfMedia/Binaries/Win64/UE4Editor-WmfMediaFactory.dll (API version 3944462).
LogModuleManager: Display: Found up-to-date module file ../../../Engine/Plugins/Media/WmfMedia/Binaries/Win64/UE4Editor-WmfMediaFactory.dll (API version 3944462).
LogModuleManager: Display: Found up-to-date module file ../../../Engine/Plugins/Messaging/TcpMessaging/Binaries/Win64/UE4Editor-TcpMessaging.dll (API version 3944462).
LogModuleManager: Display: Found up-to-date module file ../../../Engine/Plugins/Messaging/UdpMessaging/Binaries/Win64/UE4Editor-UdpMessaging.dll (API version 3944462).
LogModuleManager: Display: Found up-to-date module file ../../../Engine/Plugins/MovieScene/ActorSequence/Binaries/Win64/UE4Editor-ActorSequence.dll (API version 3944462).
LogModuleManager: Display: Found up-to-date module file ../../../Engine/Plugins/MovieScene/LevelSequenceEditor/Binaries/Win64/UE4Editor-LevelSequenceEditor.dll (API version 3944462).
LogModuleManager: Display: Found up-to-date module file ../../../Engine/Plugins/MovieScene/MatineeToLevelSequence/Binaries/Win64/UE4Editor-MatineeToLevelSequence.dll (API version 3944462).
LogModuleManager: Display: Found up-to-date module file ../../../Engine/Plugins/NetcodeUnitTest/NetcodeUnitTest/Binaries/Win64/UE4Editor-NetcodeUnitTest.dll (API version 3944462).
LogModuleManager: Display: Found up-to-date module file ../../../Engine/Plugins/NetcodeUnitTest/NUTUnrealEngine4/Binaries/Win64/UE4Editor-NUTUnrealEngine4.dll (API version 3944462).
LogModuleManager: Display: Found up-to-date module file ../../../Engine/Plugins/Online/OnlineSubsystem/Binaries/Win64/UE4Editor-OnlineSubsystem.dll (API version 3944462).
LogModuleManager: Display: Found up-to-date module file ../../../Engine/Plugins/Runtime/AndroidPermission/Binaries/Win64/UE4Editor-AndroidPermission.dll (API version 3944462).
LogModuleManager: Display: Found up-to-date module file ../../../Engine/Plugins/Online/OnlineSubsystemNull/Binaries/Win64/UE4Editor-OnlineSubsystemNull.dll (API version 3944462).
LogModuleManager: Display: Found up-to-date module file ../../../Engine/Plugins/Online/OnlineSubsystemUtils/Binaries/Win64/UE4Editor-OnlineSubsystemUtils.dll (API version 3944462).
LogModuleManager: Display: Found up-to-date module file ../../../Engine/Plugins/Online/OnlineSubsystemUtils/Binaries/Win64/UE4Editor-OnlineBlueprintSupport.dll (API version 3944462).
LogModuleManager: Display: Found up-to-date module file ../../../Engine/Plugins/Runtime/AndroidDeviceProfileSelector/Binaries/Win64/UE4Editor-AndroidDeviceProfileSelector.dll (API version 3944462).
LogModuleManager: Display: Found up-to-date module file ../../../Engine/Plugins/Runtime/AppleARKit/Binaries/Win64/UE4Editor-AppleARKit.dll (API version 3944462).
LogModuleManager: Display: Found up-to-date module file ../../../Engine/Plugins/Runtime/ProceduralMeshComponent/Binaries/Win64/UE4Editor-ProceduralMeshComponent.dll (API version 3944462).
LogModuleManager: Display: Found up-to-date module file ../../../Engine/Plugins/Runtime/ProceduralMeshComponent/Binaries/Win64/UE4Editor-ProceduralMeshComponentEditor.dll (API version 3944462).
LogModuleManager: Display: Found up-to-date module file ../../../Engine/Plugins/Animation/LiveLink/Binaries/Win64/UE4Editor-LiveLink.dll (API version 3944462).
LogModuleManager: Display: Found up-to-date module file ../../../Engine/Plugins/Animation/LiveLink/Binaries/Win64/UE4Editor-LiveLinkEditor.dll (API version 3944462).
LogModuleManager: Display: Found up-to-date module file ../../../Engine/Plugins/Runtime/ArchVisCharacter/Binaries/Win64/UE4Editor-ArchVisCharacter.dll (API version 3944462).
LogModuleManager: Display: Found up-to-date module file ../../../Engine/Plugins/Runtime/AudioCapture/Binaries/Win64/UE4Editor-AudioCapture.dll (API version 3944462).
LogModuleManager: Display: Found up-to-date module file ../../../Engine/Plugins/Runtime/AudioCapture/Binaries/Win64/UE4Editor-AudioCaptureEditor.dll (API version 3944462).
LogModuleManager: Display: Found up-to-date module file ../../../Engine/Plugins/Runtime/CableComponent/Binaries/Win64/UE4Editor-CableComponent.dll (API version 3944462).
LogModuleManager: Display: Found up-to-date module file ../../../Engine/Plugins/Runtime/CustomMeshComponent/Binaries/Win64/UE4Editor-CustomMeshComponent.dll (API version 3944462).
LogModuleManager: Display: Found up-to-date module file ../../../Engine/Plugins/Runtime/ExampleDeviceProfileSelector/Binaries/Win64/UE4Editor-ExampleDeviceProfileSelector.dll (API version 3944462).
LogModuleManager: Display: Found up-to-date module file ../../../Engine/Plugins/Runtime/ImmediatePhysics/Binaries/Win64/UE4Editor-ImmediatePhysics.dll (API version 3944462).
LogModuleManager: Display: Found up-to-date module file ../../../Engine/Plugins/Runtime/ImmediatePhysics/Binaries/Win64/UE4Editor-ImmediatePhysicsEditor.dll (API version 3944462).
LogModuleManager: Display: Found up-to-date module file ../../../Engine/Plugins/Runtime/LocationServicesBPLibrary/Binaries/Win64/UE4Editor-LocationServicesBPLibrary.dll (API version 3944462).
LogModuleManager: Display: Found up-to-date module file ../../../Engine/Plugins/Runtime/MobilePatchingUtils/Binaries/Win64/UE4Editor-MobilePatchingUtils.dll (API version 3944462).
LogModuleManager: Display: Found up-to-date module file ../../../Engine/Plugins/Runtime/Oculus/OculusVR/Binaries/Win64/UE4Editor-OculusHMD.dll (API version 3944462).
LogModuleManager: Display: Found up-to-date module file ../../../Engine/Plugins/Runtime/Oculus/OculusVR/Binaries/Win64/UE4Editor-OculusInput.dll (API version 3944462).
LogModuleManager: Display: Found up-to-date module file ../../../Engine/Plugins/Runtime/Oculus/OculusVR/Binaries/Win64/UE4Editor-OculusEditor.dll (API version 3944462).
LogModuleManager: Display: Found up-to-date module file ../../../Engine/Plugins/Runtime/PhysXVehicles/Binaries/Win64/UE4Editor-PhysXVehicles.dll (API version 3944462).
LogModuleManager: Display: Found up-to-date module file ../../../Engine/Plugins/Runtime/PhysXVehicles/Binaries/Win64/UE4Editor-PhysXVehiclesEditor.dll (API version 3944462).
LogModuleManager: Display: Found up-to-date module file ../../../Engine/Plugins/Runtime/RuntimePhysXCooking/Binaries/Win64/UE4Editor-RuntimePhysXCooking.dll (API version 3944462).
LogModuleManager: Display: Found up-to-date module file ../../../Engine/Plugins/Runtime/Steam/SteamVR/Binaries/Win64/UE4Editor-SteamVR.dll (API version 3944462).
LogModuleManager: Display: Found up-to-date module file ../../../Engine/Plugins/Runtime/Steam/SteamVR/Binaries/Win64/UE4Editor-SteamVRController.dll (API version 3944462).
LogModuleManager: Display: Found up-to-date module file ../../../Engine/Plugins/Runtime/WindowsMoviePlayer/Binaries/Win64/UE4Editor-WindowsMoviePlayer.dll (API version 3944462).
LogPluginManager: Mounting plugin Paper2D
LogPluginManager: Mounting plugin LiveLink
LogPluginManager: Mounting plugin LightPropagationVolume
LogPluginManager: Mounting plugin CLionSourceCodeAccess
LogPluginManager: Mounting plugin CodeLiteSourceCodeAccess
LogPluginManager: Mounting plugin GitSourceControl
LogPluginManager: Mounting plugin KDevelopSourceCodeAccess
LogPluginManager: Mounting plugin NullSourceCodeAccess
LogPluginManager: Mounting plugin PerforceSourceControl
LogPluginManager: Mounting plugin SubversionSourceControl
LogPluginManager: Mounting plugin UObjectPlugin
LogPluginManager: Mounting plugin VisualStudioCodeSourceCodeAccess
LogPluginManager: Mounting plugin VisualStudioSourceCodeAccess
LogPluginManager: Mounting plugin XCodeSourceCodeAccess
LogPluginManager: Mounting plugin AssetManagerEditor
LogPluginManager: Mounting plugin CryptoKeys
LogPluginManager: Mounting plugin DataValidation
LogPluginManager: Mounting plugin FacialAnimation
LogPluginManager: Mounting plugin GameplayTagsEditor
LogPluginManager: Mounting plugin MobileLauncherProfileWizard
LogPluginManager: Mounting plugin PluginBrowser
LogPluginManager: Mounting plugin SpeedTreeImporter
LogPluginManager: Mounting plugin DatasmithContent
LogPluginManager: Mounting plugin AlembicImporter
LogPluginManager: Mounting plugin CharacterAI
LogPluginManager: Mounting plugin HTML5Networking
LogPluginManager: Mounting plugin AndroidMedia
LogPluginManager: Mounting plugin AvfMedia
LogPluginManager: Mounting plugin ImgMedia
LogPluginManager: Mounting plugin LinearTimecode
LogPluginManager: Mounting plugin MediaCompositing
LogPluginManager: Mounting plugin MediaPlayerEditor
LogPluginManager: Mounting plugin WmfMedia
LogPluginManager: Mounting plugin TcpMessaging
LogPluginManager: Mounting plugin UdpMessaging
LogPluginManager: Mounting plugin ActorSequence
LogPluginManager: Mounting plugin LevelSequenceEditor
LogPluginManager: Mounting plugin MatineeToLevelSequence
LogPluginManager: Mounting plugin NetcodeUnitTest
LogPluginManager: Mounting plugin NUTUnrealEngine4
LogPluginManager: Mounting plugin OnlineSubsystemGooglePlay
LogPluginManager: Mounting plugin OnlineSubsystemIOS
LogPluginManager: Mounting plugin OnlineSubsystem
LogPluginManager: Mounting plugin OnlineSubsystemNull
LogPluginManager: Mounting plugin OnlineSubsystemUtils
LogPluginManager: Mounting plugin AndroidDeviceProfileSelector
LogPluginManager: Mounting plugin AndroidMoviePlayer
LogPluginManager: Mounting plugin AndroidPermission
LogPluginManager: Mounting plugin AppleARKit
LogPluginManager: Mounting plugin AppleMoviePlayer
LogPluginManager: Mounting plugin ArchVisCharacter
LogPluginManager: Mounting plugin AudioCapture
LogPluginManager: Mounting plugin CableComponent
LogPluginManager: Mounting plugin CustomMeshComponent
LogPluginManager: Mounting plugin ExampleDeviceProfileSelector
LogPluginManager: Mounting plugin GoogleCloudMessaging
LogPluginManager: Mounting plugin ImmediatePhysics
LogPluginManager: Mounting plugin IOSDeviceProfileSelector
LogPluginManager: Mounting plugin LinuxDeviceProfileSelector
LogPluginManager: Mounting plugin LocationServicesBPLibrary
LogPluginManager: Mounting plugin MobilePatchingUtils
LogPluginManager: Mounting plugin OculusVR
LogPluginManager: Plugin shader directory ../../../Engine/Plugins/Runtime/Oculus/OculusVR/Shaders found
LogPluginManager: Mapping shader source directory ../../../Engine/Plugins/Runtime/Oculus/OculusVR/Shaders to virtual directory /Plugin/OculusVR
LogPluginManager: Mounting plugin PhysXVehicles
LogPluginManager: Mounting plugin ProceduralMeshComponent
LogPluginManager: Mounting plugin RuntimePhysXCooking
LogPluginManager: Mounting plugin SteamVR
LogPluginManager: Mounting plugin WindowsMoviePlayer
LogStreaming: Display: Took  3.815s to configure plugins.
LogInit: Using libcurl 7.47.1
LogInit:  - built for x86_64-pc-win32
LogInit:  - supports SSL with OpenSSL/1.0.2g
LogInit:  - supports HTTP deflate (compression) using libz 1.2.8
LogInit:  - other features:
LogInit:      CURL_VERSION_SSL
LogInit:      CURL_VERSION_LIBZ
LogInit:      CURL_VERSION_IPV6
LogInit:      CURL_VERSION_ASYNCHDNS
LogInit:      CURL_VERSION_LARGEFILE
LogInit:      CURL_VERSION_IDN
LogInit:  CurlRequestOptions (configurable via config and command line):
LogInit:  - bVerifyPeer = false  - Libcurl will NOT verify peer certificate
LogInit:  - bUseHttpProxy = false  - Libcurl will NOT use HTTP proxy
LogInit:  - bDontReuseConnections = false  - Libcurl will reuse connections
LogInit:  - CertBundlePath = nullptr  - Libcurl will use whatever was configured at build time.
LogInit:  - MaxHostConnections = 16  - Libcurl will limit the number of connections to a host
LogInit:  - LocalHostAddr = Default
LogInit: WinSock: version 1.1 (2.2), MaxSocks=32767, MaxUdp=65467
LogInit: WinSock: I am Max-PC (192.168.0.100:0)
LogInit: Build: ++UE4+Release-4.19-CL-4033788
LogInit: Engine Version: 4.19.2-4033788+++UE4+Release-4.19
LogInit: Compatible Engine Version: 4.19.0-3944462+++UE4+Release-4.19
LogInit: Net CL: 3944462
LogDevObjectVersion: Number of dev versions registered: 18
LogDevObjectVersion:   Dev-Blueprints (B0D832E4-1F89-4F0D-ACCF-7EB736FD4AA2): 10
LogDevObjectVersion:   Dev-Build (E1C64328-A22C-4D53-A36C-8E866417BD8C): 0
LogDevObjectVersion:   Dev-Core (375EC13C-06E4-48FB-B500-84F0262A717E): 2
LogDevObjectVersion:   Dev-Editor (E4B068ED-F494-42E9-A231-DA0B2E46BB41): 23
LogDevObjectVersion:   Dev-Framework (CFFC743F-43B0-4480-9391-14DF171D2073): 33
LogDevObjectVersion:   Dev-Mobile (B02B49B5-BB20-44E9-A304-32B752E40360): 2
LogDevObjectVersion:   Dev-Networking (A4E4105C-59A1-49B5-A7C5-40C4547EDFEE): 0
LogDevObjectVersion:   Dev-Online (39C831C9-5AE6-47DC-9A44-9C173E1C8E7C): 0
LogDevObjectVersion:   Dev-Physics (78F01B33-EBEA-4F98-B9B4-84EACCB95AA2): 0
LogDevObjectVersion:   Dev-Platform (6631380F-2D4D-43E0-8009-CF276956A95A): 0
LogDevObjectVersion:   Dev-Rendering (12F88B9F-8875-4AFC-A67C-D90C383ABD29): 25
LogDevObjectVersion:   Dev-Sequencer (7B5AE74C-D270-4C10-A958-57980B212A5A): 6
LogDevObjectVersion:   Dev-VR (D7296918-1DD6-4BDD-9DE2-64A83CC13884): 1
LogDevObjectVersion:   Dev-LoadTimes (C2A15278-BFE7-4AFE-6C17-90FF531DF755): 1
LogDevObjectVersion:   Private-Geometry (6EACA3D4-40EC-4CC1-B786-8BED09428FC5): 2
LogDevObjectVersion:   Dev-AnimPhys (29E575DD-E0A3-4627-9D10-D276232CDCEA): 16
LogDevObjectVersion:   Dev-ReflectionCapture (6B266CEC-1EC7-4B8F-A30B-E4D90942FC07): 1
LogDevObjectVersion:   Dev-Automation (0DF73D61-A23F-47EA-B727-89E90C41499A): 1
LogInit: Compiled (64-bit): Apr 27 2018 02:06:57
LogInit: Compiled with Visual C++: 19.00.24215.01
LogInit: Build Configuration: Development
LogInit: Branch Name: ++UE4+Release-4.19
LogInit: Command Line:  
LogInit: Base Directory: E:/UE_4.19/Engine/Binaries/Win64/
LogInit: Installed Engine Build: 1
LogStreaming: Display: Took  0.001s to delete old logs.
LogInit: Presizing for max 8388607 objects, including 0 objects not considered by GC, pre-allocating 0 bytes for permanent pool.
LogInit: Object subsystem initialized
[2018.06.19-21.40.51:511][  0]LogInit: Selected Device Profile: [Windows]
[2018.06.19-21.40.51:511][  0]LogInit: Applying CVar settings loaded from the selected device profile: [Windows]
[2018.06.19-21.40.51:619][  0]LogInit: Computer: MAX-PC
[2018.06.19-21.40.51:619][  0]LogInit: User: maxsa
[2018.06.19-21.40.51:619][  0]LogInit: CPU Page size=4096, Cores=4
[2018.06.19-21.40.51:619][  0]LogInit: High frequency timer resolution =3.551555 MHz
[2018.06.19-21.40.51:619][  0]LogMemory: Memory total: Physical=16.0GB (16GB approx)
[2018.06.19-21.40.51:619][  0]LogMemory: Platform Memory Stats for Windows
[2018.06.19-21.40.51:619][  0]LogMemory: Process Physical Memory: 272.69 MB used, 272.69 MB peak
[2018.06.19-21.40.51:619][  0]LogMemory: Process Virtual Memory: 261.79 MB used, 261.79 MB peak
[2018.06.19-21.40.51:619][  0]LogMemory: Physical Memory: 6430.34 MB used,  9904.52 MB free, 16334.86 MB total
[2018.06.19-21.40.51:619][  0]LogMemory: Virtual Memory: 4775.99 MB used,  9904.52 MB free, 134217728.00 MB total
[2018.06.19-21.40.52:556][  0]LogInit: Using OS detected language (en-US).
[2018.06.19-21.40.52:556][  0]LogInit: Using OS detected locale (en-CA).
[2018.06.19-21.40.52:844][  0]LogTextLocalizationManager: No specific localization for 'en-US' exists, so the 'en' localization will be used.
[2018.06.19-21.40.53:906][  0]LogStreaming: Display: Took  1.335s to EndInitTextLocalization.
[2018.06.19-21.40.53:940][  0]LogInit: Setting process to per monitor DPI aware
[2018.06.19-21.40.54:558][  0]LogSlate: New Slate User Created.  User Index 0, Is Virtual User: 0
[2018.06.19-21.40.54:558][  0]LogSlate: Slate User Registered.  User Index 0, Is Virtual User: 0
[2018.06.19-21.40.57:262][  0]LogD3D11RHI: D3D11 adapters:
[2018.06.19-21.40.57:343][  0]LogD3D11RHI:    0. 'NVIDIA GeForce GTX 1070' (Feature Level 11_0)
[2018.06.19-21.40.57:343][  0]LogD3D11RHI:       8088/0/8167 MB DedicatedVideo/DedicatedSystem/SharedSystem, Outputs:2, VendorId:0x10de
[2018.06.19-21.40.57:345][  0]LogD3D11RHI:    1. 'Microsoft Basic Render Driver' (Feature Level 11_0)
[2018.06.19-21.40.57:345][  0]LogD3D11RHI:       0/0/8167 MB DedicatedVideo/DedicatedSystem/SharedSystem, Outputs:0, VendorId:0x1414
[2018.06.19-21.40.57:345][  0]LogD3D11RHI: Chosen D3D11 Adapter: 0
[2018.06.19-21.40.57:355][  0]LogD3D11RHI: Creating new Direct3DDevice
[2018.06.19-21.40.57:359][  0]LogD3D11RHI:     GPU DeviceId: 0x1b81 (for the marketing name, search the web for "GPU Device Id")
[2018.06.19-21.40.57:359][  0]LogWindows: EnumDisplayDevices:
[2018.06.19-21.40.57:359][  0]LogWindows:    0. 'NVIDIA GeForce GTX 1070' (P:1 D:1)
[2018.06.19-21.40.57:359][  0]LogWindows:    1. 'NVIDIA GeForce GTX 1070' (P:0 D:1)
[2018.06.19-21.40.57:359][  0]LogWindows:    2. 'NVIDIA GeForce GTX 1070' (P:0 D:0)
[2018.06.19-21.40.57:359][  0]LogWindows:    3. 'NVIDIA GeForce GTX 1070' (P:0 D:0)
[2018.06.19-21.40.57:359][  0]LogWindows: DebugString: GetVideoDriverDetailsInvalid PrimaryIsNotTheChoosenAdapter GetVideoDriverDetailsInvalid PrimaryIsNotTheChoosenAdapter GetVideoDriverDetailsInvalid PrimaryIsNotTheChoosenAdapter GetVideoDriverDetailsInvalid PrimaryIsNotTheChoosenAdapter FoundDriverCount:0 
[2018.06.19-21.40.57:359][  0]LogD3D11RHI:     Adapter Name: NVIDIA GeForce GTX 1070
[2018.06.19-21.40.57:359][  0]LogD3D11RHI:   Driver Version: Unknown (internal:Unknown, unified:Unknown)
[2018.06.19-21.40.57:360][  0]LogD3D11RHI:      Driver Date: Unknown
[2018.06.19-21.40.57:360][  0]LogRHI: Texture pool is 5661 MB (70% of 8088 MB)
[2018.06.19-21.40.57:417][  0]LogD3D11RHI: [Aftermath] Aftermath enabled and primed
[2018.06.19-21.40.57:417][  0]LogD3D11RHI: [Aftermath] Aftermath enabled and primed
[2018.06.19-21.40.57:417][  0]LogD3D11RHI: Async texture creation enabled
[2018.06.19-21.40.57:714][  0]LogD3D11RHI: GPU Timing Frequency: 1000.000000 (Debug: 2 2)
[2018.06.19-21.40.57:874][  0]LogShaderCompilers: Guid format shader working directory is -14 characters bigger than the processId version (C:/Users/maxsa/Desktop/Unreal Projects/UnrealForBeginnersTut/Intermediate/Shaders/WorkingDirectory/5384/).
[2018.06.19-21.40.57:884][  0]LogShaderCompilers: Cleaned the shader compiler working directory 'C:/Users/maxsa/AppData/Local/Temp/UnrealShaderWorkingDir/4E967F994EB0D14F11934B8E8D72DC99/'.
[2018.06.19-21.40.59:098][  0]LogTemp: Display: Loaded TP AllDesktopTargetPlatform
[2018.06.19-21.40.59:127][  0]LogTemp: Display: Loaded TP MacClientTargetPlatform
[2018.06.19-21.40.59:158][  0]LogTemp: Display: Loaded TP MacNoEditorTargetPlatform
[2018.06.19-21.40.59:186][  0]LogTemp: Display: Loaded TP MacServerTargetPlatform
[2018.06.19-21.40.59:225][  0]LogTemp: Display: Loaded TP MacTargetPlatform
[2018.06.19-21.40.59:243][  0]LogTemp: Display: Loaded TP WindowsClientTargetPlatform
[2018.06.19-21.40.59:260][  0]LogTemp: Display: Loaded TP WindowsNoEditorTargetPlatform
[2018.06.19-21.40.59:275][  0]LogTemp: Display: Loaded TP WindowsServerTargetPlatform
[2018.06.19-21.40.59:282][  0]LogTemp: Display: Loaded TP WindowsTargetPlatform
[2018.06.19-21.40.59:294][  0]LogTemp: Display: Loaded TP Android_ASTCTargetPlatform
[2018.06.19-21.40.59:307][  0]LogTemp: Display: Loaded TP Android_ATCTargetPlatform
[2018.06.19-21.40.59:319][  0]LogTemp: Display: Loaded TP Android_DXTTargetPlatform
[2018.06.19-21.40.59:331][  0]LogTemp: Display: Loaded TP Android_ETC1aTargetPlatform
[2018.06.19-21.40.59:344][  0]LogTemp: Display: Loaded TP Android_ETC1TargetPlatform
[2018.06.19-21.40.59:356][  0]LogTemp: Display: Loaded TP Android_ETC2TargetPlatform
[2018.06.19-21.40.59:382][  0]LogTemp: Display: Loaded TP Android_MultiTargetPlatform
[2018.06.19-21.40.59:382][  0]LogTemp: Display: Loaded TP Android_PVRTCTargetPlatform
[2018.06.19-21.40.59:400][  0]LogTemp: Display: Loaded TP AndroidTargetPlatform
[2018.06.19-21.40.59:402][  0]LogTemp: Display: Loaded TP HTML5TargetPlatform
[2018.06.19-21.40.59:524][  0]LogTemp: Display: Loaded TP IOSTargetPlatform
[2018.06.19-21.40.59:547][  0]LogTemp: Display: Loaded TP TVOSTargetPlatform
[2018.06.19-21.40.59:559][  0]LogTemp: Display: Loaded TP LinuxClientTargetPlatform
[2018.06.19-21.40.59:572][  0]LogTemp: Display: Loaded TP LinuxNoEditorTargetPlatform
[2018.06.19-21.40.59:584][  0]LogTemp: Display: Loaded TP LinuxServerTargetPlatform
[2018.06.19-21.40.59:614][  0]LogTemp: Display: Loaded TP LinuxTargetPlatform
[2018.06.19-21.40.59:614][  0]LogTargetPlatformManager: Display: Building Assets For Windows
[2018.06.19-21.41.00:830][  0]LogXGEController: Cleaning working directory: C:/Users/maxsa/AppData/Local/Temp/UnrealXGEWorkingDir/
[2018.06.19-21.41.00:830][  0]LogXGEController: Cannot use XGE Controller as Incredibuild is not installed on this machine.
[2018.06.19-21.41.00:836][  0]LogShaderCompilers: Cannot use XGE Shader Compiler as Incredibuild is not installed on this machine.
[2018.06.19-21.41.00:836][  0]LogShaderCompilers: Display: Using Local Shader Compiler.
[2018.06.19-21.41.04:183][  0]LogDerivedDataCache: Display: Max Cache Size: 512 MB
[2018.06.19-21.41.04:537][  0]LogDerivedDataCache: Loaded boot cache 0.35s 74MB C:/Users/maxsa/AppData/Local/UnrealEngine/4.19/DerivedDataCache/Boot.ddc.
[2018.06.19-21.41.04:537][  0]LogDerivedDataCache: Display: Loaded Boot cache: C:/Users/maxsa/AppData/Local/UnrealEngine/4.19/DerivedDataCache/Boot.ddc
[2018.06.19-21.41.04:538][  0]LogDerivedDataCache: FDerivedDataBackendGraph:  Pak pak cache file C:/Users/maxsa/Desktop/Unreal Projects/UnrealForBeginnersTut/DerivedDataCache/DDC.ddp not found, will not use a pak cache.
[2018.06.19-21.41.04:538][  0]LogDerivedDataCache: Unable to find inner node Pak for hierarchical cache Hierarchy.
[2018.06.19-21.41.04:538][  0]LogDerivedDataCache: FDerivedDataBackendGraph:  CompressedPak pak cache file C:/Users/maxsa/Desktop/Unreal Projects/UnrealForBeginnersTut/DerivedDataCache/Compressed.ddp not found, will not use a pak cache.
[2018.06.19-21.41.04:538][  0]LogDerivedDataCache: Unable to find inner node CompressedPak for hierarchical cache Hierarchy.
[2018.06.19-21.41.04:661][  0]LogDerivedDataCache: Display: Pak cache opened for reading ../../../Engine/DerivedDataCache/Compressed.ddp.
[2018.06.19-21.41.04:675][  0]LogDerivedDataCache: Using Local data cache path C:/Users/maxsa/AppData/Local/UnrealEngine/Common/DerivedDataCache: Writable
[2018.06.19-21.41.04:675][  0]LogDerivedDataCache: Shared data cache path not found in *engine.ini, will not use an Shared cache.
[2018.06.19-21.41.04:675][  0]LogDerivedDataCache: Unable to find inner node Shared for hierarchical cache Hierarchy.
[2018.06.19-21.41.04:743][  0]LogMaterial: Verifying Global Shaders for PCD3D_SM5
[2018.06.19-21.41.04:808][  0]LogSlate: Using Freetype 2.6.0
[2018.06.19-21.41.04:901][  0]LogSlate: SlateFontCache - WITH_FREETYPE: 1, WITH_HARFBUZZ: 1
[2018.06.19-21.41.04:901][  0]LogSlate: SlateFontCache - WITH_FREETYPE: 1, WITH_HARFBUZZ: 1
[2018.06.19-21.41.11:675][  0]LogAssetRegistry: FAssetRegistry took 0.0374 seconds to start up
[2018.06.19-21.41.15:914][  0]LogInit: Selected Device Profile: [Windows]
[2018.06.19-21.41.18:967][  0]LogSimplygon: Simplygon DLL not present - disabling.
[2018.06.19-21.41.19:005][  0]LogMeshReduction: Using SimplygonSwarm for distributed automatic mesh merging
[2018.06.19-21.41.19:017][  0]LogMeshReduction: Using QuadricMeshReduction for automatic static mesh reduction
[2018.06.19-21.41.19:017][  0]LogMeshReduction: No automatic skeletal mesh reduction module available
[2018.06.19-21.41.19:017][  0]LogMeshReduction: No automatic mesh merging module available
[2018.06.19-21.41.19:017][  0]LogMeshMerging: No automatic mesh merging module available
[2018.06.19-21.41.19:622][  0]LogNetVersion: UE4forbeginners , NetCL: 3944462, EngineNetVer: 2, GameNetVer: 0 (Checksum: 240379116)
[2018.06.19-21.41.24:679][  0]LogPackageLocalizationCache: Processed 9 localized package path(s) for 2 prioritized culture(s) in 0.163914 seconds
[2018.06.19-21.41.24:690][  0]LogUObjectArray: 36728 objects as part of root set at end of initial load.
[2018.06.19-21.41.24:690][  0]LogUObjectAllocator: 7314312 out of 0 bytes used by permanent object pool.
[2018.06.19-21.41.24:690][  0]LogUObjectArray: CloseDisregardForGC: 0/0 objects in disregard for GC pool
[2018.06.19-21.41.37:967][  0]LogTcpMessaging: Initializing TcpMessaging bridge
[2018.06.19-21.41.38:007][  0]LogUdpMessaging: Initializing bridge on interface 0.0.0.0:0 to multicast group 230.0.0.1:6666.
[2018.06.19-21.41.38:789][  0]SourceControl: Source control is disabled
[2018.06.19-21.41.38:789][  0]SourceControl: Source control is disabled
[2018.06.19-21.41.38:809][  0]SourceControl: Source control is disabled
[2018.06.19-21.41.38:825][  0]SourceControl: Source control is disabled
[2018.06.19-21.41.39:571][  0]LogAndroidPermission: UAndroidPermissionCallbackProxy::GetInstance
[2018.06.19-21.41.39:777][  0]LogOcInput: OculusInput pre-init called
[2018.06.19-21.41.40:296][  0]LogEngine: Initializing Engine...
[2018.06.19-21.41.40:448][  0]LogHMD: Failed to initialize OpenVR with code 105
[2018.06.19-21.41.40:476][  0]LogStats: UGameplayTagsManager::ConstructGameplayTagTree: Construct from data asset -  0.000 s
[2018.06.19-21.41.40:477][  0]LogStats: UGameplayTagsManager::ConstructGameplayTagTree: GameplayTagTreeChangedEvent.Broadcast -  0.000 s
[2018.06.19-21.41.41:823][  0]LogAIModule: Creating AISystem for world Untitled
[2018.06.19-21.41.41:984][  0]LogInit: XAudio2 using 'Headphones (Realtek High Definition Audio)' : 2 channels at 48 kHz using 32 bits per sample (channel mask 0x3)
[2018.06.19-21.41.42:005][  0]LogInit: FAudioDevice initialized.
[2018.06.19-21.41.42:047][  0]LogDerivedDataCache: Saved boot cache 0.04s 74MB C:/Users/maxsa/AppData/Local/UnrealEngine/4.19/DerivedDataCache/Boot.ddc.
[2018.06.19-21.41.42:067][  0]LogInit: Texture streaming: Enabled
[2018.06.19-21.41.42:141][  0]LogEngineSessionManager: EngineSessionManager initialized
[2018.06.19-21.41.42:326][  0]LogInit: Transaction tracking system initialized
[2018.06.19-21.41.42:652][  0]BlueprintLog: New page: Editor Load
[2018.06.19-21.41.43:536][  0]LocalizationService: Localization service is disabled
[2018.06.19-21.41.44:032][  0]LogConsoleResponse: Display: 
[2018.06.19-21.41.47:564][  0]LogFileCache: Scanning file cache for directory 'C:/Users/maxsa/Desktop/Unreal Projects/UnrealForBeginnersTut/Content/' took 0.02s
[2018.06.19-21.41.47:564][  0]LogCook: Display: Max memory allowance for cook 16384mb min free memory 0mb
[2018.06.19-21.41.47:564][  0]LogCook: Display: Mobile HDR setting 1
[2018.06.19-21.41.47:564][  0]LogGameplayTags: Display: UGameplayTagsManager::DoneAddingNativeTags. DelegateIsBound: 0
[2018.06.19-21.41.47:564][  0]LogStats: UGameplayTagsManager::ConstructGameplayTagTree: Construct from data asset -  0.000 s
[2018.06.19-21.41.47:564][  0]LogStats: UGameplayTagsManager::ConstructGameplayTagTree: GameplayTagTreeChangedEvent.Broadcast -  0.000 s
[2018.06.19-21.41.50:420][  0]SourceControl: Source control is disabled
[2018.06.19-21.41.50:459][  0]Cmd: MAP LOAD FILE="C:/Users/maxsa/Desktop/Unreal Projects/UnrealForBeginnersTut/Content/FirstPersonBP/Maps/FirstPersonExampleMap.umap" TEMPLATE=0 SHOWPROGRESS=1 FEATURELEVEL=3
[2018.06.19-21.41.50:517][  0]LightingResults: New page: Lighting Build
[2018.06.19-21.41.50:736][  0]MapCheck: New page: Map Check
[2018.06.19-21.41.50:736][  0]LightingResults: New page: Lighting Build
[2018.06.19-21.41.51:622][  0]LogUObjectGlobals: Created PersistentFrame Addr=0x0000020db4a63ab0, Size=72, Default__FirstPerson_AnimBP_C Function /Game/FirstPerson/Animations/FirstPerson_AnimBP.FirstPerson_AnimBP_C:ExecuteUbergraph_FirstPerson_AnimBP
[2018.06.19-21.41.51:752][  0]LogUObjectGlobals: Destroyed PersistentFrame Addr=0x0000020db4a63ab0, Size=72
[2018.06.19-21.41.51:752][  0]LogUObjectGlobals: Created PersistentFrame Addr=0x0000020dcf767830, Size=72, Default__FirstPerson_AnimBP_C Function /Engine/Transient.REINST_FirstPerson_AnimBP_C_0:ExecuteUbergraph_FirstPerson_AnimBP
[2018.06.19-21.41.51:839][  0]LogUObjectGlobals: Created PersistentFrame Addr=0x0000020dcf8b0ef0, Size=72, Default__FirstPerson_AnimBP_C Function /Game/FirstPerson/Animations/FirstPerson_AnimBP.FirstPerson_AnimBP_C:ExecuteUbergraph_FirstPerson_AnimBP
[2018.06.19-21.41.51:902][  0]LogUObjectGlobals: Created PersistentFrame Addr=0x0000020dcf792b00, Size=256, Default__FirstPersonProjectile_C Function /Game/FirstPersonBP/Blueprints/FirstPersonProjectile.FirstPersonProjectile_C:ExecuteUbergraph_FirstPersonProjectile
[2018.06.19-21.41.51:918][  0]LogUObjectGlobals: Destroyed PersistentFrame Addr=0x0000020dcf792b00, Size=256
[2018.06.19-21.41.51:918][  0]LogUObjectGlobals: Created PersistentFrame Addr=0x0000020dcf792b00, Size=256, Default__FirstPersonProjectile_C Function /Engine/Transient.REINST_FirstPersonProjectile_C_4:ExecuteUbergraph_FirstPersonProjectile
[2018.06.19-21.41.51:920][  0]LogUObjectGlobals: Created PersistentFrame Addr=0x0000020dcf790b00, Size=256, Default__FirstPersonProjectile_C Function /Game/FirstPersonBP/Blueprints/FirstPersonProjectile.FirstPersonProjectile_C:ExecuteUbergraph_FirstPersonProjectile
[2018.06.19-21.41.52:227][  0]LogUObjectGlobals: Created PersistentFrame Addr=0x0000020db566ca00, Size=688, Default__FirstPersonCharacter_C Function /Game/FirstPersonBP/Blueprints/FirstPersonCharacter.FirstPersonCharacter_C:ExecuteUbergraph_FirstPersonCharacter
[2018.06.19-21.41.52:241][  0]LogUObjectGlobals: Destroyed PersistentFrame Addr=0x0000020db566ca00, Size=688
[2018.06.19-21.41.52:241][  0]LogUObjectGlobals: Created PersistentFrame Addr=0x0000020db52fdc00, Size=688, Default__FirstPersonCharacter_C Function /Engine/Transient.REINST_FirstPersonCharacter_C_6:ExecuteUbergraph_FirstPersonCharacter
[2018.06.19-21.41.52:251][  0]LogUObjectGlobals: Created PersistentFrame Addr=0x0000020db5243d00, Size=688, Default__FirstPersonCharacter_C Function /Game/FirstPersonBP/Blueprints/FirstPersonCharacter.FirstPersonCharacter_C:ExecuteUbergraph_FirstPersonCharacter
[2018.06.19-21.41.52:703][  0]LogUObjectGlobals: Created PersistentFrame Addr=0x0000020db8b0bf90, Size=52, Default__FirstPersonHUD_C Function /Game/FirstPersonBP/Blueprints/FirstPersonHUD.FirstPersonHUD_C:ExecuteUbergraph_FirstPersonHUD
[2018.06.19-21.41.52:706][  0]LogUObjectGlobals: Destroyed PersistentFrame Addr=0x0000020db8b0bf90, Size=52
[2018.06.19-21.41.52:706][  0]LogUObjectGlobals: Created PersistentFrame Addr=0x0000020db8b0bf90, Size=52, Default__FirstPersonHUD_C Function /Engine/Transient.REINST_FirstPersonHUD_C_10:ExecuteUbergraph_FirstPersonHUD
[2018.06.19-21.41.52:708][  0]LogUObjectGlobals: Created PersistentFrame Addr=0x0000020db8b0b8c8, Size=52, Default__FirstPersonHUD_C Function /Game/FirstPersonBP/Blueprints/FirstPersonHUD.FirstPersonHUD_C:ExecuteUbergraph_FirstPersonHUD
[2018.06.19-21.41.53:387][  0]LogSkeletalMesh: Skeletal Mesh found in DDC [15.628366ms] /Game/FirstPerson/FPWeapon/Mesh/SK_FPGun.SK_FPGun
[2018.06.19-21.41.53:869][  0]LogSkeletalMesh: Skeletal Mesh found in DDC [35.617920ms] /Game/FirstPerson/Character/Mesh/SK_Mannequin_Arms.SK_Mannequin_Arms
[2018.06.19-21.41.53:878][  0]LogAIModule: Creating AISystem for world FirstPersonExampleMap
[2018.06.19-21.41.54:635][  0]LogEditorServer: Finished looking for orphan Actors (0.000 secs)
[2018.06.19-21.41.54:736][  0]LogUObjectGlobals: Destroyed PersistentFrame Addr=0x0000020dcf767830, Size=72
[2018.06.19-21.41.54:743][  0]LogUObjectGlobals: Destroyed PersistentFrame Addr=0x0000020dcf792b00, Size=256
[2018.06.19-21.41.54:743][  0]LogUObjectGlobals: Destroyed PersistentFrame Addr=0x0000020db52fdc00, Size=688
[2018.06.19-21.41.54:743][  0]LogUObjectGlobals: Destroyed PersistentFrame Addr=0x0000020db8b0bf90, Size=52
[2018.06.19-21.41.54:773][  0]Cmd: MAP CHECKDEP NOCLEARLOG
[2018.06.19-21.41.54:861][  0]MapCheck: Map check complete: 0 Error(s), 0 Warning(s), took 87.81ms to complete.
[2018.06.19-21.41.54:861][  0]LogFileHelpers: Loading map 'FirstPersonExampleMap' took 4.410
[2018.06.19-21.41.56:275][  0]LogCollectionManager: Loaded 0 collections in 0.003201 seconds
[2018.06.19-21.41.56:481][  0]LogFileCache: Scanning file cache for directory 'C:/Users/maxsa/Desktop/Unreal Projects/UnrealForBeginnersTut/Saved/Collections/' took 0.01s
[2018.06.19-21.41.56:481][  0]LogFileCache: Scanning file cache for directory 'C:/Users/maxsa/Desktop/Unreal Projects/UnrealForBeginnersTut/Content/Developers/maxsa/Collections/' took 0.01s
[2018.06.19-21.41.56:481][  0]LogFileCache: Scanning file cache for directory 'C:/Users/maxsa/Desktop/Unreal Projects/UnrealForBeginnersTut/Content/Collections/' took 0.01s
[2018.06.19-21.41.56:481][  0]LogCollectionManager: Rebuilt the GUID cache for 0 collections in 0.000001 seconds
[2018.06.19-21.41.56:516][  0]LogContentBrowser: Native class hierarchy populated in 0.0256 seconds. Added 2452 classes and 558 folders.
[2018.06.19-21.41.56:577][  0]LogContentBrowser: Native class hierarchy updated for 'WidgetCarousel' in 0.0004 seconds. Added 0 classes and 0 folders.
[2018.06.19-21.41.58:589][  0]LogContentBrowser: Native class hierarchy updated for 'AddContentDialog' in 0.0005 seconds. Added 0 classes and 0 folders.
[2018.06.19-21.41.58:652][  0]LogContentBrowser: Native class hierarchy updated for 'SceneOutliner' in 0.0005 seconds. Added 1 classes and 2 folders.
[2018.06.19-21.41.59:203][  0]LogSlate: Took 0.022765 seconds to synchronously load lazily loaded font '../../../Engine/Content/Slate/Fonts/Roboto-Regular.ttf' (155K)
[2018.06.19-21.41.59:230][  0]LogSlate: Took 0.024898 seconds to synchronously load lazily loaded font '../../../Engine/Content/Slate/Fonts/Roboto-Bold.ttf' (160K)
[2018.06.19-21.41.59:287][  0]LogSlate: Took 0.018859 seconds to synchronously load lazily loaded font '../../../Engine/Content/Editor/Slate/Fonts/FontAwesome.ttf' (139K)
[2018.06.19-21.41.59:929][  0]LogRenderer: Reallocating scene render targets to support 1208x576 Format 10 NumSamples 1 (Frame:1).
[2018.06.19-21.42.00:562][  0]LogContentBrowser: Native class hierarchy updated for 'HierarchicalLODOutliner' in 0.0005 seconds. Added 0 classes and 0 folders.
[2018.06.19-21.42.00:562][  0]LogLoad: (Engine Initialization) Total time: 88.69 seconds
[2018.06.19-21.42.00:562][  0]LogLoad: (Engine Initialization) Total Blueprint compile time: 0.00 seconds
[2018.06.19-21.42.00:999][  0]LogContentStreaming: Texture pool size now 1000 MB
[2018.06.19-21.42.01:183][  0]LogSlate: Took 0.025288 seconds to synchronously load lazily loaded font '../../../Engine/Content/Slate/Fonts/Roboto-Light.ttf' (167K)
[2018.06.19-21.42.01:596][  2]LogAssetRegistry: Asset discovery search completed in 49.9443 seconds
[2018.06.19-21.42.01:600][  2]LogCollectionManager: Rebuilt the object cache for 0 collections in 0.000001 seconds (found 0 objects)
[2018.06.19-21.42.01:600][  2]LogCollectionManager: Fixed up redirectors for 0 collections in 0.000114 seconds (updated 0 objects)
[2018.06.19-21.42.55:920][165]LogSlate: FSceneViewport::OnFocusLost() reason 0
[2018.06.19-21.42.59:378][509]LogUObjectGlobals: Created PersistentFrame Addr=0x0000020dcfc273a0, Size=88, Default__Landscape_Painting_Mode_C Function /Engine/Tutorial/Landscape/Landscape_Painting_Mode.Landscape_Painting_Mode_C:ExecuteUbergraph_Landscape_Painting_Mode
[2018.06.19-21.42.59:382][509]LogUObjectGlobals: Destroyed PersistentFrame Addr=0x0000020dcfc273a0, Size=88
[2018.06.19-21.42.59:382][509]LogUObjectGlobals: Created PersistentFrame Addr=0x0000020dcfc273a0, Size=88, Default__Landscape_Painting_Mode_C Function /Engine/Transient.REINST_Landscape_Painting_Mode_C_16:ExecuteUbergraph_Landscape_Painting_Mode
[2018.06.19-21.42.59:385][509]LogUObjectGlobals: Created PersistentFrame Addr=0x0000020dc20bf380, Size=80, Default__Landscape_Painting_Mode_C Function /Engine/Tutorial/Landscape/Landscape_Painting_Mode.Landscape_Painting_Mode_C:ExecuteUbergraph_Landscape_Painting_Mode
[2018.06.19-21.42.59:412][509]LogUObjectGlobals: Created PersistentFrame Addr=0x0000020dcfc27340, Size=88, Default__Landscape_Sculpt_Mode_C Function /Engine/Tutorial/Landscape/Landscape_Sculpt_Mode.Landscape_Sculpt_Mode_C:ExecuteUbergraph_Landscape_Sculpt_Mode
[2018.06.19-21.42.59:416][509]LogUObjectGlobals: Destroyed PersistentFrame Addr=0x0000020dcfc27340, Size=88
[2018.06.19-21.42.59:416][509]LogUObjectGlobals: Created PersistentFrame Addr=0x0000020dcfc27340, Size=88, Default__Landscape_Sculpt_Mode_C Function /Engine/Transient.REINST_Landscape_Sculpt_Mode_C_18:ExecuteUbergraph_Landscape_Sculpt_Mode
[2018.06.19-21.42.59:419][509]LogUObjectGlobals: Created PersistentFrame Addr=0x0000020dc1cced90, Size=80, Default__Landscape_Sculpt_Mode_C Function /Engine/Tutorial/Landscape/Landscape_Sculpt_Mode.Landscape_Sculpt_Mode_C:ExecuteUbergraph_Landscape_Sculpt_Mode
[2018.06.19-21.42.59:451][509]LogUObjectGlobals: Created PersistentFrame Addr=0x0000020dc206fec0, Size=64, Default__CreatingSigningCertAndProvisionTutorial_C Function /Engine/Tutorial/Mobile/CreatingSigningCertAndProvisionTutorial.CreatingSigningCertAndProvisionTutorial_C:ExecuteUbergraph_CreatingSigningCertAndProvisionTutorial
[2018.06.19-21.42.59:461][509]LogUObjectGlobals: Destroyed PersistentFrame Addr=0x0000020dc206fec0, Size=64
[2018.06.19-21.42.59:461][509]LogUObjectGlobals: Created PersistentFrame Addr=0x0000020dc206e840, Size=64, Default__CreatingSigningCertAndProvisionTutorial_C Function /Engine/Transient.REINST_CreatingSigningCertAndProvisionTutorial_C_20:ExecuteUbergraph_CreatingSigningCertAndProvisionTutorial
[2018.06.19-21.42.59:465][509]LogUObjectGlobals: Created PersistentFrame Addr=0x0000020dc206cfc0, Size=64, Default__CreatingSigningCertAndProvisionTutorial_C Function /Engine/Tutorial/Mobile/CreatingSigningCertAndProvisionTutorial.CreatingSigningCertAndProvisionTutorial_C:ExecuteUbergraph_CreatingSigningCertAndProvisionTutorial
[2018.06.19-21.42.59:688][509]LogSlate: Window 'Tutorials' being destroyed
[2018.06.19-21.43.50:330][575]LogUObjectGlobals: Warning: Failed to find object 'Object None.ActorDetails'
[2018.06.19-21.44.53:720][153]LogSlate: Window 'Tutorials' being destroyed
[2018.06.19-21.44.53:722][153]LogSlate: Window 'Tutorials' being destroyed
[2018.06.19-21.46.46:311][920]LogSlate: Window 'New Level' being destroyed
[2018.06.19-21.46.46:343][920]Cmd: MAP LOAD FILE="../../../Engine/Content/Maps/Templates/Template_Default.umap" TEMPLATE=1 SHOWPROGRESS=1 FEATURELEVEL=3
[2018.06.19-21.46.46:413][920]LogSlate: Took 0.000470 seconds to synchronously load lazily loaded font '../../../Engine/Content/Slate/Fonts/Roboto-Light.ttf' (167K)
[2018.06.19-21.46.46:428][920]LightingResults: New page: Lighting Build
[2018.06.19-21.46.46:430][920]LoadErrors: New page: Loading map: Template_Default.umap
[2018.06.19-21.46.46:431][920]MapCheck: New page: Map Check
[2018.06.19-21.46.46:431][920]LightingResults: New page: Lighting Build
[2018.06.19-21.46.46:456][920]LogUObjectGlobals: Destroyed PersistentFrame Addr=0x0000020dc206e840, Size=64
[2018.06.19-21.46.46:456][920]LogUObjectGlobals: Destroyed PersistentFrame Addr=0x0000020dcfc27340, Size=88
[2018.06.19-21.46.46:456][920]LogUObjectGlobals: Destroyed PersistentFrame Addr=0x0000020dcfc273a0, Size=88
[2018.06.19-21.46.46:680][920]LogAIModule: Creating AISystem for world Untitled_1
[2018.06.19-21.46.46:717][920]LogEditorServer: Finished looking for orphan Actors (0.000 secs)
[2018.06.19-21.46.46:756][920]Cmd: MAP CHECKDEP NOCLEARLOG
[2018.06.19-21.46.46:818][920]MapCheck: Map check complete: 0 Error(s), 0 Warning(s), took 61.472ms to complete.
[2018.06.19-21.46.46:818][920]LogFileHelpers: Loading map 'Template_Default' took 0.486
[2018.06.19-21.46.50:441][344]LogEditorViewport: Clicking on Actor (LMB): PlayerStart (Player Start)
[2018.06.19-21.46.51:400][367]LogEditorViewport: Clicking on Actor (LMB): PlayerStart (Player Start)
[2018.06.19-21.47.17:212][455]LogSlate: FSceneViewport::OnFocusLost() reason 0
[2018.06.19-21.48.36:016][433]LogSlate: Window 'Save Level As' being destroyed
[2018.06.19-21.48.36:125][433]Cmd: OBJ SAVEPACKAGE PACKAGE="/Game/Maps/Level_Chapter1" FILE="C:/Users/maxsa/Desktop/Unreal Projects/UnrealForBeginnersTut/Content/Maps/Level_Chapter1.umap" SILENT=true AUTOSAVING=false KEEPDIRTY=false
[2018.06.19-21.48.36:184][433]LogSavePackage: Save=42.67ms
[2018.06.19-21.48.36:184][433]LogSavePackage: Moving 'C:/Users/maxsa/Desktop/Unreal Projects/UnrealForBeginnersTut/Saved/Level_Chapter1F32E75DC47D95483CC3A8EB88D561B3A.tmp' to 'C:/Users/maxsa/Desktop/Unreal Projects/UnrealForBeginnersTut/Content/Maps/Level_Chapter1.umap'
[2018.06.19-21.48.36:185][433]LogSavePackage: Display: Finished SavePackage C:/Users/maxsa/Desktop/Unreal Projects/UnrealForBeginnersTut/Content/Maps/Level_Chapter1.umap
[2018.06.19-21.48.36:246][433]Cmd: OBJ SAVEPACKAGE PACKAGE="/Game/Maps/Level_Chapter1_BuiltData" FILE="C:/Users/maxsa/Desktop/Unreal Projects/UnrealForBeginnersTut/Content/Maps/Level_Chapter1_BuiltData.uasset" SILENT=true
[2018.06.19-21.48.36:276][433]LogSavePackage: Save=27.44ms
[2018.06.19-21.48.36:277][433]LogSavePackage: Moving 'C:/Users/maxsa/Desktop/Unreal Projects/UnrealForBeginnersTut/Saved/Level_Chapter1_BuiltData0880E6E04908860268758D9E8E2211A3.tmp' to 'C:/Users/maxsa/Desktop/Unreal Projects/UnrealForBeginnersTut/Content/Maps/Level_Chapter1_BuiltData.uasset'
[2018.06.19-21.48.36:279][433]LogSavePackage: Display: Finished SavePackage C:/Users/maxsa/Desktop/Unreal Projects/UnrealForBeginnersTut/Content/Maps/Level_Chapter1_BuiltData.uasset
[2018.06.19-21.48.36:285][433]LogFileHelpers: Saving map 'Level_Chapter1' took 0.252
[2018.06.19-21.48.36:288][433]Cmd: MAP LOAD FILE="C:/Users/maxsa/Desktop/Unreal Projects/UnrealForBeginnersTut/Content/Maps/Level_Chapter1.umap" TEMPLATE=0 SHOWPROGRESS=1 FEATURELEVEL=3
[2018.06.19-21.48.36:304][433]LightingResults: New page: Lighting Build
[2018.06.19-21.48.36:305][433]LoadErrors: New page: Loading map: Level_Chapter1.umap
[2018.06.19-21.48.36:305][433]MapCheck: New page: Map Check
[2018.06.19-21.48.36:306][433]LightingResults: New page: Lighting Build
[2018.06.19-21.48.36:333][433]LogAIModule: Creating AISystem for world Level_Chapter1
[2018.06.19-21.48.36:338][433]LogEditorServer: Finished looking for orphan Actors (0.000 secs)
[2018.06.19-21.48.36:371][433]Cmd: MAP CHECKDEP NOCLEARLOG
[2018.06.19-21.48.36:429][433]MapCheck: Map check complete: 0 Error(s), 0 Warning(s), took 57.608ms to complete.
[2018.06.19-21.48.36:429][433]LogFileHelpers: Loading map 'Level_Chapter1' took 0.144
[2018.06.19-21.48.36:429][433]LoadErrors: Error: /Game/Maps/Level_Chapter1 : Failed import for MapBuildDataRegistry /Game/Maps/Level_Chapter1_BuiltData.Level_Chapter1_BuiltData Referenced by export Level /Game/Maps/Level_Chapter1.Level_Chapter1:PersistentLevel
[2018.06.19-21.49.47:961][734]MapCheck: New page: Map Check
[2018.06.19-21.49.47:998][734]LightingResults: New page: Lighting Build - Jun 19, 2018, 1:49:47 PM
[2018.06.19-21.49.48:147][734]LogSwarmInterface: [OpenConnection] Registering TCP channel ...
[2018.06.19-21.49.48:295][734]LogSwarmInterface: [OpenConnection] Connecting to agent ...
[2018.06.19-21.49.48:306][734]LogSwarmInterface: [TryOpenConnection] Testing the Agent
[2018.06.19-21.49.48:815][734]LogSwarmInterface: [TryOpenConnection] Opening Connection to Agent
[2018.06.19-21.49.48:815][734]LogSwarmInterface: [TryOpenConnection] Local Process ID is 5384
[2018.06.19-21.49.53:521][734]LogStaticLightingSystem: Warning: No importance volume found, so the scene bounding box was used.  You can optimize your scene's quality and lighting build times by adding importance volumes.
[2018.06.19-21.49.53:521][734]LogStaticLightingSystem: Running Lightmass w/ ImmediateImport mode ENABLED
[2018.06.19-21.49.53:521][734]LogStaticLightingSystem: Running Lightmass w/ ImmediateProcess mode ENABLED
[2018.06.19-21.49.53:521][734]LogStaticLightingSystem: Running Lightmass w/ Sorting mode ENABLED
[2018.06.19-21.49.53:521][734]LogStaticLightingSystem: Running Lightmass w/ Mapping paddings ENABLED
[2018.06.19-21.49.53:521][734]LogStaticLightingSystem: Running Lightmass w/ Mapping debug paddings DISABLED
[2018.06.19-21.49.53:828][734]LogEditorBuildUtils: Build time 0:05
[2018.06.19-21.49.53:835][734]LogMaterial: Missing cached shader map for material FLightmassMaterialRenderer DefaultMaterial, compiling. 
[2018.06.19-21.49.53:902][734]LogShaderCompilers: Display: Shaders left to compile 2
[2018.06.19-21.49.53:903][734]LogMaterial: Missing cached shader map for material FLightmassMaterialRenderer DefaultMaterial, compiling. 
[2018.06.19-21.49.53:929][735]LogMaterial: Missing cached shader map for material FLightmassMaterialRenderer MaterialInstanceDynamic_0, compiling. 
[2018.06.19-21.49.53:934][735]LogMaterial: Missing cached shader map for material FLightmassMaterialRenderer MaterialInstanceDynamic_0, compiling. 
[2018.06.19-21.49.53:961][736]LogMaterial: Missing cached shader map for material FLightmassMaterialRenderer WorldGridMaterial, compiling. Is special engine material.
[2018.06.19-21.49.53:967][736]LogMaterial: Missing cached shader map for material FLightmassMaterialRenderer WorldGridMaterial, compiling. Is special engine material.
[2018.06.19-21.49.56:534][737]LogShaderCompilers: Display: Shaders left to compile 10
[2018.06.19-21.49.58:617][804]Job is a success!
[2018.06.19-21.49.58:687][805]LogVolumetricLightmapImport: Imported Volumetric Lightmap in 0.017s
[2018.06.19-21.49.58:687][805]LogVolumetricLightmapImport:      Indirection Texture 16x16x16 = 0.0Mb
[2018.06.19-21.49.58:687][805]LogVolumetricLightmapImport:      BrickData 30x5x5 = 0.0Mb
[2018.06.19-21.49.58:687][805]LogVolumetricLightmapImport:      Bricks at Level
[2018.06.19-21.49.58:687][805]LogVolumetricLightmapImport:          0: 16.7% covering 100.0% of volume
[2018.06.19-21.49.58:687][805]LogVolumetricLightmapImport:          1: 16.7% covering 1.6% of volume
[2018.06.19-21.49.58:687][805]LogVolumetricLightmapImport:          2: 66.7% covering 0.1% of volume
[2018.06.19-21.49.58:775][805]LogTexture: Display: Building textures: LQ_Lightmap_0_1 (DXT1, 256X256)
[2018.06.19-21.49.58:775][805]LogTexture: Display: Building textures: HQ_Lightmap0_1 (AutoDXT, 256X256)
[2018.06.19-21.49.58:775][805]LogTexture: Display: Building textures: HQ_Lightmap0_2 (AutoDXT, 64X64)
[2018.06.19-21.49.58:775][805]LogTexture: Display: Building textures: LQ_Lightmap_0_2 (DXT1, 64X64)
[2018.06.19-21.49.58:775][805]LogTexture: Display: Building textures: ShadowMapTexture2D_1 (G8, 32X32)
[2018.06.19-21.49.58:775][805]LogTexture: Display: Building textures: ShadowMapTexture2D_0 (G8, 128X128)
[2018.06.19-21.49.58:802][805]Lightmass on MAX-PC: 750 ms total, 137 ms importing, 16 ms setup, 162 ms photons, 395 ms processing, 0 ms extra exporting [2/2 mappings]. Threads: 1.54 sec total, 170 ms processing.
[2018.06.19-21.49.58:835][805]LogStaticLightingSystem: Illumination: 10.8 sec (44 ms encoding lightmaps, 8 ms encoding shadowmaps)
[2018.06.19-21.49.58:835][805]LogStaticLightingSystem: Lightmap texture memory:  0.1 MB (0.1 MB streaming, 0.0 MB non-streaming), 4 textures
[2018.06.19-21.49.58:835][805]LogStaticLightingSystem: Shadowmap texture memory: 0.0 MB (0.0 MB streaming, 0.0 MB non-streaming), 2 textures
[2018.06.19-21.49.59:533][805]DumpUnbuiltLightIteractions
[2018.06.19-21.49.59:533][805]Lights with unbuilt interactions: 0
[2018.06.19-21.49.59:533][805]
[2018.06.19-21.49.59:533][805]Primitives with unbuilt interactions: 0
[2018.06.19-21.49.59:598][806]Cmd: MAP CHECK NOTIFYRESULTS
[2018.06.19-21.49.59:598][806]MapCheck: New page: Level_Chapter1 - Jun 19, 2018, 1:49:59 PM
[2018.06.19-21.49.59:669][806]MapCheck: Map check complete: 0 Error(s), 0 Warning(s), took 70.406ms to complete.
[2018.06.19-21.50.25:461][295]Cmd: OBJ SAVEPACKAGE PACKAGE="/Game/Maps/Level_Chapter1" FILE="C:/Users/maxsa/Desktop/Unreal Projects/UnrealForBeginnersTut/Content/Maps/Level_Chapter1.umap" SILENT=true AUTOSAVING=false KEEPDIRTY=false
[2018.06.19-21.50.25:507][295]LogSavePackage: Save=22.88ms
[2018.06.19-21.50.25:507][295]LogSavePackage: Moving 'C:/Users/maxsa/Desktop/Unreal Projects/UnrealForBeginnersTut/Saved/Level_Chapter17AB5BBDE4291F2B6E97F10BD07ADE5AA.tmp' to 'C:/Users/maxsa/Desktop/Unreal Projects/UnrealForBeginnersTut/Content/Maps/Level_Chapter1.umap'
[2018.06.19-21.50.25:512][295]LogSavePackage: Display: Finished SavePackage C:/Users/maxsa/Desktop/Unreal Projects/UnrealForBeginnersTut/Content/Maps/Level_Chapter1.umap
[2018.06.19-21.50.25:535][295]Cmd: OBJ SAVEPACKAGE PACKAGE="/Game/Maps/Level_Chapter1_BuiltData" FILE="C:/Users/maxsa/Desktop/Unreal Projects/UnrealForBeginnersTut/Content/Maps/Level_Chapter1_BuiltData.uasset" SILENT=true
[2018.06.19-21.50.25:553][295]LogSavePackage: Save=11.39ms
[2018.06.19-21.50.25:553][295]LogSavePackage: Moving 'C:/Users/maxsa/Desktop/Unreal Projects/UnrealForBeginnersTut/Saved/Level_Chapter1_BuiltData95922250479523747E9E6BA1409476A9.tmp' to 'C:/Users/maxsa/Desktop/Unreal Projects/UnrealForBeginnersTut/Content/Maps/Level_Chapter1_BuiltData.uasset'
[2018.06.19-21.50.25:556][295]LogSavePackage: Display: Finished SavePackage C:/Users/maxsa/Desktop/Unreal Projects/UnrealForBeginnersTut/Content/Maps/Level_Chapter1_BuiltData.uasset
[2018.06.19-21.50.38:115][468]LogSlate: Window 'New Level' being destroyed
[2018.06.19-21.50.45:401][334]LogSlate: Window 'UE4forbeginners - Unreal Editor' being destroyed
[2018.06.19-21.50.45:402][334]LogWindowsTextInputMethodSystem: Display: IME system now deactivated.
[2018.06.19-21.50.45:649][335]Cmd: QUIT_EDITOR
[2018.06.19-21.50.45:786][335]LogSlate: Slate User Destroyed.  User Index 0, Is Virtual User: 0
[2018.06.19-21.50.45:791][335]LogExit: Preparing to exit.
[2018.06.19-21.50.46:373][335]LogExit: Editor shut down
[2018.06.19-21.50.46:376][335]LogExit: Transaction tracking system shut down
[2018.06.19-21.50.46:377][335]LogUObjectGlobals: Destroyed PersistentFrame Addr=0x0000020dcf8b0ef0, Size=72
[2018.06.19-21.50.46:377][335]LogUObjectGlobals: Destroyed PersistentFrame Addr=0x0000020dcf790b00, Size=256
[2018.06.19-21.50.46:377][335]LogUObjectGlobals: Destroyed PersistentFrame Addr=0x0000020db5243d00, Size=688
[2018.06.19-21.50.46:377][335]LogUObjectGlobals: Destroyed PersistentFrame Addr=0x0000020dc206cfc0, Size=64
[2018.06.19-21.50.46:377][335]LogUObjectGlobals: Destroyed PersistentFrame Addr=0x0000020dc1cced90, Size=80
[2018.06.19-21.50.46:377][335]LogUObjectGlobals: Destroyed PersistentFrame Addr=0x0000020dc20bf380, Size=80
[2018.06.19-21.50.46:378][335]LogUObjectGlobals: Destroyed PersistentFrame Addr=0x0000020db8b0b8c8, Size=52
[2018.06.19-21.50.46:529][335]LogDirectoryWatcher: A directory notification for '../../../Engine/Content/' was aborted.
[2018.06.19-21.50.46:529][335]LogDirectoryWatcher: A directory notification for 'C:/Users/maxsa/Desktop/Unreal Projects/UnrealForBeginnersTut/Content/' was aborted.
[2018.06.19-21.50.46:529][335]LogDirectoryWatcher: A directory notification for '../../Plugins/2D/Paper2D/Content/' was aborted.
[2018.06.19-21.50.46:529][335]LogDirectoryWatcher: A directory notification for '../../Plugins/Enterprise/DatasmithContent/Content/' was aborted.
[2018.06.19-21.50.46:530][335]LogDirectoryWatcher: A directory notification for '../../Plugins/Media/MediaCompositing/Content/' was aborted.
[2018.06.19-21.50.46:530][335]LogDirectoryWatcher: A directory notification for '../../Plugins/Runtime/AppleARKit/Content/' was aborted.
[2018.06.19-21.50.46:530][335]LogDirectoryWatcher: A directory notification for '../../Plugins/Runtime/Oculus/OculusVR/Content/' was aborted.
[2018.06.19-21.50.46:530][335]LogDirectoryWatcher: A directory notification for '../../Plugins/Runtime/Steam/SteamVR/Content/' was aborted.
[2018.06.19-21.50.46:879][335]LogExit: Object subsystem successfully closed.
[2018.06.19-21.50.46:917][335]LogShaderCompilers: Display: Shaders left to compile 0
[2018.06.19-21.50.46:922][335]LogD3D11RHI: Shutdown
[2018.06.19-21.50.46:922][335]LogD3D11RHI: CleanupD3DDevice
[2018.06.19-21.50.46:927][335]LogD3D11RHI: ~FD3D11DynamicRHI
[2018.06.19-21.50.47:139][335]LogModuleManager: Shutting down and abandoning module HierarchicalLODUtilities (578)
[2018.06.19-21.50.47:139][335]LogModuleManager: Shutting down and abandoning module NewLevelDialog (576)
[2018.06.19-21.50.47:139][335]LogModuleManager: Shutting down and abandoning module HierarchicalLODOutliner (574)
[2018.06.19-21.50.47:139][335]LogModuleManager: Shutting down and abandoning module SceneOutliner (572)
[2018.06.19-21.50.47:139][335]LogModuleManager: Shutting down and abandoning module AddContentDialog (570)
[2018.06.19-21.50.47:149][335]LogDirectoryWatcher: A directory notification for 'E:/UE_4.19/FeaturePacks/' was aborted.
[2018.06.19-21.50.47:150][335]LogModuleManager: Shutting down and abandoning module WidgetCarousel (569)
[2018.06.19-21.50.47:150][335]LogModuleManager: Shutting down and abandoning module EditorWidgets (566)
[2018.06.19-21.50.47:150][335]LogModuleManager: Shutting down and abandoning module CollectionManager (564)
[2018.06.19-21.50.47:150][335]LogDirectoryWatcher: A directory notification for 'C:/Users/maxsa/Desktop/Unreal Projects/UnrealForBeginnersTut/Content/Collections/' was aborted.
[2018.06.19-21.50.47:151][335]LogDirectoryWatcher: A directory notification for 'C:/Users/maxsa/Desktop/Unreal Projects/UnrealForBeginnersTut/Content/Developers/maxsa/Collections/' was aborted.
[2018.06.19-21.50.47:151][335]LogDirectoryWatcher: A directory notification for 'C:/Users/maxsa/Desktop/Unreal Projects/UnrealForBeginnersTut/Saved/Collections/' was aborted.
[2018.06.19-21.50.47:151][335]LogModuleManager: Shutting down and abandoning module StatsViewer (562)
[2018.06.19-21.50.47:151][335]LogModuleManager: Shutting down and abandoning module FoliageEdit (560)
[2018.06.19-21.50.47:151][335]LogModuleManager: Shutting down and abandoning module LandscapeEditor (558)
[2018.06.19-21.50.47:154][335]LogModuleManager: Shutting down and abandoning module MeshPaintMode (556)
[2018.06.19-21.50.47:154][335]LogModuleManager: Shutting down and abandoning module SceneDepthPickerMode (554)
[2018.06.19-21.50.47:154][335]LogModuleManager: Shutting down and abandoning module ActorPickerMode (552)
[2018.06.19-21.50.47:154][335]LogModuleManager: Shutting down and abandoning module GeometryMode (550)
[2018.06.19-21.50.47:154][335]LogModuleManager: Shutting down and abandoning module TextureAlignMode (548)
[2018.06.19-21.50.47:154][335]LogModuleManager: Shutting down and abandoning module BspMode (546)
[2018.06.19-21.50.47:154][335]LogModuleManager: Shutting down and abandoning module PIEPreviewDeviceProfileSelector (544)
[2018.06.19-21.50.47:154][335]LogModuleManager: Shutting down and abandoning module HardwareSurvey (542)
[2018.06.19-21.50.47:154][335]LogModuleManager: Shutting down and abandoning module SequenceRecorderSections (540)
[2018.06.19-21.50.47:154][335]LogModuleManager: Shutting down and abandoning module AutomationWorker (538)
[2018.06.19-21.50.47:154][335]LogModuleManager: Shutting down and abandoning module AudioCaptureEditor (536)
[2018.06.19-21.50.47:154][335]LogModuleManager: Shutting down and abandoning module SequenceRecorder (535)
[2018.06.19-21.50.47:154][335]LogModuleManager: Shutting down and abandoning module MatineeToLevelSequence (532)
[2018.06.19-21.50.47:154][335]LogModuleManager: Shutting down and abandoning module LevelSequenceEditor (530)
[2018.06.19-21.50.47:165][335]LogModuleManager: Shutting down and abandoning module PlacementMode (529)
[2018.06.19-21.50.47:165][335]LogModuleManager: Shutting down and abandoning module MaterialEditor (528)
[2018.06.19-21.50.47:179][335]LogModuleManager: Shutting down and abandoning module WmfMediaFactory (524)
[2018.06.19-21.50.47:179][335]LogModuleManager: Shutting down and abandoning module WmfMediaEditor (522)
[2018.06.19-21.50.47:179][335]LogModuleManager: Shutting down and abandoning module MediaPlayerEditor (520)
[2018.06.19-21.50.47:180][335]LogModuleManager: Shutting down and abandoning module OpenExrWrapper (518)
[2018.06.19-21.50.47:180][335]LogModuleManager: Shutting down and abandoning module ImgMediaFactory (516)
[2018.06.19-21.50.47:180][335]LogModuleManager: Shutting down and abandoning module ImgMediaEditor (514)
[2018.06.19-21.50.47:180][335]LogModuleManager: Shutting down and abandoning module AvfMediaFactory (512)
[2018.06.19-21.50.47:180][335]LogModuleManager: Shutting down and abandoning module AvfMediaEditor (510)
[2018.06.19-21.50.47:180][335]LogModuleManager: Shutting down and abandoning module AndroidMediaFactory (508)
[2018.06.19-21.50.47:180][335]LogModuleManager: Shutting down and abandoning module AndroidMediaEditor (506)
[2018.06.19-21.50.47:180][335]LogModuleManager: Shutting down and abandoning module CharacterAI (504)
[2018.06.19-21.50.47:180][335]LogModuleManager: Shutting down and abandoning module SmartSnapping (502)
[2018.06.19-21.50.47:180][335]LogModuleManager: Shutting down and abandoning module SessionServices (500)
[2018.06.19-21.50.47:180][335]LogModuleManager: Shutting down and abandoning module ViewportSnapping (498)
[2018.06.19-21.50.47:180][335]LogModuleManager: Shutting down and abandoning module ViewportInteraction (496)
[2018.06.19-21.50.47:180][335]LogModuleManager: Shutting down and abandoning module ClothPainter (494)
[2018.06.19-21.50.47:180][335]LogModuleManager: Shutting down and abandoning module SkeletalMeshEditor (493)
[2018.06.19-21.50.47:203][335]LogModuleManager: Shutting down and abandoning module LogVisualizer (490)
[2018.06.19-21.50.47:203][335]LogModuleManager: Shutting down and abandoning module IntroTutorials (488)
[2018.06.19-21.50.47:203][335]LogModuleManager: Shutting down and abandoning module GameProjectGeneration (487)
[2018.06.19-21.50.47:222][335]LogModuleManager: Shutting down and abandoning module IOSPlatformEditor (484)
[2018.06.19-21.50.47:223][335]LogModuleManager: Shutting down and abandoning module HTML5PlatformEditor (482)
[2018.06.19-21.50.47:223][335]LogModuleManager: Shutting down and abandoning module AndroidPlatformEditor (480)
[2018.06.19-21.50.47:223][335]LogModuleManager: Shutting down and abandoning module AndroidDeviceDetection (479)
[2018.06.19-21.50.47:895][335]LogModuleManager: Shutting down and abandoning module WindowsPlatformEditor (476)
[2018.06.19-21.50.47:896][335]LogModuleManager: Shutting down and abandoning module IOSRuntimeSettings (474)
[2018.06.19-21.50.47:896][335]LogModuleManager: Shutting down and abandoning module AndroidRuntimeSettings (472)
[2018.06.19-21.50.47:896][335]LogModuleManager: Shutting down and abandoning module InputBindingEditor (470)
[2018.06.19-21.50.47:896][335]LogModuleManager: Shutting down and abandoning module MergeActors (468)
[2018.06.19-21.50.47:899][335]LogModuleManager: Shutting down and abandoning module LocalizationDashboard (466)
[2018.06.19-21.50.47:904][335]LogModuleManager: Shutting down and abandoning module LocalizationService (465)
[2018.06.19-21.50.47:904][335]LogModuleManager: Shutting down and abandoning module HardwareTargeting (462)
[2018.06.19-21.50.47:904][335]LogModuleManager: Shutting down and abandoning module DeviceProfileEditor (460)
[2018.06.19-21.50.47:904][335]LogModuleManager: Shutting down and abandoning module UndoHistory (458)
[2018.06.19-21.50.47:904][335]LogModuleManager: Shutting down and abandoning module XmlParser (456)
[2018.06.19-21.50.47:904][335]LogModuleManager: Shutting down and abandoning module Blutility (454)
[2018.06.19-21.50.47:904][335]LogModuleManager: Shutting down and abandoning module ProjectSettingsViewer (452)
[2018.06.19-21.50.47:904][335]LogModuleManager: Shutting down and abandoning module ProjectTargetPlatformEditor (451)
[2018.06.19-21.50.47:904][335]LogModuleManager: Shutting down and abandoning module EditorSettingsViewer (448)
[2018.06.19-21.50.47:904][335]LogModuleManager: Shutting down and abandoning module SettingsEditor (446)
[2018.06.19-21.50.47:915][335]LogModuleManager: Shutting down and abandoning module ProjectLauncher (444)
[2018.06.19-21.50.47:924][335]LogModuleManager: Shutting down and abandoning module SessionFrontend (442)
[2018.06.19-21.50.47:925][335]LogModuleManager: Shutting down and abandoning module ProfilerClient (440)
[2018.06.19-21.50.47:933][335]LogModuleManager: Shutting down and abandoning module DeviceManager (438)
[2018.06.19-21.50.47:933][335]LogModuleManager: Shutting down and abandoning module TargetDeviceServices (437)
[2018.06.19-21.50.47:988][335]LogModuleManager: Shutting down and abandoning module AutomationController (434)
[2018.06.19-21.50.47:988][335]LogModuleManager: Shutting down and abandoning module AutomationWindow (432)
[2018.06.19-21.50.48:001][335]LogModuleManager: Shutting down and abandoning module Layers (430)
[2018.06.19-21.50.48:013][335]LogModuleManager: Shutting down and abandoning module ComponentVisualizers (428)
[2018.06.19-21.50.48:013][335]LogModuleManager: Shutting down and abandoning module DetailCustomizations (426)
[2018.06.19-21.50.48:013][335]LogModuleManager: Shutting down and abandoning module PackagesDialog (424)
[2018.06.19-21.50.48:013][335]LogModuleManager: Shutting down and abandoning module Persona (422)
[2018.06.19-21.50.48:022][335]LogModuleManager: Shutting down and abandoning module AdvancedPreviewScene (421)
[2018.06.19-21.50.48:022][335]LogModuleManager: Shutting down and abandoning module AnimGraph (419)
[2018.06.19-21.50.48:022][335]LogModuleManager: Shutting down and abandoning module Kismet (416)
[2018.06.19-21.50.48:022][335]LogModuleManager: Shutting down and abandoning module GraphEditor (414)
[2018.06.19-21.50.48:054][335]LogModuleManager: Shutting down and abandoning module ClassViewer (412)
[2018.06.19-21.50.48:054][335]LogModuleManager: Shutting down and abandoning module Toolbox (410)
[2018.06.19-21.50.48:054][335]LogModuleManager: Shutting down and abandoning module ModuleUI (408)
[2018.06.19-21.50.48:070][335]LogModuleManager: Shutting down and abandoning module MovieSceneTools (406)
[2018.06.19-21.50.48:070][335]LogModuleManager: Shutting down and abandoning module OutputLog (404)
[2018.06.19-21.50.48:082][335]LogModuleManager: Shutting down and abandoning module GammaUI (402)
[2018.06.19-21.50.48:082][335]LogModuleManager: Shutting down and abandoning module Documentation (400)
[2018.06.19-21.50.48:082][335]LogModuleManager: Shutting down and abandoning module MovieSceneTracks (398)
[2018.06.19-21.50.48:087][335]LogModuleManager: Shutting down and abandoning module MovieScene (396)
[2018.06.19-21.50.48:097][335]LogModuleManager: Shutting down and abandoning module StreamingPauseRendering (394)
[2018.06.19-21.50.48:097][335]LogModuleManager: Shutting down and abandoning module LauncherPlatform (392)
[2018.06.19-21.50.48:097][335]LogModuleManager: Shutting down and abandoning module AnalyticsET (390)
[2018.06.19-21.50.48:097][335]LogModuleManager: Shutting down and abandoning module PortalServices (388)
[2018.06.19-21.50.48:097][335]LogModuleManager: Shutting down and abandoning module PortalRpc (386)
[2018.06.19-21.50.48:097][335]LogModuleManager: Shutting down and abandoning module MessagingRpc (384)
[2018.06.19-21.50.48:097][335]LogModuleManager: Shutting down and abandoning module AIModule (382)
[2018.06.19-21.50.48:097][335]LogModuleManager: Shutting down and abandoning module GameplayDebugger (381)
[2018.06.19-21.50.48:097][335]LogModuleManager: Shutting down and abandoning module AITestSuite (379)
[2018.06.19-21.50.48:097][335]LogModuleManager: Shutting down and abandoning module DesktopPlatform (376)
[2018.06.19-21.50.48:097][335]LogModuleManager: Shutting down and abandoning module ProfilerService (374)
[2018.06.19-21.50.48:181][335]LogModuleManager: Shutting down and abandoning module TaskGraph (372)
[2018.06.19-21.50.48:181][335]LogModuleManager: Shutting down and abandoning module SteamVRController (370)
[2018.06.19-21.50.48:181][335]LogModuleManager: Shutting down and abandoning module ProceduralMeshComponentEditor (368)
[2018.06.19-21.50.48:181][335]LogModuleManager: Shutting down and abandoning module ProceduralMeshComponent (366)
[2018.06.19-21.50.48:181][335]LogModuleManager: Shutting down and abandoning module OculusInput (364)
[2018.06.19-21.50.48:181][335]LogModuleManager: Shutting down and abandoning module MobilePatchingUtils (362)
[2018.06.19-21.50.48:181][335]LogModuleManager: Shutting down and abandoning module CustomMeshComponent (360)
[2018.06.19-21.50.48:181][335]LogModuleManager: Shutting down and abandoning module CableComponent (358)
[2018.06.19-21.50.48:181][335]LogModuleManager: Shutting down and abandoning module AudioCapture (356)
[2018.06.19-21.50.48:181][335]LogModuleManager: Shutting down and abandoning module ArchVisCharacter (354)
[2018.06.19-21.50.48:181][335]LogModuleManager: Shutting down and abandoning module AndroidPermission (352)
[2018.06.19-21.50.48:181][335]LogModuleManager: Shutting down and abandoning module NUTUnrealEngine4 (348)
[2018.06.19-21.50.48:181][335]LogModuleManager: Shutting down and abandoning module NetcodeUnitTest (346)
[2018.06.19-21.50.48:181][335]LogModuleManager: Shutting down and abandoning module MediaCompositingEditor (344)
[2018.06.19-21.50.48:181][335]LogModuleManager: Shutting down and abandoning module MediaCompositing (342)
[2018.06.19-21.50.48:181][335]LogModuleManager: Shutting down and abandoning module LinearTimecode (340)
[2018.06.19-21.50.48:181][335]LogModuleManager: Shutting down and abandoning module ImgMedia (338)
[2018.06.19-21.50.48:186][335]LogModuleManager: Shutting down and abandoning module HTML5Networking (336)
[2018.06.19-21.50.48:187][335]LogModuleManager: Shutting down and abandoning module AlembicImporter (334)
[2018.06.19-21.50.48:187][335]LogModuleManager: Shutting down and abandoning module AlembicLibrary (333)
[2018.06.19-21.50.48:187][335]LogModuleManager: Shutting down and abandoning module GeometryCache (332)
[2018.06.19-21.50.48:187][335]LogModuleManager: Shutting down and abandoning module GeometryCacheEd (331)
[2018.06.19-21.50.48:187][335]LogModuleManager: Shutting down and abandoning module DatasmithContent (326)
[2018.06.19-21.50.48:187][335]LogModuleManager: Shutting down and abandoning module SpeedTreeImporter (324)
[2018.06.19-21.50.48:187][335]LogModuleManager: Shutting down and abandoning module PluginBrowser (322)
[2018.06.19-21.50.48:187][335]LogModuleManager: Shutting down and abandoning module MobileLauncherProfileWizard (320)
[2018.06.19-21.50.48:187][335]LogModuleManager: Shutting down and abandoning module CryptoKeysOpenSSL (318)
[2018.06.19-21.50.48:187][335]LogModuleManager: Shutting down and abandoning module CryptoKeys (316)
[2018.06.19-21.50.48:187][335]LogModuleManager: Shutting down and abandoning module VisualStudioSourceCodeAccess (314)
[2018.06.19-21.50.48:187][335]LogModuleManager: Shutting down and abandoning module VisualStudioCodeSourceCodeAccess (312)
[2018.06.19-21.50.48:187][335]LogModuleManager: Shutting down and abandoning module UObjectPlugin (310)
[2018.06.19-21.50.48:187][335]LogModuleManager: Shutting down and abandoning module SubversionSourceControl (308)
[2018.06.19-21.50.48:187][335]LogModuleManager: Shutting down and abandoning module PerforceSourceControl (306)
[2018.06.19-21.50.48:188][335]LogModuleManager: Shutting down and abandoning module GitSourceControl (304)
[2018.06.19-21.50.48:188][335]LogModuleManager: Shutting down and abandoning module SourceControl (303)
[2018.06.19-21.50.48:188][335]LogModuleManager: Shutting down and abandoning module CLionSourceCodeAccess (300)
[2018.06.19-21.50.48:188][335]LogModuleManager: Shutting down and abandoning module LightPropagationVolumeEditor (298)
[2018.06.19-21.50.48:188][335]LogModuleManager: Shutting down and abandoning module PaperTiledImporter (296)
[2018.06.19-21.50.48:188][335]LogModuleManager: Shutting down and abandoning module PaperSpriteSheetImporter (294)
[2018.06.19-21.50.48:188][335]LogModuleManager: Shutting down and abandoning module Paper2DEditor (292)
[2018.06.19-21.50.48:188][335]LogModuleManager: Shutting down and abandoning module MeshPaint (291)
[2018.06.19-21.50.48:188][335]LogModuleManager: Shutting down and abandoning module RuntimePhysXCooking (288)
[2018.06.19-21.50.48:188][335]LogModuleManager: Shutting down and abandoning module PhysXVehiclesEditor (286)
[2018.06.19-21.50.48:188][335]LogModuleManager: Shutting down and abandoning module PhysXVehicles (284)
[2018.06.19-21.50.48:188][335]LogModuleManager: Shutting down and abandoning module OculusEditor (282)
[2018.06.19-21.50.48:188][335]LogModuleManager: Shutting down and abandoning module LocationServicesBPLibrary (280)
[2018.06.19-21.50.48:189][335]LogModuleManager: Shutting down and abandoning module ImmediatePhysicsEditor (278)
[2018.06.19-21.50.48:189][335]LogModuleManager: Shutting down and abandoning module ImmediatePhysics (276)
[2018.06.19-21.50.48:189][335]LogModuleManager: Shutting down and abandoning module ActorSequence (274)
[2018.06.19-21.50.48:189][335]LogModuleManager: Shutting down and abandoning module UdpMessaging (272)
[2018.06.19-21.50.48:290][335]LogModuleManager: Shutting down and abandoning module TcpMessaging (270)
[2018.06.19-21.50.48:391][335]LogModuleManager: Shutting down and abandoning module GameplayTagsEditor (268)
[2018.06.19-21.50.48:391][335]LogModuleManager: Shutting down and abandoning module FacialAnimationEditor (266)
[2018.06.19-21.50.48:391][335]LogModuleManager: Shutting down and abandoning module FacialAnimation (264)
[2018.06.19-21.50.48:391][335]LogModuleManager: Shutting down and abandoning module DataValidation (262)
[2018.06.19-21.50.48:391][335]LogModuleManager: Shutting down and abandoning module AssetManagerEditor (260)
[2018.06.19-21.50.48:391][335]LogModuleManager: Shutting down and abandoning module LevelEditor (259)
[2018.06.19-21.50.48:391][335]LogModuleManager: Shutting down and abandoning module PixelInspectorModule (258)
[2018.06.19-21.50.48:392][335]LogModuleManager: Shutting down and abandoning module CommonMenuExtensions (256)
[2018.06.19-21.50.48:392][335]LogModuleManager: Shutting down and abandoning module MainFrame (254)
[2018.06.19-21.50.48:392][335]LogModuleManager: Shutting down and abandoning module HotReload (253)
[2018.06.19-21.50.48:392][335]LogModuleManager: Shutting down and abandoning module ContentBrowser (249)
[2018.06.19-21.50.48:393][335]LogModuleManager: Shutting down and abandoning module TreeMap (247)
[2018.06.19-21.50.48:393][335]LogModuleManager: Shutting down and abandoning module LightPropagationVolumeRuntime (244)
[2018.06.19-21.50.48:393][335]LogModuleManager: Shutting down and abandoning module LiveLinkEditor (242)
[2018.06.19-21.50.48:393][335]LogModuleManager: Shutting down and abandoning module LiveLink (240)
[2018.06.19-21.50.48:645][335]LogModuleManager: Shutting down and abandoning module Paper2D (238)
[2018.06.19-21.50.48:645][335]LogModuleManager: Shutting down and abandoning module WindowsMoviePlayer (236)
[2018.06.19-21.50.48:645][335]LogModuleManager: Shutting down and abandoning module WmfMedia (234)
[2018.06.19-21.50.48:646][335]LogModuleManager: Shutting down and abandoning module Media (233)
[2018.06.19-21.50.48:652][335]LogModuleManager: Shutting down and abandoning module PacketHandler (230)
[2018.06.19-21.50.48:652][335]LogModuleManager: Shutting down and abandoning module ClothingSystemEditor (228)
[2018.06.19-21.50.48:652][335]LogModuleManager: Shutting down and abandoning module ClothingSystemRuntime (226)
[2018.06.19-21.50.48:664][335]LogModuleManager: Shutting down and abandoning module MediaAssets (224)
[2018.06.19-21.50.48:664][335]LogModuleManager: Shutting down and abandoning module Overlay (222)
[2018.06.19-21.50.48:664][335]LogModuleManager: Shutting down and abandoning module OverlayEditor (221)
[2018.06.19-21.50.48:664][335]LogModuleManager: Shutting down and abandoning module VREditor (218)
[2018.06.19-21.50.48:679][335]LogModuleManager: Shutting down and abandoning module StringTableEditor (216)
[2018.06.19-21.50.48:679][335]LogModuleManager: Shutting down and abandoning module GameplayTasksEditor (214)
[2018.06.19-21.50.48:679][335]LogModuleManager: Shutting down and abandoning module BehaviorTreeEditor (212)
[2018.06.19-21.50.48:689][335]LogModuleManager: Shutting down and abandoning module FunctionalTesting (210)
[2018.06.19-21.50.48:690][335]LogModuleManager: Shutting down and abandoning module CollisionAnalyzer (208)
[2018.06.19-21.50.48:690][335]LogModuleManager: Shutting down and abandoning module WorkspaceMenuStructure (207)
[2018.06.19-21.50.48:690][335]LogModuleManager: Shutting down and abandoning module UMG (204)
[2018.06.19-21.50.48:696][335]LogModuleManager: Shutting down and abandoning module UMGEditor (203)
[2018.06.19-21.50.48:726][335]LogModuleManager: Shutting down and abandoning module Sequencer (202)
[2018.06.19-21.50.48:737][335]LogModuleManager: Shutting down and abandoning module MessageLog (199)
[2018.06.19-21.50.48:737][335]LogModuleManager: Shutting down and abandoning module SlateReflector (194)
[2018.06.19-21.50.48:766][335]LogModuleManager: Shutting down and abandoning module Slate (192)
[2018.06.19-21.50.48:766][335]LogModuleManager: Shutting down and abandoning module EditorStyle (190)
[2018.06.19-21.50.48:769][335]LogModuleManager: Shutting down and abandoning module MRMesh (188)
[2018.06.19-21.50.48:769][335]LogModuleManager: Shutting down and abandoning module SourceCodeAccess (186)
[2018.06.19-21.50.48:770][335]LogModuleManager: Shutting down and abandoning module HeadMountedDisplay (184)
[2018.06.19-21.50.48:770][335]LogModuleManager: Shutting down and abandoning module XAudio2 (182)
[2018.06.19-21.50.48:770][335]LogModuleManager: Shutting down and abandoning module Networking (180)
[2018.06.19-21.50.48:770][335]LogModuleManager: Shutting down and abandoning module Core (178)
[2018.06.19-21.50.48:770][335]LogModuleManager: Shutting down and abandoning module LevelSequence (176)
[2018.06.19-21.50.48:770][335]LogModuleManager: Shutting down and abandoning module KismetCompiler (174)
[2018.06.19-21.50.48:770][335]LogModuleManager: Shutting down and abandoning module MeshUtilities (172)
[2018.06.19-21.50.48:778][335]LogModuleManager: Shutting down and abandoning module MeshMergeUtilities (171)
[2018.06.19-21.50.48:787][335]LogModuleManager: Shutting down and abandoning module MeshReductionInterface (170)
[2018.06.19-21.50.48:787][335]LogModuleManager: Shutting down and abandoning module SimplygonSwarm (169)
[2018.06.19-21.50.48:787][335]LogModuleManager: Shutting down and abandoning module SimplygonMeshReduction (167)
[2018.06.19-21.50.48:787][335]LogModuleManager: Shutting down and abandoning module QuadricMeshReduction (165)
[2018.06.19-21.50.48:787][335]LogModuleManager: Shutting down and abandoning module MaterialBaking (161)
[2018.06.19-21.50.48:787][335]LogModuleManager: Shutting down and abandoning module DirectoryWatcher (157)
[2018.06.19-21.50.48:788][335]LogModuleManager: Shutting down and abandoning module DerivedDataCache (154)
[2018.06.19-21.50.48:791][335]LogDerivedDataCache: Shutdown
[2018.06.19-21.50.48:791][335]LogModuleManager: Shutting down and abandoning module XGEController (152)
[2018.06.19-21.50.48:791][335]LogXGEController: Cleaning working directory: C:/Users/maxsa/AppData/Local/Temp/UnrealXGEWorkingDir/
[2018.06.19-21.50.48:791][335]LogModuleManager: Shutting down and abandoning module TargetPlatform (150)
[2018.06.19-21.50.48:791][335]LogModuleManager: Shutting down and abandoning module VulkanShaderFormat (149)
[2018.06.19-21.50.48:791][335]LogModuleManager: Shutting down and abandoning module ShaderFormatVectorVM (147)
[2018.06.19-21.50.48:797][335]LogModuleManager: Shutting down and abandoning module ShaderFormatOpenGL (145)
[2018.06.19-21.50.48:801][335]LogModuleManager: Shutting down and abandoning module ShaderFormatD3D (143)
[2018.06.19-21.50.48:801][335]LogModuleManager: Shutting down and abandoning module MetalShaderFormat (141)
[2018.06.19-21.50.48:801][335]LogModuleManager: Shutting down and abandoning module TextureFormatUncompressed (139)
[2018.06.19-21.50.48:801][335]LogModuleManager: Shutting down and abandoning module TextureFormatPVR (137)
[2018.06.19-21.50.48:801][335]LogModuleManager: Shutting down and abandoning module TextureFormatDXT (135)
[2018.06.19-21.50.48:801][335]LogModuleManager: Shutting down and abandoning module TextureFormatIntelISPCTexComp (133)
[2018.06.19-21.50.48:801][335]LogModuleManager: Shutting down and abandoning module TextureFormatASTC (131)
[2018.06.19-21.50.48:801][335]LogModuleManager: Shutting down and abandoning module ImageWrapper (130)
[2018.06.19-21.50.48:801][335]LogModuleManager: Shutting down and abandoning module TextureFormatAndroid (127)
[2018.06.19-21.50.48:801][335]LogModuleManager: Shutting down and abandoning module AudioFormatOpus (125)
[2018.06.19-21.50.48:801][335]LogModuleManager: Shutting down and abandoning module AudioFormatOgg (123)
[2018.06.19-21.50.48:801][335]LogModuleManager: Shutting down and abandoning module AudioFormatADPCM (121)
[2018.06.19-21.50.48:801][335]LogModuleManager: Shutting down and abandoning module LinuxTargetPlatform (119)
[2018.06.19-21.50.48:801][335]LogModuleManager: Shutting down and abandoning module LinuxServerTargetPlatform (117)
[2018.06.19-21.50.48:801][335]LogModuleManager: Shutting down and abandoning module LinuxNoEditorTargetPlatform (115)
[2018.06.19-21.50.48:801][335]LogModuleManager: Shutting down and abandoning module LinuxClientTargetPlatform (113)
[2018.06.19-21.50.48:801][335]LogModuleManager: Shutting down and abandoning module TVOSTargetPlatform (111)
[2018.06.19-21.50.48:801][335]LogModuleManager: Shutting down and abandoning module Messaging (109)
[2018.06.19-21.50.48:802][335]LogModuleManager: Shutting down and abandoning module IOSTargetPlatform (107)
[2018.06.19-21.50.48:802][335]LogModuleManager: Shutting down and abandoning module HTML5TargetPlatform (105)
[2018.06.19-21.50.48:802][335]LogModuleManager: Shutting down and abandoning module AndroidTargetPlatform (103)
[2018.06.19-21.50.48:802][335]LogModuleManager: Shutting down and abandoning module Android_PVRTCTargetPlatform (101)
[2018.06.19-21.50.48:802][335]LogModuleManager: Shutting down and abandoning module Android_MultiTargetPlatform (99)
[2018.06.19-21.50.48:802][335]LogModuleManager: Shutting down and abandoning module Android_ETC2TargetPlatform (97)
[2018.06.19-21.50.48:802][335]LogModuleManager: Shutting down and abandoning module Android_ETC1TargetPlatform (95)
[2018.06.19-21.50.48:802][335]LogModuleManager: Shutting down and abandoning module Android_ETC1aTargetPlatform (93)
[2018.06.19-21.50.48:802][335]LogModuleManager: Shutting down and abandoning module Android_DXTTargetPlatform (91)
[2018.06.19-21.50.48:802][335]LogModuleManager: Shutting down and abandoning module Android_ATCTargetPlatform (89)
[2018.06.19-21.50.48:802][335]LogModuleManager: Shutting down and abandoning module Android_ASTCTargetPlatform (87)
[2018.06.19-21.50.48:802][335]LogModuleManager: Shutting down and abandoning module WindowsTargetPlatform (85)
[2018.06.19-21.50.48:802][335]LogModuleManager: Shutting down and abandoning module WindowsServerTargetPlatform (83)
[2018.06.19-21.50.48:802][335]LogModuleManager: Shutting down and abandoning module WindowsNoEditorTargetPlatform (81)
[2018.06.19-21.50.48:802][335]LogModuleManager: Shutting down and abandoning module WindowsClientTargetPlatform (79)
[2018.06.19-21.50.48:802][335]LogModuleManager: Shutting down and abandoning module MacTargetPlatform (77)
[2018.06.19-21.50.48:802][335]LogModuleManager: Shutting down and abandoning module MacServerTargetPlatform (75)
[2018.06.19-21.50.48:802][335]LogModuleManager: Shutting down and abandoning module MacNoEditorTargetPlatform (73)
[2018.06.19-21.50.48:802][335]LogModuleManager: Shutting down and abandoning module MacClientTargetPlatform (71)
[2018.06.19-21.50.48:802][335]LogModuleManager: Shutting down and abandoning module AllDesktopTargetPlatform (69)
[2018.06.19-21.50.48:802][335]LogModuleManager: Shutting down and abandoning module InputCore (66)
[2018.06.19-21.50.48:802][335]LogModuleManager: Shutting down and abandoning module Settings (64)
[2018.06.19-21.50.48:803][335]LogModuleManager: Shutting down and abandoning module PhysXCooking (62)
[2018.06.19-21.50.48:803][335]LogModuleManager: Shutting down and abandoning module SteamVR (60)
[2018.06.19-21.50.48:803][335]LogModuleManager: Shutting down and abandoning module OculusHMD (58)
[2018.06.19-21.50.48:803][335]LogModuleManager: Shutting down and abandoning module ExampleDeviceProfileSelector (56)
[2018.06.19-21.50.48:803][335]LogModuleManager: Shutting down and abandoning module AppleARKit (54)
[2018.06.19-21.50.48:803][335]LogModuleManager: Shutting down and abandoning module AugmentedReality (51)
[2018.06.19-21.50.48:803][335]LogModuleManager: Shutting down and abandoning module OnlineBlueprintSupport (48)
[2018.06.19-21.50.48:803][335]LogModuleManager: Shutting down and abandoning module OnlineSubsystem (44)
[2018.06.19-21.50.48:803][335]LogModuleManager: Shutting down and abandoning module XMPP (43)
[2018.06.19-21.50.48:808][335]LogModuleManager: Shutting down and abandoning module HTTP (41)
[2018.06.19-21.50.48:808][335]LogHttp: Display: Http module shutting down, but needs to wait on 1 outstanding Http requests:
[2018.06.19-21.50.48:808][335]LogHttp: Display: 	verb=[POST] url=[https://datarouter.ol.epicgames.com/datarouter/api/v1/public/data?SessionID=%7BD668A04E-4DB6-1BEC-155F-1DB07F23A9A4%7D&AppID=UEEditor.Rocket.Release&AppVersion=4.19.2-4033788%2B%2B%2BUE4%2BRelease-4.19&UserID=9b2d74f540de947067f12f85f0e10fc3%7C121cf0c067fc45bf8a47a34e1f08bd7e%7C6529c761-14eb-4014-bd30-d410aae9a07c&AppEnvironment=datacollector-binary&UploadType=eteventstream] status=Processing
[2018.06.19-21.50.48:819][335]LogModuleManager: Shutting down and abandoning module SSL (40)
[2018.06.19-21.50.48:821][335]LogModuleManager: Shutting down and abandoning module AnimationModifiers (36)
[2018.06.19-21.50.48:830][335]LogModuleManager: Shutting down and abandoning module PropertyEditor (35)
[2018.06.19-21.50.48:835][335]LogModuleManager: Shutting down and abandoning module AudioEditor (32)
[2018.06.19-21.50.48:843][335]LogModuleManager: Shutting down and abandoning module TextureCompressor (30)
[2018.06.19-21.50.48:843][335]LogModuleManager: Shutting down and abandoning module ShaderCore (28)
[2018.06.19-21.50.48:843][335]LogModuleManager: Shutting down and abandoning module Landscape (26)
[2018.06.19-21.50.48:843][335]LogModuleManager: Shutting down and abandoning module SlateRHIRenderer (24)
[2018.06.19-21.50.48:860][335]LogModuleManager: Shutting down and abandoning module OpenGLDrv (22)
[2018.06.19-21.50.48:870][335]LogModuleManager: Shutting down and abandoning module D3D11RHI (20)
[2018.06.19-21.50.48:870][335]LogModuleManager: Shutting down and abandoning module AnimGraphRuntime (18)
[2018.06.19-21.50.48:870][335]LogModuleManager: Shutting down and abandoning module Renderer (16)
[2018.06.19-21.50.48:870][335]LogModuleManager: Shutting down and abandoning module Engine (14)
[2018.06.19-21.50.48:870][335]LogModuleManager: Shutting down and abandoning module CoreUObject (12)
[2018.06.19-21.50.48:870][335]LogModuleManager: Shutting down and abandoning module NetworkFile (10)
[2018.06.19-21.50.48:870][335]LogModuleManager: Shutting down and abandoning module CookedIterativeFile (8)
[2018.06.19-21.50.48:870][335]LogModuleManager: Shutting down and abandoning module StreamingFile (6)
[2018.06.19-21.50.48:870][335]LogModuleManager: Shutting down and abandoning module SandboxFile (4)
[2018.06.19-21.50.48:870][335]LogModuleManager: Shutting down and abandoning module PakFile (2)
[2018.06.19-21.50.48:884][335]LogExit: Exiting.
[2018.06.19-21.50.48:907][335]Log file closed, 06/19/18 17:50:48
