Log file open, 06/29/18 23:27:27
LogWindows: Failed to load 'aqProf.dll' (GetLastError=126)
LogWindows: File 'aqProf.dll' does not exist
LogWindows: Failed to load 'VtuneApi.dll' (GetLastError=126)
LogWindows: File 'VtuneApi.dll' does not exist
LogWindows: Failed to load 'VtuneApi32e.dll' (GetLastError=126)
LogWindows: File 'VtuneApi32e.dll' does not exist
LogInit: Display: Running engine for game: UE4forbeginners
LogPlatformFile: Not using cached read wrapper
LogInit: Display: RandInit(-773510384) SRandInit(-773510384).
LogInit: Read version file with build ID '3944462'
LogInit: Overriding engine version to CL 4033788, compatible CL 3944462
LogInit: Registered custom module enumerator with build ID '3944462'
LogTaskGraph: Started task graph with 5 named threads and 14 total threads with 3 sets of task threads.
LogStats: Stats thread started at 4.029285
LogD3D11RHI: Aftermath initialized
LogICUInternationalization: Display: ICU TimeZone Detection - Raw Offset: -5:00, Platform Override: ''
LogModuleManager: Display: Found up-to-date module file ../../../Engine/Plugins/2D/Paper2D/Binaries/Win64/UE4Editor-Paper2D.dll (API version 3944462).
LogModuleManager: Display: Found up-to-date module file ../../../Engine/Plugins/2D/Paper2D/Binaries/Win64/UE4Editor-Paper2DEditor.dll (API version 3944462).
LogModuleManager: Display: Found up-to-date module file ../../../Engine/Plugins/2D/Paper2D/Binaries/Win64/UE4Editor-PaperSpriteSheetImporter.dll (API version 3944462).
LogModuleManager: Display: Found up-to-date module file ../../../Engine/Plugins/2D/Paper2D/Binaries/Win64/UE4Editor-PaperTiledImporter.dll (API version 3944462).
LogModuleManager: Display: Found up-to-date module file ../../../Engine/Plugins/2D/Paper2D/Binaries/Win64/UE4Editor-SmartSnapping.dll (API version 3944462).
LogModuleManager: Display: Found up-to-date module file ../../../Engine/Plugins/Blendables/LightPropagationVolume/Binaries/Win64/UE4Editor-LightPropagationVolumeRuntime.dll (API version 3944462).
LogModuleManager: Display: Found up-to-date module file ../../../Engine/Plugins/Blendables/LightPropagationVolume/Binaries/Win64/UE4Editor-LightPropagationVolumeEditor.dll (API version 3944462).
LogModuleManager: Display: Found up-to-date module file ../../../Engine/Plugins/Developer/CLionSourceCodeAccess/Binaries/Win64/UE4Editor-CLionSourceCodeAccess.dll (API version 3944462).
LogModuleManager: Display: Found up-to-date module file ../../../Engine/Plugins/Developer/GitSourceControl/Binaries/Win64/UE4Editor-GitSourceControl.dll (API version 3944462).
LogModuleManager: Display: Found up-to-date module file ../../../Engine/Plugins/Developer/PerforceSourceControl/Binaries/Win64/UE4Editor-PerforceSourceControl.dll (API version 3944462).
LogModuleManager: Display: Found up-to-date module file ../../../Engine/Plugins/Developer/SubversionSourceControl/Binaries/Win64/UE4Editor-SubversionSourceControl.dll (API version 3944462).
LogModuleManager: Display: Found up-to-date module file ../../../Engine/Plugins/Developer/UObjectPlugin/Binaries/Win64/UE4Editor-UObjectPlugin.dll (API version 3944462).
LogModuleManager: Display: Found up-to-date module file ../../../Engine/Plugins/Developer/VisualStudioCodeSourceCodeAccess/Binaries/Win64/UE4Editor-VisualStudioCodeSourceCodeAccess.dll (API version 3944462).
LogModuleManager: Display: Found up-to-date module file ../../../Engine/Plugins/Developer/VisualStudioSourceCodeAccess/Binaries/Win64/UE4Editor-VisualStudioSourceCodeAccess.dll (API version 3944462).
LogModuleManager: Display: Found up-to-date module file ../../../Engine/Plugins/Editor/AssetManagerEditor/Binaries/Win64/UE4Editor-AssetManagerEditor.dll (API version 3944462).
LogModuleManager: Display: Found up-to-date module file ../../../Engine/Plugins/Editor/CryptoKeys/Binaries/Win64/UE4Editor-CryptoKeys.dll (API version 3944462).
LogModuleManager: Display: Found up-to-date module file ../../../Engine/Plugins/Editor/CryptoKeys/Binaries/Win64/UE4Editor-CryptoKeysOpenSSL.dll (API version 3944462).
LogModuleManager: Display: Found up-to-date module file ../../../Engine/Plugins/Editor/DataValidation/Binaries/Win64/UE4Editor-DataValidation.dll (API version 3944462).
LogModuleManager: Display: Found up-to-date module file ../../../Engine/Plugins/Editor/FacialAnimation/Binaries/Win64/UE4Editor-FacialAnimation.dll (API version 3944462).
LogModuleManager: Display: Found up-to-date module file ../../../Engine/Plugins/Editor/FacialAnimation/Binaries/Win64/UE4Editor-FacialAnimationEditor.dll (API version 3944462).
LogModuleManager: Display: Found up-to-date module file ../../../Engine/Plugins/Editor/GameplayTagsEditor/Binaries/Win64/UE4Editor-GameplayTagsEditor.dll (API version 3944462).
LogModuleManager: Display: Found up-to-date module file ../../../Engine/Plugins/Editor/MobileLauncherProfileWizard/Binaries/Win64/UE4Editor-MobileLauncherProfileWizard.dll (API version 3944462).
LogModuleManager: Display: Found up-to-date module file ../../../Engine/Plugins/Editor/PluginBrowser/Binaries/Win64/UE4Editor-PluginBrowser.dll (API version 3944462).
LogModuleManager: Display: Found up-to-date module file ../../../Engine/Plugins/Editor/SpeedTreeImporter/Binaries/Win64/UE4Editor-SpeedTreeImporter.dll (API version 3944462).
LogModuleManager: Display: Found up-to-date module file ../../../Engine/Plugins/Enterprise/DatasmithContent/Binaries/Win64/UE4Editor-DatasmithContent.dll (API version 3944462).
LogModuleManager: Display: Found up-to-date module file ../../../Engine/Plugins/Experimental/AlembicImporter/Binaries/Win64/UE4Editor-AlembicImporter.dll (API version 3944462).
LogModuleManager: Display: Found up-to-date module file ../../../Engine/Plugins/Experimental/AlembicImporter/Binaries/Win64/UE4Editor-AlembicLibrary.dll (API version 3944462).
LogModuleManager: Display: Found up-to-date module file ../../../Engine/Plugins/Experimental/CharacterAI/Binaries/Win64/UE4Editor-CharacterAI.dll (API version 3944462).
LogModuleManager: Display: Found up-to-date module file ../../../Engine/Plugins/Experimental/HTML5Networking/Binaries/Win64/UE4Editor-HTML5Networking.dll (API version 3944462).
LogModuleManager: Display: Found up-to-date module file ../../../Engine/Plugins/Media/AndroidMedia/Binaries/Win64/UE4Editor-AndroidMediaEditor.dll (API version 3944462).
LogModuleManager: Display: Found up-to-date module file ../../../Engine/Plugins/Media/AndroidMedia/Binaries/Win64/UE4Editor-AndroidMediaFactory.dll (API version 3944462).
LogModuleManager: Display: Found up-to-date module file ../../../Engine/Plugins/Media/AvfMedia/Binaries/Win64/UE4Editor-AvfMediaEditor.dll (API version 3944462).
LogModuleManager: Display: Found up-to-date module file ../../../Engine/Plugins/Media/AvfMedia/Binaries/Win64/UE4Editor-AvfMediaFactory.dll (API version 3944462).
LogModuleManager: Display: Found up-to-date module file ../../../Engine/Plugins/Media/AvfMedia/Binaries/Win64/UE4Editor-AvfMediaFactory.dll (API version 3944462).
LogModuleManager: Display: Found up-to-date module file ../../../Engine/Plugins/Media/ImgMedia/Binaries/Win64/UE4Editor-ImgMedia.dll (API version 3944462).
LogModuleManager: Display: Found up-to-date module file ../../../Engine/Plugins/Media/ImgMedia/Binaries/Win64/UE4Editor-ImgMediaEditor.dll (API version 3944462).
LogModuleManager: Display: Found up-to-date module file ../../../Engine/Plugins/Media/ImgMedia/Binaries/Win64/UE4Editor-ImgMediaFactory.dll (API version 3944462).
LogModuleManager: Display: Found up-to-date module file ../../../Engine/Plugins/Media/ImgMedia/Binaries/Win64/UE4Editor-ImgMediaFactory.dll (API version 3944462).
LogModuleManager: Display: Found up-to-date module file ../../../Engine/Plugins/Media/ImgMedia/Binaries/Win64/UE4Editor-OpenExrWrapper.dll (API version 3944462).
LogModuleManager: Display: Found up-to-date module file ../../../Engine/Plugins/Media/LinearTimecode/Binaries/Win64/UE4Editor-LinearTimecode.dll (API version 3944462).
LogModuleManager: Display: Found up-to-date module file ../../../Engine/Plugins/Media/MediaCompositing/Binaries/Win64/UE4Editor-MediaCompositing.dll (API version 3944462).
LogModuleManager: Display: Found up-to-date module file ../../../Engine/Plugins/Media/MediaCompositing/Binaries/Win64/UE4Editor-MediaCompositingEditor.dll (API version 3944462).
LogModuleManager: Display: Found up-to-date module file ../../../Engine/Plugins/Media/MediaPlayerEditor/Binaries/Win64/UE4Editor-MediaPlayerEditor.dll (API version 3944462).
LogModuleManager: Display: Found up-to-date module file ../../../Engine/Plugins/Media/WmfMedia/Binaries/Win64/UE4Editor-WmfMedia.dll (API version 3944462).
LogModuleManager: Display: Found up-to-date module file ../../../Engine/Plugins/Media/WmfMedia/Binaries/Win64/UE4Editor-WmfMediaEditor.dll (API version 3944462).
LogModuleManager: Display: Found up-to-date module file ../../../Engine/Plugins/Media/WmfMedia/Binaries/Win64/UE4Editor-WmfMediaFactory.dll (API version 3944462).
LogModuleManager: Display: Found up-to-date module file ../../../Engine/Plugins/Media/WmfMedia/Binaries/Win64/UE4Editor-WmfMediaFactory.dll (API version 3944462).
LogModuleManager: Display: Found up-to-date module file ../../../Engine/Plugins/Messaging/TcpMessaging/Binaries/Win64/UE4Editor-TcpMessaging.dll (API version 3944462).
LogModuleManager: Display: Found up-to-date module file ../../../Engine/Plugins/Messaging/UdpMessaging/Binaries/Win64/UE4Editor-UdpMessaging.dll (API version 3944462).
LogModuleManager: Display: Found up-to-date module file ../../../Engine/Plugins/MovieScene/ActorSequence/Binaries/Win64/UE4Editor-ActorSequence.dll (API version 3944462).
LogModuleManager: Display: Found up-to-date module file ../../../Engine/Plugins/MovieScene/LevelSequenceEditor/Binaries/Win64/UE4Editor-LevelSequenceEditor.dll (API version 3944462).
LogModuleManager: Display: Found up-to-date module file ../../../Engine/Plugins/MovieScene/MatineeToLevelSequence/Binaries/Win64/UE4Editor-MatineeToLevelSequence.dll (API version 3944462).
LogModuleManager: Display: Found up-to-date module file ../../../Engine/Plugins/NetcodeUnitTest/NetcodeUnitTest/Binaries/Win64/UE4Editor-NetcodeUnitTest.dll (API version 3944462).
LogModuleManager: Display: Found up-to-date module file ../../../Engine/Plugins/NetcodeUnitTest/NUTUnrealEngine4/Binaries/Win64/UE4Editor-NUTUnrealEngine4.dll (API version 3944462).
LogModuleManager: Display: Found up-to-date module file ../../../Engine/Plugins/Online/OnlineSubsystem/Binaries/Win64/UE4Editor-OnlineSubsystem.dll (API version 3944462).
LogModuleManager: Display: Found up-to-date module file ../../../Engine/Plugins/Runtime/AndroidPermission/Binaries/Win64/UE4Editor-AndroidPermission.dll (API version 3944462).
LogModuleManager: Display: Found up-to-date module file ../../../Engine/Plugins/Online/OnlineSubsystemNull/Binaries/Win64/UE4Editor-OnlineSubsystemNull.dll (API version 3944462).
LogModuleManager: Display: Found up-to-date module file ../../../Engine/Plugins/Online/OnlineSubsystemUtils/Binaries/Win64/UE4Editor-OnlineSubsystemUtils.dll (API version 3944462).
LogModuleManager: Display: Found up-to-date module file ../../../Engine/Plugins/Online/OnlineSubsystemUtils/Binaries/Win64/UE4Editor-OnlineBlueprintSupport.dll (API version 3944462).
LogModuleManager: Display: Found up-to-date module file ../../../Engine/Plugins/Runtime/AndroidDeviceProfileSelector/Binaries/Win64/UE4Editor-AndroidDeviceProfileSelector.dll (API version 3944462).
LogModuleManager: Display: Found up-to-date module file ../../../Engine/Plugins/Runtime/AppleARKit/Binaries/Win64/UE4Editor-AppleARKit.dll (API version 3944462).
LogModuleManager: Display: Found up-to-date module file ../../../Engine/Plugins/Runtime/ProceduralMeshComponent/Binaries/Win64/UE4Editor-ProceduralMeshComponent.dll (API version 3944462).
LogModuleManager: Display: Found up-to-date module file ../../../Engine/Plugins/Runtime/ProceduralMeshComponent/Binaries/Win64/UE4Editor-ProceduralMeshComponentEditor.dll (API version 3944462).
LogModuleManager: Display: Found up-to-date module file ../../../Engine/Plugins/Animation/LiveLink/Binaries/Win64/UE4Editor-LiveLink.dll (API version 3944462).
LogModuleManager: Display: Found up-to-date module file ../../../Engine/Plugins/Animation/LiveLink/Binaries/Win64/UE4Editor-LiveLinkEditor.dll (API version 3944462).
LogModuleManager: Display: Found up-to-date module file ../../../Engine/Plugins/Runtime/ArchVisCharacter/Binaries/Win64/UE4Editor-ArchVisCharacter.dll (API version 3944462).
LogModuleManager: Display: Found up-to-date module file ../../../Engine/Plugins/Runtime/AudioCapture/Binaries/Win64/UE4Editor-AudioCapture.dll (API version 3944462).
LogModuleManager: Display: Found up-to-date module file ../../../Engine/Plugins/Runtime/AudioCapture/Binaries/Win64/UE4Editor-AudioCaptureEditor.dll (API version 3944462).
LogModuleManager: Display: Found up-to-date module file ../../../Engine/Plugins/Runtime/CableComponent/Binaries/Win64/UE4Editor-CableComponent.dll (API version 3944462).
LogModuleManager: Display: Found up-to-date module file ../../../Engine/Plugins/Runtime/CustomMeshComponent/Binaries/Win64/UE4Editor-CustomMeshComponent.dll (API version 3944462).
LogModuleManager: Display: Found up-to-date module file ../../../Engine/Plugins/Runtime/ExampleDeviceProfileSelector/Binaries/Win64/UE4Editor-ExampleDeviceProfileSelector.dll (API version 3944462).
LogModuleManager: Display: Found up-to-date module file ../../../Engine/Plugins/Runtime/ImmediatePhysics/Binaries/Win64/UE4Editor-ImmediatePhysics.dll (API version 3944462).
LogModuleManager: Display: Found up-to-date module file ../../../Engine/Plugins/Runtime/ImmediatePhysics/Binaries/Win64/UE4Editor-ImmediatePhysicsEditor.dll (API version 3944462).
LogModuleManager: Display: Found up-to-date module file ../../../Engine/Plugins/Runtime/LocationServicesBPLibrary/Binaries/Win64/UE4Editor-LocationServicesBPLibrary.dll (API version 3944462).
LogModuleManager: Display: Found up-to-date module file ../../../Engine/Plugins/Runtime/MobilePatchingUtils/Binaries/Win64/UE4Editor-MobilePatchingUtils.dll (API version 3944462).
LogModuleManager: Display: Found up-to-date module file ../../../Engine/Plugins/Runtime/Oculus/OculusVR/Binaries/Win64/UE4Editor-OculusHMD.dll (API version 3944462).
LogModuleManager: Display: Found up-to-date module file ../../../Engine/Plugins/Runtime/Oculus/OculusVR/Binaries/Win64/UE4Editor-OculusInput.dll (API version 3944462).
LogModuleManager: Display: Found up-to-date module file ../../../Engine/Plugins/Runtime/Oculus/OculusVR/Binaries/Win64/UE4Editor-OculusEditor.dll (API version 3944462).
LogModuleManager: Display: Found up-to-date module file ../../../Engine/Plugins/Runtime/PhysXVehicles/Binaries/Win64/UE4Editor-PhysXVehicles.dll (API version 3944462).
LogModuleManager: Display: Found up-to-date module file ../../../Engine/Plugins/Runtime/PhysXVehicles/Binaries/Win64/UE4Editor-PhysXVehiclesEditor.dll (API version 3944462).
LogModuleManager: Display: Found up-to-date module file ../../../Engine/Plugins/Runtime/RuntimePhysXCooking/Binaries/Win64/UE4Editor-RuntimePhysXCooking.dll (API version 3944462).
LogModuleManager: Display: Found up-to-date module file ../../../Engine/Plugins/Runtime/Steam/SteamVR/Binaries/Win64/UE4Editor-SteamVR.dll (API version 3944462).
LogModuleManager: Display: Found up-to-date module file ../../../Engine/Plugins/Runtime/Steam/SteamVR/Binaries/Win64/UE4Editor-SteamVRController.dll (API version 3944462).
LogModuleManager: Display: Found up-to-date module file ../../../Engine/Plugins/Runtime/WindowsMoviePlayer/Binaries/Win64/UE4Editor-WindowsMoviePlayer.dll (API version 3944462).
LogPluginManager: Mounting plugin Paper2D
LogPluginManager: Mounting plugin LiveLink
LogPluginManager: Mounting plugin LightPropagationVolume
LogPluginManager: Mounting plugin CLionSourceCodeAccess
LogPluginManager: Mounting plugin CodeLiteSourceCodeAccess
LogPluginManager: Mounting plugin GitSourceControl
LogPluginManager: Mounting plugin KDevelopSourceCodeAccess
LogPluginManager: Mounting plugin NullSourceCodeAccess
LogPluginManager: Mounting plugin PerforceSourceControl
LogPluginManager: Mounting plugin SubversionSourceControl
LogPluginManager: Mounting plugin UObjectPlugin
LogPluginManager: Mounting plugin VisualStudioCodeSourceCodeAccess
LogPluginManager: Mounting plugin VisualStudioSourceCodeAccess
LogPluginManager: Mounting plugin XCodeSourceCodeAccess
LogPluginManager: Mounting plugin AssetManagerEditor
LogPluginManager: Mounting plugin CryptoKeys
LogPluginManager: Mounting plugin DataValidation
LogPluginManager: Mounting plugin FacialAnimation
LogPluginManager: Mounting plugin GameplayTagsEditor
LogPluginManager: Mounting plugin MobileLauncherProfileWizard
LogPluginManager: Mounting plugin PluginBrowser
LogPluginManager: Mounting plugin SpeedTreeImporter
LogPluginManager: Mounting plugin DatasmithContent
LogPluginManager: Mounting plugin AlembicImporter
LogPluginManager: Mounting plugin CharacterAI
LogPluginManager: Mounting plugin HTML5Networking
LogPluginManager: Mounting plugin AndroidMedia
LogPluginManager: Mounting plugin AvfMedia
LogPluginManager: Mounting plugin ImgMedia
LogPluginManager: Mounting plugin LinearTimecode
LogPluginManager: Mounting plugin MediaCompositing
LogPluginManager: Mounting plugin MediaPlayerEditor
LogPluginManager: Mounting plugin WmfMedia
LogPluginManager: Mounting plugin TcpMessaging
LogPluginManager: Mounting plugin UdpMessaging
LogPluginManager: Mounting plugin ActorSequence
LogPluginManager: Mounting plugin LevelSequenceEditor
LogPluginManager: Mounting plugin MatineeToLevelSequence
LogPluginManager: Mounting plugin NetcodeUnitTest
LogPluginManager: Mounting plugin NUTUnrealEngine4
LogPluginManager: Mounting plugin OnlineSubsystemGooglePlay
LogPluginManager: Mounting plugin OnlineSubsystemIOS
LogPluginManager: Mounting plugin OnlineSubsystem
LogPluginManager: Mounting plugin OnlineSubsystemNull
LogPluginManager: Mounting plugin OnlineSubsystemUtils
LogPluginManager: Mounting plugin AndroidDeviceProfileSelector
LogPluginManager: Mounting plugin AndroidMoviePlayer
LogPluginManager: Mounting plugin AndroidPermission
LogPluginManager: Mounting plugin AppleARKit
LogPluginManager: Mounting plugin AppleMoviePlayer
LogPluginManager: Mounting plugin ArchVisCharacter
LogPluginManager: Mounting plugin AudioCapture
LogPluginManager: Mounting plugin CableComponent
LogPluginManager: Mounting plugin CustomMeshComponent
LogPluginManager: Mounting plugin ExampleDeviceProfileSelector
LogPluginManager: Mounting plugin GoogleCloudMessaging
LogPluginManager: Mounting plugin ImmediatePhysics
LogPluginManager: Mounting plugin IOSDeviceProfileSelector
LogPluginManager: Mounting plugin LinuxDeviceProfileSelector
LogPluginManager: Mounting plugin LocationServicesBPLibrary
LogPluginManager: Mounting plugin MobilePatchingUtils
LogPluginManager: Mounting plugin OculusVR
LogPluginManager: Plugin shader directory ../../../Engine/Plugins/Runtime/Oculus/OculusVR/Shaders found
LogPluginManager: Mapping shader source directory ../../../Engine/Plugins/Runtime/Oculus/OculusVR/Shaders to virtual directory /Plugin/OculusVR
LogPluginManager: Mounting plugin PhysXVehicles
LogPluginManager: Mounting plugin ProceduralMeshComponent
LogPluginManager: Mounting plugin RuntimePhysXCooking
LogPluginManager: Mounting plugin SteamVR
LogPluginManager: Mounting plugin WindowsMoviePlayer
LogStreaming: Display: Took  3.415s to configure plugins.
LogInit: Using libcurl 7.47.1
LogInit:  - built for x86_64-pc-win32
LogInit:  - supports SSL with OpenSSL/1.0.2g
LogInit:  - supports HTTP deflate (compression) using libz 1.2.8
LogInit:  - other features:
LogInit:      CURL_VERSION_SSL
LogInit:      CURL_VERSION_LIBZ
LogInit:      CURL_VERSION_IPV6
LogInit:      CURL_VERSION_ASYNCHDNS
LogInit:      CURL_VERSION_LARGEFILE
LogInit:      CURL_VERSION_IDN
LogInit:  CurlRequestOptions (configurable via config and command line):
LogInit:  - bVerifyPeer = false  - Libcurl will NOT verify peer certificate
LogInit:  - bUseHttpProxy = false  - Libcurl will NOT use HTTP proxy
LogInit:  - bDontReuseConnections = false  - Libcurl will reuse connections
LogInit:  - CertBundlePath = nullptr  - Libcurl will use whatever was configured at build time.
LogInit:  - MaxHostConnections = 16  - Libcurl will limit the number of connections to a host
LogInit:  - LocalHostAddr = Default
LogInit: WinSock: version 1.1 (2.2), MaxSocks=32767, MaxUdp=65467
LogInit: WinSock: I am Max-PC (192.168.0.100:0)
LogInit: Build: ++UE4+Release-4.19-CL-4033788
LogInit: Engine Version: 4.19.2-4033788+++UE4+Release-4.19
LogInit: Compatible Engine Version: 4.19.0-3944462+++UE4+Release-4.19
LogInit: Net CL: 3944462
LogDevObjectVersion: Number of dev versions registered: 18
LogDevObjectVersion:   Dev-Blueprints (B0D832E4-1F89-4F0D-ACCF-7EB736FD4AA2): 10
LogDevObjectVersion:   Dev-Build (E1C64328-A22C-4D53-A36C-8E866417BD8C): 0
LogDevObjectVersion:   Dev-Core (375EC13C-06E4-48FB-B500-84F0262A717E): 2
LogDevObjectVersion:   Dev-Editor (E4B068ED-F494-42E9-A231-DA0B2E46BB41): 23
LogDevObjectVersion:   Dev-Framework (CFFC743F-43B0-4480-9391-14DF171D2073): 33
LogDevObjectVersion:   Dev-Mobile (B02B49B5-BB20-44E9-A304-32B752E40360): 2
LogDevObjectVersion:   Dev-Networking (A4E4105C-59A1-49B5-A7C5-40C4547EDFEE): 0
LogDevObjectVersion:   Dev-Online (39C831C9-5AE6-47DC-9A44-9C173E1C8E7C): 0
LogDevObjectVersion:   Dev-Physics (78F01B33-EBEA-4F98-B9B4-84EACCB95AA2): 0
LogDevObjectVersion:   Dev-Platform (6631380F-2D4D-43E0-8009-CF276956A95A): 0
LogDevObjectVersion:   Dev-Rendering (12F88B9F-8875-4AFC-A67C-D90C383ABD29): 25
LogDevObjectVersion:   Dev-Sequencer (7B5AE74C-D270-4C10-A958-57980B212A5A): 6
LogDevObjectVersion:   Dev-VR (D7296918-1DD6-4BDD-9DE2-64A83CC13884): 1
LogDevObjectVersion:   Dev-LoadTimes (C2A15278-BFE7-4AFE-6C17-90FF531DF755): 1
LogDevObjectVersion:   Private-Geometry (6EACA3D4-40EC-4CC1-B786-8BED09428FC5): 2
LogDevObjectVersion:   Dev-AnimPhys (29E575DD-E0A3-4627-9D10-D276232CDCEA): 16
LogDevObjectVersion:   Dev-ReflectionCapture (6B266CEC-1EC7-4B8F-A30B-E4D90942FC07): 1
LogDevObjectVersion:   Dev-Automation (0DF73D61-A23F-47EA-B727-89E90C41499A): 1
LogInit: Compiled (64-bit): Apr 27 2018 02:06:57
LogInit: Compiled with Visual C++: 19.00.24215.01
LogInit: Build Configuration: Development
LogInit: Branch Name: ++UE4+Release-4.19
LogInit: Command Line:  
LogInit: Base Directory: E:/UE_4.19/Engine/Binaries/Win64/
LogInit: Installed Engine Build: 1
LogStreaming: Display: Took  0.003s to delete old logs.
LogInit: Presizing for max 8388607 objects, including 0 objects not considered by GC, pre-allocating 0 bytes for permanent pool.
LogInit: Object subsystem initialized
[2018.06.30-03.27.32:052][  0]LogInit: Selected Device Profile: [Windows]
[2018.06.30-03.27.32:052][  0]LogInit: Applying CVar settings loaded from the selected device profile: [Windows]
[2018.06.30-03.27.32:142][  0]LogInit: Computer: MAX-PC
[2018.06.30-03.27.32:142][  0]LogInit: User: maxsa
[2018.06.30-03.27.32:142][  0]LogInit: CPU Page size=4096, Cores=4
[2018.06.30-03.27.32:142][  0]LogInit: High frequency timer resolution =3.551563 MHz
[2018.06.30-03.27.32:142][  0]LogMemory: Memory total: Physical=16.0GB (16GB approx)
[2018.06.30-03.27.32:142][  0]LogMemory: Platform Memory Stats for Windows
[2018.06.30-03.27.32:142][  0]LogMemory: Process Physical Memory: 272.94 MB used, 272.94 MB peak
[2018.06.30-03.27.32:142][  0]LogMemory: Process Virtual Memory: 269.89 MB used, 269.89 MB peak
[2018.06.30-03.27.32:142][  0]LogMemory: Physical Memory: 9459.67 MB used,  6875.19 MB free, 16334.86 MB total
[2018.06.30-03.27.32:142][  0]LogMemory: Virtual Memory: 4783.99 MB used,  6875.19 MB free, 134217728.00 MB total
[2018.06.30-03.27.32:954][  0]LogInit: Using OS detected language (en-US).
[2018.06.30-03.27.32:954][  0]LogInit: Using OS detected locale (en-CA).
[2018.06.30-03.27.33:246][  0]LogTextLocalizationManager: No specific localization for 'en-US' exists, so the 'en' localization will be used.
[2018.06.30-03.27.34:204][  0]LogStreaming: Display: Took  1.235s to EndInitTextLocalization.
[2018.06.30-03.27.34:246][  0]LogInit: Setting process to per monitor DPI aware
[2018.06.30-03.27.34:839][  0]LogSlate: New Slate User Created.  User Index 0, Is Virtual User: 0
[2018.06.30-03.27.34:839][  0]LogSlate: Slate User Registered.  User Index 0, Is Virtual User: 0
[2018.06.30-03.27.37:643][  0]LogD3D11RHI: D3D11 adapters:
[2018.06.30-03.27.37:714][  0]LogD3D11RHI:    0. 'NVIDIA GeForce GTX 1070' (Feature Level 11_0)
[2018.06.30-03.27.37:714][  0]LogD3D11RHI:       8088/0/8167 MB DedicatedVideo/DedicatedSystem/SharedSystem, Outputs:2, VendorId:0x10de
[2018.06.30-03.27.37:716][  0]LogD3D11RHI:    1. 'Microsoft Basic Render Driver' (Feature Level 11_0)
[2018.06.30-03.27.37:716][  0]LogD3D11RHI:       0/0/8167 MB DedicatedVideo/DedicatedSystem/SharedSystem, Outputs:0, VendorId:0x1414
[2018.06.30-03.27.37:716][  0]LogD3D11RHI: Chosen D3D11 Adapter: 0
[2018.06.30-03.27.37:729][  0]LogD3D11RHI: Creating new Direct3DDevice
[2018.06.30-03.27.37:732][  0]LogD3D11RHI:     GPU DeviceId: 0x1b81 (for the marketing name, search the web for "GPU Device Id")
[2018.06.30-03.27.37:732][  0]LogWindows: EnumDisplayDevices:
[2018.06.30-03.27.37:732][  0]LogWindows:    0. 'NVIDIA GeForce GTX 1070' (P:1 D:1)
[2018.06.30-03.27.37:732][  0]LogWindows:    1. 'NVIDIA GeForce GTX 1070' (P:0 D:1)
[2018.06.30-03.27.37:733][  0]LogWindows:    2. 'NVIDIA GeForce GTX 1070' (P:0 D:0)
[2018.06.30-03.27.37:733][  0]LogWindows:    3. 'NVIDIA GeForce GTX 1070' (P:0 D:0)
[2018.06.30-03.27.37:733][  0]LogWindows: DebugString: GetVideoDriverDetailsInvalid PrimaryIsNotTheChoosenAdapter GetVideoDriverDetailsInvalid PrimaryIsNotTheChoosenAdapter GetVideoDriverDetailsInvalid PrimaryIsNotTheChoosenAdapter GetVideoDriverDetailsInvalid PrimaryIsNotTheChoosenAdapter FoundDriverCount:0 
[2018.06.30-03.27.37:733][  0]LogD3D11RHI:     Adapter Name: NVIDIA GeForce GTX 1070
[2018.06.30-03.27.37:733][  0]LogD3D11RHI:   Driver Version: Unknown (internal:Unknown, unified:Unknown)
[2018.06.30-03.27.37:733][  0]LogD3D11RHI:      Driver Date: Unknown
[2018.06.30-03.27.37:733][  0]LogRHI: Texture pool is 5661 MB (70% of 8088 MB)
[2018.06.30-03.27.37:795][  0]LogD3D11RHI: [Aftermath] Aftermath enabled and primed
[2018.06.30-03.27.37:795][  0]LogD3D11RHI: [Aftermath] Aftermath enabled and primed
[2018.06.30-03.27.37:795][  0]LogD3D11RHI: Async texture creation enabled
[2018.06.30-03.27.38:095][  0]LogD3D11RHI: GPU Timing Frequency: 1000.000000 (Debug: 2 2)
[2018.06.30-03.27.38:247][  0]LogShaderCompilers: Guid format shader working directory is -14 characters bigger than the processId version (C:/Users/maxsa/Desktop/Unreal Projects/UnrealForBeginnersTut/Intermediate/Shaders/WorkingDirectory/9444/).
[2018.06.30-03.27.38:257][  0]LogShaderCompilers: Cleaned the shader compiler working directory 'C:/Users/maxsa/AppData/Local/Temp/UnrealShaderWorkingDir/DA5D474949C52AC7CD4989987D7AD6BF/'.
[2018.06.30-03.27.39:471][  0]LogTemp: Display: Loaded TP AllDesktopTargetPlatform
[2018.06.30-03.27.39:484][  0]LogTemp: Display: Loaded TP MacClientTargetPlatform
[2018.06.30-03.27.39:497][  0]LogTemp: Display: Loaded TP MacNoEditorTargetPlatform
[2018.06.30-03.27.39:512][  0]LogTemp: Display: Loaded TP MacServerTargetPlatform
[2018.06.30-03.27.39:547][  0]LogTemp: Display: Loaded TP MacTargetPlatform
[2018.06.30-03.27.39:561][  0]LogTemp: Display: Loaded TP WindowsClientTargetPlatform
[2018.06.30-03.27.39:574][  0]LogTemp: Display: Loaded TP WindowsNoEditorTargetPlatform
[2018.06.30-03.27.39:588][  0]LogTemp: Display: Loaded TP WindowsServerTargetPlatform
[2018.06.30-03.27.39:594][  0]LogTemp: Display: Loaded TP WindowsTargetPlatform
[2018.06.30-03.27.39:606][  0]LogTemp: Display: Loaded TP Android_ASTCTargetPlatform
[2018.06.30-03.27.39:619][  0]LogTemp: Display: Loaded TP Android_ATCTargetPlatform
[2018.06.30-03.27.39:631][  0]LogTemp: Display: Loaded TP Android_DXTTargetPlatform
[2018.06.30-03.27.39:644][  0]LogTemp: Display: Loaded TP Android_ETC1aTargetPlatform
[2018.06.30-03.27.39:656][  0]LogTemp: Display: Loaded TP Android_ETC1TargetPlatform
[2018.06.30-03.27.39:668][  0]LogTemp: Display: Loaded TP Android_ETC2TargetPlatform
[2018.06.30-03.27.39:694][  0]LogTemp: Display: Loaded TP Android_MultiTargetPlatform
[2018.06.30-03.27.39:694][  0]LogTemp: Display: Loaded TP Android_PVRTCTargetPlatform
[2018.06.30-03.27.39:715][  0]LogTemp: Display: Loaded TP AndroidTargetPlatform
[2018.06.30-03.27.39:724][  0]LogTemp: Display: Loaded TP HTML5TargetPlatform
[2018.06.30-03.27.39:846][  0]LogTemp: Display: Loaded TP IOSTargetPlatform
[2018.06.30-03.27.39:871][  0]LogTemp: Display: Loaded TP TVOSTargetPlatform
[2018.06.30-03.27.39:882][  0]LogTemp: Display: Loaded TP LinuxClientTargetPlatform
[2018.06.30-03.27.39:894][  0]LogTemp: Display: Loaded TP LinuxNoEditorTargetPlatform
[2018.06.30-03.27.39:907][  0]LogTemp: Display: Loaded TP LinuxServerTargetPlatform
[2018.06.30-03.27.39:937][  0]LogTemp: Display: Loaded TP LinuxTargetPlatform
[2018.06.30-03.27.39:937][  0]LogTargetPlatformManager: Display: Building Assets For Windows
[2018.06.30-03.27.41:128][  0]LogXGEController: Cleaning working directory: C:/Users/maxsa/AppData/Local/Temp/UnrealXGEWorkingDir/
[2018.06.30-03.27.41:129][  0]LogXGEController: Cannot use XGE Controller as Incredibuild is not installed on this machine.
[2018.06.30-03.27.41:135][  0]LogShaderCompilers: Cannot use XGE Shader Compiler as Incredibuild is not installed on this machine.
[2018.06.30-03.27.41:135][  0]LogShaderCompilers: Display: Using Local Shader Compiler.
[2018.06.30-03.27.44:256][  0]LogDerivedDataCache: Display: Max Cache Size: 512 MB
[2018.06.30-03.27.44:574][  0]LogDerivedDataCache: Loaded boot cache 0.32s 74MB C:/Users/maxsa/AppData/Local/UnrealEngine/4.19/DerivedDataCache/Boot.ddc.
[2018.06.30-03.27.44:574][  0]LogDerivedDataCache: Display: Loaded Boot cache: C:/Users/maxsa/AppData/Local/UnrealEngine/4.19/DerivedDataCache/Boot.ddc
[2018.06.30-03.27.44:574][  0]LogDerivedDataCache: FDerivedDataBackendGraph:  Pak pak cache file C:/Users/maxsa/Desktop/Unreal Projects/UnrealForBeginnersTut/DerivedDataCache/DDC.ddp not found, will not use a pak cache.
[2018.06.30-03.27.44:574][  0]LogDerivedDataCache: Unable to find inner node Pak for hierarchical cache Hierarchy.
[2018.06.30-03.27.44:574][  0]LogDerivedDataCache: FDerivedDataBackendGraph:  CompressedPak pak cache file C:/Users/maxsa/Desktop/Unreal Projects/UnrealForBeginnersTut/DerivedDataCache/Compressed.ddp not found, will not use a pak cache.
[2018.06.30-03.27.44:574][  0]LogDerivedDataCache: Unable to find inner node CompressedPak for hierarchical cache Hierarchy.
[2018.06.30-03.27.44:693][  0]LogDerivedDataCache: Display: Pak cache opened for reading ../../../Engine/DerivedDataCache/Compressed.ddp.
[2018.06.30-03.27.44:707][  0]LogDerivedDataCache: Using Local data cache path C:/Users/maxsa/AppData/Local/UnrealEngine/Common/DerivedDataCache: Writable
[2018.06.30-03.27.44:707][  0]LogDerivedDataCache: Shared data cache path not found in *engine.ini, will not use an Shared cache.
[2018.06.30-03.27.44:707][  0]LogDerivedDataCache: Unable to find inner node Shared for hierarchical cache Hierarchy.
[2018.06.30-03.27.44:783][  0]LogMaterial: Verifying Global Shaders for PCD3D_SM5
[2018.06.30-03.27.44:848][  0]LogSlate: Using Freetype 2.6.0
[2018.06.30-03.27.45:016][  0]LogSlate: SlateFontCache - WITH_FREETYPE: 1, WITH_HARFBUZZ: 1
[2018.06.30-03.27.45:016][  0]LogSlate: SlateFontCache - WITH_FREETYPE: 1, WITH_HARFBUZZ: 1
[2018.06.30-03.27.52:396][  0]LogAssetRegistry: FAssetRegistry took 0.0282 seconds to start up
[2018.06.30-03.27.58:207][  0]LogInit: Selected Device Profile: [Windows]
[2018.06.30-03.28.01:663][  0]LogSimplygon: Simplygon DLL not present - disabling.
[2018.06.30-03.28.01:701][  0]LogMeshReduction: Using SimplygonSwarm for distributed automatic mesh merging
[2018.06.30-03.28.01:702][  0]LogMeshReduction: Using QuadricMeshReduction for automatic static mesh reduction
[2018.06.30-03.28.01:702][  0]LogMeshReduction: No automatic skeletal mesh reduction module available
[2018.06.30-03.28.01:702][  0]LogMeshReduction: No automatic mesh merging module available
[2018.06.30-03.28.01:702][  0]LogMeshMerging: No automatic mesh merging module available
[2018.06.30-03.28.02:149][  0]LogNetVersion: UE4forbeginners , NetCL: 3944462, EngineNetVer: 2, GameNetVer: 0 (Checksum: 240379116)
[2018.06.30-03.28.07:539][  0]LogPackageLocalizationCache: Processed 9 localized package path(s) for 2 prioritized culture(s) in 0.118694 seconds
[2018.06.30-03.28.07:554][  0]LogUObjectArray: 36728 objects as part of root set at end of initial load.
[2018.06.30-03.28.07:554][  0]LogUObjectAllocator: 7314312 out of 0 bytes used by permanent object pool.
[2018.06.30-03.28.07:554][  0]LogUObjectArray: CloseDisregardForGC: 0/0 objects in disregard for GC pool
[2018.06.30-03.28.20:441][  0]LogTcpMessaging: Initializing TcpMessaging bridge
[2018.06.30-03.28.20:486][  0]LogUdpMessaging: Initializing bridge on interface 0.0.0.0:0 to multicast group 230.0.0.1:6666.
[2018.06.30-03.28.21:600][  0]SourceControl: Source control is disabled
[2018.06.30-03.28.21:601][  0]SourceControl: Source control is disabled
[2018.06.30-03.28.21:728][  0]SourceControl: Source control is disabled
[2018.06.30-03.28.21:785][  0]SourceControl: Source control is disabled
[2018.06.30-03.28.23:143][  0]LogAndroidPermission: UAndroidPermissionCallbackProxy::GetInstance
[2018.06.30-03.28.23:394][  0]LogOcInput: OculusInput pre-init called
[2018.06.30-03.28.24:326][  0]LogEngine: Initializing Engine...
[2018.06.30-03.28.24:532][  0]LogHMD: Failed to initialize OpenVR with code 105
[2018.06.30-03.28.24:575][  0]LogStats: UGameplayTagsManager::ConstructGameplayTagTree: Construct from data asset -  0.000 s
[2018.06.30-03.28.24:577][  0]LogStats: UGameplayTagsManager::ConstructGameplayTagTree: GameplayTagTreeChangedEvent.Broadcast -  0.000 s
[2018.06.30-03.28.26:133][  0]LogAIModule: Creating AISystem for world Untitled
[2018.06.30-03.28.26:559][  0]LogInit: XAudio2 using 'Headphones (Realtek High Definition Audio)' : 2 channels at 48 kHz using 32 bits per sample (channel mask 0x3)
[2018.06.30-03.28.26:584][  0]LogInit: FAudioDevice initialized.
[2018.06.30-03.28.26:669][  0]LogDerivedDataCache: Saved boot cache 0.04s 74MB C:/Users/maxsa/AppData/Local/UnrealEngine/4.19/DerivedDataCache/Boot.ddc.
[2018.06.30-03.28.26:689][  0]LogInit: Texture streaming: Enabled
[2018.06.30-03.28.26:848][  0]LogEngineSessionManager: EngineSessionManager initialized
[2018.06.30-03.28.27:200][  0]LogInit: Transaction tracking system initialized
[2018.06.30-03.28.27:716][  0]BlueprintLog: New page: Editor Load
[2018.06.30-03.28.29:312][  0]LocalizationService: Localization service is disabled
[2018.06.30-03.28.30:163][  0]LogConsoleResponse: Display: 
[2018.06.30-03.28.35:160][  0]LogFileCache: Scanning file cache for directory 'C:/Users/maxsa/Desktop/Unreal Projects/UnrealForBeginnersTut/Content/' took 0.04s
[2018.06.30-03.28.35:160][  0]LogCook: Display: Max memory allowance for cook 16384mb min free memory 0mb
[2018.06.30-03.28.35:181][  0]LogCook: Display: Mobile HDR setting 1
[2018.06.30-03.28.35:228][  0]LogGameplayTags: Display: UGameplayTagsManager::DoneAddingNativeTags. DelegateIsBound: 0
[2018.06.30-03.28.35:257][  0]LogStats: UGameplayTagsManager::ConstructGameplayTagTree: Construct from data asset -  0.000 s
[2018.06.30-03.28.35:257][  0]LogStats: UGameplayTagsManager::ConstructGameplayTagTree: GameplayTagTreeChangedEvent.Broadcast -  0.000 s
[2018.06.30-03.28.38:614][  0]SourceControl: Source control is disabled
[2018.06.30-03.28.38:646][  0]Cmd: MAP LOAD FILE="C:/Users/maxsa/Desktop/Unreal Projects/UnrealForBeginnersTut/Content/FirstPersonBP/Maps/FirstPersonExampleMap.umap" TEMPLATE=0 SHOWPROGRESS=1 FEATURELEVEL=3
[2018.06.30-03.28.38:679][  0]LightingResults: New page: Lighting Build
[2018.06.30-03.28.39:117][  0]MapCheck: New page: Map Check
[2018.06.30-03.28.39:117][  0]LightingResults: New page: Lighting Build
[2018.06.30-03.28.40:717][  0]LogUObjectGlobals: Created PersistentFrame Addr=0x00000201a7b76020, Size=72, Default__FirstPerson_AnimBP_C Function /Game/FirstPerson/Animations/FirstPerson_AnimBP.FirstPerson_AnimBP_C:ExecuteUbergraph_FirstPerson_AnimBP
[2018.06.30-03.28.40:988][  0]LogUObjectGlobals: Destroyed PersistentFrame Addr=0x00000201a7b76020, Size=72
[2018.06.30-03.28.40:988][  0]LogUObjectGlobals: Created PersistentFrame Addr=0x000002018971f970, Size=72, Default__FirstPerson_AnimBP_C Function /Engine/Transient.REINST_FirstPerson_AnimBP_C_0:ExecuteUbergraph_FirstPerson_AnimBP
[2018.06.30-03.28.41:156][  0]LogUObjectGlobals: Created PersistentFrame Addr=0x000002018c43db20, Size=72, Default__FirstPerson_AnimBP_C Function /Game/FirstPerson/Animations/FirstPerson_AnimBP.FirstPerson_AnimBP_C:ExecuteUbergraph_FirstPerson_AnimBP
[2018.06.30-03.28.41:233][  0]LogUObjectGlobals: Created PersistentFrame Addr=0x000002018c422700, Size=256, Default__FirstPersonProjectile_C Function /Game/FirstPersonBP/Blueprints/FirstPersonProjectile.FirstPersonProjectile_C:ExecuteUbergraph_FirstPersonProjectile
[2018.06.30-03.28.41:317][  0]LogUObjectGlobals: Destroyed PersistentFrame Addr=0x000002018c422700, Size=256
[2018.06.30-03.28.41:317][  0]LogUObjectGlobals: Created PersistentFrame Addr=0x000002018c422700, Size=256, Default__FirstPersonProjectile_C Function /Engine/Transient.REINST_FirstPersonProjectile_C_4:ExecuteUbergraph_FirstPersonProjectile
[2018.06.30-03.28.41:331][  0]LogUObjectGlobals: Created PersistentFrame Addr=0x000002018c420b00, Size=256, Default__FirstPersonProjectile_C Function /Game/FirstPersonBP/Blueprints/FirstPersonProjectile.FirstPersonProjectile_C:ExecuteUbergraph_FirstPersonProjectile
[2018.06.30-03.28.41:702][  0]LogUObjectGlobals: Created PersistentFrame Addr=0x000002018d074a00, Size=688, Default__FirstPersonCharacter_C Function /Game/FirstPersonBP/Blueprints/FirstPersonCharacter.FirstPersonCharacter_C:ExecuteUbergraph_FirstPersonCharacter
[2018.06.30-03.28.41:769][  0]LogUObjectGlobals: Destroyed PersistentFrame Addr=0x000002018d074a00, Size=688
[2018.06.30-03.28.41:769][  0]LogUObjectGlobals: Created PersistentFrame Addr=0x000002018cc71c00, Size=688, Default__FirstPersonCharacter_C Function /Engine/Transient.REINST_FirstPersonCharacter_C_6:ExecuteUbergraph_FirstPersonCharacter
[2018.06.30-03.28.41:795][  0]LogUObjectGlobals: Created PersistentFrame Addr=0x000002018cbafd00, Size=688, Default__FirstPersonCharacter_C Function /Game/FirstPersonBP/Blueprints/FirstPersonCharacter.FirstPersonCharacter_C:ExecuteUbergraph_FirstPersonCharacter
[2018.06.30-03.28.42:144][  0]LogUObjectGlobals: Created PersistentFrame Addr=0x0000020195dcbf90, Size=52, Default__FirstPersonHUD_C Function /Game/FirstPersonBP/Blueprints/FirstPersonHUD.FirstPersonHUD_C:ExecuteUbergraph_FirstPersonHUD
[2018.06.30-03.28.42:148][  0]LogUObjectGlobals: Destroyed PersistentFrame Addr=0x0000020195dcbf90, Size=52
[2018.06.30-03.28.42:148][  0]LogUObjectGlobals: Created PersistentFrame Addr=0x0000020195dcbf90, Size=52, Default__FirstPersonHUD_C Function /Engine/Transient.REINST_FirstPersonHUD_C_10:ExecuteUbergraph_FirstPersonHUD
[2018.06.30-03.28.42:150][  0]LogUObjectGlobals: Created PersistentFrame Addr=0x0000020195dcb8c8, Size=52, Default__FirstPersonHUD_C Function /Game/FirstPersonBP/Blueprints/FirstPersonHUD.FirstPersonHUD_C:ExecuteUbergraph_FirstPersonHUD
[2018.06.30-03.28.42:870][  0]LogSkeletalMesh: Skeletal Mesh found in DDC [46.541199ms] /Game/FirstPerson/FPWeapon/Mesh/SK_FPGun.SK_FPGun
[2018.06.30-03.28.43:313][  0]LogSkeletalMesh: Skeletal Mesh found in DDC [16.523148ms] /Game/FirstPerson/Character/Mesh/SK_Mannequin_Arms.SK_Mannequin_Arms
[2018.06.30-03.28.43:550][  0]LogAIModule: Creating AISystem for world FirstPersonExampleMap
[2018.06.30-03.28.45:219][  0]LogEditorServer: Finished looking for orphan Actors (0.000 secs)
[2018.06.30-03.28.45:389][  0]LogUObjectGlobals: Destroyed PersistentFrame Addr=0x000002018971f970, Size=72
[2018.06.30-03.28.45:421][  0]LogUObjectGlobals: Destroyed PersistentFrame Addr=0x000002018c422700, Size=256
[2018.06.30-03.28.45:421][  0]LogUObjectGlobals: Destroyed PersistentFrame Addr=0x000002018cc71c00, Size=688
[2018.06.30-03.28.45:421][  0]LogUObjectGlobals: Destroyed PersistentFrame Addr=0x0000020195dcbf90, Size=52
[2018.06.30-03.28.45:498][  0]Cmd: MAP CHECKDEP NOCLEARLOG
[2018.06.30-03.28.45:568][  0]MapCheck: Map check complete: 0 Error(s), 0 Warning(s), took 69.578ms to complete.
[2018.06.30-03.28.45:568][  0]LogFileHelpers: Loading map 'FirstPersonExampleMap' took 6.930
[2018.06.30-03.28.48:128][  0]LogCollectionManager: Loaded 0 collections in 0.003293 seconds
[2018.06.30-03.28.48:405][  0]LogFileCache: Scanning file cache for directory 'C:/Users/maxsa/Desktop/Unreal Projects/UnrealForBeginnersTut/Saved/Collections/' took 0.01s
[2018.06.30-03.28.48:405][  0]LogFileCache: Scanning file cache for directory 'C:/Users/maxsa/Desktop/Unreal Projects/UnrealForBeginnersTut/Content/Developers/maxsa/Collections/' took 0.01s
[2018.06.30-03.28.48:405][  0]LogFileCache: Scanning file cache for directory 'C:/Users/maxsa/Desktop/Unreal Projects/UnrealForBeginnersTut/Content/Collections/' took 0.01s
[2018.06.30-03.28.48:405][  0]LogCollectionManager: Rebuilt the GUID cache for 0 collections in 0.000000 seconds
[2018.06.30-03.28.48:437][  0]LogContentBrowser: Native class hierarchy populated in 0.0125 seconds. Added 2452 classes and 558 folders.
[2018.06.30-03.28.48:605][  0]LogContentBrowser: Native class hierarchy updated for 'WidgetCarousel' in 0.0002 seconds. Added 0 classes and 0 folders.
[2018.06.30-03.28.50:265][  0]LogContentBrowser: Native class hierarchy updated for 'AddContentDialog' in 0.0002 seconds. Added 0 classes and 0 folders.
[2018.06.30-03.28.50:350][  0]LogContentBrowser: Native class hierarchy updated for 'SceneOutliner' in 0.0003 seconds. Added 1 classes and 2 folders.
[2018.06.30-03.28.51:175][  0]LogSlate: Took 0.018243 seconds to synchronously load lazily loaded font '../../../Engine/Content/Slate/Fonts/Roboto-Regular.ttf' (155K)
[2018.06.30-03.28.51:216][  0]LogSlate: Took 0.018249 seconds to synchronously load lazily loaded font '../../../Engine/Content/Slate/Fonts/Roboto-Bold.ttf' (160K)
[2018.06.30-03.28.51:290][  0]LogSlate: Took 0.020406 seconds to synchronously load lazily loaded font '../../../Engine/Content/Editor/Slate/Fonts/FontAwesome.ttf' (139K)
[2018.06.30-03.28.52:026][  0]LogRenderer: Reallocating scene render targets to support 1208x576 Format 10 NumSamples 1 (Frame:1).
[2018.06.30-03.28.52:834][  0]LogContentBrowser: Native class hierarchy updated for 'HierarchicalLODOutliner' in 0.0003 seconds. Added 0 classes and 0 folders.
[2018.06.30-03.28.52:834][  0]LogLoad: (Engine Initialization) Total time: 99.71 seconds
[2018.06.30-03.28.52:834][  0]LogLoad: (Engine Initialization) Total Blueprint compile time: 0.00 seconds
[2018.06.30-03.28.53:467][  0]LogContentStreaming: Texture pool size now 1000 MB
[2018.06.30-03.28.53:733][  0]LogSlate: Took 0.028908 seconds to synchronously load lazily loaded font '../../../Engine/Content/Slate/Fonts/Roboto-Light.ttf' (167K)
[2018.06.30-03.28.54:256][  2]LogAssetRegistry: Asset discovery search completed in 61.8813 seconds
[2018.06.30-03.28.54:267][  2]LogCollectionManager: Rebuilt the object cache for 0 collections in 0.000000 seconds (found 0 objects)
[2018.06.30-03.28.54:267][  2]LogCollectionManager: Fixed up redirectors for 0 collections in 0.000072 seconds (updated 0 objects)
[2018.06.30-03.28.54:307][  2]LogSlate: Took 0.000237 seconds to synchronously load lazily loaded font '../../../Engine/Content/Slate/Fonts/Roboto-Light.ttf' (167K)
[2018.06.30-03.28.56:321][  9]LogSlate: FSceneViewport::OnFocusLost() reason 0
[2018.06.30-03.28.59:756][ 10]LogMaterial: Missing cached shader map for material M_GrassMaster, compiling. 
[2018.06.30-03.29.00:480][ 10]LogMaterial: Missing cached shader map for material M_GrassMaster, compiling. 
[2018.06.30-03.29.00:532][ 10]LogShaderCompilers: Display: Shaders left to compile 33
[2018.06.30-03.29.00:532][ 10]LogShaderCompilers: Display: Shaders left to compile 32
[2018.06.30-03.29.00:532][ 10]LogShaderCompilers: Display: Shaders left to compile 31
[2018.06.30-03.29.00:536][ 10]LogMaterial: Missing cached shader map for material M_GrassMaster, compiling. 
[2018.06.30-03.29.00:604][ 10]LogMaterial: Missing cached shader map for material FMatExpressionPreview MaterialExpressionTextureSample_4, compiling. 
[2018.06.30-03.29.00:609][ 10]LogMaterial: Missing cached shader map for material FMatExpressionPreview MaterialExpressionTextureSample_3, compiling. 
[2018.06.30-03.29.00:614][ 10]LogMaterial: Missing cached shader map for material FMatExpressionPreview MaterialExpressionVectorParameter_0, compiling. 
[2018.06.30-03.29.00:869][ 10]LogSlate: Took 0.060470 seconds to synchronously load lazily loaded font '../../../Engine/Content/Slate/Fonts/Roboto-BoldCondensed.ttf' (158K)
[2018.06.30-03.29.03:241][ 13]LogSlate: Took 0.017323 seconds to synchronously load lazily loaded font '../../../Engine/Content/Slate/Fonts/Roboto-Italic.ttf' (157K)
[2018.06.30-03.29.04:275][ 17]LogShaderCompilers: Display: Shaders left to compile 39
[2018.06.30-03.29.04:275][ 17]LogShaderCompilers: Display: Shaders left to compile 38
[2018.06.30-03.29.04:275][ 17]LogShaderCompilers: Display: Shaders left to compile 37
[2018.06.30-03.29.04:275][ 17]LogShaderCompilers: Display: Shaders left to compile 36
[2018.06.30-03.29.04:275][ 17]LogShaderCompilers: Display: Shaders left to compile 35
[2018.06.30-03.29.04:275][ 17]LogShaderCompilers: Display: Shaders left to compile 34
[2018.06.30-03.29.04:649][ 17]LogShaderCompilers: Display: Shaders left to compile 33
[2018.06.30-03.29.04:649][ 17]LogShaderCompilers: Display: Shaders left to compile 32
[2018.06.30-03.29.04:649][ 17]LogShaderCompilers: Display: Shaders left to compile 31
[2018.06.30-03.29.04:649][ 17]LogShaderCompilers: Display: Shaders left to compile 30
[2018.06.30-03.29.04:649][ 17]LogShaderCompilers: Display: Shaders left to compile 29
[2018.06.30-03.29.04:649][ 17]LogShaderCompilers: Display: Shaders left to compile 28
[2018.06.30-03.29.04:923][ 19]LogShaderCompilers: Display: Shaders left to compile 27
[2018.06.30-03.29.04:923][ 19]LogShaderCompilers: Display: Shaders left to compile 26
[2018.06.30-03.29.04:923][ 19]LogShaderCompilers: Display: Shaders left to compile 25
[2018.06.30-03.29.04:923][ 19]LogShaderCompilers: Display: Shaders left to compile 24
[2018.06.30-03.29.04:923][ 19]LogShaderCompilers: Display: Shaders left to compile 23
[2018.06.30-03.29.05:286][ 20]LogShaderCompilers: Display: Shaders left to compile 22
[2018.06.30-03.29.05:286][ 20]LogShaderCompilers: Display: Shaders left to compile 21
[2018.06.30-03.29.05:286][ 20]LogShaderCompilers: Display: Shaders left to compile 20
[2018.06.30-03.29.05:286][ 20]LogShaderCompilers: Display: Shaders left to compile 19
[2018.06.30-03.29.05:636][ 21]LogShaderCompilers: Display: Shaders left to compile 18
[2018.06.30-03.29.05:636][ 21]LogShaderCompilers: Display: Shaders left to compile 17
[2018.06.30-03.29.05:636][ 21]LogShaderCompilers: Display: Shaders left to compile 16
[2018.06.30-03.29.05:636][ 21]LogShaderCompilers: Display: Shaders left to compile 15
[2018.06.30-03.29.06:006][ 22]LogShaderCompilers: Display: Shaders left to compile 14
[2018.06.30-03.29.06:006][ 22]LogShaderCompilers: Display: Shaders left to compile 13
[2018.06.30-03.29.06:006][ 22]LogShaderCompilers: Display: Shaders left to compile 12
[2018.06.30-03.29.06:006][ 22]LogShaderCompilers: Display: Shaders left to compile 11
[2018.06.30-03.29.06:299][ 22]LogShaderCompilers: Display: Shaders left to compile 10
[2018.06.30-03.29.06:299][ 22]LogShaderCompilers: Display: Shaders left to compile 9
[2018.06.30-03.29.06:374][ 22]LogShaderCompilers: Display: Shaders left to compile 8
[2018.06.30-03.29.06:400][ 22]LogShaderCompilers: Display: Shaders left to compile 7
[2018.06.30-03.29.06:627][ 23]LogShaderCompilers: Display: Shaders left to compile 6
[2018.06.30-03.29.06:731][ 24]LogShaderCompilers: Display: Shaders left to compile 5
[2018.06.30-03.29.06:731][ 24]LogRenderer: Reallocating scene render targets to support 1432x924 Format 10 NumSamples 1 (Frame:3).
[2018.06.30-03.29.06:785][ 29]LogShaderCompilers: Display: Shaders left to compile 4
[2018.06.30-03.29.07:069][ 53]LogShaderCompilers: Display: Shaders left to compile 3
[2018.06.30-03.29.07:207][ 55]LogShaderCompilers: Display: Shaders left to compile 2
[2018.06.30-03.29.07:290][ 55]LogShaderCompilers: Display: Shaders left to compile 1
[2018.06.30-03.29.07:338][ 56]MaterialEditorStats: Base pass shader: 126 instructions
[2018.06.30-03.29.07:339][ 56]MaterialEditorStats: Base pass shader with Volumetric Lightmap: 215 instructions
[2018.06.30-03.29.07:339][ 56]MaterialEditorStats: Vertex shader: 60 instructions
[2018.06.30-03.29.07:339][ 56]MaterialEditorStats: Texture samplers: 4/16
[2018.06.30-03.29.07:339][ 56]MaterialEditorStats: User interpolators: 2/4 Scalars (1/4 Vectors) (TexCoords: 2, Custom: 0)
[2018.06.30-03.29.08:438][147]LogSlate: Window 'M_GrassMaster' being destroyed
[2018.06.30-03.29.14:637][810]Cmd: MAP LOAD FILE="C:/Users/maxsa/Desktop/Unreal Projects/UnrealForBeginnersTut/Content/Maps/Level_Chapter5.umap" TEMPLATE=0 SHOWPROGRESS=1 FEATURELEVEL=3
[2018.06.30-03.29.14:653][810]LightingResults: New page: Lighting Build
[2018.06.30-03.29.14:654][810]LoadErrors: New page: Loading map: Level_Chapter5.umap
[2018.06.30-03.29.14:670][810]MapCheck: New page: Map Check
[2018.06.30-03.29.14:670][810]LightingResults: New page: Lighting Build
[2018.06.30-03.29.15:583][810]LogAIModule: Creating AISystem for world Level_Chapter5
[2018.06.30-03.29.16:000][810]LogEditorServer: Finished looking for orphan Actors (0.000 secs)
[2018.06.30-03.29.16:047][810]Cmd: MAP CHECKDEP NOCLEARLOG
[2018.06.30-03.29.16:108][810]MapCheck: Map check complete: 0 Error(s), 0 Warning(s), took 60.487ms to complete.
[2018.06.30-03.29.16:108][810]LogFileHelpers: Loading map 'Level_Chapter5' took 1.529
[2018.06.30-03.29.16:128][810]LogSlate: Window 'Open Level' being destroyed
[2018.06.30-03.29.19:062][ 78]LogEditorViewport: Clicking on Actor (LMB): StaticMeshActor (GrassClump)
[2018.06.30-03.29.21:293][204]Cmd: DELETE
[2018.06.30-03.29.21:293][204]Cmd: ACTOR DELETE
[2018.06.30-03.29.21:603][204]LogEditorActor: Deleted Actor: StaticMeshActor
[2018.06.30-03.29.21:679][204]LogEditorActor: Deleted 1 Actors (0.161 secs)
[2018.06.30-03.29.27:098][822]LogSlate: FSceneViewport::OnFocusLost() reason 0
[2018.06.30-03.30.47:954][559]LogMaterial: Warning: Material /Game/Materials/M_GrassMaster.M_GrassMaster needed to have new flag set bUsedWithInstancedStaticMeshes !
[2018.06.30-03.30.47:955][559]LogMaterial: Warning: Material /Engine/Transient.M_GrassMaster needed to have new flag set bUsedWithInstancedStaticMeshes !
[2018.06.30-03.30.47:958][559]LogMaterial: Missing cached shader map for material M_GrassMaster, compiling. 
[2018.06.30-03.30.47:971][559]LogMaterial: Missing cached shader map for material M_GrassMaster, compiling. 
[2018.06.30-03.30.48:014][559]LogShaderCompilers: Display: Shaders left to compile 35
[2018.06.30-03.30.48:014][559]LogShaderCompilers: Display: Shaders left to compile 34
[2018.06.30-03.30.48:014][559]LogShaderCompilers: Display: Shaders left to compile 33
[2018.06.30-03.30.48:597][587]LogShaderCompilers: Display: Shaders left to compile 123
[2018.06.30-03.30.48:695][591]LogShaderCompilers: Display: Shaders left to compile 122
[2018.06.30-03.30.48:695][591]LogShaderCompilers: Display: Shaders left to compile 121
[2018.06.30-03.30.48:825][593]LogShaderCompilers: Display: Shaders left to compile 120
[2018.06.30-03.30.48:857][594]LogShaderCompilers: Display: Shaders left to compile 119
[2018.06.30-03.30.48:941][596]LogShaderCompilers: Display: Shaders left to compile 118
[2018.06.30-03.30.49:103][599]LogShaderCompilers: Display: Shaders left to compile 117
[2018.06.30-03.30.49:357][624]LogShaderCompilers: Display: Shaders left to compile 116
[2018.06.30-03.30.49:449][633]LogShaderCompilers: Display: Shaders left to compile 115
[2018.06.30-03.30.49:749][665]LogShaderCompilers: Display: Shaders left to compile 114
[2018.06.30-03.30.49:784][669]LogShaderCompilers: Display: Shaders left to compile 113
[2018.06.30-03.30.49:870][679]LogShaderCompilers: Display: Shaders left to compile 112
[2018.06.30-03.30.50:085][704]LogShaderCompilers: Display: Shaders left to compile 111
[2018.06.30-03.30.50:170][713]LogShaderCompilers: Display: Shaders left to compile 110
[2018.06.30-03.30.50:201][714]LogShaderCompilers: Display: Shaders left to compile 109
[2018.06.30-03.30.50:324][715]LogShaderCompilers: Display: Shaders left to compile 108
[2018.06.30-03.30.50:353][716]LogShaderCompilers: Display: Shaders left to compile 107
[2018.06.30-03.30.50:490][717]LogShaderCompilers: Display: Shaders left to compile 106
[2018.06.30-03.30.50:564][718]LogShaderCompilers: Display: Shaders left to compile 105
[2018.06.30-03.30.50:664][719]LogShaderCompilers: Display: Shaders left to compile 104
[2018.06.30-03.30.50:715][720]LogShaderCompilers: Display: Shaders left to compile 103
[2018.06.30-03.30.50:797][722]LogShaderCompilers: Display: Shaders left to compile 102
[2018.06.30-03.30.51:053][723]LogShaderCompilers: Display: Shaders left to compile 101
[2018.06.30-03.30.51:053][723]LogShaderCompilers: Display: Shaders left to compile 100
[2018.06.30-03.30.51:161][726]LogShaderCompilers: Display: Shaders left to compile 99
[2018.06.30-03.30.51:407][727]LogShaderCompilers: Display: Shaders left to compile 98
[2018.06.30-03.30.51:466][728]LogShaderCompilers: Display: Shaders left to compile 97
[2018.06.30-03.30.51:492][729]LogShaderCompilers: Display: Shaders left to compile 96
[2018.06.30-03.30.51:745][733]LogShaderCompilers: Display: Shaders left to compile 95
[2018.06.30-03.30.51:771][735]LogShaderCompilers: Display: Shaders left to compile 94
[2018.06.30-03.30.51:887][738]LogShaderCompilers: Display: Shaders left to compile 93
[2018.06.30-03.30.51:994][740]LogShaderCompilers: Display: Shaders left to compile 92
[2018.06.30-03.30.52:071][742]LogShaderCompilers: Display: Shaders left to compile 91
[2018.06.30-03.30.52:257][745]LogShaderCompilers: Display: Shaders left to compile 81
[2018.06.30-03.30.52:297][748]LogShaderCompilers: Display: Shaders left to compile 71
[2018.06.30-03.30.53:720][748]MaterialEditorStats: Base pass shader: 126 instructions
[2018.06.30-03.30.53:720][748]MaterialEditorStats: Base pass shader with Volumetric Lightmap: 215 instructions
[2018.06.30-03.30.53:720][748]MaterialEditorStats: Vertex shader: 60 instructions
[2018.06.30-03.30.53:720][748]MaterialEditorStats: Texture samplers: 4/16
[2018.06.30-03.30.53:720][748]MaterialEditorStats: User interpolators: 2/4 Scalars (1/4 Vectors) (TexCoords: 2, Custom: 0)
[2018.06.30-03.30.53:727][749]LogShaderCompilers: Display: Shaders left to compile 61
[2018.06.30-03.30.53:832][750]LogShaderCompilers: Display: Shaders left to compile 51
[2018.06.30-03.30.54:205][752]LogShaderCompilers: Display: Shaders left to compile 41
[2018.06.30-03.30.54:220][752]LogEditorViewport: Clicking on Actor (context menu): InstancedFoliageActor (InstancedFoliageActor)
[2018.06.30-03.30.54:422][752]LogSlate: FSceneViewport::OnFocusLost() reason 2
[2018.06.30-03.30.56:968][909]LogShaderCompilers: Display: Shaders left to compile 31
[2018.06.30-03.30.56:968][909]LogEditorViewport: Clicking on Actor (context menu): Landscape (Landscape)
[2018.06.30-03.30.57:001][909]LogShaderCompilers: Display: Shaders left to compile 21
[2018.06.30-03.30.57:002][909]LogSlate: FSceneViewport::OnFocusLost() reason 2
[2018.06.30-03.30.57:716][980]LogShaderCompilers: Display: Shaders left to compile 11
[2018.06.30-03.30.59:455][981]LogShaderCompilers: Display: Shaders left to compile 1
[2018.06.30-03.33.36:611][740]LogSlate: FSceneViewport::OnFocusLost() reason 0
[2018.06.30-03.33.36:670][747]LogTemp: Repeating last play command: Selected Viewport
[2018.06.30-03.33.36:773][747]LogPlayLevel: PlayLevel: No blueprints needed recompiling
[2018.06.30-03.33.36:879][747]PIE: New page: PIE session: Level_Chapter5 (Jun 29, 2018, 7:33:36 PM)
[2018.06.30-03.33.36:889][747]LogPlayLevel: Creating play world package: /Game/Maps/UEDPIE_0_Level_Chapter5
[2018.06.30-03.33.36:988][747]LogPlayLevel: PIE: StaticDuplicateObject took: (0.098953s)
[2018.06.30-03.33.36:989][747]LogAIModule: Creating AISystem for world Level_Chapter5
[2018.06.30-03.33.37:003][747]LogPlayLevel: PIE: World Init took: (0.014540s)
[2018.06.30-03.33.37:003][747]LogPlayLevel: PIE: Created PIE world by copying editor world from /Game/Maps/Level_Chapter5.Level_Chapter5 to /Game/Maps/UEDPIE_0_Level_Chapter5.Level_Chapter5 (0.113766s)
[2018.06.30-03.33.37:060][747]LogInit: XAudio2 using 'Headphones (Realtek High Definition Audio)' : 2 channels at 48 kHz using 32 bits per sample (channel mask 0x3)
[2018.06.30-03.33.37:073][747]LogInit: FAudioDevice initialized.
[2018.06.30-03.33.37:127][747]LogLoad: Game class is 'FirstPersonGameMode_C'
[2018.06.30-03.33.37:246][747]LogWorld: Bringing World /Game/Maps/UEDPIE_0_Level_Chapter5.Level_Chapter5 up for play (max tick rate 0) at 2018.06.29-23.33.37
[2018.06.30-03.33.37:280][747]LogWorld: Bringing up level for play took: 0.038215
[2018.06.30-03.33.37:490][747]LogContentBrowser: Native class hierarchy updated for 'MovieSceneCapture' in 0.0003 seconds. Added 11 classes and 0 folders.
[2018.06.30-03.33.37:631][747]PIE: Play in editor start time for /Game/Maps/UEDPIE_0_Level_Chapter5 0.145
[2018.06.30-03.35.42:728][568]Cmd: SELECT NONE
[2018.06.30-03.35.46:942][752]LogSlate: FSceneViewport::OnFocusLost() reason 0
[2018.06.30-03.35.47:403][786]Cmd: OBJ SAVEPACKAGE PACKAGE="/Game/Maps/Level_Chapter5" FILE="C:/Users/maxsa/Desktop/Unreal Projects/UnrealForBeginnersTut/Content/Maps/Level_Chapter5.umap" SILENT=true AUTOSAVING=false KEEPDIRTY=false
[2018.06.30-03.35.48:259][786]LogSavePackage: Save=809.44ms
[2018.06.30-03.35.48:259][786]LogSavePackage: Moving 'C:/Users/maxsa/Desktop/Unreal Projects/UnrealForBeginnersTut/Saved/Level_Chapter553921737412811D8E82199B6B87945B9.tmp' to 'C:/Users/maxsa/Desktop/Unreal Projects/UnrealForBeginnersTut/Content/Maps/Level_Chapter5.umap'
[2018.06.30-03.35.48:292][786]LogSavePackage: Display: Finished SavePackage C:/Users/maxsa/Desktop/Unreal Projects/UnrealForBeginnersTut/Content/Maps/Level_Chapter5.umap
[2018.06.30-03.35.48:343][786]Cmd: OBJ SAVEPACKAGE PACKAGE="/Game/Maps/Level_Chapter5_BuiltData" FILE="C:/Users/maxsa/Desktop/Unreal Projects/UnrealForBeginnersTut/Content/Maps/Level_Chapter5_BuiltData.uasset" SILENT=true
[2018.06.30-03.35.48:406][786]LogSavePackage: Save=43.96ms
[2018.06.30-03.35.48:406][786]LogSavePackage: Moving 'C:/Users/maxsa/Desktop/Unreal Projects/UnrealForBeginnersTut/Saved/Level_Chapter5_BuiltData68B2A9CB402F72902D7890B82B5F7DF9.tmp' to 'C:/Users/maxsa/Desktop/Unreal Projects/UnrealForBeginnersTut/Content/Maps/Level_Chapter5_BuiltData.uasset'
[2018.06.30-03.35.48:408][786]LogSavePackage: Display: Finished SavePackage C:/Users/maxsa/Desktop/Unreal Projects/UnrealForBeginnersTut/Content/Maps/Level_Chapter5_BuiltData.uasset
[2018.06.30-03.35.52:475][241]LogSlate: FSceneViewport::OnFocusLost() reason 0
[2018.06.30-03.35.53:899][248]LogSlate: Window 'Save Content' being destroyed
[2018.06.30-03.35.53:914][248]LogSlate: FSceneViewport::OnFocusLost() reason 2
[2018.06.30-03.35.53:948][248]Cmd: OBJ SAVEPACKAGE PACKAGE="/Game/Materials/M_Grass_Inst" FILE="C:/Users/maxsa/Desktop/Unreal Projects/UnrealForBeginnersTut/Content/Materials/M_Grass_Inst.uasset" SILENT=true
[2018.06.30-03.35.54:003][248]LogSavePackage: Save=43.11ms
[2018.06.30-03.35.54:003][248]LogSavePackage: Moving 'C:/Users/maxsa/Desktop/Unreal Projects/UnrealForBeginnersTut/Saved/M_Grass_InstFB81954E40341646DCD72490F329157F.tmp' to 'C:/Users/maxsa/Desktop/Unreal Projects/UnrealForBeginnersTut/Content/Materials/M_Grass_Inst.uasset'
[2018.06.30-03.35.54:006][248]LogSavePackage: Display: Finished SavePackage C:/Users/maxsa/Desktop/Unreal Projects/UnrealForBeginnersTut/Content/Materials/M_Grass_Inst.uasset
[2018.06.30-03.35.54:022][248]Cmd: OBJ SAVEPACKAGE PACKAGE="/Game/Materials/M_GrassMaster" FILE="C:/Users/maxsa/Desktop/Unreal Projects/UnrealForBeginnersTut/Content/Materials/M_GrassMaster.uasset" SILENT=true
[2018.06.30-03.35.54:056][248]LogSavePackage: Save=21.80ms
[2018.06.30-03.35.54:056][248]LogSavePackage: Moving 'C:/Users/maxsa/Desktop/Unreal Projects/UnrealForBeginnersTut/Saved/M_GrassMasterCA494A2646C499DA4FD06290AEC696DD.tmp' to 'C:/Users/maxsa/Desktop/Unreal Projects/UnrealForBeginnersTut/Content/Materials/M_GrassMaster.uasset'
[2018.06.30-03.35.54:059][248]LogSavePackage: Display: Finished SavePackage C:/Users/maxsa/Desktop/Unreal Projects/UnrealForBeginnersTut/Content/Materials/M_GrassMaster.uasset
[2018.06.30-03.35.54:627][248]LogSlate: Window 'UE4forbeginners - Unreal Editor' being destroyed
[2018.06.30-03.35.54:910][249]Cmd: QUIT_EDITOR
[2018.06.30-03.35.56:044][249]LogWindowsTextInputMethodSystem: Display: IME system now deactivated.
[2018.06.30-03.35.56:090][249]LogSlate: Slate User Destroyed.  User Index 0, Is Virtual User: 0
[2018.06.30-03.35.56:100][249]LogExit: Preparing to exit.
[2018.06.30-03.35.57:088][249]LogExit: Editor shut down
[2018.06.30-03.35.57:091][249]LogExit: Transaction tracking system shut down
[2018.06.30-03.35.57:091][249]LogUObjectGlobals: Destroyed PersistentFrame Addr=0x000002018c43db20, Size=72
[2018.06.30-03.35.57:091][249]LogUObjectGlobals: Destroyed PersistentFrame Addr=0x000002018c420b00, Size=256
[2018.06.30-03.35.57:092][249]LogUObjectGlobals: Destroyed PersistentFrame Addr=0x000002018cbafd00, Size=688
[2018.06.30-03.35.57:108][249]LogUObjectGlobals: Destroyed PersistentFrame Addr=0x0000020195dcb8c8, Size=52
[2018.06.30-03.35.57:310][249]LogDirectoryWatcher: A directory notification for '../../../Engine/Content/' was aborted.
[2018.06.30-03.35.57:310][249]LogDirectoryWatcher: A directory notification for 'C:/Users/maxsa/Desktop/Unreal Projects/UnrealForBeginnersTut/Content/' was aborted.
[2018.06.30-03.35.57:310][249]LogDirectoryWatcher: A directory notification for '../../Plugins/2D/Paper2D/Content/' was aborted.
[2018.06.30-03.35.57:311][249]LogDirectoryWatcher: A directory notification for '../../Plugins/Enterprise/DatasmithContent/Content/' was aborted.
[2018.06.30-03.35.57:311][249]LogDirectoryWatcher: A directory notification for '../../Plugins/Media/MediaCompositing/Content/' was aborted.
[2018.06.30-03.35.57:311][249]LogDirectoryWatcher: A directory notification for '../../Plugins/Runtime/AppleARKit/Content/' was aborted.
[2018.06.30-03.35.57:311][249]LogDirectoryWatcher: A directory notification for '../../Plugins/Runtime/Oculus/OculusVR/Content/' was aborted.
[2018.06.30-03.35.57:311][249]LogDirectoryWatcher: A directory notification for '../../Plugins/Runtime/Steam/SteamVR/Content/' was aborted.
[2018.06.30-03.35.58:436][249]LogExit: Object subsystem successfully closed.
[2018.06.30-03.35.58:576][249]LogShaderCompilers: Display: Shaders left to compile 0
[2018.06.30-03.35.58:592][249]LogD3D11RHI: Shutdown
[2018.06.30-03.35.58:592][249]LogD3D11RHI: CleanupD3DDevice
[2018.06.30-03.35.58:607][249]LogD3D11RHI: ~FD3D11DynamicRHI
[2018.06.30-03.35.59:526][249]LogModuleManager: Shutting down and abandoning module MovieSceneCapture (578)
[2018.06.30-03.35.59:526][249]LogModuleManager: Shutting down and abandoning module StaticMeshEditor (576)
[2018.06.30-03.35.59:526][249]LogModuleManager: Shutting down and abandoning module HierarchicalLODOutliner (574)
[2018.06.30-03.35.59:526][249]LogModuleManager: Shutting down and abandoning module SceneOutliner (572)
[2018.06.30-03.35.59:536][249]LogModuleManager: Shutting down and abandoning module AddContentDialog (570)
[2018.06.30-03.35.59:557][249]LogDirectoryWatcher: A directory notification for 'E:/UE_4.19/FeaturePacks/' was aborted.
[2018.06.30-03.35.59:561][249]LogModuleManager: Shutting down and abandoning module WidgetCarousel (569)
[2018.06.30-03.35.59:561][249]LogModuleManager: Shutting down and abandoning module EditorWidgets (566)
[2018.06.30-03.35.59:561][249]LogModuleManager: Shutting down and abandoning module CollectionManager (564)
[2018.06.30-03.35.59:566][249]LogDirectoryWatcher: A directory notification for 'C:/Users/maxsa/Desktop/Unreal Projects/UnrealForBeginnersTut/Content/Collections/' was aborted.
[2018.06.30-03.35.59:566][249]LogDirectoryWatcher: A directory notification for 'C:/Users/maxsa/Desktop/Unreal Projects/UnrealForBeginnersTut/Content/Developers/maxsa/Collections/' was aborted.
[2018.06.30-03.35.59:566][249]LogDirectoryWatcher: A directory notification for 'C:/Users/maxsa/Desktop/Unreal Projects/UnrealForBeginnersTut/Saved/Collections/' was aborted.
[2018.06.30-03.35.59:566][249]LogModuleManager: Shutting down and abandoning module StatsViewer (562)
[2018.06.30-03.35.59:579][249]LogModuleManager: Shutting down and abandoning module FoliageEdit (560)
[2018.06.30-03.35.59:579][249]LogModuleManager: Shutting down and abandoning module LandscapeEditor (558)
[2018.06.30-03.35.59:601][249]LogModuleManager: Shutting down and abandoning module MeshPaintMode (556)
[2018.06.30-03.35.59:611][249]LogModuleManager: Shutting down and abandoning module SceneDepthPickerMode (554)
[2018.06.30-03.35.59:611][249]LogModuleManager: Shutting down and abandoning module ActorPickerMode (552)
[2018.06.30-03.35.59:611][249]LogModuleManager: Shutting down and abandoning module GeometryMode (550)
[2018.06.30-03.35.59:619][249]LogModuleManager: Shutting down and abandoning module TextureAlignMode (548)
[2018.06.30-03.35.59:619][249]LogModuleManager: Shutting down and abandoning module BspMode (546)
[2018.06.30-03.35.59:619][249]LogModuleManager: Shutting down and abandoning module PIEPreviewDeviceProfileSelector (544)
[2018.06.30-03.35.59:619][249]LogModuleManager: Shutting down and abandoning module HardwareSurvey (542)
[2018.06.30-03.35.59:619][249]LogModuleManager: Shutting down and abandoning module SequenceRecorderSections (540)
[2018.06.30-03.35.59:634][249]LogModuleManager: Shutting down and abandoning module AutomationWorker (538)
[2018.06.30-03.35.59:634][249]LogModuleManager: Shutting down and abandoning module AudioCaptureEditor (536)
[2018.06.30-03.35.59:634][249]LogModuleManager: Shutting down and abandoning module SequenceRecorder (535)
[2018.06.30-03.35.59:647][249]LogModuleManager: Shutting down and abandoning module MatineeToLevelSequence (532)
[2018.06.30-03.35.59:648][249]LogModuleManager: Shutting down and abandoning module LevelSequenceEditor (530)
[2018.06.30-03.35.59:672][249]LogModuleManager: Shutting down and abandoning module PlacementMode (529)
[2018.06.30-03.35.59:673][249]LogModuleManager: Shutting down and abandoning module MaterialEditor (528)
[2018.06.30-03.35.59:682][249]LogModuleManager: Shutting down and abandoning module WmfMediaFactory (524)
[2018.06.30-03.35.59:682][249]LogModuleManager: Shutting down and abandoning module WmfMediaEditor (522)
[2018.06.30-03.35.59:683][249]LogModuleManager: Shutting down and abandoning module MediaPlayerEditor (520)
[2018.06.30-03.35.59:703][249]LogModuleManager: Shutting down and abandoning module OpenExrWrapper (518)
[2018.06.30-03.35.59:703][249]LogModuleManager: Shutting down and abandoning module ImgMediaFactory (516)
[2018.06.30-03.35.59:703][249]LogModuleManager: Shutting down and abandoning module ImgMediaEditor (514)
[2018.06.30-03.35.59:703][249]LogModuleManager: Shutting down and abandoning module AvfMediaFactory (512)
[2018.06.30-03.35.59:703][249]LogModuleManager: Shutting down and abandoning module AvfMediaEditor (510)
[2018.06.30-03.35.59:703][249]LogModuleManager: Shutting down and abandoning module AndroidMediaFactory (508)
[2018.06.30-03.35.59:703][249]LogModuleManager: Shutting down and abandoning module AndroidMediaEditor (506)
[2018.06.30-03.35.59:703][249]LogModuleManager: Shutting down and abandoning module CharacterAI (504)
[2018.06.30-03.35.59:703][249]LogModuleManager: Shutting down and abandoning module SmartSnapping (502)
[2018.06.30-03.35.59:703][249]LogModuleManager: Shutting down and abandoning module SessionServices (500)
[2018.06.30-03.35.59:703][249]LogModuleManager: Shutting down and abandoning module ViewportSnapping (498)
[2018.06.30-03.35.59:703][249]LogModuleManager: Shutting down and abandoning module ViewportInteraction (496)
[2018.06.30-03.35.59:703][249]LogModuleManager: Shutting down and abandoning module ClothPainter (494)
[2018.06.30-03.35.59:717][249]LogModuleManager: Shutting down and abandoning module SkeletalMeshEditor (493)
[2018.06.30-03.35.59:738][249]LogModuleManager: Shutting down and abandoning module LogVisualizer (490)
[2018.06.30-03.35.59:767][249]LogModuleManager: Shutting down and abandoning module IntroTutorials (488)
[2018.06.30-03.35.59:782][249]LogModuleManager: Shutting down and abandoning module GameProjectGeneration (487)
[2018.06.30-03.35.59:790][249]LogModuleManager: Shutting down and abandoning module IOSPlatformEditor (484)
[2018.06.30-03.35.59:803][249]LogModuleManager: Shutting down and abandoning module HTML5PlatformEditor (482)
[2018.06.30-03.35.59:803][249]LogModuleManager: Shutting down and abandoning module AndroidPlatformEditor (480)
[2018.06.30-03.35.59:803][249]LogModuleManager: Shutting down and abandoning module AndroidDeviceDetection (479)
[2018.06.30-03.35.59:842][249]LogModuleManager: Shutting down and abandoning module WindowsPlatformEditor (476)
[2018.06.30-03.35.59:842][249]LogModuleManager: Shutting down and abandoning module IOSRuntimeSettings (474)
[2018.06.30-03.35.59:842][249]LogModuleManager: Shutting down and abandoning module AndroidRuntimeSettings (472)
[2018.06.30-03.35.59:842][249]LogModuleManager: Shutting down and abandoning module InputBindingEditor (470)
[2018.06.30-03.35.59:853][249]LogModuleManager: Shutting down and abandoning module MergeActors (468)
[2018.06.30-03.35.59:859][249]LogModuleManager: Shutting down and abandoning module LocalizationDashboard (466)
[2018.06.30-03.35.59:864][249]LogModuleManager: Shutting down and abandoning module LocalizationService (465)
[2018.06.30-03.35.59:867][249]LogModuleManager: Shutting down and abandoning module HardwareTargeting (462)
[2018.06.30-03.35.59:867][249]LogModuleManager: Shutting down and abandoning module DeviceProfileEditor (460)
[2018.06.30-03.35.59:873][249]LogModuleManager: Shutting down and abandoning module UndoHistory (458)
[2018.06.30-03.35.59:873][249]LogModuleManager: Shutting down and abandoning module XmlParser (456)
[2018.06.30-03.35.59:885][249]LogModuleManager: Shutting down and abandoning module Blutility (454)
[2018.06.30-03.35.59:885][249]LogModuleManager: Shutting down and abandoning module ProjectSettingsViewer (452)
[2018.06.30-03.35.59:886][249]LogModuleManager: Shutting down and abandoning module ProjectTargetPlatformEditor (451)
[2018.06.30-03.35.59:886][249]LogModuleManager: Shutting down and abandoning module EditorSettingsViewer (448)
[2018.06.30-03.35.59:886][249]LogModuleManager: Shutting down and abandoning module SettingsEditor (446)
[2018.06.30-03.35.59:907][249]LogModuleManager: Shutting down and abandoning module ProjectLauncher (444)
[2018.06.30-03.35.59:916][249]LogModuleManager: Shutting down and abandoning module SessionFrontend (442)
[2018.06.30-03.35.59:930][249]LogModuleManager: Shutting down and abandoning module ProfilerClient (440)
[2018.06.30-03.35.59:941][249]LogModuleManager: Shutting down and abandoning module DeviceManager (438)
[2018.06.30-03.35.59:955][249]LogModuleManager: Shutting down and abandoning module TargetDeviceServices (437)
[2018.06.30-03.36.00:031][249]LogModuleManager: Shutting down and abandoning module AutomationController (434)
[2018.06.30-03.36.00:042][249]LogModuleManager: Shutting down and abandoning module AutomationWindow (432)
[2018.06.30-03.36.00:058][249]LogModuleManager: Shutting down and abandoning module Layers (430)
[2018.06.30-03.36.00:072][249]LogModuleManager: Shutting down and abandoning module ComponentVisualizers (428)
[2018.06.30-03.36.00:072][249]LogModuleManager: Shutting down and abandoning module DetailCustomizations (426)
[2018.06.30-03.36.00:072][249]LogModuleManager: Shutting down and abandoning module PackagesDialog (424)
[2018.06.30-03.36.00:072][249]LogModuleManager: Shutting down and abandoning module Persona (422)
[2018.06.30-03.36.00:088][249]LogModuleManager: Shutting down and abandoning module AdvancedPreviewScene (421)
[2018.06.30-03.36.00:088][249]LogModuleManager: Shutting down and abandoning module AnimGraph (419)
[2018.06.30-03.36.00:088][249]LogModuleManager: Shutting down and abandoning module Kismet (416)
[2018.06.30-03.36.00:102][249]LogModuleManager: Shutting down and abandoning module GraphEditor (414)
[2018.06.30-03.36.00:102][249]LogModuleManager: Shutting down and abandoning module ClassViewer (412)
[2018.06.30-03.36.00:102][249]LogModuleManager: Shutting down and abandoning module Toolbox (410)
[2018.06.30-03.36.00:102][249]LogModuleManager: Shutting down and abandoning module ModuleUI (408)
[2018.06.30-03.36.00:120][249]LogModuleManager: Shutting down and abandoning module MovieSceneTools (406)
[2018.06.30-03.36.00:147][249]LogModuleManager: Shutting down and abandoning module OutputLog (404)
[2018.06.30-03.36.00:157][249]LogModuleManager: Shutting down and abandoning module GammaUI (402)
[2018.06.30-03.36.00:169][249]LogModuleManager: Shutting down and abandoning module Documentation (400)
[2018.06.30-03.36.00:169][249]LogModuleManager: Shutting down and abandoning module MovieSceneTracks (398)
[2018.06.30-03.36.00:169][249]LogModuleManager: Shutting down and abandoning module MovieScene (396)
[2018.06.30-03.36.00:169][249]LogModuleManager: Shutting down and abandoning module StreamingPauseRendering (394)
[2018.06.30-03.36.00:169][249]LogModuleManager: Shutting down and abandoning module LauncherPlatform (392)
[2018.06.30-03.36.00:169][249]LogModuleManager: Shutting down and abandoning module AnalyticsET (390)
[2018.06.30-03.36.00:169][249]LogModuleManager: Shutting down and abandoning module PortalServices (388)
[2018.06.30-03.36.00:169][249]LogModuleManager: Shutting down and abandoning module PortalRpc (386)
[2018.06.30-03.36.00:169][249]LogModuleManager: Shutting down and abandoning module MessagingRpc (384)
[2018.06.30-03.36.00:169][249]LogModuleManager: Shutting down and abandoning module AIModule (382)
[2018.06.30-03.36.00:169][249]LogModuleManager: Shutting down and abandoning module GameplayDebugger (381)
[2018.06.30-03.36.00:169][249]LogModuleManager: Shutting down and abandoning module AITestSuite (379)
[2018.06.30-03.36.00:183][249]LogModuleManager: Shutting down and abandoning module DesktopPlatform (376)
[2018.06.30-03.36.00:195][249]LogModuleManager: Shutting down and abandoning module ProfilerService (374)
[2018.06.30-03.36.00:200][249]LogModuleManager: Shutting down and abandoning module TaskGraph (372)
[2018.06.30-03.36.00:214][249]LogModuleManager: Shutting down and abandoning module SteamVRController (370)
[2018.06.30-03.36.00:214][249]LogModuleManager: Shutting down and abandoning module ProceduralMeshComponentEditor (368)
[2018.06.30-03.36.00:214][249]LogModuleManager: Shutting down and abandoning module ProceduralMeshComponent (366)
[2018.06.30-03.36.00:219][249]LogModuleManager: Shutting down and abandoning module OculusInput (364)
[2018.06.30-03.36.00:226][249]LogModuleManager: Shutting down and abandoning module MobilePatchingUtils (362)
[2018.06.30-03.36.00:226][249]LogModuleManager: Shutting down and abandoning module CustomMeshComponent (360)
[2018.06.30-03.36.00:226][249]LogModuleManager: Shutting down and abandoning module CableComponent (358)
[2018.06.30-03.36.00:242][249]LogModuleManager: Shutting down and abandoning module AudioCapture (356)
[2018.06.30-03.36.00:242][249]LogModuleManager: Shutting down and abandoning module ArchVisCharacter (354)
[2018.06.30-03.36.00:242][249]LogModuleManager: Shutting down and abandoning module AndroidPermission (352)
[2018.06.30-03.36.00:242][249]LogModuleManager: Shutting down and abandoning module NUTUnrealEngine4 (348)
[2018.06.30-03.36.00:242][249]LogModuleManager: Shutting down and abandoning module NetcodeUnitTest (346)
[2018.06.30-03.36.00:264][249]LogModuleManager: Shutting down and abandoning module MediaCompositingEditor (344)
[2018.06.30-03.36.00:264][249]LogModuleManager: Shutting down and abandoning module MediaCompositing (342)
[2018.06.30-03.36.00:264][249]LogModuleManager: Shutting down and abandoning module LinearTimecode (340)
[2018.06.30-03.36.00:264][249]LogModuleManager: Shutting down and abandoning module ImgMedia (338)
[2018.06.30-03.36.00:271][249]LogModuleManager: Shutting down and abandoning module HTML5Networking (336)
[2018.06.30-03.36.00:271][249]LogModuleManager: Shutting down and abandoning module AlembicImporter (334)
[2018.06.30-03.36.00:282][249]LogModuleManager: Shutting down and abandoning module AlembicLibrary (333)
[2018.06.30-03.36.00:282][249]LogModuleManager: Shutting down and abandoning module GeometryCache (332)
[2018.06.30-03.36.00:282][249]LogModuleManager: Shutting down and abandoning module GeometryCacheEd (331)
[2018.06.30-03.36.00:282][249]LogModuleManager: Shutting down and abandoning module DatasmithContent (326)
[2018.06.30-03.36.00:282][249]LogModuleManager: Shutting down and abandoning module SpeedTreeImporter (324)
[2018.06.30-03.36.00:282][249]LogModuleManager: Shutting down and abandoning module PluginBrowser (322)
[2018.06.30-03.36.00:299][249]LogModuleManager: Shutting down and abandoning module MobileLauncherProfileWizard (320)
[2018.06.30-03.36.00:306][249]LogModuleManager: Shutting down and abandoning module CryptoKeysOpenSSL (318)
[2018.06.30-03.36.00:316][249]LogModuleManager: Shutting down and abandoning module CryptoKeys (316)
[2018.06.30-03.36.00:316][249]LogModuleManager: Shutting down and abandoning module VisualStudioSourceCodeAccess (314)
[2018.06.30-03.36.00:317][249]LogModuleManager: Shutting down and abandoning module VisualStudioCodeSourceCodeAccess (312)
[2018.06.30-03.36.00:317][249]LogModuleManager: Shutting down and abandoning module UObjectPlugin (310)
[2018.06.30-03.36.00:317][249]LogModuleManager: Shutting down and abandoning module SubversionSourceControl (308)
[2018.06.30-03.36.00:324][249]LogModuleManager: Shutting down and abandoning module PerforceSourceControl (306)
[2018.06.30-03.36.00:345][249]LogModuleManager: Shutting down and abandoning module GitSourceControl (304)
[2018.06.30-03.36.00:355][249]LogModuleManager: Shutting down and abandoning module SourceControl (303)
[2018.06.30-03.36.00:373][249]LogModuleManager: Shutting down and abandoning module CLionSourceCodeAccess (300)
[2018.06.30-03.36.00:387][249]LogModuleManager: Shutting down and abandoning module LightPropagationVolumeEditor (298)
[2018.06.30-03.36.00:387][249]LogModuleManager: Shutting down and abandoning module PaperTiledImporter (296)
[2018.06.30-03.36.00:387][249]LogModuleManager: Shutting down and abandoning module PaperSpriteSheetImporter (294)
[2018.06.30-03.36.00:387][249]LogModuleManager: Shutting down and abandoning module Paper2DEditor (292)
[2018.06.30-03.36.00:400][249]LogModuleManager: Shutting down and abandoning module MeshPaint (291)
[2018.06.30-03.36.00:413][249]LogModuleManager: Shutting down and abandoning module RuntimePhysXCooking (288)
[2018.06.30-03.36.00:413][249]LogModuleManager: Shutting down and abandoning module PhysXVehiclesEditor (286)
[2018.06.30-03.36.00:413][249]LogModuleManager: Shutting down and abandoning module PhysXVehicles (284)
[2018.06.30-03.36.00:413][249]LogModuleManager: Shutting down and abandoning module OculusEditor (282)
[2018.06.30-03.36.00:413][249]LogModuleManager: Shutting down and abandoning module LocationServicesBPLibrary (280)
[2018.06.30-03.36.00:413][249]LogModuleManager: Shutting down and abandoning module ImmediatePhysicsEditor (278)
[2018.06.30-03.36.00:413][249]LogModuleManager: Shutting down and abandoning module ImmediatePhysics (276)
[2018.06.30-03.36.00:427][249]LogModuleManager: Shutting down and abandoning module ActorSequence (274)
[2018.06.30-03.36.00:427][249]LogModuleManager: Shutting down and abandoning module UdpMessaging (272)
[2018.06.30-03.36.00:537][249]LogModuleManager: Shutting down and abandoning module TcpMessaging (270)
[2018.06.30-03.36.00:653][249]LogModuleManager: Shutting down and abandoning module GameplayTagsEditor (268)
[2018.06.30-03.36.00:668][249]LogModuleManager: Shutting down and abandoning module FacialAnimationEditor (266)
[2018.06.30-03.36.00:668][249]LogModuleManager: Shutting down and abandoning module FacialAnimation (264)
[2018.06.30-03.36.00:668][249]LogModuleManager: Shutting down and abandoning module DataValidation (262)
[2018.06.30-03.36.00:668][249]LogModuleManager: Shutting down and abandoning module AssetManagerEditor (260)
[2018.06.30-03.36.00:689][249]LogModuleManager: Shutting down and abandoning module LevelEditor (259)
[2018.06.30-03.36.00:701][249]LogModuleManager: Shutting down and abandoning module PixelInspectorModule (258)
[2018.06.30-03.36.00:710][249]LogModuleManager: Shutting down and abandoning module CommonMenuExtensions (256)
[2018.06.30-03.36.00:710][249]LogModuleManager: Shutting down and abandoning module MainFrame (254)
[2018.06.30-03.36.00:710][249]LogModuleManager: Shutting down and abandoning module HotReload (253)
[2018.06.30-03.36.00:721][249]LogModuleManager: Shutting down and abandoning module ContentBrowser (249)
[2018.06.30-03.36.00:723][249]LogModuleManager: Shutting down and abandoning module TreeMap (247)
[2018.06.30-03.36.00:734][249]LogModuleManager: Shutting down and abandoning module LightPropagationVolumeRuntime (244)
[2018.06.30-03.36.00:734][249]LogModuleManager: Shutting down and abandoning module LiveLinkEditor (242)
[2018.06.30-03.36.00:752][249]LogModuleManager: Shutting down and abandoning module LiveLink (240)
[2018.06.30-03.36.01:385][249]LogModuleManager: Shutting down and abandoning module Paper2D (238)
[2018.06.30-03.36.01:390][249]LogModuleManager: Shutting down and abandoning module WindowsMoviePlayer (236)
[2018.06.30-03.36.01:399][249]LogModuleManager: Shutting down and abandoning module WmfMedia (234)
[2018.06.30-03.36.01:410][249]LogModuleManager: Shutting down and abandoning module Media (233)
[2018.06.30-03.36.01:416][249]LogModuleManager: Shutting down and abandoning module PacketHandler (230)
[2018.06.30-03.36.01:416][249]LogModuleManager: Shutting down and abandoning module ClothingSystemEditor (228)
[2018.06.30-03.36.01:416][249]LogModuleManager: Shutting down and abandoning module ClothingSystemRuntime (226)
[2018.06.30-03.36.01:430][249]LogModuleManager: Shutting down and abandoning module MediaAssets (224)
[2018.06.30-03.36.01:431][249]LogModuleManager: Shutting down and abandoning module Overlay (222)
[2018.06.30-03.36.01:431][249]LogModuleManager: Shutting down and abandoning module OverlayEditor (221)
[2018.06.30-03.36.01:431][249]LogModuleManager: Shutting down and abandoning module VREditor (218)
[2018.06.30-03.36.01:451][249]LogModuleManager: Shutting down and abandoning module StringTableEditor (216)
[2018.06.30-03.36.01:451][249]LogModuleManager: Shutting down and abandoning module GameplayTasksEditor (214)
[2018.06.30-03.36.01:451][249]LogModuleManager: Shutting down and abandoning module BehaviorTreeEditor (212)
[2018.06.30-03.36.01:482][249]LogModuleManager: Shutting down and abandoning module FunctionalTesting (210)
[2018.06.30-03.36.01:486][249]LogModuleManager: Shutting down and abandoning module CollisionAnalyzer (208)
[2018.06.30-03.36.01:498][249]LogModuleManager: Shutting down and abandoning module WorkspaceMenuStructure (207)
[2018.06.30-03.36.01:498][249]LogModuleManager: Shutting down and abandoning module UMG (204)
[2018.06.30-03.36.01:519][249]LogModuleManager: Shutting down and abandoning module UMGEditor (203)
[2018.06.30-03.36.01:551][249]LogModuleManager: Shutting down and abandoning module Sequencer (202)
[2018.06.30-03.36.01:570][249]LogModuleManager: Shutting down and abandoning module MessageLog (199)
[2018.06.30-03.36.01:570][249]LogModuleManager: Shutting down and abandoning module SlateReflector (194)
[2018.06.30-03.36.01:602][249]LogModuleManager: Shutting down and abandoning module Slate (192)
[2018.06.30-03.36.01:602][249]LogModuleManager: Shutting down and abandoning module EditorStyle (190)
[2018.06.30-03.36.01:605][249]LogModuleManager: Shutting down and abandoning module MRMesh (188)
[2018.06.30-03.36.01:605][249]LogModuleManager: Shutting down and abandoning module SourceCodeAccess (186)
[2018.06.30-03.36.01:605][249]LogModuleManager: Shutting down and abandoning module HeadMountedDisplay (184)
[2018.06.30-03.36.01:605][249]LogModuleManager: Shutting down and abandoning module XAudio2 (182)
[2018.06.30-03.36.01:605][249]LogModuleManager: Shutting down and abandoning module Networking (180)
[2018.06.30-03.36.01:605][249]LogModuleManager: Shutting down and abandoning module Core (178)
[2018.06.30-03.36.01:605][249]LogModuleManager: Shutting down and abandoning module LevelSequence (176)
[2018.06.30-03.36.01:618][249]LogModuleManager: Shutting down and abandoning module KismetCompiler (174)
[2018.06.30-03.36.01:618][249]LogModuleManager: Shutting down and abandoning module MeshUtilities (172)
[2018.06.30-03.36.01:628][249]LogModuleManager: Shutting down and abandoning module MeshMergeUtilities (171)
[2018.06.30-03.36.01:628][249]LogModuleManager: Shutting down and abandoning module MeshReductionInterface (170)
[2018.06.30-03.36.01:628][249]LogModuleManager: Shutting down and abandoning module SimplygonSwarm (169)
[2018.06.30-03.36.01:635][249]LogModuleManager: Shutting down and abandoning module SimplygonMeshReduction (167)
[2018.06.30-03.36.01:636][249]LogModuleManager: Shutting down and abandoning module QuadricMeshReduction (165)
[2018.06.30-03.36.01:639][249]LogModuleManager: Shutting down and abandoning module MaterialBaking (161)
[2018.06.30-03.36.01:650][249]LogModuleManager: Shutting down and abandoning module DirectoryWatcher (157)
[2018.06.30-03.36.01:657][249]LogModuleManager: Shutting down and abandoning module DerivedDataCache (154)
[2018.06.30-03.36.01:698][249]LogDerivedDataCache: Shutdown
[2018.06.30-03.36.01:698][249]LogModuleManager: Shutting down and abandoning module XGEController (152)
[2018.06.30-03.36.01:698][249]LogXGEController: Cleaning working directory: C:/Users/maxsa/AppData/Local/Temp/UnrealXGEWorkingDir/
[2018.06.30-03.36.01:699][249]LogModuleManager: Shutting down and abandoning module TargetPlatform (150)
[2018.06.30-03.36.01:699][249]LogModuleManager: Shutting down and abandoning module VulkanShaderFormat (149)
[2018.06.30-03.36.01:707][249]LogModuleManager: Shutting down and abandoning module ShaderFormatVectorVM (147)
[2018.06.30-03.36.01:714][249]LogModuleManager: Shutting down and abandoning module ShaderFormatOpenGL (145)
[2018.06.30-03.36.01:717][249]LogModuleManager: Shutting down and abandoning module ShaderFormatD3D (143)
[2018.06.30-03.36.01:727][249]LogModuleManager: Shutting down and abandoning module MetalShaderFormat (141)
[2018.06.30-03.36.01:742][249]LogModuleManager: Shutting down and abandoning module TextureFormatUncompressed (139)
[2018.06.30-03.36.01:742][249]LogModuleManager: Shutting down and abandoning module TextureFormatPVR (137)
[2018.06.30-03.36.01:742][249]LogModuleManager: Shutting down and abandoning module TextureFormatDXT (135)
[2018.06.30-03.36.01:748][249]LogModuleManager: Shutting down and abandoning module TextureFormatIntelISPCTexComp (133)
[2018.06.30-03.36.01:761][249]LogModuleManager: Shutting down and abandoning module TextureFormatASTC (131)
[2018.06.30-03.36.01:761][249]LogModuleManager: Shutting down and abandoning module ImageWrapper (130)
[2018.06.30-03.36.01:761][249]LogModuleManager: Shutting down and abandoning module TextureFormatAndroid (127)
[2018.06.30-03.36.01:761][249]LogModuleManager: Shutting down and abandoning module AudioFormatOpus (125)
[2018.06.30-03.36.01:761][249]LogModuleManager: Shutting down and abandoning module AudioFormatOgg (123)
[2018.06.30-03.36.01:761][249]LogModuleManager: Shutting down and abandoning module AudioFormatADPCM (121)
[2018.06.30-03.36.01:761][249]LogModuleManager: Shutting down and abandoning module LinuxTargetPlatform (119)
[2018.06.30-03.36.01:761][249]LogModuleManager: Shutting down and abandoning module LinuxServerTargetPlatform (117)
[2018.06.30-03.36.01:761][249]LogModuleManager: Shutting down and abandoning module LinuxNoEditorTargetPlatform (115)
[2018.06.30-03.36.01:761][249]LogModuleManager: Shutting down and abandoning module LinuxClientTargetPlatform (113)
[2018.06.30-03.36.01:761][249]LogModuleManager: Shutting down and abandoning module TVOSTargetPlatform (111)
[2018.06.30-03.36.01:761][249]LogModuleManager: Shutting down and abandoning module Messaging (109)
[2018.06.30-03.36.01:761][249]LogModuleManager: Shutting down and abandoning module IOSTargetPlatform (107)
[2018.06.30-03.36.01:761][249]LogModuleManager: Shutting down and abandoning module HTML5TargetPlatform (105)
[2018.06.30-03.36.01:761][249]LogModuleManager: Shutting down and abandoning module AndroidTargetPlatform (103)
[2018.06.30-03.36.01:761][249]LogModuleManager: Shutting down and abandoning module Android_PVRTCTargetPlatform (101)
[2018.06.30-03.36.01:761][249]LogModuleManager: Shutting down and abandoning module Android_MultiTargetPlatform (99)
[2018.06.30-03.36.01:762][249]LogModuleManager: Shutting down and abandoning module Android_ETC2TargetPlatform (97)
[2018.06.30-03.36.01:762][249]LogModuleManager: Shutting down and abandoning module Android_ETC1TargetPlatform (95)
[2018.06.30-03.36.01:762][249]LogModuleManager: Shutting down and abandoning module Android_ETC1aTargetPlatform (93)
[2018.06.30-03.36.01:762][249]LogModuleManager: Shutting down and abandoning module Android_DXTTargetPlatform (91)
[2018.06.30-03.36.01:762][249]LogModuleManager: Shutting down and abandoning module Android_ATCTargetPlatform (89)
[2018.06.30-03.36.01:762][249]LogModuleManager: Shutting down and abandoning module Android_ASTCTargetPlatform (87)
[2018.06.30-03.36.01:762][249]LogModuleManager: Shutting down and abandoning module WindowsTargetPlatform (85)
[2018.06.30-03.36.01:762][249]LogModuleManager: Shutting down and abandoning module WindowsServerTargetPlatform (83)
[2018.06.30-03.36.01:762][249]LogModuleManager: Shutting down and abandoning module WindowsNoEditorTargetPlatform (81)
[2018.06.30-03.36.01:762][249]LogModuleManager: Shutting down and abandoning module WindowsClientTargetPlatform (79)
[2018.06.30-03.36.01:762][249]LogModuleManager: Shutting down and abandoning module MacTargetPlatform (77)
[2018.06.30-03.36.01:762][249]LogModuleManager: Shutting down and abandoning module MacServerTargetPlatform (75)
[2018.06.30-03.36.01:762][249]LogModuleManager: Shutting down and abandoning module MacNoEditorTargetPlatform (73)
[2018.06.30-03.36.01:762][249]LogModuleManager: Shutting down and abandoning module MacClientTargetPlatform (71)
[2018.06.30-03.36.01:762][249]LogModuleManager: Shutting down and abandoning module AllDesktopTargetPlatform (69)
[2018.06.30-03.36.01:762][249]LogModuleManager: Shutting down and abandoning module InputCore (66)
[2018.06.30-03.36.01:762][249]LogModuleManager: Shutting down and abandoning module Settings (64)
[2018.06.30-03.36.01:762][249]LogModuleManager: Shutting down and abandoning module PhysXCooking (62)
[2018.06.30-03.36.01:762][249]LogModuleManager: Shutting down and abandoning module SteamVR (60)
[2018.06.30-03.36.01:762][249]LogModuleManager: Shutting down and abandoning module OculusHMD (58)
[2018.06.30-03.36.01:786][249]LogModuleManager: Shutting down and abandoning module ExampleDeviceProfileSelector (56)
[2018.06.30-03.36.01:786][249]LogModuleManager: Shutting down and abandoning module AppleARKit (54)
[2018.06.30-03.36.01:786][249]LogModuleManager: Shutting down and abandoning module AugmentedReality (51)
[2018.06.30-03.36.01:786][249]LogModuleManager: Shutting down and abandoning module OnlineBlueprintSupport (48)
[2018.06.30-03.36.01:786][249]LogModuleManager: Shutting down and abandoning module OnlineSubsystem (44)
[2018.06.30-03.36.01:810][249]LogModuleManager: Shutting down and abandoning module XMPP (43)
[2018.06.30-03.36.01:825][249]LogModuleManager: Shutting down and abandoning module HTTP (41)
[2018.06.30-03.36.01:837][249]LogHttp: Display: Http module shutting down, but needs to wait on 1 outstanding Http requests:
[2018.06.30-03.36.01:837][249]LogHttp: Display: 	verb=[POST] url=[https://datarouter.ol.epicgames.com/datarouter/api/v1/public/data?SessionID=%7B9EA58C8D-41C9-83D7-2D0F-F4BE151CBBDF%7D&AppID=UEEditor.Rocket.Release&AppVersion=4.19.2-4033788%2B%2B%2BUE4%2BRelease-4.19&UserID=9b2d74f540de947067f12f85f0e10fc3%7C121cf0c067fc45bf8a47a34e1f08bd7e%7C6529c761-14eb-4014-bd30-d410aae9a07c&AppEnvironment=datacollector-binary&UploadType=eteventstream] status=Processing
[2018.06.30-03.36.01:849][249]LogModuleManager: Shutting down and abandoning module SSL (40)
[2018.06.30-03.36.01:872][249]LogModuleManager: Shutting down and abandoning module AnimationModifiers (36)
[2018.06.30-03.36.01:892][249]LogModuleManager: Shutting down and abandoning module PropertyEditor (35)
[2018.06.30-03.36.01:907][249]LogModuleManager: Shutting down and abandoning module AudioEditor (32)
[2018.06.30-03.36.01:935][249]LogModuleManager: Shutting down and abandoning module TextureCompressor (30)
[2018.06.30-03.36.01:955][249]LogModuleManager: Shutting down and abandoning module ShaderCore (28)
[2018.06.30-03.36.01:955][249]LogModuleManager: Shutting down and abandoning module Landscape (26)
[2018.06.30-03.36.01:955][249]LogModuleManager: Shutting down and abandoning module SlateRHIRenderer (24)
[2018.06.30-03.36.01:969][249]LogModuleManager: Shutting down and abandoning module OpenGLDrv (22)
[2018.06.30-03.36.01:978][249]LogModuleManager: Shutting down and abandoning module D3D11RHI (20)
[2018.06.30-03.36.01:978][249]LogModuleManager: Shutting down and abandoning module AnimGraphRuntime (18)
[2018.06.30-03.36.01:994][249]LogModuleManager: Shutting down and abandoning module Renderer (16)
[2018.06.30-03.36.01:994][249]LogModuleManager: Shutting down and abandoning module Engine (14)
[2018.06.30-03.36.01:994][249]LogModuleManager: Shutting down and abandoning module CoreUObject (12)
[2018.06.30-03.36.01:994][249]LogModuleManager: Shutting down and abandoning module NetworkFile (10)
[2018.06.30-03.36.02:000][249]LogModuleManager: Shutting down and abandoning module CookedIterativeFile (8)
[2018.06.30-03.36.02:000][249]LogModuleManager: Shutting down and abandoning module StreamingFile (6)
[2018.06.30-03.36.02:007][249]LogModuleManager: Shutting down and abandoning module SandboxFile (4)
[2018.06.30-03.36.02:018][249]LogModuleManager: Shutting down and abandoning module PakFile (2)
[2018.06.30-03.36.02:050][249]LogExit: Exiting.
[2018.06.30-03.36.02:083][249]Log file closed, 06/29/18 23:36:02
